#! /usr/bin/vvp
:ivl_version "12.0 (stable)";
:ivl_delay_selection "TYPICAL";
:vpi_time_precision - 12;
:vpi_module "/usr/lib/x86_64-linux-gnu/ivl/system.vpi";
:vpi_module "/usr/lib/x86_64-linux-gnu/ivl/vhdl_sys.vpi";
:vpi_module "/usr/lib/x86_64-linux-gnu/ivl/vhdl_textio.vpi";
:vpi_module "/usr/lib/x86_64-linux-gnu/ivl/v2005_math.vpi";
:vpi_module "/usr/lib/x86_64-linux-gnu/ivl/va_math.vpi";
S_0x5649fdc31820 .scope module, "bcd_comparator_4digits_tb" "bcd_comparator_4digits_tb" 2 3;
 .timescale -9 -12;
v0x5649fdc66530_0 .var "a", 15 0;
v0x5649fdc665f0_0 .net "a_ge_b", 0 0, L_0x5649fdc681b0;  1 drivers
v0x5649fdc66690_0 .var "b", 15 0;
S_0x5649fdc47c70 .scope module, "uut" "bcd_comparator_4digits" 2 13, 3 1 0, S_0x5649fdc31820;
 .timescale 0 0;
    .port_info 0 /INPUT 16 "a";
    .port_info 1 /INPUT 16 "b";
    .port_info 2 /OUTPUT 1 "a_ge_b";
v0x5649fdc47ea0_0 .net *"_ivl_16", 0 0, L_0x5649fdc66db0;  1 drivers
L_0x7fd81120b018 .functor BUFT 1, C4<1>, C4<0>, C4<0>, C4<0>;
v0x5649fdc64a40_0 .net/2u *"_ivl_18", 0 0, L_0x7fd81120b018;  1 drivers
v0x5649fdc64b20_0 .net *"_ivl_20", 0 0, L_0x5649fdc66ed0;  1 drivers
L_0x7fd81120b060 .functor BUFT 1, C4<0>, C4<0>, C4<0>, C4<0>;
v0x5649fdc64bc0_0 .net/2u *"_ivl_22", 0 0, L_0x7fd81120b060;  1 drivers
v0x5649fdc64ca0_0 .net *"_ivl_24", 0 0, L_0x5649fdc67000;  1 drivers
L_0x7fd81120b0a8 .functor BUFT 1, C4<1>, C4<0>, C4<0>, C4<0>;
v0x5649fdc64db0_0 .net/2u *"_ivl_26", 0 0, L_0x7fd81120b0a8;  1 drivers
v0x5649fdc64e90_0 .net *"_ivl_28", 0 0, L_0x5649fdc67120;  1 drivers
L_0x7fd81120b0f0 .functor BUFT 1, C4<0>, C4<0>, C4<0>, C4<0>;
v0x5649fdc64f50_0 .net/2u *"_ivl_30", 0 0, L_0x7fd81120b0f0;  1 drivers
v0x5649fdc65030_0 .net *"_ivl_32", 0 0, L_0x5649fdc67290;  1 drivers
L_0x7fd81120b138 .functor BUFT 1, C4<1>, C4<0>, C4<0>, C4<0>;
v0x5649fdc650f0_0 .net/2u *"_ivl_34", 0 0, L_0x7fd81120b138;  1 drivers
v0x5649fdc651d0_0 .net *"_ivl_36", 0 0, L_0x5649fdc67450;  1 drivers
L_0x7fd81120b180 .functor BUFT 1, C4<0>, C4<0>, C4<0>, C4<0>;
v0x5649fdc65290_0 .net/2u *"_ivl_38", 0 0, L_0x7fd81120b180;  1 drivers
v0x5649fdc65370_0 .net *"_ivl_40", 0 0, L_0x5649fdc67570;  1 drivers
L_0x7fd81120b1c8 .functor BUFT 1, C4<1>, C4<0>, C4<0>, C4<0>;
v0x5649fdc65430_0 .net/2u *"_ivl_42", 0 0, L_0x7fd81120b1c8;  1 drivers
L_0x7fd81120b210 .functor BUFT 1, C4<0>, C4<0>, C4<0>, C4<0>;
v0x5649fdc65510_0 .net/2u *"_ivl_44", 0 0, L_0x7fd81120b210;  1 drivers
v0x5649fdc655f0_0 .net *"_ivl_46", 0 0, L_0x5649fdc676e0;  1 drivers
v0x5649fdc656d0_0 .net *"_ivl_48", 0 0, L_0x5649fdc67930;  1 drivers
v0x5649fdc657b0_0 .net *"_ivl_50", 0 0, L_0x5649fdc67ac0;  1 drivers
v0x5649fdc65890_0 .net *"_ivl_52", 0 0, L_0x5649fdc67cf0;  1 drivers
v0x5649fdc65970_0 .net *"_ivl_54", 0 0, L_0x5649fdc67e80;  1 drivers
v0x5649fdc65a50_0 .net *"_ivl_56", 0 0, L_0x5649fdc67b60;  1 drivers
v0x5649fdc65b30_0 .net "a", 15 0, v0x5649fdc66530_0;  1 drivers
v0x5649fdc65c10_0 .net "a0", 3 0, L_0x5649fdc66940;  1 drivers
v0x5649fdc65cf0_0 .net "a1", 3 0, L_0x5649fdc66870;  1 drivers
v0x5649fdc65dd0_0 .net "a2", 3 0, L_0x5649fdc667d0;  1 drivers
v0x5649fdc65eb0_0 .net "a3", 3 0, L_0x5649fdc66730;  1 drivers
v0x5649fdc65f90_0 .net "a_ge_b", 0 0, L_0x5649fdc681b0;  alias, 1 drivers
v0x5649fdc66050_0 .net "b", 15 0, v0x5649fdc66690_0;  1 drivers
v0x5649fdc66130_0 .net "b0", 3 0, L_0x5649fdc66c90;  1 drivers
v0x5649fdc66210_0 .net "b1", 3 0, L_0x5649fdc66bf0;  1 drivers
v0x5649fdc662f0_0 .net "b2", 3 0, L_0x5649fdc66b10;  1 drivers
v0x5649fdc663d0_0 .net "b3", 3 0, L_0x5649fdc66a40;  1 drivers
L_0x5649fdc66730 .part v0x5649fdc66530_0, 12, 4;
L_0x5649fdc667d0 .part v0x5649fdc66530_0, 8, 4;
L_0x5649fdc66870 .part v0x5649fdc66530_0, 4, 4;
L_0x5649fdc66940 .part v0x5649fdc66530_0, 0, 4;
L_0x5649fdc66a40 .part v0x5649fdc66690_0, 12, 4;
L_0x5649fdc66b10 .part v0x5649fdc66690_0, 8, 4;
L_0x5649fdc66bf0 .part v0x5649fdc66690_0, 4, 4;
L_0x5649fdc66c90 .part v0x5649fdc66690_0, 0, 4;
L_0x5649fdc66db0 .cmp/gt 4, L_0x5649fdc66730, L_0x5649fdc66a40;
L_0x5649fdc66ed0 .cmp/gt 4, L_0x5649fdc66a40, L_0x5649fdc66730;
L_0x5649fdc67000 .cmp/gt 4, L_0x5649fdc667d0, L_0x5649fdc66b10;
L_0x5649fdc67120 .cmp/gt 4, L_0x5649fdc66b10, L_0x5649fdc667d0;
L_0x5649fdc67290 .cmp/gt 4, L_0x5649fdc66870, L_0x5649fdc66bf0;
L_0x5649fdc67450 .cmp/gt 4, L_0x5649fdc66bf0, L_0x5649fdc66870;
L_0x5649fdc67570 .cmp/ge 4, L_0x5649fdc66940, L_0x5649fdc66c90;
L_0x5649fdc676e0 .functor MUXZ 1, L_0x7fd81120b210, L_0x7fd81120b1c8, L_0x5649fdc67570, C4<>;
L_0x5649fdc67930 .functor MUXZ 1, L_0x5649fdc676e0, L_0x7fd81120b180, L_0x5649fdc67450, C4<>;
L_0x5649fdc67ac0 .functor MUXZ 1, L_0x5649fdc67930, L_0x7fd81120b138, L_0x5649fdc67290, C4<>;
L_0x5649fdc67cf0 .functor MUXZ 1, L_0x5649fdc67ac0, L_0x7fd81120b0f0, L_0x5649fdc67120, C4<>;
L_0x5649fdc67e80 .functor MUXZ 1, L_0x5649fdc67cf0, L_0x7fd81120b0a8, L_0x5649fdc67000, C4<>;
L_0x5649fdc67b60 .functor MUXZ 1, L_0x5649fdc67e80, L_0x7fd81120b060, L_0x5649fdc66ed0, C4<>;
L_0x5649fdc681b0 .functor MUXZ 1, L_0x5649fdc67b60, L_0x7fd81120b018, L_0x5649fdc66db0, C4<>;
    .scope S_0x5649fdc31820;
T_0 ;
    %pushi/vec4 0, 0, 16;
    %store/vec4 v0x5649fdc66530_0, 0, 16;
    %pushi/vec4 0, 0, 16;
    %store/vec4 v0x5649fdc66690_0, 0, 16;
    %delay 100000, 0;
    %pushi/vec4 4660, 0, 16;
    %store/vec4 v0x5649fdc66530_0, 0, 16;
    %pushi/vec4 22136, 0, 16;
    %store/vec4 v0x5649fdc66690_0, 0, 16;
    %delay 100000, 0;
    %vpi_call 2 29 "$display", "a = %h, b = %h -> a_ge_b = %b", v0x5649fdc66530_0, v0x5649fdc66690_0, v0x5649fdc665f0_0 {0 0 0};
    %pushi/vec4 39321, 0, 16;
    %store/vec4 v0x5649fdc66530_0, 0, 16;
    %pushi/vec4 1, 0, 16;
    %store/vec4 v0x5649fdc66690_0, 0, 16;
    %delay 100000, 0;
    %vpi_call 2 32 "$display", "a = %h, b = %h -> a_ge_b = %b", v0x5649fdc66530_0, v0x5649fdc66690_0, v0x5649fdc665f0_0 {0 0 0};
    %pushi/vec4 17185, 0, 16;
    %store/vec4 v0x5649fdc66530_0, 0, 16;
    %pushi/vec4 34661, 0, 16;
    %store/vec4 v0x5649fdc66690_0, 0, 16;
    %delay 100000, 0;
    %vpi_call 2 35 "$display", "a = %h, b = %h -> a_ge_b = %b", v0x5649fdc66530_0, v0x5649fdc66690_0, v0x5649fdc665f0_0 {0 0 0};
    %pushi/vec4 0, 0, 16;
    %store/vec4 v0x5649fdc66530_0, 0, 16;
    %pushi/vec4 0, 0, 16;
    %store/vec4 v0x5649fdc66690_0, 0, 16;
    %delay 100000, 0;
    %vpi_call 2 38 "$display", "a = %h, b = %h -> a_ge_b = %b", v0x5649fdc66530_0, v0x5649fdc66690_0, v0x5649fdc665f0_0 {0 0 0};
    %pushi/vec4 39321, 0, 16;
    %store/vec4 v0x5649fdc66530_0, 0, 16;
    %pushi/vec4 39321, 0, 16;
    %store/vec4 v0x5649fdc66690_0, 0, 16;
    %delay 100000, 0;
    %vpi_call 2 41 "$display", "a = %h, b = %h -> a_ge_b = %b", v0x5649fdc66530_0, v0x5649fdc66690_0, v0x5649fdc665f0_0 {0 0 0};
    %vpi_call 2 46 "$finish" {0 0 0};
    %end;
    .thread T_0;
# The file index is used to find the file name in the following table.
:file_names 4;
    "N/A";
    "<interactive>";
    "C_tb.v";
    "C.v";
