#! /usr/bin/vvp
:ivl_version "12.0 (stable)";
:ivl_delay_selection "TYPICAL";
:vpi_time_precision - 6;
:vpi_module "/usr/lib/x86_64-linux-gnu/ivl/system.vpi";
:vpi_module "/usr/lib/x86_64-linux-gnu/ivl/vhdl_sys.vpi";
:vpi_module "/usr/lib/x86_64-linux-gnu/ivl/vhdl_textio.vpi";
:vpi_module "/usr/lib/x86_64-linux-gnu/ivl/v2005_math.vpi";
:vpi_module "/usr/lib/x86_64-linux-gnu/ivl/va_math.vpi";
S_0x5882427baa00 .scope module, "mux2x1" "mux2x1" 2 18;
 .timescale 0 0;
    .port_info 0 /INPUT 1 "D0";
    .port_info 1 /INPUT 1 "D1";
    .port_info 2 /INPUT 1 "SEL";
    .port_info 3 /OUTPUT 1 "OUT";
o0x7b90fe490018 .functor BUFZ 1, C4<z>; HiZ drive
v0x588242863b40_0 .net "D0", 0 0, o0x7b90fe490018;  0 drivers
o0x7b90fe490048 .functor BUFZ 1, C4<z>; HiZ drive
v0x58824285bba0_0 .net "D1", 0 0, o0x7b90fe490048;  0 drivers
v0x588242859130_0 .var "OUT", 0 0;
o0x7b90fe4900a8 .functor BUFZ 1, C4<z>; HiZ drive
v0x588242855510_0 .net "SEL", 0 0, o0x7b90fe4900a8;  0 drivers
E_0x5882427fdfd0 .event anyedge, v0x588242855510_0, v0x588242863b40_0, v0x58824285bba0_0;
S_0x588242882b10 .scope module, "tb_cenario_i" "tb_cenario_i" 3 3;
 .timescale -3 -6;
v0x5882428ae9f0_0 .var "botoes", 3 0;
v0x5882428aeb60_0 .var "clock", 0 0;
v0x5882428aec20_0 .var "configuracao", 1 0;
v0x5882428aecf0_0 .net "db_clock", 0 0, L_0x5882428b58c0;  1 drivers
v0x5882428aed90_0 .net "db_configuracao", 0 0, L_0x5882428b4830;  1 drivers
v0x5882428aeed0_0 .net "db_contagem", 6 0, L_0x5882428b5160;  1 drivers
v0x5882428aef70_0 .net "db_enderecoIgualLimite", 0 0, L_0x5882428b56f0;  1 drivers
v0x5882428af010_0 .net "db_escrita", 0 0, L_0x5882428b4910;  1 drivers
v0x5882428af100_0 .net "db_estado", 6 0, L_0x5882428b55a0;  1 drivers
v0x5882428af230_0 .net "db_igual", 0 0, L_0x5882428b57b0;  1 drivers
v0x5882428af300_0 .net "db_iniciar", 0 0, L_0x5882428b50a0;  1 drivers
v0x5882428af3d0_0 .net "db_jogadafeita", 6 0, L_0x5882428b5380;  1 drivers
v0x5882428af4a0_0 .net "db_limite_rodada", 6 0, L_0x5882428b5490;  1 drivers
v0x5882428af570_0 .net "db_memoria", 6 0, L_0x5882428b5270;  1 drivers
v0x5882428af640_0 .net "db_modo", 0 0, L_0x5882428b5980;  1 drivers
v0x5882428af710_0 .net "db_timeout", 0 0, L_0x5882428b5aa0;  1 drivers
v0x5882428af7e0_0 .net "ganhou", 0 0, v0x5882428a9120_0;  1 drivers
v0x5882428af880_0 .var "jogar", 0 0;
v0x5882428af970_0 .var/i "k", 31 0;
v0x5882428afa10_0 .net "leds", 3 0, L_0x5882428b4250;  1 drivers
v0x5882428afb00_0 .net "leds_rgb", 2 0, v0x5882428a3470_0;  1 drivers
v0x5882428afba0_0 .net "perdeu", 0 0, v0x5882428a9990_0;  1 drivers
v0x5882428afc90_0 .net "pronto", 0 0, v0x5882428a9e60_0;  1 drivers
v0x5882428afd80_0 .var "reset", 0 0;
v0x5882428afe20 .array "sequencia", 15 0, 3 0;
v0x5882428afec0_0 .net "timeout", 0 0, v0x5882428a9670_0;  1 drivers
E_0x5882427fec20 .event anyedge, v0x5882428a9990_0;
E_0x5882427fea80 .event anyedge, v0x5882428a9120_0;
S_0x58824286bb40 .scope module, "dut" "jogo_desafio_memoria" 3 37, 4 18 0, S_0x588242882b10;
 .timescale 0 0;
    .port_info 0 /INPUT 1 "clock";
    .port_info 1 /INPUT 1 "reset";
    .port_info 2 /INPUT 1 "jogar";
    .port_info 3 /INPUT 2 "configuracao";
    .port_info 4 /INPUT 4 "botoes";
    .port_info 5 /OUTPUT 3 "leds_rgb";
    .port_info 6 /OUTPUT 1 "ganhou";
    .port_info 7 /OUTPUT 1 "perdeu";
    .port_info 8 /OUTPUT 1 "pronto";
    .port_info 9 /OUTPUT 1 "timeout";
    .port_info 10 /OUTPUT 4 "leds";
    .port_info 11 /OUTPUT 1 "db_igual";
    .port_info 12 /OUTPUT 7 "db_contagem";
    .port_info 13 /OUTPUT 7 "db_memoria";
    .port_info 14 /OUTPUT 7 "db_estado";
    .port_info 15 /OUTPUT 7 "db_jogadafeita";
    .port_info 16 /OUTPUT 1 "db_clock";
    .port_info 17 /OUTPUT 1 "db_iniciar";
    .port_info 18 /OUTPUT 1 "db_enderecoIgualLimite";
    .port_info 19 /OUTPUT 1 "db_timeout";
    .port_info 20 /OUTPUT 1 "db_modo";
    .port_info 21 /OUTPUT 1 "db_configuracao";
    .port_info 22 /OUTPUT 1 "db_escrita";
    .port_info 23 /OUTPUT 7 "db_limite_rodada";
L_0x5882428b50a0 .functor BUFZ 1, v0x5882428af880_0, C4<0>, C4<0>, C4<0>;
L_0x5882428b5160 .functor BUFZ 7, v0x588242852aa0_0, C4<0000000>, C4<0000000>, C4<0000000>;
L_0x5882428b5270 .functor BUFZ 7, v0x58824284c3b0_0, C4<0000000>, C4<0000000>, C4<0000000>;
L_0x5882428b5380 .functor BUFZ 7, v0x588242898bc0_0, C4<0000000>, C4<0000000>, C4<0000000>;
L_0x5882428b5490 .functor BUFZ 7, v0x588242898f10_0, C4<0000000>, C4<0000000>, C4<0000000>;
L_0x5882428b55a0 .functor BUFZ 7, v0x5882428992b0_0, C4<0000000>, C4<0000000>, C4<0000000>;
L_0x5882428b56f0 .functor BUFZ 1, L_0x5882428b1510, C4<0>, C4<0>, C4<0>;
L_0x5882428b57b0 .functor BUFZ 1, L_0x5882428b38a0, C4<0>, C4<0>, C4<0>;
L_0x5882428b58c0 .functor BUFZ 1, v0x5882428aeb60_0, C4<0>, C4<0>, C4<0>;
L_0x5882428b5980 .functor BUFZ 1, L_0x5882428b47c0, C4<0>, C4<0>, C4<0>;
L_0x5882428b5aa0 .functor BUFZ 1, v0x5882428a9670_0, C4<0>, C4<0>, C4<0>;
L_0x7b90fe1b7918 .functor BUFT 1, C4<0>, C4<0>, C4<0>, C4<0>;
v0x5882428aac80_0 .net/2u *"_ivl_0", 0 0, L_0x7b90fe1b7918;  1 drivers
L_0x7b90fe1b79f0 .functor BUFT 1, C4<0>, C4<0>, C4<0>, C4<0>;
v0x5882428aad80_0 .net/2u *"_ivl_12", 0 0, L_0x7b90fe1b79f0;  1 drivers
L_0x7b90fe1b7960 .functor BUFT 1, C4<0>, C4<0>, C4<0>, C4<0>;
v0x5882428aae60_0 .net/2u *"_ivl_4", 0 0, L_0x7b90fe1b7960;  1 drivers
L_0x7b90fe1b79a8 .functor BUFT 1, C4<0>, C4<0>, C4<0>, C4<0>;
v0x5882428aaf20_0 .net/2u *"_ivl_8", 0 0, L_0x7b90fe1b79a8;  1 drivers
v0x5882428ab000_0 .net "botoes", 3 0, v0x5882428ae9f0_0;  1 drivers
v0x5882428ab110_0 .net "clock", 0 0, v0x5882428aeb60_0;  1 drivers
v0x5882428ab1b0_0 .net "conf_leds", 0 0, v0x5882428a9290_0;  1 drivers
v0x5882428ab250_0 .net "configuracao", 1 0, v0x5882428aec20_0;  1 drivers
v0x5882428ab310_0 .net "conta_endereco", 0 0, v0x5882428a93d0_0;  1 drivers
v0x5882428ab3b0_0 .net "conta_limite", 0 0, v0x5882428a94c0_0;  1 drivers
v0x5882428ab450_0 .net "db_clock", 0 0, L_0x5882428b58c0;  alias, 1 drivers
v0x5882428ab4f0_0 .net "db_configuracao", 0 0, L_0x5882428b4830;  alias, 1 drivers
v0x5882428ab590_0 .net "db_contagem", 6 0, L_0x5882428b5160;  alias, 1 drivers
v0x5882428ab650_0 .net "db_enderecoIgualLimite", 0 0, L_0x5882428b56f0;  alias, 1 drivers
v0x5882428ab710_0 .net "db_escrita", 0 0, L_0x5882428b4910;  alias, 1 drivers
v0x5882428ab7b0_0 .net "db_estado", 6 0, L_0x5882428b55a0;  alias, 1 drivers
v0x5882428ab870_0 .net "db_igual", 0 0, L_0x5882428b57b0;  alias, 1 drivers
v0x5882428aba40_0 .net "db_iniciar", 0 0, L_0x5882428b50a0;  alias, 1 drivers
v0x5882428abb00_0 .net "db_jogadafeita", 6 0, L_0x5882428b5380;  alias, 1 drivers
v0x5882428abbe0_0 .net "db_limite_rodada", 6 0, L_0x5882428b5490;  alias, 1 drivers
v0x5882428abcc0_0 .net "db_memoria", 6 0, L_0x5882428b5270;  alias, 1 drivers
v0x5882428abda0_0 .net "db_modo", 0 0, L_0x5882428b5980;  alias, 1 drivers
v0x5882428abe60_0 .net "db_timeout", 0 0, L_0x5882428b5aa0;  alias, 1 drivers
v0x5882428abf20_0 .net "enable_led", 0 0, v0x5882428a9710_0;  1 drivers
v0x5882428abfc0_0 .net "enable_timeout", 0 0, v0x5882428a97b0_0;  1 drivers
v0x5882428ac060_0 .net "enderecoIgualLimite", 0 0, L_0x5882428b1510;  1 drivers
v0x5882428ac100_0 .net "fim_jogo", 0 0, L_0x5882428b26c0;  1 drivers
v0x5882428ac1a0_0 .net "fim_sequencia", 0 0, L_0x5882428b4a10;  1 drivers
v0x5882428ac240_0 .net "ganhou", 0 0, v0x5882428a9120_0;  alias, 1 drivers
v0x5882428ac2e0_0 .net "hexa0", 6 0, v0x588242852aa0_0;  1 drivers
v0x5882428ac380_0 .net "hexa1", 6 0, v0x58824284c3b0_0;  1 drivers
v0x5882428ac420_0 .net "hexa2", 6 0, v0x588242898bc0_0;  1 drivers
v0x5882428ac4c0_0 .net "hexa3", 6 0, v0x588242898f10_0;  1 drivers
v0x5882428ac770_0 .net "hexa5", 6 0, v0x5882428992b0_0;  1 drivers
v0x5882428ac810_0 .net "igual", 0 0, L_0x5882428b38a0;  1 drivers
v0x5882428ac8b0_0 .net "jogada_feita", 0 0, L_0x5882428b3af0;  1 drivers
v0x5882428ac950_0 .net "jogar", 0 0, v0x5882428af880_0;  1 drivers
v0x5882428ac9f0_0 .net "leds", 3 0, L_0x5882428b4250;  alias, 1 drivers
v0x5882428aca90_0 .net "leds_rgb", 2 0, v0x5882428a3470_0;  alias, 1 drivers
v0x5882428acb80_0 .net "perdeu", 0 0, v0x5882428a9990_0;  alias, 1 drivers
v0x5882428acc20_0 .net "pronto", 0 0, v0x5882428a9e60_0;  alias, 1 drivers
v0x5882428accc0_0 .net "registraR", 0 0, v0x5882428aa0b0_0;  1 drivers
v0x5882428acd60_0 .net "registra_jogada", 0 0, v0x5882428a9f20_0;  1 drivers
v0x5882428ace00_0 .net "registra_modo", 0 0, v0x5882428aa010_0;  1 drivers
v0x5882428acea0_0 .net "reset", 0 0, v0x5882428afd80_0;  1 drivers
v0x5882428acf40_0 .net "s_contagem", 3 0, L_0x5882428b4410;  1 drivers
v0x5882428acfe0_0 .net "s_estado", 4 0, v0x5882428a95b0_0;  1 drivers
v0x5882428ad080_0 .net "s_jogada", 3 0, L_0x5882428b44d0;  1 drivers
v0x5882428ad120_0 .net "s_limite", 3 0, L_0x5882428b46a0;  1 drivers
v0x5882428ad1f0_0 .net "s_memoria", 3 0, L_0x5882428b45e0;  1 drivers
v0x5882428ad2c0_0 .net "s_modo", 0 0, L_0x5882428b47c0;  1 drivers
v0x5882428ad390_0 .net "s_pulso_timeout", 0 0, v0x5882428a1150_0;  1 drivers
v0x5882428ad430_0 .net "s_timeout_habilitado", 0 0, L_0x5882428b48a0;  1 drivers
v0x5882428ad520_0 .net "tem_jogada", 0 0, L_0x588242855160;  1 drivers
v0x5882428ad5c0_0 .net "timeout", 0 0, v0x5882428a9670_0;  alias, 1 drivers
v0x5882428ad690_0 .net "timeout_led", 0 0, v0x5882428a0690_0;  1 drivers
v0x5882428ad730_0 .net "zeraR", 0 0, v0x5882428aa470_0;  1 drivers
v0x5882428ad7d0_0 .net "zera_endereco", 0 0, v0x5882428aa560_0;  1 drivers
v0x5882428ad8c0_0 .net "zera_limite", 0 0, v0x5882428aa600_0;  1 drivers
v0x5882428ad9b0_0 .net "zera_modo", 0 0, v0x5882428aa6a0_0;  1 drivers
v0x5882428ada50_0 .net "zera_s_led", 0 0, v0x5882428aa740_0;  1 drivers
v0x5882428adaf0_0 .net "zera_s_timeout", 0 0, v0x5882428aa830_0;  1 drivers
L_0x5882428b4da0 .concat [ 4 1 0 0], L_0x5882428b4410, L_0x7b90fe1b7918;
L_0x5882428b4e40 .concat [ 4 1 0 0], L_0x5882428b45e0, L_0x7b90fe1b7960;
L_0x5882428b4ee0 .concat [ 4 1 0 0], L_0x5882428b44d0, L_0x7b90fe1b79a8;
L_0x5882428b4f80 .concat [ 4 1 0 0], L_0x5882428b46a0, L_0x7b90fe1b79f0;
S_0x58824286bec0 .scope module, "HEX0" "hexa7seg" 4 139, 5 23 0, S_0x58824286bb40;
 .timescale 0 0;
    .port_info 0 /INPUT 5 "hexa";
    .port_info 1 /OUTPUT 7 "display";
v0x588242852aa0_0 .var "display", 6 0;
v0x58824284ee20_0 .net "hexa", 4 0, L_0x5882428b4da0;  1 drivers
E_0x58824288bd80 .event anyedge, v0x58824284ee20_0;
S_0x58824286c240 .scope module, "HEX1" "hexa7seg" 4 140, 5 23 0, S_0x58824286bb40;
 .timescale 0 0;
    .port_info 0 /INPUT 5 "hexa";
    .port_info 1 /OUTPUT 7 "display";
v0x58824284c3b0_0 .var "display", 6 0;
v0x588242898990_0 .net "hexa", 4 0, L_0x5882428b4e40;  1 drivers
E_0x5882428988b0 .event anyedge, v0x588242898990_0;
S_0x58824286c5c0 .scope module, "HEX2" "hexa7seg" 4 141, 5 23 0, S_0x58824286bb40;
 .timescale 0 0;
    .port_info 0 /INPUT 5 "hexa";
    .port_info 1 /OUTPUT 7 "display";
v0x588242898bc0_0 .var "display", 6 0;
v0x588242898cc0_0 .net "hexa", 4 0, L_0x5882428b4ee0;  1 drivers
E_0x588242898b60 .event anyedge, v0x588242898cc0_0;
S_0x58824286c940 .scope module, "HEX3" "hexa7seg" 4 142, 5 23 0, S_0x58824286bb40;
 .timescale 0 0;
    .port_info 0 /INPUT 5 "hexa";
    .port_info 1 /OUTPUT 7 "display";
v0x588242898f10_0 .var "display", 6 0;
v0x588242899010_0 .net "hexa", 4 0, L_0x5882428b4f80;  1 drivers
E_0x588242898e90 .event anyedge, v0x588242899010_0;
S_0x588242882410 .scope module, "HEX5" "hexa7seg" 4 143, 5 23 0, S_0x58824286bb40;
 .timescale 0 0;
    .port_info 0 /INPUT 5 "hexa";
    .port_info 1 /OUTPUT 7 "display";
v0x5882428992b0_0 .var "display", 6 0;
v0x5882428993b0_0 .net "hexa", 4 0, v0x5882428a95b0_0;  alias, 1 drivers
E_0x588242899230 .event anyedge, v0x5882428993b0_0;
S_0x588242882790 .scope module, "fluxo_dados" "fluxo_dados" 4 66, 6 8 0, S_0x58824286bb40;
 .timescale 0 0;
    .port_info 0 /INPUT 1 "clock";
    .port_info 1 /INPUT 1 "reset";
    .port_info 2 /INPUT 1 "zera_endereco";
    .port_info 3 /INPUT 1 "conta_endereco";
    .port_info 4 /INPUT 1 "zera_limite";
    .port_info 5 /INPUT 1 "conta_limite";
    .port_info 6 /INPUT 1 "zeraR";
    .port_info 7 /INPUT 1 "registrarR";
    .port_info 8 /INPUT 1 "zera_s_timeout";
    .port_info 9 /INPUT 1 "enable_timeout";
    .port_info 10 /INPUT 1 "registra_modo";
    .port_info 11 /INPUT 1 "zera_modo";
    .port_info 12 /INPUT 1 "conf_leds";
    .port_info 13 /INPUT 1 "registra_jogada";
    .port_info 14 /INPUT 1 "zera_s_led";
    .port_info 15 /INPUT 1 "enable_led";
    .port_info 16 /INPUT 4 "botoes";
    .port_info 17 /INPUT 2 "configuracao";
    .port_info 18 /OUTPUT 1 "igual";
    .port_info 19 /OUTPUT 1 "fim_jogo";
    .port_info 20 /OUTPUT 1 "enderecoIgualLimite";
    .port_info 21 /OUTPUT 1 "jogada_feita";
    .port_info 22 /OUTPUT 1 "timeout";
    .port_info 23 /OUTPUT 1 "timeout_led";
    .port_info 24 /OUTPUT 1 "fim_sequencia";
    .port_info 25 /OUTPUT 1 "timeout_habilitado";
    .port_info 26 /OUTPUT 3 "rgb";
    .port_info 27 /OUTPUT 4 "leds";
    .port_info 28 /OUTPUT 1 "db_tem_jogada";
    .port_info 29 /OUTPUT 1 "db_enable_timeout";
    .port_info 30 /OUTPUT 4 "db_contagem";
    .port_info 31 /OUTPUT 4 "db_memoria";
    .port_info 32 /OUTPUT 4 "db_limite";
    .port_info 33 /OUTPUT 4 "db_jogada";
    .port_info 34 /OUTPUT 1 "db_modo";
    .port_info 35 /OUTPUT 1 "db_configuracao";
    .port_info 36 /OUTPUT 1 "db_escrita";
L_0x588242855160 .functor BUFZ 1, L_0x5882428affb0, C4<0>, C4<0>, C4<0>;
L_0x5882428526f0 .functor BUFZ 1, v0x5882428a97b0_0, C4<0>, C4<0>, C4<0>;
L_0x7b90fe1b7018 .functor BUFT 1, C4<0>, C4<0>, C4<0>, C4<0>;
L_0x5882428b0350 .functor XNOR 1, v0x5882428a39f0_0, L_0x7b90fe1b7018, C4<0>, C4<0>;
L_0x5882428b3bf0 .functor NOT 1, v0x5882428aa560_0, C4<0>, C4<0>, C4<0>;
L_0x5882428b3d50 .functor NOT 1, v0x5882428aa600_0, C4<0>, C4<0>, C4<0>;
L_0x5882428b4250 .functor BUFZ 4, L_0x5882428b4190, C4<0000>, C4<0000>, C4<0000>;
L_0x5882428b4410 .functor BUFZ 4, v0x58824289f950_0, C4<0000>, C4<0000>, C4<0000>;
L_0x5882428b44d0 .functor BUFZ 4, v0x5882428a4940_0, C4<0000>, C4<0000>, C4<0000>;
L_0x5882428b45e0 .functor BUFZ 4, L_0x5882428b4190, C4<0000>, C4<0000>, C4<0000>;
L_0x5882428b46a0 .functor BUFZ 4, v0x58824289edc0_0, C4<0000>, C4<0000>, C4<0000>;
L_0x5882428b47c0 .functor BUFZ 1, v0x5882428a39f0_0, C4<0>, C4<0>, C4<0>;
L_0x5882428b4830 .functor BUFZ 1, v0x5882428a4150_0, C4<0>, C4<0>, C4<0>;
L_0x5882428b4910 .functor BUFZ 1, v0x5882428a9f20_0, C4<0>, C4<0>, C4<0>;
L_0x5882428b4a10 .functor BUFZ 1, L_0x5882428b1510, C4<0>, C4<0>, C4<0>;
L_0x5882428b48a0 .functor BUFZ 1, v0x5882428a4150_0, C4<0>, C4<0>, C4<0>;
v0x5882428a4f00_0 .net/2u *"_ivl_10", 0 0, L_0x7b90fe1b7018;  1 drivers
v0x5882428a5000_0 .net *"_ivl_12", 0 0, L_0x5882428b0350;  1 drivers
L_0x7b90fe1b7060 .functor BUFT 1, C4<1111>, C4<0>, C4<0>, C4<0>;
v0x5882428a50c0_0 .net/2u *"_ivl_14", 3 0, L_0x7b90fe1b7060;  1 drivers
L_0x7b90fe1b70a8 .functor BUFT 1, C4<0011>, C4<0>, C4<0>, C4<0>;
v0x5882428a5180_0 .net/2u *"_ivl_16", 3 0, L_0x7b90fe1b70a8;  1 drivers
v0x5882428a5260_0 .net "botoes", 3 0, v0x5882428ae9f0_0;  alias, 1 drivers
v0x5882428a53c0_0 .net "clock", 0 0, v0x5882428aeb60_0;  alias, 1 drivers
v0x5882428a5460_0 .net "conf_leds", 0 0, v0x5882428a9290_0;  alias, 1 drivers
v0x5882428a5500_0 .net "configuracao", 1 0, v0x5882428aec20_0;  alias, 1 drivers
v0x5882428a55c0_0 .net "conta_endereco", 0 0, v0x5882428a93d0_0;  alias, 1 drivers
v0x5882428a5660_0 .net "conta_limite", 0 0, v0x5882428a94c0_0;  alias, 1 drivers
v0x5882428a5730_0 .net "db_configuracao", 0 0, L_0x5882428b4830;  alias, 1 drivers
v0x5882428a57d0_0 .net "db_contagem", 3 0, L_0x5882428b4410;  alias, 1 drivers
v0x5882428a5890_0 .net "db_enable_timeout", 0 0, L_0x5882428526f0;  1 drivers
v0x5882428a5950_0 .net "db_escrita", 0 0, L_0x5882428b4910;  alias, 1 drivers
v0x5882428a5a10_0 .net "db_jogada", 3 0, L_0x5882428b44d0;  alias, 1 drivers
v0x5882428a5af0_0 .net "db_limite", 3 0, L_0x5882428b46a0;  alias, 1 drivers
v0x5882428a5bd0_0 .net "db_memoria", 3 0, L_0x5882428b45e0;  alias, 1 drivers
v0x5882428a5dc0_0 .net "db_modo", 0 0, L_0x5882428b47c0;  alias, 1 drivers
v0x5882428a5e80_0 .net "db_tem_jogada", 0 0, L_0x588242855160;  alias, 1 drivers
v0x5882428a5f40_0 .net "enable_led", 0 0, v0x5882428a9710_0;  alias, 1 drivers
v0x5882428a6010_0 .net "enable_timeout", 0 0, v0x5882428a97b0_0;  alias, 1 drivers
v0x5882428a60e0_0 .net "enderecoIgualLimite", 0 0, L_0x5882428b1510;  alias, 1 drivers
v0x5882428a61b0_0 .net "fim_jogo", 0 0, L_0x5882428b26c0;  alias, 1 drivers
v0x5882428a6280_0 .net "fim_sequencia", 0 0, L_0x5882428b4a10;  alias, 1 drivers
v0x5882428a6320_0 .net "igual", 0 0, L_0x5882428b38a0;  alias, 1 drivers
v0x5882428a63f0_0 .net "jogada_feita", 0 0, L_0x5882428b3af0;  alias, 1 drivers
v0x5882428a64c0_0 .net "leds", 3 0, L_0x5882428b4250;  alias, 1 drivers
v0x5882428a6560_0 .net "registra_jogada", 0 0, v0x5882428a9f20_0;  alias, 1 drivers
v0x5882428a6630_0 .net "registra_modo", 0 0, v0x5882428aa010_0;  alias, 1 drivers
v0x5882428a66d0_0 .net "registrarR", 0 0, v0x5882428aa0b0_0;  alias, 1 drivers
v0x5882428a6770_0 .net "reset", 0 0, v0x5882428afd80_0;  alias, 1 drivers
v0x5882428a6810_0 .net "rgb", 2 0, v0x5882428a3470_0;  alias, 1 drivers
v0x5882428a68e0_0 .net "s_botoes", 3 0, v0x5882428a4940_0;  1 drivers
v0x5882428a6be0_0 .net "s_dado", 3 0, L_0x5882428b4190;  1 drivers
v0x5882428a6c80_0 .net "s_endereco", 3 0, v0x58824289f950_0;  1 drivers
v0x5882428a6d20_0 .net "s_jogo_limite", 3 0, L_0x5882428b03c0;  1 drivers
v0x5882428a6dc0_0 .net "s_limite", 3 0, v0x58824289edc0_0;  1 drivers
v0x5882428a6e60_0 .net "s_modo", 0 0, v0x5882428a39f0_0;  1 drivers
v0x5882428a6f30_0 .net "s_rgb", 2 0, v0x5882428a18f0_0;  1 drivers
v0x5882428a7020_0 .net "s_tem_jogada", 0 0, L_0x5882428affb0;  1 drivers
v0x5882428a70c0_0 .net "s_timeout_habilitado", 0 0, v0x5882428a4150_0;  1 drivers
v0x5882428a7190_0 .net "timeout", 0 0, v0x5882428a1150_0;  alias, 1 drivers
v0x5882428a7260_0 .net "timeout_habilitado", 0 0, L_0x5882428b48a0;  alias, 1 drivers
v0x5882428a7300_0 .net "timeout_led", 0 0, v0x5882428a0690_0;  alias, 1 drivers
v0x5882428a73d0_0 .net "zeraR", 0 0, v0x5882428aa470_0;  alias, 1 drivers
v0x5882428a74a0_0 .net "zera_endereco", 0 0, v0x5882428aa560_0;  alias, 1 drivers
v0x5882428a7540_0 .net "zera_limite", 0 0, v0x5882428aa600_0;  alias, 1 drivers
v0x5882428a75e0_0 .net "zera_modo", 0 0, v0x5882428aa6a0_0;  alias, 1 drivers
v0x5882428a76d0_0 .net "zera_s_led", 0 0, v0x5882428aa740_0;  alias, 1 drivers
v0x5882428a7770_0 .net "zera_s_timeout", 0 0, v0x5882428aa830_0;  alias, 1 drivers
L_0x5882428affb0 .reduce/or v0x5882428ae9f0_0;
L_0x5882428b0130 .part v0x5882428aec20_0, 0, 1;
L_0x5882428b0220 .part v0x5882428aec20_0, 1, 1;
L_0x5882428b03c0 .functor MUXZ 4, L_0x7b90fe1b70a8, L_0x7b90fe1b7060, L_0x5882428b0350, C4<>;
S_0x5882428998c0 .scope module, "compFimJogo" "comparador_85" 6 100, 7 16 0, S_0x588242882790;
 .timescale 0 0;
    .port_info 0 /INPUT 1 "ALBi";
    .port_info 1 /INPUT 1 "AGBi";
    .port_info 2 /INPUT 1 "AEBi";
    .port_info 3 /INPUT 4 "A";
    .port_info 4 /INPUT 4 "B";
    .port_info 5 /OUTPUT 1 "ALBo";
    .port_info 6 /OUTPUT 1 "AGBo";
    .port_info 7 /OUTPUT 1 "AEBo";
L_0x5882428b17f0 .functor NOT 5, L_0x5882428b16d0, C4<00000>, C4<00000>, C4<00000>;
L_0x5882428b1a70 .functor NOT 1, L_0x5882428b1ca0, C4<0>, C4<0>, C4<0>;
L_0x5882428b20f0 .functor NOT 5, L_0x5882428b2050, C4<00000>, C4<00000>, C4<00000>;
L_0x5882428b2250 .functor NOT 1, L_0x5882428b24a0, C4<0>, C4<0>, C4<0>;
L_0x7b90fe1b7498 .functor BUFT 1, C4<1>, C4<0>, C4<0>, C4<0>;
L_0x5882428b26c0 .functor AND 1, L_0x5882428b2620, L_0x7b90fe1b7498, C4<1>, C4<1>;
v0x588242899af0_0 .net "A", 3 0, v0x58824289edc0_0;  alias, 1 drivers
v0x588242899bf0_0 .net "AEBi", 0 0, L_0x7b90fe1b7498;  1 drivers
v0x588242899cb0_0 .net "AEBo", 0 0, L_0x5882428b26c0;  alias, 1 drivers
L_0x7b90fe1b7450 .functor BUFT 1, C4<0>, C4<0>, C4<0>, C4<0>;
v0x588242899d50_0 .net "AGBi", 0 0, L_0x7b90fe1b7450;  1 drivers
v0x588242899e10_0 .net "AGBo", 0 0, L_0x5882428b2250;  1 drivers
L_0x7b90fe1b7408 .functor BUFT 1, C4<0>, C4<0>, C4<0>, C4<0>;
v0x588242899f20_0 .net "ALBi", 0 0, L_0x7b90fe1b7408;  1 drivers
v0x588242899fe0_0 .net "ALBo", 0 0, L_0x5882428b1a70;  1 drivers
v0x58824289a0a0_0 .net "B", 3 0, L_0x5882428b03c0;  alias, 1 drivers
v0x58824289a180_0 .net "CSG", 4 0, L_0x5882428b23b0;  1 drivers
v0x58824289a260_0 .net "CSL", 4 0, L_0x5882428b1b80;  1 drivers
v0x58824289a340_0 .net *"_ivl_0", 4 0, L_0x5882428b16d0;  1 drivers
v0x58824289a420_0 .net *"_ivl_10", 4 0, L_0x5882428b19d0;  1 drivers
L_0x7b90fe1b7ac8 .functor BUFT 1, C4<00000>, C4<0>, C4<0>, C4<0>;
v0x58824289a500_0 .net *"_ivl_12", 4 0, L_0x7b90fe1b7ac8;  1 drivers
v0x58824289a5e0_0 .net *"_ivl_19", 0 0, L_0x5882428b1ca0;  1 drivers
v0x58824289a6c0_0 .net *"_ivl_22", 4 0, L_0x5882428b1de0;  1 drivers
L_0x7b90fe1b7378 .functor BUFT 1, C4<0>, C4<0>, C4<0>, C4<0>;
v0x58824289a7a0_0 .net *"_ivl_25", 0 0, L_0x7b90fe1b7378;  1 drivers
v0x58824289a880_0 .net *"_ivl_26", 4 0, L_0x5882428b2050;  1 drivers
L_0x7b90fe1b73c0 .functor BUFT 1, C4<0>, C4<0>, C4<0>, C4<0>;
v0x58824289a960_0 .net *"_ivl_29", 0 0, L_0x7b90fe1b73c0;  1 drivers
L_0x7b90fe1b72e8 .functor BUFT 1, C4<0>, C4<0>, C4<0>, C4<0>;
v0x58824289aa40_0 .net *"_ivl_3", 0 0, L_0x7b90fe1b72e8;  1 drivers
v0x58824289ab20_0 .net *"_ivl_30", 4 0, L_0x5882428b20f0;  1 drivers
v0x58824289ac00_0 .net *"_ivl_32", 4 0, L_0x5882428b21b0;  1 drivers
L_0x7b90fe1b7b10 .functor BUFT 1, C4<00000>, C4<0>, C4<0>, C4<0>;
v0x58824289ace0_0 .net *"_ivl_34", 4 0, L_0x7b90fe1b7b10;  1 drivers
v0x58824289adc0_0 .net *"_ivl_4", 4 0, L_0x5882428b17f0;  1 drivers
v0x58824289aea0_0 .net *"_ivl_41", 0 0, L_0x5882428b24a0;  1 drivers
v0x58824289af80_0 .net *"_ivl_44", 0 0, L_0x5882428b2620;  1 drivers
v0x58824289b040_0 .net *"_ivl_6", 4 0, L_0x5882428b18b0;  1 drivers
L_0x7b90fe1b7330 .functor BUFT 1, C4<0>, C4<0>, C4<0>, C4<0>;
v0x58824289b120_0 .net *"_ivl_9", 0 0, L_0x7b90fe1b7330;  1 drivers
L_0x5882428b16d0 .concat [ 4 1 0 0], v0x58824289edc0_0, L_0x7b90fe1b72e8;
L_0x5882428b18b0 .concat [ 4 1 0 0], L_0x5882428b03c0, L_0x7b90fe1b7330;
L_0x5882428b19d0 .arith/sum 5, L_0x5882428b17f0, L_0x5882428b18b0;
L_0x5882428b1b80 .arith/sum 5, L_0x5882428b19d0, L_0x7b90fe1b7ac8;
L_0x5882428b1ca0 .part L_0x5882428b1b80, 4, 1;
L_0x5882428b1de0 .concat [ 4 1 0 0], v0x58824289edc0_0, L_0x7b90fe1b7378;
L_0x5882428b2050 .concat [ 4 1 0 0], L_0x5882428b03c0, L_0x7b90fe1b73c0;
L_0x5882428b21b0 .arith/sum 5, L_0x5882428b1de0, L_0x5882428b20f0;
L_0x5882428b23b0 .arith/sum 5, L_0x5882428b21b0, L_0x7b90fe1b7b10;
L_0x5882428b24a0 .part L_0x5882428b23b0, 4, 1;
L_0x5882428b2620 .cmp/eq 4, v0x58824289edc0_0, L_0x5882428b03c0;
S_0x58824289b300 .scope module, "compFimRodada" "comparador_85" 6 93, 7 16 0, S_0x588242882790;
 .timescale 0 0;
    .port_info 0 /INPUT 1 "ALBi";
    .port_info 1 /INPUT 1 "AGBi";
    .port_info 2 /INPUT 1 "AEBi";
    .port_info 3 /INPUT 4 "A";
    .port_info 4 /INPUT 4 "B";
    .port_info 5 /OUTPUT 1 "ALBo";
    .port_info 6 /OUTPUT 1 "AGBo";
    .port_info 7 /OUTPUT 1 "AEBo";
L_0x5882428b06d0 .functor NOT 5, L_0x5882428b05a0, C4<00000>, C4<00000>, C4<00000>;
L_0x5882428b09b0 .functor NOT 1, L_0x5882428b0be0, C4<0>, C4<0>, C4<0>;
L_0x5882428b0f40 .functor NOT 5, L_0x5882428b0e50, C4<00000>, C4<00000>, C4<00000>;
L_0x5882428b10a0 .functor NOT 1, L_0x5882428b12f0, C4<0>, C4<0>, C4<0>;
L_0x7b90fe1b72a0 .functor BUFT 1, C4<1>, C4<0>, C4<0>, C4<0>;
L_0x5882428b1510 .functor AND 1, L_0x5882428b1470, L_0x7b90fe1b72a0, C4<1>, C4<1>;
v0x58824289b5d0_0 .net "A", 3 0, v0x58824289f950_0;  alias, 1 drivers
v0x58824289b6b0_0 .net "AEBi", 0 0, L_0x7b90fe1b72a0;  1 drivers
v0x58824289b770_0 .net "AEBo", 0 0, L_0x5882428b1510;  alias, 1 drivers
L_0x7b90fe1b7258 .functor BUFT 1, C4<0>, C4<0>, C4<0>, C4<0>;
v0x58824289b810_0 .net "AGBi", 0 0, L_0x7b90fe1b7258;  1 drivers
v0x58824289b8d0_0 .net "AGBo", 0 0, L_0x5882428b10a0;  1 drivers
L_0x7b90fe1b7210 .functor BUFT 1, C4<0>, C4<0>, C4<0>, C4<0>;
v0x58824289b9e0_0 .net "ALBi", 0 0, L_0x7b90fe1b7210;  1 drivers
v0x58824289baa0_0 .net "ALBo", 0 0, L_0x5882428b09b0;  1 drivers
v0x58824289bb60_0 .net "B", 3 0, v0x58824289edc0_0;  alias, 1 drivers
v0x58824289bc20_0 .net "CSG", 4 0, L_0x5882428b1200;  1 drivers
v0x58824289bce0_0 .net "CSL", 4 0, L_0x5882428b0ac0;  1 drivers
v0x58824289bdc0_0 .net *"_ivl_0", 4 0, L_0x5882428b05a0;  1 drivers
v0x58824289bea0_0 .net *"_ivl_10", 4 0, L_0x5882428b0910;  1 drivers
L_0x7b90fe1b7a38 .functor BUFT 1, C4<00000>, C4<0>, C4<0>, C4<0>;
v0x58824289bf80_0 .net *"_ivl_12", 4 0, L_0x7b90fe1b7a38;  1 drivers
v0x58824289c060_0 .net *"_ivl_19", 0 0, L_0x5882428b0be0;  1 drivers
v0x58824289c140_0 .net *"_ivl_22", 4 0, L_0x5882428b0d20;  1 drivers
L_0x7b90fe1b7180 .functor BUFT 1, C4<0>, C4<0>, C4<0>, C4<0>;
v0x58824289c220_0 .net *"_ivl_25", 0 0, L_0x7b90fe1b7180;  1 drivers
v0x58824289c300_0 .net *"_ivl_26", 4 0, L_0x5882428b0e50;  1 drivers
L_0x7b90fe1b71c8 .functor BUFT 1, C4<0>, C4<0>, C4<0>, C4<0>;
v0x58824289c3e0_0 .net *"_ivl_29", 0 0, L_0x7b90fe1b71c8;  1 drivers
L_0x7b90fe1b70f0 .functor BUFT 1, C4<0>, C4<0>, C4<0>, C4<0>;
v0x58824289c4c0_0 .net *"_ivl_3", 0 0, L_0x7b90fe1b70f0;  1 drivers
v0x58824289c5a0_0 .net *"_ivl_30", 4 0, L_0x5882428b0f40;  1 drivers
v0x58824289c680_0 .net *"_ivl_32", 4 0, L_0x5882428b1000;  1 drivers
L_0x7b90fe1b7a80 .functor BUFT 1, C4<00000>, C4<0>, C4<0>, C4<0>;
v0x58824289c760_0 .net *"_ivl_34", 4 0, L_0x7b90fe1b7a80;  1 drivers
v0x58824289c840_0 .net *"_ivl_4", 4 0, L_0x5882428b06d0;  1 drivers
v0x58824289c920_0 .net *"_ivl_41", 0 0, L_0x5882428b12f0;  1 drivers
v0x58824289ca00_0 .net *"_ivl_44", 0 0, L_0x5882428b1470;  1 drivers
v0x58824289cac0_0 .net *"_ivl_6", 4 0, L_0x5882428b0790;  1 drivers
L_0x7b90fe1b7138 .functor BUFT 1, C4<0>, C4<0>, C4<0>, C4<0>;
v0x58824289cba0_0 .net *"_ivl_9", 0 0, L_0x7b90fe1b7138;  1 drivers
L_0x5882428b05a0 .concat [ 4 1 0 0], v0x58824289f950_0, L_0x7b90fe1b70f0;
L_0x5882428b0790 .concat [ 4 1 0 0], v0x58824289edc0_0, L_0x7b90fe1b7138;
L_0x5882428b0910 .arith/sum 5, L_0x5882428b06d0, L_0x5882428b0790;
L_0x5882428b0ac0 .arith/sum 5, L_0x5882428b0910, L_0x7b90fe1b7a38;
L_0x5882428b0be0 .part L_0x5882428b0ac0, 4, 1;
L_0x5882428b0d20 .concat [ 4 1 0 0], v0x58824289f950_0, L_0x7b90fe1b7180;
L_0x5882428b0e50 .concat [ 4 1 0 0], v0x58824289edc0_0, L_0x7b90fe1b71c8;
L_0x5882428b1000 .arith/sum 5, L_0x5882428b0d20, L_0x5882428b0f40;
L_0x5882428b1200 .arith/sum 5, L_0x5882428b1000, L_0x7b90fe1b7a80;
L_0x5882428b12f0 .part L_0x5882428b1200, 4, 1;
L_0x5882428b1470 .cmp/eq 4, v0x58824289f950_0, v0x58824289edc0_0;
S_0x58824289cd80 .scope module, "comparador" "comparador_85" 6 107, 7 16 0, S_0x588242882790;
 .timescale 0 0;
    .port_info 0 /INPUT 1 "ALBi";
    .port_info 1 /INPUT 1 "AGBi";
    .port_info 2 /INPUT 1 "AEBi";
    .port_info 3 /INPUT 4 "A";
    .port_info 4 /INPUT 4 "B";
    .port_info 5 /OUTPUT 1 "ALBo";
    .port_info 6 /OUTPUT 1 "AGBo";
    .port_info 7 /OUTPUT 1 "AEBo";
L_0x5882428b2a50 .functor NOT 5, L_0x5882428b2980, C4<00000>, C4<00000>, C4<00000>;
L_0x5882428b2cd0 .functor NOT 1, L_0x5882428b2f00, C4<0>, C4<0>, C4<0>;
L_0x5882428b32d0 .functor NOT 5, L_0x5882428b31a0, C4<00000>, C4<00000>, C4<00000>;
L_0x5882428b3430 .functor NOT 1, L_0x5882428b3680, C4<0>, C4<0>, C4<0>;
L_0x7b90fe1b7690 .functor BUFT 1, C4<1>, C4<0>, C4<0>, C4<0>;
L_0x5882428b38a0 .functor AND 1, L_0x5882428b3800, L_0x7b90fe1b7690, C4<1>, C4<1>;
v0x58824289d030_0 .net "A", 3 0, L_0x5882428b4190;  alias, 1 drivers
v0x58824289d110_0 .net "AEBi", 0 0, L_0x7b90fe1b7690;  1 drivers
v0x58824289d1d0_0 .net "AEBo", 0 0, L_0x5882428b38a0;  alias, 1 drivers
L_0x7b90fe1b7648 .functor BUFT 1, C4<0>, C4<0>, C4<0>, C4<0>;
v0x58824289d270_0 .net "AGBi", 0 0, L_0x7b90fe1b7648;  1 drivers
v0x58824289d330_0 .net "AGBo", 0 0, L_0x5882428b3430;  1 drivers
L_0x7b90fe1b7600 .functor BUFT 1, C4<0>, C4<0>, C4<0>, C4<0>;
v0x58824289d440_0 .net "ALBi", 0 0, L_0x7b90fe1b7600;  1 drivers
v0x58824289d500_0 .net "ALBo", 0 0, L_0x5882428b2cd0;  1 drivers
v0x58824289d5c0_0 .net "B", 3 0, v0x5882428a4940_0;  alias, 1 drivers
v0x58824289d6a0_0 .net "CSG", 4 0, L_0x5882428b3590;  1 drivers
v0x58824289d780_0 .net "CSL", 4 0, L_0x5882428b2de0;  1 drivers
v0x58824289d860_0 .net *"_ivl_0", 4 0, L_0x5882428b2980;  1 drivers
v0x58824289d940_0 .net *"_ivl_10", 4 0, L_0x5882428b2c30;  1 drivers
L_0x7b90fe1b7b58 .functor BUFT 1, C4<00000>, C4<0>, C4<0>, C4<0>;
v0x58824289da20_0 .net *"_ivl_12", 4 0, L_0x7b90fe1b7b58;  1 drivers
v0x58824289db00_0 .net *"_ivl_19", 0 0, L_0x5882428b2f00;  1 drivers
v0x58824289dbe0_0 .net *"_ivl_22", 4 0, L_0x5882428b3040;  1 drivers
L_0x7b90fe1b7570 .functor BUFT 1, C4<0>, C4<0>, C4<0>, C4<0>;
v0x58824289dcc0_0 .net *"_ivl_25", 0 0, L_0x7b90fe1b7570;  1 drivers
v0x58824289dda0_0 .net *"_ivl_26", 4 0, L_0x5882428b31a0;  1 drivers
L_0x7b90fe1b75b8 .functor BUFT 1, C4<0>, C4<0>, C4<0>, C4<0>;
v0x58824289df90_0 .net *"_ivl_29", 0 0, L_0x7b90fe1b75b8;  1 drivers
L_0x7b90fe1b74e0 .functor BUFT 1, C4<0>, C4<0>, C4<0>, C4<0>;
v0x58824289e070_0 .net *"_ivl_3", 0 0, L_0x7b90fe1b74e0;  1 drivers
v0x58824289e150_0 .net *"_ivl_30", 4 0, L_0x5882428b32d0;  1 drivers
v0x58824289e230_0 .net *"_ivl_32", 4 0, L_0x5882428b3390;  1 drivers
L_0x7b90fe1b7ba0 .functor BUFT 1, C4<00000>, C4<0>, C4<0>, C4<0>;
v0x58824289e310_0 .net *"_ivl_34", 4 0, L_0x7b90fe1b7ba0;  1 drivers
v0x58824289e3f0_0 .net *"_ivl_4", 4 0, L_0x5882428b2a50;  1 drivers
v0x58824289e4d0_0 .net *"_ivl_41", 0 0, L_0x5882428b3680;  1 drivers
v0x58824289e5b0_0 .net *"_ivl_44", 0 0, L_0x5882428b3800;  1 drivers
v0x58824289e670_0 .net *"_ivl_6", 4 0, L_0x5882428b2b10;  1 drivers
L_0x7b90fe1b7528 .functor BUFT 1, C4<0>, C4<0>, C4<0>, C4<0>;
v0x58824289e750_0 .net *"_ivl_9", 0 0, L_0x7b90fe1b7528;  1 drivers
L_0x5882428b2980 .concat [ 4 1 0 0], L_0x5882428b4190, L_0x7b90fe1b74e0;
L_0x5882428b2b10 .concat [ 4 1 0 0], v0x5882428a4940_0, L_0x7b90fe1b7528;
L_0x5882428b2c30 .arith/sum 5, L_0x5882428b2a50, L_0x5882428b2b10;
L_0x5882428b2de0 .arith/sum 5, L_0x5882428b2c30, L_0x7b90fe1b7b58;
L_0x5882428b2f00 .part L_0x5882428b2de0, 4, 1;
L_0x5882428b3040 .concat [ 4 1 0 0], L_0x5882428b4190, L_0x7b90fe1b7570;
L_0x5882428b31a0 .concat [ 4 1 0 0], v0x5882428a4940_0, L_0x7b90fe1b75b8;
L_0x5882428b3390 .arith/sum 5, L_0x5882428b3040, L_0x5882428b32d0;
L_0x5882428b3590 .arith/sum 5, L_0x5882428b3390, L_0x7b90fe1b7ba0;
L_0x5882428b3680 .part L_0x5882428b3590, 4, 1;
L_0x5882428b3800 .cmp/eq 4, L_0x5882428b4190, v0x5882428a4940_0;
S_0x58824289e930 .scope module, "contLmt" "contador_163" 6 150, 8 16 0, S_0x588242882790;
 .timescale 0 0;
    .port_info 0 /INPUT 1 "clock";
    .port_info 1 /INPUT 1 "clr";
    .port_info 2 /INPUT 1 "ld";
    .port_info 3 /INPUT 1 "ent";
    .port_info 4 /INPUT 1 "enp";
    .port_info 5 /INPUT 4 "D";
    .port_info 6 /OUTPUT 4 "Q";
    .port_info 7 /OUTPUT 1 "rco";
L_0x7b90fe1b7840 .functor BUFT 1, C4<0000>, C4<0>, C4<0>, C4<0>;
v0x58824289ecc0_0 .net "D", 3 0, L_0x7b90fe1b7840;  1 drivers
v0x58824289edc0_0 .var "Q", 3 0;
v0x58824289eed0_0 .net "clock", 0 0, v0x5882428aeb60_0;  alias, 1 drivers
v0x58824289ef70_0 .net "clr", 0 0, L_0x5882428b3d50;  1 drivers
v0x58824289f030_0 .net "enp", 0 0, v0x5882428a94c0_0;  alias, 1 drivers
L_0x7b90fe1b77f8 .functor BUFT 1, C4<1>, C4<0>, C4<0>, C4<0>;
v0x58824289f140_0 .net "ent", 0 0, L_0x7b90fe1b77f8;  1 drivers
L_0x7b90fe1b77b0 .functor BUFT 1, C4<1>, C4<0>, C4<0>, C4<0>;
v0x58824289f200_0 .net "ld", 0 0, L_0x7b90fe1b77b0;  1 drivers
v0x58824289f2c0_0 .var "rco", 0 0;
E_0x58824289ebe0 .event anyedge, v0x58824289f140_0, v0x588242899af0_0;
E_0x58824289ec60 .event posedge, v0x58824289eed0_0;
S_0x58824289f4d0 .scope module, "contador_addr" "contador_163" 6 140, 8 16 0, S_0x588242882790;
 .timescale 0 0;
    .port_info 0 /INPUT 1 "clock";
    .port_info 1 /INPUT 1 "clr";
    .port_info 2 /INPUT 1 "ld";
    .port_info 3 /INPUT 1 "ent";
    .port_info 4 /INPUT 1 "enp";
    .port_info 5 /INPUT 4 "D";
    .port_info 6 /OUTPUT 4 "Q";
    .port_info 7 /OUTPUT 1 "rco";
L_0x7b90fe1b7768 .functor BUFT 1, C4<0000>, C4<0>, C4<0>, C4<0>;
v0x58824289f850_0 .net "D", 3 0, L_0x7b90fe1b7768;  1 drivers
v0x58824289f950_0 .var "Q", 3 0;
v0x58824289fa10_0 .net "clock", 0 0, v0x5882428aeb60_0;  alias, 1 drivers
v0x58824289fab0_0 .net "clr", 0 0, L_0x5882428b3bf0;  1 drivers
v0x58824289fb50_0 .net "enp", 0 0, v0x5882428a93d0_0;  alias, 1 drivers
L_0x7b90fe1b7720 .functor BUFT 1, C4<1>, C4<0>, C4<0>, C4<0>;
v0x58824289fc40_0 .net "ent", 0 0, L_0x7b90fe1b7720;  1 drivers
L_0x7b90fe1b76d8 .functor BUFT 1, C4<1>, C4<0>, C4<0>, C4<0>;
v0x58824289fce0_0 .net "ld", 0 0, L_0x7b90fe1b76d8;  1 drivers
v0x58824289fda0_0 .var "rco", 0 0;
E_0x58824289f7d0 .event anyedge, v0x58824289fc40_0, v0x58824289b5d0_0;
S_0x58824289ffb0 .scope module, "contador_led" "contador_m" 6 130, 9 20 0, S_0x588242882790;
 .timescale 0 0;
    .port_info 0 /INPUT 1 "clock";
    .port_info 1 /INPUT 1 "zera_as";
    .port_info 2 /INPUT 1 "zera_s";
    .port_info 3 /INPUT 1 "conta";
    .port_info 4 /OUTPUT 11 "Q";
    .port_info 5 /OUTPUT 1 "fim";
    .port_info 6 /OUTPUT 1 "meio";
P_0x58824285baf0 .param/l "M" 0 9 20, +C4<00000000000000000000011111010000>;
P_0x58824285bb30 .param/l "N" 0 9 20, +C4<00000000000000000000000000001011>;
v0x5882428a03e0_0 .var "Q", 10 0;
v0x5882428a04e0_0 .net "clock", 0 0, v0x5882428aeb60_0;  alias, 1 drivers
v0x5882428a05f0_0 .net "conta", 0 0, v0x5882428a9710_0;  alias, 1 drivers
v0x5882428a0690_0 .var "fim", 0 0;
v0x5882428a0730_0 .var "meio", 0 0;
v0x5882428a0840_0 .net "zera_as", 0 0, v0x5882428afd80_0;  alias, 1 drivers
v0x5882428a0900_0 .net "zera_s", 0 0, v0x5882428aa740_0;  alias, 1 drivers
E_0x5882428a0300 .event anyedge, v0x5882428a03e0_0;
E_0x5882428a0380 .event posedge, v0x5882428a0840_0, v0x58824289eed0_0;
S_0x5882428a0ae0 .scope module, "contador_timeout" "contador_m" 6 120, 9 20 0, S_0x588242882790;
 .timescale 0 0;
    .port_info 0 /INPUT 1 "clock";
    .port_info 1 /INPUT 1 "zera_as";
    .port_info 2 /INPUT 1 "zera_s";
    .port_info 3 /INPUT 1 "conta";
    .port_info 4 /OUTPUT 13 "Q";
    .port_info 5 /OUTPUT 1 "fim";
    .port_info 6 /OUTPUT 1 "meio";
P_0x588242859080 .param/l "M" 0 9 20, +C4<00000000000000000001001110001000>;
P_0x5882428590c0 .param/l "N" 0 9 20, +C4<00000000000000000000000000001101>;
v0x5882428a0ec0_0 .var "Q", 12 0;
v0x5882428a0fc0_0 .net "clock", 0 0, v0x5882428aeb60_0;  alias, 1 drivers
v0x5882428a1080_0 .net "conta", 0 0, v0x5882428a97b0_0;  alias, 1 drivers
v0x5882428a1150_0 .var "fim", 0 0;
v0x5882428a11f0_0 .var "meio", 0 0;
v0x5882428a1300_0 .net "zera_as", 0 0, v0x5882428afd80_0;  alias, 1 drivers
v0x5882428a13a0_0 .net "zera_s", 0 0, v0x5882428aa830_0;  alias, 1 drivers
E_0x5882428a0e40 .event anyedge, v0x5882428a0ec0_0;
S_0x5882428a1560 .scope module, "converter_cor" "cores_rgb" 6 177, 10 3 0, S_0x588242882790;
 .timescale 0 0;
    .port_info 0 /INPUT 4 "codigo";
    .port_info 1 /OUTPUT 3 "leds_rgb";
v0x5882428a17e0_0 .net "codigo", 3 0, L_0x5882428b4190;  alias, 1 drivers
v0x5882428a18f0_0 .var "leds_rgb", 2 0;
E_0x5882428a1760 .event anyedge, v0x58824289d030_0;
S_0x5882428a1a10 .scope module, "detector" "edge_detector" 6 113, 11 21 0, S_0x588242882790;
 .timescale 0 0;
    .port_info 0 /INPUT 1 "clock";
    .port_info 1 /INPUT 1 "reset";
    .port_info 2 /INPUT 1 "sinal";
    .port_info 3 /OUTPUT 1 "pulso";
L_0x5882428b3a50 .functor NOT 1, v0x5882428a1f30_0, C4<0>, C4<0>, C4<0>;
L_0x5882428b3af0 .functor AND 1, L_0x5882428b3a50, v0x5882428a1e90_0, C4<1>, C4<1>;
v0x5882428a1c20_0 .net *"_ivl_0", 0 0, L_0x5882428b3a50;  1 drivers
v0x5882428a1d00_0 .net "clock", 0 0, v0x5882428aeb60_0;  alias, 1 drivers
v0x5882428a1dc0_0 .net "pulso", 0 0, L_0x5882428b3af0;  alias, 1 drivers
v0x5882428a1e90_0 .var "reg0", 0 0;
v0x5882428a1f30_0 .var "reg1", 0 0;
v0x5882428a1ff0_0 .net "reset", 0 0, v0x5882428afd80_0;  alias, 1 drivers
v0x5882428a2090_0 .net "sinal", 0 0, L_0x5882428affb0;  alias, 1 drivers
S_0x5882428a21d0 .scope module, "memoria" "sync_ram_16x4_file" 6 169, 12 19 0, S_0x588242882790;
 .timescale 0 0;
    .port_info 0 /INPUT 1 "clk";
    .port_info 1 /INPUT 1 "we";
    .port_info 2 /INPUT 4 "data";
    .port_info 3 /INPUT 4 "addr";
    .port_info 4 /OUTPUT 4 "q";
P_0x5882428a23b0 .param/str "BINFILE" 0 12 20, "ram_init.txt";
L_0x5882428b4190 .functor BUFZ 4, L_0x5882428b3f20, C4<0000>, C4<0000>, C4<0000>;
v0x5882428a2670_0 .net *"_ivl_0", 3 0, L_0x5882428b3f20;  1 drivers
v0x5882428a2770_0 .net *"_ivl_2", 5 0, L_0x5882428b4020;  1 drivers
L_0x7b90fe1b7888 .functor BUFT 1, C4<00>, C4<0>, C4<0>, C4<0>;
v0x5882428a2850_0 .net *"_ivl_5", 1 0, L_0x7b90fe1b7888;  1 drivers
v0x5882428a2910_0 .net "addr", 3 0, v0x58824289f950_0;  alias, 1 drivers
v0x5882428a2a20_0 .var "addr_reg", 3 0;
v0x5882428a2b50_0 .net "clk", 0 0, v0x5882428aeb60_0;  alias, 1 drivers
v0x5882428a2bf0_0 .net "data", 3 0, v0x5882428ae9f0_0;  alias, 1 drivers
v0x5882428a2cd0_0 .net "q", 3 0, L_0x5882428b4190;  alias, 1 drivers
v0x5882428a2de0 .array "ram", 15 0, 3 0;
v0x5882428a2ea0_0 .net "we", 0 0, v0x5882428a9f20_0;  alias, 1 drivers
L_0x5882428b3f20 .array/port v0x5882428a2de0, L_0x5882428b4020;
L_0x5882428b4020 .concat [ 4 2 0 0], v0x5882428a2a20_0, L_0x7b90fe1b7888;
S_0x5882428a2470 .scope begin, "INICIA_RAM" "INICIA_RAM" 12 39, 12 39 0, S_0x5882428a21d0;
 .timescale 0 0;
S_0x5882428a3000 .scope module, "mux_rgb" "mux2x1_n" 6 186, 13 17 0, S_0x588242882790;
 .timescale 0 0;
    .port_info 0 /INPUT 3 "D0";
    .port_info 1 /INPUT 3 "D1";
    .port_info 2 /INPUT 1 "SEL";
    .port_info 3 /OUTPUT 3 "OUT";
P_0x5882428a3190 .param/l "BITS" 0 13 18, +C4<00000000000000000000000000000011>;
L_0x7b90fe1b78d0 .functor BUFT 1, C4<000>, C4<0>, C4<0>, C4<0>;
v0x5882428a32b0_0 .net "D0", 2 0, L_0x7b90fe1b78d0;  1 drivers
v0x5882428a33b0_0 .net "D1", 2 0, v0x5882428a18f0_0;  alias, 1 drivers
v0x5882428a3470_0 .var "OUT", 2 0;
v0x5882428a3540_0 .net "SEL", 0 0, v0x5882428a9290_0;  alias, 1 drivers
E_0x5882428a3230 .event anyedge, v0x5882428a3540_0, v0x5882428a32b0_0, v0x5882428a18f0_0;
S_0x5882428a36b0 .scope module, "reg_modo" "registrador_1" 6 74, 14 7 0, S_0x588242882790;
 .timescale 0 0;
    .port_info 0 /INPUT 1 "clock";
    .port_info 1 /INPUT 1 "clear";
    .port_info 2 /INPUT 1 "enable";
    .port_info 3 /INPUT 1 "D";
    .port_info 4 /OUTPUT 1 "Q";
v0x5882428a3910_0 .net "D", 0 0, L_0x5882428b0130;  1 drivers
v0x5882428a39f0_0 .var "IQ", 0 0;
v0x5882428a3ab0_0 .net "Q", 0 0, v0x5882428a39f0_0;  alias, 1 drivers
v0x5882428a3b80_0 .net "clear", 0 0, v0x5882428aa6a0_0;  alias, 1 drivers
v0x5882428a3c40_0 .net "clock", 0 0, v0x5882428aeb60_0;  alias, 1 drivers
v0x5882428a3d30_0 .net "enable", 0 0, v0x5882428aa010_0;  alias, 1 drivers
E_0x5882428a3890 .event posedge, v0x5882428a3b80_0, v0x58824289eed0_0;
S_0x5882428a3e90 .scope module, "reg_timeout_hab" "registrador_1" 6 82, 14 7 0, S_0x588242882790;
 .timescale 0 0;
    .port_info 0 /INPUT 1 "clock";
    .port_info 1 /INPUT 1 "clear";
    .port_info 2 /INPUT 1 "enable";
    .port_info 3 /INPUT 1 "D";
    .port_info 4 /OUTPUT 1 "Q";
v0x5882428a4070_0 .net "D", 0 0, L_0x5882428b0220;  1 drivers
v0x5882428a4150_0 .var "IQ", 0 0;
v0x5882428a4210_0 .net "Q", 0 0, v0x5882428a4150_0;  alias, 1 drivers
v0x5882428a42e0_0 .net "clear", 0 0, v0x5882428aa6a0_0;  alias, 1 drivers
v0x5882428a43b0_0 .net "clock", 0 0, v0x5882428aeb60_0;  alias, 1 drivers
v0x5882428a44a0_0 .net "enable", 0 0, v0x5882428aa010_0;  alias, 1 drivers
S_0x5882428a45d0 .scope module, "registrador" "registrador_4" 6 160, 15 13 0, S_0x588242882790;
 .timescale 0 0;
    .port_info 0 /INPUT 1 "clock";
    .port_info 1 /INPUT 1 "clear";
    .port_info 2 /INPUT 1 "enable";
    .port_info 3 /INPUT 4 "D";
    .port_info 4 /OUTPUT 4 "Q";
v0x5882428a4830_0 .net "D", 3 0, v0x5882428ae9f0_0;  alias, 1 drivers
v0x5882428a4940_0 .var "IQ", 3 0;
v0x5882428a4a00_0 .net "Q", 3 0, v0x5882428a4940_0;  alias, 1 drivers
v0x5882428a4b00_0 .net "clear", 0 0, v0x5882428aa470_0;  alias, 1 drivers
v0x5882428a4ba0_0 .net "clock", 0 0, v0x5882428aeb60_0;  alias, 1 drivers
v0x5882428a4da0_0 .net "enable", 0 0, v0x5882428aa0b0_0;  alias, 1 drivers
E_0x5882428a47b0 .event posedge, v0x5882428a4b00_0, v0x58824289eed0_0;
S_0x5882428a7c40 .scope module, "unidade_controle" "unidade_controle" 4 106, 16 15 0, S_0x58824286bb40;
 .timescale 0 0;
    .port_info 0 /INPUT 1 "clock";
    .port_info 1 /INPUT 1 "reset";
    .port_info 2 /INPUT 1 "iniciar";
    .port_info 3 /INPUT 1 "fim_jogo";
    .port_info 4 /INPUT 1 "enderecoIgualLimite";
    .port_info 5 /INPUT 1 "jogada";
    .port_info 6 /INPUT 1 "igual";
    .port_info 7 /INPUT 1 "timeout";
    .port_info 8 /INPUT 1 "timeout_habilitado";
    .port_info 9 /INPUT 1 "timeout_led";
    .port_info 10 /INPUT 1 "fim_sequencia";
    .port_info 11 /OUTPUT 1 "zera_endereco";
    .port_info 12 /OUTPUT 1 "conta_endereco";
    .port_info 13 /OUTPUT 1 "zera_limite";
    .port_info 14 /OUTPUT 1 "conta_limite";
    .port_info 15 /OUTPUT 1 "zeraR";
    .port_info 16 /OUTPUT 1 "registrarR";
    .port_info 17 /OUTPUT 1 "registra_modo";
    .port_info 18 /OUTPUT 1 "zera_modo";
    .port_info 19 /OUTPUT 1 "zera_s_timeout";
    .port_info 20 /OUTPUT 1 "enable_timeout";
    .port_info 21 /OUTPUT 1 "conf_leds";
    .port_info 22 /OUTPUT 1 "registra_jogada";
    .port_info 23 /OUTPUT 1 "zera_s_led";
    .port_info 24 /OUTPUT 1 "enable_led";
    .port_info 25 /OUTPUT 1 "acertou";
    .port_info 26 /OUTPUT 1 "errou";
    .port_info 27 /OUTPUT 1 "pronto";
    .port_info 28 /OUTPUT 5 "db_estado";
    .port_info 29 /OUTPUT 1 "db_timeout";
P_0x5882428a7e20 .param/l "adiciona_jogada" 0 16 85, C4<01101>;
P_0x5882428a7e60 .param/l "atualiza_endereco_nova_jogada" 0 16 89, C4<10001>;
P_0x5882428a7ea0 .param/l "carrega_led" 0 16 74, C4<00010>;
P_0x5882428a7ee0 .param/l "comparacao" 0 16 81, C4<01001>;
P_0x5882428a7f20 .param/l "erro_verilog" 0 16 90, C4<10010>;
P_0x5882428a7f60 .param/l "espera" 0 16 79, C4<00111>;
P_0x5882428a7fa0 .param/l "fim_sequencia_timer" 0 16 88, C4<10000>;
P_0x5882428a7fe0 .param/l "final_acerto" 0 16 83, C4<01011>;
P_0x5882428a8020 .param/l "final_erro" 0 16 84, C4<01100>;
P_0x5882428a8060 .param/l "final_timeout" 0 16 87, C4<01111>;
P_0x5882428a80a0 .param/l "inicial" 0 16 72, C4<00000>;
P_0x5882428a80e0 .param/l "mostra_apagado" 0 16 77, C4<00101>;
P_0x5882428a8120 .param/l "mostra_led" 0 16 75, C4<00011>;
P_0x5882428a8160 .param/l "preparacao" 0 16 73, C4<00001>;
P_0x5882428a81a0 .param/l "proxima_rodada" 0 16 86, C4<01110>;
P_0x5882428a81e0 .param/l "proximo" 0 16 82, C4<01010>;
P_0x5882428a8220 .param/l "proximo_led" 0 16 78, C4<00110>;
P_0x5882428a8260 .param/l "registra" 0 16 80, C4<01000>;
P_0x5882428a82a0 .param/l "zera_led" 0 16 76, C4<00100>;
v0x5882428a8f40_0 .var "Eatual", 4 0;
v0x5882428a9040_0 .var "Eprox", 4 0;
v0x5882428a9120_0 .var "acertou", 0 0;
v0x5882428a91f0_0 .net "clock", 0 0, v0x5882428aeb60_0;  alias, 1 drivers
v0x5882428a9290_0 .var "conf_leds", 0 0;
v0x5882428a93d0_0 .var "conta_endereco", 0 0;
v0x5882428a94c0_0 .var "conta_limite", 0 0;
v0x5882428a95b0_0 .var "db_estado", 4 0;
v0x5882428a9670_0 .var "db_timeout", 0 0;
v0x5882428a9710_0 .var "enable_led", 0 0;
v0x5882428a97b0_0 .var "enable_timeout", 0 0;
v0x5882428a98a0_0 .net "enderecoIgualLimite", 0 0, L_0x5882428b1510;  alias, 1 drivers
v0x5882428a9990_0 .var "errou", 0 0;
v0x5882428a9a50_0 .net "fim_jogo", 0 0, L_0x5882428b26c0;  alias, 1 drivers
v0x5882428a9b40_0 .net "fim_sequencia", 0 0, L_0x5882428b4a10;  alias, 1 drivers
v0x5882428a9be0_0 .net "igual", 0 0, L_0x5882428b38a0;  alias, 1 drivers
v0x5882428a9cd0_0 .net "iniciar", 0 0, v0x5882428af880_0;  alias, 1 drivers
v0x5882428a9d70_0 .net "jogada", 0 0, L_0x5882428b3af0;  alias, 1 drivers
v0x5882428a9e60_0 .var "pronto", 0 0;
v0x5882428a9f20_0 .var "registra_jogada", 0 0;
v0x5882428aa010_0 .var "registra_modo", 0 0;
v0x5882428aa0b0_0 .var "registrarR", 0 0;
v0x5882428aa1a0_0 .net "reset", 0 0, v0x5882428afd80_0;  alias, 1 drivers
v0x5882428aa240_0 .net "timeout", 0 0, v0x5882428a1150_0;  alias, 1 drivers
v0x5882428aa2e0_0 .net "timeout_habilitado", 0 0, L_0x5882428b48a0;  alias, 1 drivers
v0x5882428aa380_0 .net "timeout_led", 0 0, v0x5882428a0690_0;  alias, 1 drivers
v0x5882428aa470_0 .var "zeraR", 0 0;
v0x5882428aa560_0 .var "zera_endereco", 0 0;
v0x5882428aa600_0 .var "zera_limite", 0 0;
v0x5882428aa6a0_0 .var "zera_modo", 0 0;
v0x5882428aa740_0 .var "zera_s_led", 0 0;
v0x5882428aa830_0 .var "zera_s_timeout", 0 0;
E_0x5882428a8e40 .event anyedge, v0x5882428a8f40_0;
E_0x5882428a8ea0/0 .event anyedge, v0x5882428a8f40_0, v0x5882428a9cd0_0, v0x5882428a0690_0, v0x5882428a6280_0;
E_0x5882428a8ea0/1 .event anyedge, v0x5882428a1150_0, v0x5882428a7260_0, v0x5882428a1dc0_0, v0x58824289d1d0_0;
E_0x5882428a8ea0/2 .event anyedge, v0x58824289b770_0, v0x588242899cb0_0;
E_0x5882428a8ea0 .event/or E_0x5882428a8ea0/0, E_0x5882428a8ea0/1, E_0x5882428a8ea0/2;
S_0x5882428adec0 .scope task, "play_round" "play_round" 3 94, 3 94 0, S_0x588242882b10;
 .timescale -3 -6;
v0x5882428ae0d0_0 .var/i "is_last", 31 0;
v0x5882428ae1d0_0 .var/i "j", 31 0;
v0x5882428ae2b0_0 .var/i "n_rod", 31 0;
E_0x5882428ae070 .event anyedge, v0x5882428a8f40_0, v0x5882428a9990_0;
TD_tb_cenario_i.play_round ;
    %load/vec4 v0x5882428ae2b0_0;
    %addi 1, 0, 32;
    %vpi_call 3 99 "$display", "[%0t] --- Rodada %0d ---", $time, S<0,vec4,s32> {1 0 0};
    %load/vec4 v0x5882428ae2b0_0;
    %addi 1, 0, 32;
    %store/vec4 v0x5882428ae910_0, 0, 32;
    %fork TD_tb_cenario_i.wait_leds, S_0x5882428ae630;
    %join;
    %pushi/vec4 0, 0, 32;
    %store/vec4 v0x5882428ae1d0_0, 0, 32;
T_0.0 ;
    %load/vec4 v0x5882428ae1d0_0;
    %load/vec4 v0x5882428ae2b0_0;
    %cmp/s;
    %flag_or 5, 4;
    %jmp/0xz T_0.1, 5;
    %ix/getv/s 4, v0x5882428ae1d0_0;
    %load/vec4a v0x5882428afe20, 4;
    %store/vec4 v0x5882428ae550_0, 0, 4;
    %fork TD_tb_cenario_i.press_button, S_0x5882428ae370;
    %join;
    %load/vec4 v0x5882428ae1d0_0;
    %addi 1, 0, 32;
    %store/vec4 v0x5882428ae1d0_0, 0, 32;
    %jmp T_0.0;
T_0.1 ;
    %load/vec4 v0x5882428ae0d0_0;
    %nor/r;
    %flag_set/vec4 8;
    %jmp/0xz  T_0.2, 8;
T_0.4 ;
    %load/vec4 v0x5882428a8f40_0;
    %cmpi/e 13, 0, 5;
    %flag_get/vec4 4;
    %jmp/1 T_0.6, 4;
    %load/vec4 v0x5882428acb80_0;
    %or;
T_0.6;
    %cmpi/ne 1, 0, 1;
    %jmp/0xz T_0.5, 6;
    %wait E_0x5882428ae070;
    %jmp T_0.4;
T_0.5 ;
    %load/vec4 v0x5882428acb80_0;
    %flag_set/vec4 8;
    %jmp/0xz  T_0.7, 8;
    %load/vec4 v0x5882428ae2b0_0;
    %addi 1, 0, 32;
    %vpi_call 3 107 "$display", "ERRO: Perdeu na rodada %0d", S<0,vec4,s32> {1 0 0};
    %vpi_call 3 108 "$stop" {0 0 0};
T_0.7 ;
    %load/vec4 v0x5882428ae2b0_0;
    %addi 1, 0, 32;
    %ix/vec4/s 4;
    %load/vec4a v0x5882428afe20, 4;
    %store/vec4 v0x5882428ae550_0, 0, 4;
    %fork TD_tb_cenario_i.press_button, S_0x5882428ae370;
    %join;
T_0.2 ;
    %end;
S_0x5882428ae370 .scope task, "press_button" "press_button" 3 81, 3 81 0, S_0x588242882b10;
 .timescale -3 -6;
v0x5882428ae550_0 .var "btn", 3 0;
TD_tb_cenario_i.press_button ;
    %load/vec4 v0x5882428ae550_0;
    %store/vec4 v0x5882428ae9f0_0, 0, 4;
    %delay 4000, 0;
    %pushi/vec4 0, 0, 4;
    %store/vec4 v0x5882428ae9f0_0, 0, 4;
    %delay 2000, 0;
    %end;
S_0x5882428ae630 .scope task, "wait_leds" "wait_leds" 3 68, 3 68 0, S_0x588242882b10;
 .timescale -3 -6;
v0x5882428ae810_0 .var/i "i", 31 0;
v0x5882428ae910_0 .var/i "num_leds", 31 0;
TD_tb_cenario_i.wait_leds ;
    %pushi/vec4 0, 0, 32;
    %store/vec4 v0x5882428ae810_0, 0, 32;
T_2.9 ;
    %load/vec4 v0x5882428ae810_0;
    %load/vec4 v0x5882428ae910_0;
    %cmp/s;
    %jmp/0xz T_2.10, 5;
T_2.11 ;
    %load/vec4 v0x5882428a8f40_0;
    %pushi/vec4 3, 0, 5;
    %cmp/e;
    %flag_get/vec4 4;
    %cmpi/ne 1, 0, 1;
    %jmp/0xz T_2.12, 6;
    %wait E_0x5882428a8e40;
    %jmp T_2.11;
T_2.12 ;
T_2.13 ;
    %load/vec4 v0x5882428a8f40_0;
    %pushi/vec4 5, 0, 5;
    %cmp/e;
    %flag_get/vec4 4;
    %cmpi/ne 1, 0, 1;
    %jmp/0xz T_2.14, 6;
    %wait E_0x5882428a8e40;
    %jmp T_2.13;
T_2.14 ;
    %load/vec4 v0x5882428ae810_0;
    %addi 1, 0, 32;
    %store/vec4 v0x5882428ae810_0, 0, 32;
    %jmp T_2.9;
T_2.10 ;
T_2.15 ;
    %load/vec4 v0x5882428a8f40_0;
    %pushi/vec4 7, 0, 5;
    %cmp/e;
    %flag_get/vec4 4;
    %cmpi/ne 1, 0, 1;
    %jmp/0xz T_2.16, 6;
    %wait E_0x5882428a8e40;
    %jmp T_2.15;
T_2.16 ;
    %delay 100, 0;
    %end;
    .scope S_0x5882427baa00;
T_3 ;
    %wait E_0x5882427fdfd0;
    %load/vec4 v0x588242855510_0;
    %dup/vec4;
    %pushi/vec4 0, 0, 1;
    %cmp/u;
    %jmp/1 T_3.0, 6;
    %dup/vec4;
    %pushi/vec4 1, 0, 1;
    %cmp/u;
    %jmp/1 T_3.1, 6;
    %pushi/vec4 1, 0, 1;
    %store/vec4 v0x588242859130_0, 0, 1;
    %jmp T_3.3;
T_3.0 ;
    %load/vec4 v0x588242863b40_0;
    %store/vec4 v0x588242859130_0, 0, 1;
    %jmp T_3.3;
T_3.1 ;
    %load/vec4 v0x58824285bba0_0;
    %store/vec4 v0x588242859130_0, 0, 1;
    %jmp T_3.3;
T_3.3 ;
    %pop/vec4 1;
    %jmp T_3;
    .thread T_3, $push;
    .scope S_0x5882428a36b0;
T_4 ;
    %wait E_0x5882428a3890;
    %load/vec4 v0x5882428a3b80_0;
    %flag_set/vec4 8;
    %jmp/0xz  T_4.0, 8;
    %pushi/vec4 0, 0, 1;
    %assign/vec4 v0x5882428a39f0_0, 0;
    %jmp T_4.1;
T_4.0 ;
    %load/vec4 v0x5882428a3d30_0;
    %flag_set/vec4 8;
    %jmp/0xz  T_4.2, 8;
    %load/vec4 v0x5882428a3910_0;
    %assign/vec4 v0x5882428a39f0_0, 0;
T_4.2 ;
T_4.1 ;
    %jmp T_4;
    .thread T_4;
    .scope S_0x5882428a3e90;
T_5 ;
    %wait E_0x5882428a3890;
    %load/vec4 v0x5882428a42e0_0;
    %flag_set/vec4 8;
    %jmp/0xz  T_5.0, 8;
    %pushi/vec4 0, 0, 1;
    %assign/vec4 v0x5882428a4150_0, 0;
    %jmp T_5.1;
T_5.0 ;
    %load/vec4 v0x5882428a44a0_0;
    %flag_set/vec4 8;
    %jmp/0xz  T_5.2, 8;
    %load/vec4 v0x5882428a4070_0;
    %assign/vec4 v0x5882428a4150_0, 0;
T_5.2 ;
T_5.1 ;
    %jmp T_5;
    .thread T_5;
    .scope S_0x5882428a1a10;
T_6 ;
    %wait E_0x5882428a0380;
    %load/vec4 v0x5882428a1ff0_0;
    %flag_set/vec4 8;
    %jmp/0xz  T_6.0, 8;
    %pushi/vec4 0, 0, 1;
    %assign/vec4 v0x5882428a1e90_0, 0;
    %pushi/vec4 0, 0, 1;
    %assign/vec4 v0x5882428a1f30_0, 0;
    %jmp T_6.1;
T_6.0 ;
    %load/vec4 v0x5882428a1d00_0;
    %flag_set/vec4 8;
    %jmp/0xz  T_6.2, 8;
    %load/vec4 v0x5882428a2090_0;
    %assign/vec4 v0x5882428a1e90_0, 0;
    %load/vec4 v0x5882428a1e90_0;
    %assign/vec4 v0x5882428a1f30_0, 0;
T_6.2 ;
T_6.1 ;
    %jmp T_6;
    .thread T_6;
    .scope S_0x5882428a0ae0;
T_7 ;
    %wait E_0x5882428a0380;
    %load/vec4 v0x5882428a1300_0;
    %flag_set/vec4 8;
    %jmp/0xz  T_7.0, 8;
    %pushi/vec4 0, 0, 13;
    %assign/vec4 v0x5882428a0ec0_0, 0;
    %jmp T_7.1;
T_7.0 ;
    %load/vec4 v0x5882428a0fc0_0;
    %flag_set/vec4 8;
    %jmp/0xz  T_7.2, 8;
    %load/vec4 v0x5882428a13a0_0;
    %flag_set/vec4 8;
    %jmp/0xz  T_7.4, 8;
    %pushi/vec4 0, 0, 13;
    %assign/vec4 v0x5882428a0ec0_0, 0;
    %jmp T_7.5;
T_7.4 ;
    %load/vec4 v0x5882428a1080_0;
    %flag_set/vec4 8;
    %jmp/0xz  T_7.6, 8;
    %load/vec4 v0x5882428a0ec0_0;
    %pad/u 32;
    %cmpi/e 4999, 0, 32;
    %jmp/0xz  T_7.8, 4;
    %pushi/vec4 0, 0, 13;
    %assign/vec4 v0x5882428a0ec0_0, 0;
    %jmp T_7.9;
T_7.8 ;
    %load/vec4 v0x5882428a0ec0_0;
    %addi 1, 0, 13;
    %assign/vec4 v0x5882428a0ec0_0, 0;
T_7.9 ;
T_7.6 ;
T_7.5 ;
T_7.2 ;
T_7.1 ;
    %jmp T_7;
    .thread T_7;
    .scope S_0x5882428a0ae0;
T_8 ;
    %wait E_0x5882428a0e40;
    %load/vec4 v0x5882428a0ec0_0;
    %pad/u 32;
    %cmpi/e 4999, 0, 32;
    %jmp/0xz  T_8.0, 4;
    %pushi/vec4 1, 0, 1;
    %store/vec4 v0x5882428a1150_0, 0, 1;
    %jmp T_8.1;
T_8.0 ;
    %pushi/vec4 0, 0, 1;
    %store/vec4 v0x5882428a1150_0, 0, 1;
T_8.1 ;
    %jmp T_8;
    .thread T_8, $push;
    .scope S_0x5882428a0ae0;
T_9 ;
    %wait E_0x5882428a0e40;
    %load/vec4 v0x5882428a0ec0_0;
    %pad/u 32;
    %cmpi/e 2499, 0, 32;
    %jmp/0xz  T_9.0, 4;
    %pushi/vec4 1, 0, 1;
    %store/vec4 v0x5882428a11f0_0, 0, 1;
    %jmp T_9.1;
T_9.0 ;
    %pushi/vec4 0, 0, 1;
    %store/vec4 v0x5882428a11f0_0, 0, 1;
T_9.1 ;
    %jmp T_9;
    .thread T_9, $push;
    .scope S_0x58824289ffb0;
T_10 ;
    %wait E_0x5882428a0380;
    %load/vec4 v0x5882428a0840_0;
    %flag_set/vec4 8;
    %jmp/0xz  T_10.0, 8;
    %pushi/vec4 0, 0, 11;
    %assign/vec4 v0x5882428a03e0_0, 0;
    %jmp T_10.1;
T_10.0 ;
    %load/vec4 v0x5882428a04e0_0;
    %flag_set/vec4 8;
    %jmp/0xz  T_10.2, 8;
    %load/vec4 v0x5882428a0900_0;
    %flag_set/vec4 8;
    %jmp/0xz  T_10.4, 8;
    %pushi/vec4 0, 0, 11;
    %assign/vec4 v0x5882428a03e0_0, 0;
    %jmp T_10.5;
T_10.4 ;
    %load/vec4 v0x5882428a05f0_0;
    %flag_set/vec4 8;
    %jmp/0xz  T_10.6, 8;
    %load/vec4 v0x5882428a03e0_0;
    %pad/u 32;
    %cmpi/e 1999, 0, 32;
    %jmp/0xz  T_10.8, 4;
    %pushi/vec4 0, 0, 11;
    %assign/vec4 v0x5882428a03e0_0, 0;
    %jmp T_10.9;
T_10.8 ;
    %load/vec4 v0x5882428a03e0_0;
    %addi 1, 0, 11;
    %assign/vec4 v0x5882428a03e0_0, 0;
T_10.9 ;
T_10.6 ;
T_10.5 ;
T_10.2 ;
T_10.1 ;
    %jmp T_10;
    .thread T_10;
    .scope S_0x58824289ffb0;
T_11 ;
    %wait E_0x5882428a0300;
    %load/vec4 v0x5882428a03e0_0;
    %pad/u 32;
    %cmpi/e 1999, 0, 32;
    %jmp/0xz  T_11.0, 4;
    %pushi/vec4 1, 0, 1;
    %store/vec4 v0x5882428a0690_0, 0, 1;
    %jmp T_11.1;
T_11.0 ;
    %pushi/vec4 0, 0, 1;
    %store/vec4 v0x5882428a0690_0, 0, 1;
T_11.1 ;
    %jmp T_11;
    .thread T_11, $push;
    .scope S_0x58824289ffb0;
T_12 ;
    %wait E_0x5882428a0300;
    %load/vec4 v0x5882428a03e0_0;
    %pad/u 32;
    %cmpi/e 999, 0, 32;
    %jmp/0xz  T_12.0, 4;
    %pushi/vec4 1, 0, 1;
    %store/vec4 v0x5882428a0730_0, 0, 1;
    %jmp T_12.1;
T_12.0 ;
    %pushi/vec4 0, 0, 1;
    %store/vec4 v0x5882428a0730_0, 0, 1;
T_12.1 ;
    %jmp T_12;
    .thread T_12, $push;
    .scope S_0x58824289f4d0;
T_13 ;
    %wait E_0x58824289ec60;
    %load/vec4 v0x58824289fab0_0;
    %inv;
    %flag_set/vec4 8;
    %jmp/0xz  T_13.0, 8;
    %pushi/vec4 0, 0, 4;
    %assign/vec4 v0x58824289f950_0, 0;
    %jmp T_13.1;
T_13.0 ;
    %load/vec4 v0x58824289fce0_0;
    %inv;
    %flag_set/vec4 8;
    %jmp/0xz  T_13.2, 8;
    %load/vec4 v0x58824289f850_0;
    %assign/vec4 v0x58824289f950_0, 0;
    %jmp T_13.3;
T_13.2 ;
    %load/vec4 v0x58824289fc40_0;
    %flag_set/vec4 9;
    %flag_get/vec4 9;
    %jmp/0 T_13.6, 9;
    %load/vec4 v0x58824289fb50_0;
    %and;
T_13.6;
    %flag_set/vec4 8;
    %jmp/0xz  T_13.4, 8;
    %load/vec4 v0x58824289f950_0;
    %addi 1, 0, 4;
    %assign/vec4 v0x58824289f950_0, 0;
    %jmp T_13.5;
T_13.4 ;
    %load/vec4 v0x58824289f950_0;
    %assign/vec4 v0x58824289f950_0, 0;
T_13.5 ;
T_13.3 ;
T_13.1 ;
    %jmp T_13;
    .thread T_13;
    .scope S_0x58824289f4d0;
T_14 ;
    %wait E_0x58824289f7d0;
    %load/vec4 v0x58824289fc40_0;
    %flag_set/vec4 9;
    %flag_get/vec4 9;
    %jmp/0 T_14.2, 9;
    %load/vec4 v0x58824289f950_0;
    %pushi/vec4 15, 0, 4;
    %cmp/e;
    %flag_get/vec4 4;
    %and;
T_14.2;
    %flag_set/vec4 8;
    %jmp/0xz  T_14.0, 8;
    %pushi/vec4 1, 0, 1;
    %store/vec4 v0x58824289fda0_0, 0, 1;
    %jmp T_14.1;
T_14.0 ;
    %pushi/vec4 0, 0, 1;
    %store/vec4 v0x58824289fda0_0, 0, 1;
T_14.1 ;
    %jmp T_14;
    .thread T_14, $push;
    .scope S_0x58824289e930;
T_15 ;
    %wait E_0x58824289ec60;
    %load/vec4 v0x58824289ef70_0;
    %inv;
    %flag_set/vec4 8;
    %jmp/0xz  T_15.0, 8;
    %pushi/vec4 0, 0, 4;
    %assign/vec4 v0x58824289edc0_0, 0;
    %jmp T_15.1;
T_15.0 ;
    %load/vec4 v0x58824289f200_0;
    %inv;
    %flag_set/vec4 8;
    %jmp/0xz  T_15.2, 8;
    %load/vec4 v0x58824289ecc0_0;
    %assign/vec4 v0x58824289edc0_0, 0;
    %jmp T_15.3;
T_15.2 ;
    %load/vec4 v0x58824289f140_0;
    %flag_set/vec4 9;
    %flag_get/vec4 9;
    %jmp/0 T_15.6, 9;
    %load/vec4 v0x58824289f030_0;
    %and;
T_15.6;
    %flag_set/vec4 8;
    %jmp/0xz  T_15.4, 8;
    %load/vec4 v0x58824289edc0_0;
    %addi 1, 0, 4;
    %assign/vec4 v0x58824289edc0_0, 0;
    %jmp T_15.5;
T_15.4 ;
    %load/vec4 v0x58824289edc0_0;
    %assign/vec4 v0x58824289edc0_0, 0;
T_15.5 ;
T_15.3 ;
T_15.1 ;
    %jmp T_15;
    .thread T_15;
    .scope S_0x58824289e930;
T_16 ;
    %wait E_0x58824289ebe0;
    %load/vec4 v0x58824289f140_0;
    %flag_set/vec4 9;
    %flag_get/vec4 9;
    %jmp/0 T_16.2, 9;
    %load/vec4 v0x58824289edc0_0;
    %pushi/vec4 15, 0, 4;
    %cmp/e;
    %flag_get/vec4 4;
    %and;
T_16.2;
    %flag_set/vec4 8;
    %jmp/0xz  T_16.0, 8;
    %pushi/vec4 1, 0, 1;
    %store/vec4 v0x58824289f2c0_0, 0, 1;
    %jmp T_16.1;
T_16.0 ;
    %pushi/vec4 0, 0, 1;
    %store/vec4 v0x58824289f2c0_0, 0, 1;
T_16.1 ;
    %jmp T_16;
    .thread T_16, $push;
    .scope S_0x5882428a45d0;
T_17 ;
    %wait E_0x5882428a47b0;
    %load/vec4 v0x5882428a4b00_0;
    %flag_set/vec4 8;
    %jmp/0xz  T_17.0, 8;
    %pushi/vec4 0, 0, 4;
    %assign/vec4 v0x5882428a4940_0, 0;
    %jmp T_17.1;
T_17.0 ;
    %load/vec4 v0x5882428a4da0_0;
    %flag_set/vec4 8;
    %jmp/0xz  T_17.2, 8;
    %load/vec4 v0x5882428a4830_0;
    %assign/vec4 v0x5882428a4940_0, 0;
T_17.2 ;
T_17.1 ;
    %jmp T_17;
    .thread T_17;
    .scope S_0x5882428a21d0;
T_18 ;
    %fork t_1, S_0x5882428a2470;
    %jmp t_0;
    .scope S_0x5882428a2470;
t_1 ;
    %vpi_call 12 41 "$readmemb", P_0x5882428a23b0, v0x5882428a2de0 {0 0 0};
    %end;
    .scope S_0x5882428a21d0;
t_0 %join;
    %end;
    .thread T_18;
    .scope S_0x5882428a21d0;
T_19 ;
    %wait E_0x58824289ec60;
    %load/vec4 v0x5882428a2ea0_0;
    %flag_set/vec4 8;
    %jmp/0xz  T_19.0, 8;
    %load/vec4 v0x5882428a2bf0_0;
    %load/vec4 v0x5882428a2910_0;
    %pad/u 6;
    %ix/vec4 3;
    %ix/load 4, 0, 0; Constant delay
    %assign/vec4/a/d v0x5882428a2de0, 0, 4;
T_19.0 ;
    %load/vec4 v0x5882428a2910_0;
    %assign/vec4 v0x5882428a2a20_0, 0;
    %jmp T_19;
    .thread T_19;
    .scope S_0x5882428a1560;
T_20 ;
    %wait E_0x5882428a1760;
    %load/vec4 v0x5882428a17e0_0;
    %dup/vec4;
    %pushi/vec4 8, 0, 4;
    %cmp/u;
    %jmp/1 T_20.0, 6;
    %dup/vec4;
    %pushi/vec4 1, 0, 4;
    %cmp/u;
    %jmp/1 T_20.1, 6;
    %dup/vec4;
    %pushi/vec4 2, 0, 4;
    %cmp/u;
    %jmp/1 T_20.2, 6;
    %dup/vec4;
    %pushi/vec4 4, 0, 4;
    %cmp/u;
    %jmp/1 T_20.3, 6;
    %jmp T_20.4;
T_20.0 ;
    %pushi/vec4 2, 0, 3;
    %store/vec4 v0x5882428a18f0_0, 0, 3;
    %jmp T_20.4;
T_20.1 ;
    %pushi/vec4 1, 0, 3;
    %store/vec4 v0x5882428a18f0_0, 0, 3;
    %jmp T_20.4;
T_20.2 ;
    %pushi/vec4 4, 0, 3;
    %store/vec4 v0x5882428a18f0_0, 0, 3;
    %jmp T_20.4;
T_20.3 ;
    %pushi/vec4 3, 0, 3;
    %store/vec4 v0x5882428a18f0_0, 0, 3;
    %jmp T_20.4;
T_20.4 ;
    %pop/vec4 1;
    %jmp T_20;
    .thread T_20, $push;
    .scope S_0x5882428a3000;
T_21 ;
    %wait E_0x5882428a3230;
    %load/vec4 v0x5882428a3540_0;
    %dup/vec4;
    %pushi/vec4 0, 0, 1;
    %cmp/u;
    %jmp/1 T_21.0, 6;
    %dup/vec4;
    %pushi/vec4 1, 0, 1;
    %cmp/u;
    %jmp/1 T_21.1, 6;
    %pushi/vec4 7, 0, 3;
    %store/vec4 v0x5882428a3470_0, 0, 3;
    %jmp T_21.3;
T_21.0 ;
    %load/vec4 v0x5882428a32b0_0;
    %store/vec4 v0x5882428a3470_0, 0, 3;
    %jmp T_21.3;
T_21.1 ;
    %load/vec4 v0x5882428a33b0_0;
    %store/vec4 v0x5882428a3470_0, 0, 3;
    %jmp T_21.3;
T_21.3 ;
    %pop/vec4 1;
    %jmp T_21;
    .thread T_21, $push;
    .scope S_0x5882428a7c40;
T_22 ;
    %wait E_0x5882428a0380;
    %load/vec4 v0x5882428aa1a0_0;
    %flag_set/vec4 8;
    %jmp/0xz  T_22.0, 8;
    %pushi/vec4 0, 0, 5;
    %assign/vec4 v0x5882428a8f40_0, 0;
    %jmp T_22.1;
T_22.0 ;
    %load/vec4 v0x5882428a9040_0;
    %assign/vec4 v0x5882428a8f40_0, 0;
T_22.1 ;
    %jmp T_22;
    .thread T_22;
    .scope S_0x5882428a7c40;
T_23 ;
    %wait E_0x5882428a8ea0;
    %load/vec4 v0x5882428a8f40_0;
    %dup/vec4;
    %pushi/vec4 0, 0, 5;
    %cmp/u;
    %jmp/1 T_23.0, 6;
    %dup/vec4;
    %pushi/vec4 1, 0, 5;
    %cmp/u;
    %jmp/1 T_23.1, 6;
    %dup/vec4;
    %pushi/vec4 2, 0, 5;
    %cmp/u;
    %jmp/1 T_23.2, 6;
    %dup/vec4;
    %pushi/vec4 3, 0, 5;
    %cmp/u;
    %jmp/1 T_23.3, 6;
    %dup/vec4;
    %pushi/vec4 4, 0, 5;
    %cmp/u;
    %jmp/1 T_23.4, 6;
    %dup/vec4;
    %pushi/vec4 5, 0, 5;
    %cmp/u;
    %jmp/1 T_23.5, 6;
    %dup/vec4;
    %pushi/vec4 6, 0, 5;
    %cmp/u;
    %jmp/1 T_23.6, 6;
    %dup/vec4;
    %pushi/vec4 7, 0, 5;
    %cmp/u;
    %jmp/1 T_23.7, 6;
    %dup/vec4;
    %pushi/vec4 8, 0, 5;
    %cmp/u;
    %jmp/1 T_23.8, 6;
    %dup/vec4;
    %pushi/vec4 9, 0, 5;
    %cmp/u;
    %jmp/1 T_23.9, 6;
    %dup/vec4;
    %pushi/vec4 13, 0, 5;
    %cmp/u;
    %jmp/1 T_23.10, 6;
    %dup/vec4;
    %pushi/vec4 10, 0, 5;
    %cmp/u;
    %jmp/1 T_23.11, 6;
    %dup/vec4;
    %pushi/vec4 14, 0, 5;
    %cmp/u;
    %jmp/1 T_23.12, 6;
    %dup/vec4;
    %pushi/vec4 11, 0, 5;
    %cmp/u;
    %jmp/1 T_23.13, 6;
    %dup/vec4;
    %pushi/vec4 12, 0, 5;
    %cmp/u;
    %jmp/1 T_23.14, 6;
    %dup/vec4;
    %pushi/vec4 15, 0, 5;
    %cmp/u;
    %jmp/1 T_23.15, 6;
    %dup/vec4;
    %pushi/vec4 16, 0, 5;
    %cmp/u;
    %jmp/1 T_23.16, 6;
    %dup/vec4;
    %pushi/vec4 17, 0, 5;
    %cmp/u;
    %jmp/1 T_23.17, 6;
    %pushi/vec4 18, 0, 5;
    %store/vec4 v0x5882428a9040_0, 0, 5;
    %jmp T_23.19;
T_23.0 ;
    %load/vec4 v0x5882428a9cd0_0;
    %flag_set/vec4 8;
    %jmp/0 T_23.20, 8;
    %pushi/vec4 1, 0, 5;
    %jmp/1 T_23.21, 8;
T_23.20 ; End of true expr.
    %pushi/vec4 0, 0, 5;
    %jmp/0 T_23.21, 8;
 ; End of false expr.
    %blend;
T_23.21;
    %store/vec4 v0x5882428a9040_0, 0, 5;
    %jmp T_23.19;
T_23.1 ;
    %pushi/vec4 2, 0, 5;
    %store/vec4 v0x5882428a9040_0, 0, 5;
    %jmp T_23.19;
T_23.2 ;
    %pushi/vec4 3, 0, 5;
    %store/vec4 v0x5882428a9040_0, 0, 5;
    %jmp T_23.19;
T_23.3 ;
    %load/vec4 v0x5882428aa380_0;
    %flag_set/vec4 8;
    %jmp/0 T_23.22, 8;
    %pushi/vec4 4, 0, 5;
    %jmp/1 T_23.23, 8;
T_23.22 ; End of true expr.
    %pushi/vec4 3, 0, 5;
    %jmp/0 T_23.23, 8;
 ; End of false expr.
    %blend;
T_23.23;
    %store/vec4 v0x5882428a9040_0, 0, 5;
    %jmp T_23.19;
T_23.4 ;
    %pushi/vec4 5, 0, 5;
    %store/vec4 v0x5882428a9040_0, 0, 5;
    %jmp T_23.19;
T_23.5 ;
    %load/vec4 v0x5882428a9b40_0;
    %flag_set/vec4 8;
    %jmp/0 T_23.24, 8;
    %pushi/vec4 16, 0, 5;
    %jmp/1 T_23.25, 8;
T_23.24 ; End of true expr.
    %pushi/vec4 6, 0, 5;
    %jmp/0 T_23.25, 8;
 ; End of false expr.
    %blend;
T_23.25;
    %store/vec4 v0x5882428a9040_0, 0, 5;
    %jmp T_23.19;
T_23.6 ;
    %pushi/vec4 2, 0, 5;
    %store/vec4 v0x5882428a9040_0, 0, 5;
    %jmp T_23.19;
T_23.7 ;
    %load/vec4 v0x5882428aa240_0;
    %flag_set/vec4 9;
    %flag_get/vec4 9;
    %jmp/0 T_23.28, 9;
    %load/vec4 v0x5882428aa2e0_0;
    %and;
T_23.28;
    %flag_set/vec4 8;
    %jmp/0xz  T_23.26, 8;
    %pushi/vec4 15, 0, 5;
    %store/vec4 v0x5882428a9040_0, 0, 5;
    %jmp T_23.27;
T_23.26 ;
    %load/vec4 v0x5882428a9d70_0;
    %flag_set/vec4 8;
    %jmp/0 T_23.29, 8;
    %pushi/vec4 8, 0, 5;
    %jmp/1 T_23.30, 8;
T_23.29 ; End of true expr.
    %pushi/vec4 7, 0, 5;
    %jmp/0 T_23.30, 8;
 ; End of false expr.
    %blend;
T_23.30;
    %store/vec4 v0x5882428a9040_0, 0, 5;
T_23.27 ;
    %jmp T_23.19;
T_23.8 ;
    %pushi/vec4 9, 0, 5;
    %store/vec4 v0x5882428a9040_0, 0, 5;
    %jmp T_23.19;
T_23.9 ;
    %load/vec4 v0x5882428a9be0_0;
    %nor/r;
    %flag_set/vec4 8;
    %jmp/0xz  T_23.31, 8;
    %pushi/vec4 12, 0, 5;
    %store/vec4 v0x5882428a9040_0, 0, 5;
    %jmp T_23.32;
T_23.31 ;
    %load/vec4 v0x5882428a98a0_0;
    %flag_set/vec4 8;
    %jmp/0xz  T_23.33, 8;
    %load/vec4 v0x5882428a9a50_0;
    %flag_set/vec4 8;
    %jmp/0 T_23.35, 8;
    %pushi/vec4 11, 0, 5;
    %jmp/1 T_23.36, 8;
T_23.35 ; End of true expr.
    %pushi/vec4 17, 0, 5;
    %jmp/0 T_23.36, 8;
 ; End of false expr.
    %blend;
T_23.36;
    %store/vec4 v0x5882428a9040_0, 0, 5;
    %jmp T_23.34;
T_23.33 ;
    %pushi/vec4 10, 0, 5;
    %store/vec4 v0x5882428a9040_0, 0, 5;
T_23.34 ;
T_23.32 ;
    %jmp T_23.19;
T_23.10 ;
    %load/vec4 v0x5882428a9d70_0;
    %flag_set/vec4 8;
    %jmp/0 T_23.37, 8;
    %pushi/vec4 14, 0, 5;
    %jmp/1 T_23.38, 8;
T_23.37 ; End of true expr.
    %pushi/vec4 13, 0, 5;
    %jmp/0 T_23.38, 8;
 ; End of false expr.
    %blend;
T_23.38;
    %store/vec4 v0x5882428a9040_0, 0, 5;
    %jmp T_23.19;
T_23.11 ;
    %pushi/vec4 7, 0, 5;
    %store/vec4 v0x5882428a9040_0, 0, 5;
    %jmp T_23.19;
T_23.12 ;
    %pushi/vec4 2, 0, 5;
    %store/vec4 v0x5882428a9040_0, 0, 5;
    %jmp T_23.19;
T_23.13 ;
    %load/vec4 v0x5882428a9cd0_0;
    %flag_set/vec4 8;
    %jmp/0 T_23.39, 8;
    %pushi/vec4 1, 0, 5;
    %jmp/1 T_23.40, 8;
T_23.39 ; End of true expr.
    %pushi/vec4 11, 0, 5;
    %jmp/0 T_23.40, 8;
 ; End of false expr.
    %blend;
T_23.40;
    %store/vec4 v0x5882428a9040_0, 0, 5;
    %jmp T_23.19;
T_23.14 ;
    %load/vec4 v0x5882428a9cd0_0;
    %flag_set/vec4 8;
    %jmp/0 T_23.41, 8;
    %pushi/vec4 1, 0, 5;
    %jmp/1 T_23.42, 8;
T_23.41 ; End of true expr.
    %pushi/vec4 12, 0, 5;
    %jmp/0 T_23.42, 8;
 ; End of false expr.
    %blend;
T_23.42;
    %store/vec4 v0x5882428a9040_0, 0, 5;
    %jmp T_23.19;
T_23.15 ;
    %load/vec4 v0x5882428a9cd0_0;
    %flag_set/vec4 8;
    %jmp/0 T_23.43, 8;
    %pushi/vec4 1, 0, 5;
    %jmp/1 T_23.44, 8;
T_23.43 ; End of true expr.
    %pushi/vec4 15, 0, 5;
    %jmp/0 T_23.44, 8;
 ; End of false expr.
    %blend;
T_23.44;
    %store/vec4 v0x5882428a9040_0, 0, 5;
    %jmp T_23.19;
T_23.16 ;
    %pushi/vec4 7, 0, 5;
    %store/vec4 v0x5882428a9040_0, 0, 5;
    %jmp T_23.19;
T_23.17 ;
    %pushi/vec4 13, 0, 5;
    %store/vec4 v0x5882428a9040_0, 0, 5;
    %jmp T_23.19;
T_23.19 ;
    %pop/vec4 1;
    %jmp T_23;
    .thread T_23, $push;
    .scope S_0x5882428a7c40;
T_24 ;
    %wait E_0x5882428a8e40;
    %load/vec4 v0x5882428a8f40_0;
    %cmpi/e 1, 0, 5;
    %jmp/1 T_24.1, 4;
    %flag_mov 8, 4;
    %load/vec4 v0x5882428a8f40_0;
    %cmpi/e 14, 0, 5;
    %flag_or 4, 8;
T_24.1;
    %flag_get/vec4 4;
    %jmp/1 T_24.0, 4;
    %load/vec4 v0x5882428a8f40_0;
    %pushi/vec4 16, 0, 5;
    %cmp/e;
    %flag_get/vec4 4;
    %or;
T_24.0;
    %store/vec4 v0x5882428aa560_0, 0, 1;
    %load/vec4 v0x5882428a8f40_0;
    %cmpi/e 10, 0, 5;
    %jmp/1 T_24.3, 4;
    %flag_mov 8, 4;
    %load/vec4 v0x5882428a8f40_0;
    %cmpi/e 6, 0, 5;
    %flag_or 4, 8;
T_24.3;
    %flag_get/vec4 4;
    %jmp/1 T_24.2, 4;
    %load/vec4 v0x5882428a8f40_0;
    %pushi/vec4 17, 0, 5;
    %cmp/e;
    %flag_get/vec4 4;
    %or;
T_24.2;
    %store/vec4 v0x5882428a93d0_0, 0, 1;
    %load/vec4 v0x5882428a8f40_0;
    %pushi/vec4 1, 0, 5;
    %cmp/e;
    %flag_get/vec4 4;
    %store/vec4 v0x5882428aa600_0, 0, 1;
    %load/vec4 v0x5882428a8f40_0;
    %pushi/vec4 14, 0, 5;
    %cmp/e;
    %flag_get/vec4 4;
    %store/vec4 v0x5882428a94c0_0, 0, 1;
    %load/vec4 v0x5882428a8f40_0;
    %cmpi/e 1, 0, 5;
    %flag_get/vec4 4;
    %jmp/1 T_24.4, 4;
    %load/vec4 v0x5882428a8f40_0;
    %pushi/vec4 14, 0, 5;
    %cmp/e;
    %flag_get/vec4 4;
    %or;
T_24.4;
    %store/vec4 v0x5882428aa470_0, 0, 1;
    %load/vec4 v0x5882428a8f40_0;
    %pushi/vec4 8, 0, 5;
    %cmp/e;
    %flag_get/vec4 4;
    %store/vec4 v0x5882428aa0b0_0, 0, 1;
    %load/vec4 v0x5882428a8f40_0;
    %pushi/vec4 0, 0, 5;
    %cmp/e;
    %flag_get/vec4 4;
    %store/vec4 v0x5882428aa6a0_0, 0, 1;
    %load/vec4 v0x5882428a8f40_0;
    %pushi/vec4 1, 0, 5;
    %cmp/e;
    %flag_get/vec4 4;
    %store/vec4 v0x5882428aa010_0, 0, 1;
    %load/vec4 v0x5882428a8f40_0;
    %cmpi/e 1, 0, 5;
    %jmp/1 T_24.7, 4;
    %flag_mov 8, 4;
    %load/vec4 v0x5882428a8f40_0;
    %cmpi/e 10, 0, 5;
    %flag_or 4, 8;
T_24.7;
    %jmp/1 T_24.6, 4;
    %flag_mov 8, 4;
    %load/vec4 v0x5882428a8f40_0;
    %cmpi/e 14, 0, 5;
    %flag_or 4, 8;
T_24.6;
    %flag_get/vec4 4;
    %jmp/1 T_24.5, 4;
    %load/vec4 v0x5882428a8f40_0;
    %pushi/vec4 0, 0, 5;
    %cmp/e;
    %flag_get/vec4 4;
    %or;
T_24.5;
    %store/vec4 v0x5882428aa830_0, 0, 1;
    %load/vec4 v0x5882428a8f40_0;
    %cmpi/e 7, 0, 5;
    %flag_get/vec4 4;
    %jmp/1 T_24.8, 4;
    %load/vec4 v0x5882428a8f40_0;
    %pushi/vec4 13, 0, 5;
    %cmp/e;
    %flag_get/vec4 4;
    %or;
T_24.8;
    %store/vec4 v0x5882428a97b0_0, 0, 1;
    %load/vec4 v0x5882428a8f40_0;
    %pushi/vec4 11, 0, 5;
    %cmp/e;
    %flag_get/vec4 4;
    %store/vec4 v0x5882428a9120_0, 0, 1;
    %load/vec4 v0x5882428a8f40_0;
    %cmpi/e 12, 0, 5;
    %flag_get/vec4 4;
    %jmp/1 T_24.9, 4;
    %load/vec4 v0x5882428a8f40_0;
    %pushi/vec4 15, 0, 5;
    %cmp/e;
    %flag_get/vec4 4;
    %or;
T_24.9;
    %store/vec4 v0x5882428a9990_0, 0, 1;
    %load/vec4 v0x5882428a8f40_0;
    %cmpi/e 15, 0, 5;
    %jmp/1 T_24.11, 4;
    %flag_mov 8, 4;
    %load/vec4 v0x5882428a8f40_0;
    %cmpi/e 11, 0, 5;
    %flag_or 4, 8;
T_24.11;
    %flag_get/vec4 4;
    %jmp/1 T_24.10, 4;
    %load/vec4 v0x5882428a8f40_0;
    %pushi/vec4 12, 0, 5;
    %cmp/e;
    %flag_get/vec4 4;
    %or;
T_24.10;
    %store/vec4 v0x5882428a9e60_0, 0, 1;
    %load/vec4 v0x5882428a8f40_0;
    %pushi/vec4 13, 0, 5;
    %cmp/e;
    %flag_get/vec4 4;
    %store/vec4 v0x5882428a9f20_0, 0, 1;
    %load/vec4 v0x5882428a8f40_0;
    %cmpi/e 2, 0, 5;
    %flag_get/vec4 4;
    %jmp/1 T_24.12, 4;
    %load/vec4 v0x5882428a8f40_0;
    %pushi/vec4 4, 0, 5;
    %cmp/e;
    %flag_get/vec4 4;
    %or;
T_24.12;
    %store/vec4 v0x5882428aa740_0, 0, 1;
    %load/vec4 v0x5882428a8f40_0;
    %cmpi/e 3, 0, 5;
    %flag_get/vec4 4;
    %jmp/1 T_24.13, 4;
    %load/vec4 v0x5882428a8f40_0;
    %pushi/vec4 5, 0, 5;
    %cmp/e;
    %flag_get/vec4 4;
    %or;
T_24.13;
    %store/vec4 v0x5882428a9710_0, 0, 1;
    %load/vec4 v0x5882428a8f40_0;
    %pushi/vec4 3, 0, 5;
    %cmp/e;
    %flag_get/vec4 4;
    %store/vec4 v0x5882428a9290_0, 0, 1;
    %load/vec4 v0x5882428a8f40_0;
    %store/vec4 v0x5882428a95b0_0, 0, 5;
    %load/vec4 v0x5882428a8f40_0;
    %pushi/vec4 15, 0, 5;
    %cmp/e;
    %flag_get/vec4 4;
    %store/vec4 v0x5882428a9670_0, 0, 1;
    %jmp T_24;
    .thread T_24, $push;
    .scope S_0x58824286bec0;
T_25 ;
    %wait E_0x58824288bd80;
    %load/vec4 v0x58824284ee20_0;
    %dup/vec4;
    %pushi/vec4 0, 0, 5;
    %cmp/u;
    %jmp/1 T_25.0, 6;
    %dup/vec4;
    %pushi/vec4 1, 0, 5;
    %cmp/u;
    %jmp/1 T_25.1, 6;
    %dup/vec4;
    %pushi/vec4 2, 0, 5;
    %cmp/u;
    %jmp/1 T_25.2, 6;
    %dup/vec4;
    %pushi/vec4 3, 0, 5;
    %cmp/u;
    %jmp/1 T_25.3, 6;
    %dup/vec4;
    %pushi/vec4 4, 0, 5;
    %cmp/u;
    %jmp/1 T_25.4, 6;
    %dup/vec4;
    %pushi/vec4 5, 0, 5;
    %cmp/u;
    %jmp/1 T_25.5, 6;
    %dup/vec4;
    %pushi/vec4 6, 0, 5;
    %cmp/u;
    %jmp/1 T_25.6, 6;
    %dup/vec4;
    %pushi/vec4 7, 0, 5;
    %cmp/u;
    %jmp/1 T_25.7, 6;
    %dup/vec4;
    %pushi/vec4 8, 0, 5;
    %cmp/u;
    %jmp/1 T_25.8, 6;
    %dup/vec4;
    %pushi/vec4 9, 0, 5;
    %cmp/u;
    %jmp/1 T_25.9, 6;
    %dup/vec4;
    %pushi/vec4 10, 0, 5;
    %cmp/u;
    %jmp/1 T_25.10, 6;
    %dup/vec4;
    %pushi/vec4 11, 0, 5;
    %cmp/u;
    %jmp/1 T_25.11, 6;
    %dup/vec4;
    %pushi/vec4 12, 0, 5;
    %cmp/u;
    %jmp/1 T_25.12, 6;
    %dup/vec4;
    %pushi/vec4 13, 0, 5;
    %cmp/u;
    %jmp/1 T_25.13, 6;
    %dup/vec4;
    %pushi/vec4 14, 0, 5;
    %cmp/u;
    %jmp/1 T_25.14, 6;
    %dup/vec4;
    %pushi/vec4 15, 0, 5;
    %cmp/u;
    %jmp/1 T_25.15, 6;
    %dup/vec4;
    %pushi/vec4 16, 0, 5;
    %cmp/u;
    %jmp/1 T_25.16, 6;
    %dup/vec4;
    %pushi/vec4 17, 0, 5;
    %cmp/u;
    %jmp/1 T_25.17, 6;
    %dup/vec4;
    %pushi/vec4 18, 0, 5;
    %cmp/u;
    %jmp/1 T_25.18, 6;
    %dup/vec4;
    %pushi/vec4 19, 0, 5;
    %cmp/u;
    %jmp/1 T_25.19, 6;
    %dup/vec4;
    %pushi/vec4 20, 0, 5;
    %cmp/u;
    %jmp/1 T_25.20, 6;
    %dup/vec4;
    %pushi/vec4 21, 0, 5;
    %cmp/u;
    %jmp/1 T_25.21, 6;
    %pushi/vec4 127, 0, 7;
    %store/vec4 v0x588242852aa0_0, 0, 7;
    %jmp T_25.23;
T_25.0 ;
    %pushi/vec4 64, 0, 7;
    %store/vec4 v0x588242852aa0_0, 0, 7;
    %jmp T_25.23;
T_25.1 ;
    %pushi/vec4 121, 0, 7;
    %store/vec4 v0x588242852aa0_0, 0, 7;
    %jmp T_25.23;
T_25.2 ;
    %pushi/vec4 36, 0, 7;
    %store/vec4 v0x588242852aa0_0, 0, 7;
    %jmp T_25.23;
T_25.3 ;
    %pushi/vec4 48, 0, 7;
    %store/vec4 v0x588242852aa0_0, 0, 7;
    %jmp T_25.23;
T_25.4 ;
    %pushi/vec4 25, 0, 7;
    %store/vec4 v0x588242852aa0_0, 0, 7;
    %jmp T_25.23;
T_25.5 ;
    %pushi/vec4 18, 0, 7;
    %store/vec4 v0x588242852aa0_0, 0, 7;
    %jmp T_25.23;
T_25.6 ;
    %pushi/vec4 2, 0, 7;
    %store/vec4 v0x588242852aa0_0, 0, 7;
    %jmp T_25.23;
T_25.7 ;
    %pushi/vec4 120, 0, 7;
    %store/vec4 v0x588242852aa0_0, 0, 7;
    %jmp T_25.23;
T_25.8 ;
    %pushi/vec4 0, 0, 7;
    %store/vec4 v0x588242852aa0_0, 0, 7;
    %jmp T_25.23;
T_25.9 ;
    %pushi/vec4 16, 0, 7;
    %store/vec4 v0x588242852aa0_0, 0, 7;
    %jmp T_25.23;
T_25.10 ;
    %pushi/vec4 8, 0, 7;
    %store/vec4 v0x588242852aa0_0, 0, 7;
    %jmp T_25.23;
T_25.11 ;
    %pushi/vec4 3, 0, 7;
    %store/vec4 v0x588242852aa0_0, 0, 7;
    %jmp T_25.23;
T_25.12 ;
    %pushi/vec4 70, 0, 7;
    %store/vec4 v0x588242852aa0_0, 0, 7;
    %jmp T_25.23;
T_25.13 ;
    %pushi/vec4 33, 0, 7;
    %store/vec4 v0x588242852aa0_0, 0, 7;
    %jmp T_25.23;
T_25.14 ;
    %pushi/vec4 6, 0, 7;
    %store/vec4 v0x588242852aa0_0, 0, 7;
    %jmp T_25.23;
T_25.15 ;
    %pushi/vec4 14, 0, 7;
    %store/vec4 v0x588242852aa0_0, 0, 7;
    %jmp T_25.23;
T_25.16 ;
    %pushi/vec4 126, 0, 7;
    %store/vec4 v0x588242852aa0_0, 0, 7;
    %jmp T_25.23;
T_25.17 ;
    %pushi/vec4 125, 0, 7;
    %store/vec4 v0x588242852aa0_0, 0, 7;
    %jmp T_25.23;
T_25.18 ;
    %pushi/vec4 123, 0, 7;
    %store/vec4 v0x588242852aa0_0, 0, 7;
    %jmp T_25.23;
T_25.19 ;
    %pushi/vec4 119, 0, 7;
    %store/vec4 v0x588242852aa0_0, 0, 7;
    %jmp T_25.23;
T_25.20 ;
    %pushi/vec4 111, 0, 7;
    %store/vec4 v0x588242852aa0_0, 0, 7;
    %jmp T_25.23;
T_25.21 ;
    %pushi/vec4 95, 0, 7;
    %store/vec4 v0x588242852aa0_0, 0, 7;
    %jmp T_25.23;
T_25.23 ;
    %pop/vec4 1;
    %jmp T_25;
    .thread T_25, $push;
    .scope S_0x58824286c240;
T_26 ;
    %wait E_0x5882428988b0;
    %load/vec4 v0x588242898990_0;
    %dup/vec4;
    %pushi/vec4 0, 0, 5;
    %cmp/u;
    %jmp/1 T_26.0, 6;
    %dup/vec4;
    %pushi/vec4 1, 0, 5;
    %cmp/u;
    %jmp/1 T_26.1, 6;
    %dup/vec4;
    %pushi/vec4 2, 0, 5;
    %cmp/u;
    %jmp/1 T_26.2, 6;
    %dup/vec4;
    %pushi/vec4 3, 0, 5;
    %cmp/u;
    %jmp/1 T_26.3, 6;
    %dup/vec4;
    %pushi/vec4 4, 0, 5;
    %cmp/u;
    %jmp/1 T_26.4, 6;
    %dup/vec4;
    %pushi/vec4 5, 0, 5;
    %cmp/u;
    %jmp/1 T_26.5, 6;
    %dup/vec4;
    %pushi/vec4 6, 0, 5;
    %cmp/u;
    %jmp/1 T_26.6, 6;
    %dup/vec4;
    %pushi/vec4 7, 0, 5;
    %cmp/u;
    %jmp/1 T_26.7, 6;
    %dup/vec4;
    %pushi/vec4 8, 0, 5;
    %cmp/u;
    %jmp/1 T_26.8, 6;
    %dup/vec4;
    %pushi/vec4 9, 0, 5;
    %cmp/u;
    %jmp/1 T_26.9, 6;
    %dup/vec4;
    %pushi/vec4 10, 0, 5;
    %cmp/u;
    %jmp/1 T_26.10, 6;
    %dup/vec4;
    %pushi/vec4 11, 0, 5;
    %cmp/u;
    %jmp/1 T_26.11, 6;
    %dup/vec4;
    %pushi/vec4 12, 0, 5;
    %cmp/u;
    %jmp/1 T_26.12, 6;
    %dup/vec4;
    %pushi/vec4 13, 0, 5;
    %cmp/u;
    %jmp/1 T_26.13, 6;
    %dup/vec4;
    %pushi/vec4 14, 0, 5;
    %cmp/u;
    %jmp/1 T_26.14, 6;
    %dup/vec4;
    %pushi/vec4 15, 0, 5;
    %cmp/u;
    %jmp/1 T_26.15, 6;
    %dup/vec4;
    %pushi/vec4 16, 0, 5;
    %cmp/u;
    %jmp/1 T_26.16, 6;
    %dup/vec4;
    %pushi/vec4 17, 0, 5;
    %cmp/u;
    %jmp/1 T_26.17, 6;
    %dup/vec4;
    %pushi/vec4 18, 0, 5;
    %cmp/u;
    %jmp/1 T_26.18, 6;
    %dup/vec4;
    %pushi/vec4 19, 0, 5;
    %cmp/u;
    %jmp/1 T_26.19, 6;
    %dup/vec4;
    %pushi/vec4 20, 0, 5;
    %cmp/u;
    %jmp/1 T_26.20, 6;
    %dup/vec4;
    %pushi/vec4 21, 0, 5;
    %cmp/u;
    %jmp/1 T_26.21, 6;
    %pushi/vec4 127, 0, 7;
    %store/vec4 v0x58824284c3b0_0, 0, 7;
    %jmp T_26.23;
T_26.0 ;
    %pushi/vec4 64, 0, 7;
    %store/vec4 v0x58824284c3b0_0, 0, 7;
    %jmp T_26.23;
T_26.1 ;
    %pushi/vec4 121, 0, 7;
    %store/vec4 v0x58824284c3b0_0, 0, 7;
    %jmp T_26.23;
T_26.2 ;
    %pushi/vec4 36, 0, 7;
    %store/vec4 v0x58824284c3b0_0, 0, 7;
    %jmp T_26.23;
T_26.3 ;
    %pushi/vec4 48, 0, 7;
    %store/vec4 v0x58824284c3b0_0, 0, 7;
    %jmp T_26.23;
T_26.4 ;
    %pushi/vec4 25, 0, 7;
    %store/vec4 v0x58824284c3b0_0, 0, 7;
    %jmp T_26.23;
T_26.5 ;
    %pushi/vec4 18, 0, 7;
    %store/vec4 v0x58824284c3b0_0, 0, 7;
    %jmp T_26.23;
T_26.6 ;
    %pushi/vec4 2, 0, 7;
    %store/vec4 v0x58824284c3b0_0, 0, 7;
    %jmp T_26.23;
T_26.7 ;
    %pushi/vec4 120, 0, 7;
    %store/vec4 v0x58824284c3b0_0, 0, 7;
    %jmp T_26.23;
T_26.8 ;
    %pushi/vec4 0, 0, 7;
    %store/vec4 v0x58824284c3b0_0, 0, 7;
    %jmp T_26.23;
T_26.9 ;
    %pushi/vec4 16, 0, 7;
    %store/vec4 v0x58824284c3b0_0, 0, 7;
    %jmp T_26.23;
T_26.10 ;
    %pushi/vec4 8, 0, 7;
    %store/vec4 v0x58824284c3b0_0, 0, 7;
    %jmp T_26.23;
T_26.11 ;
    %pushi/vec4 3, 0, 7;
    %store/vec4 v0x58824284c3b0_0, 0, 7;
    %jmp T_26.23;
T_26.12 ;
    %pushi/vec4 70, 0, 7;
    %store/vec4 v0x58824284c3b0_0, 0, 7;
    %jmp T_26.23;
T_26.13 ;
    %pushi/vec4 33, 0, 7;
    %store/vec4 v0x58824284c3b0_0, 0, 7;
    %jmp T_26.23;
T_26.14 ;
    %pushi/vec4 6, 0, 7;
    %store/vec4 v0x58824284c3b0_0, 0, 7;
    %jmp T_26.23;
T_26.15 ;
    %pushi/vec4 14, 0, 7;
    %store/vec4 v0x58824284c3b0_0, 0, 7;
    %jmp T_26.23;
T_26.16 ;
    %pushi/vec4 126, 0, 7;
    %store/vec4 v0x58824284c3b0_0, 0, 7;
    %jmp T_26.23;
T_26.17 ;
    %pushi/vec4 125, 0, 7;
    %store/vec4 v0x58824284c3b0_0, 0, 7;
    %jmp T_26.23;
T_26.18 ;
    %pushi/vec4 123, 0, 7;
    %store/vec4 v0x58824284c3b0_0, 0, 7;
    %jmp T_26.23;
T_26.19 ;
    %pushi/vec4 119, 0, 7;
    %store/vec4 v0x58824284c3b0_0, 0, 7;
    %jmp T_26.23;
T_26.20 ;
    %pushi/vec4 111, 0, 7;
    %store/vec4 v0x58824284c3b0_0, 0, 7;
    %jmp T_26.23;
T_26.21 ;
    %pushi/vec4 95, 0, 7;
    %store/vec4 v0x58824284c3b0_0, 0, 7;
    %jmp T_26.23;
T_26.23 ;
    %pop/vec4 1;
    %jmp T_26;
    .thread T_26, $push;
    .scope S_0x58824286c5c0;
T_27 ;
    %wait E_0x588242898b60;
    %load/vec4 v0x588242898cc0_0;
    %dup/vec4;
    %pushi/vec4 0, 0, 5;
    %cmp/u;
    %jmp/1 T_27.0, 6;
    %dup/vec4;
    %pushi/vec4 1, 0, 5;
    %cmp/u;
    %jmp/1 T_27.1, 6;
    %dup/vec4;
    %pushi/vec4 2, 0, 5;
    %cmp/u;
    %jmp/1 T_27.2, 6;
    %dup/vec4;
    %pushi/vec4 3, 0, 5;
    %cmp/u;
    %jmp/1 T_27.3, 6;
    %dup/vec4;
    %pushi/vec4 4, 0, 5;
    %cmp/u;
    %jmp/1 T_27.4, 6;
    %dup/vec4;
    %pushi/vec4 5, 0, 5;
    %cmp/u;
    %jmp/1 T_27.5, 6;
    %dup/vec4;
    %pushi/vec4 6, 0, 5;
    %cmp/u;
    %jmp/1 T_27.6, 6;
    %dup/vec4;
    %pushi/vec4 7, 0, 5;
    %cmp/u;
    %jmp/1 T_27.7, 6;
    %dup/vec4;
    %pushi/vec4 8, 0, 5;
    %cmp/u;
    %jmp/1 T_27.8, 6;
    %dup/vec4;
    %pushi/vec4 9, 0, 5;
    %cmp/u;
    %jmp/1 T_27.9, 6;
    %dup/vec4;
    %pushi/vec4 10, 0, 5;
    %cmp/u;
    %jmp/1 T_27.10, 6;
    %dup/vec4;
    %pushi/vec4 11, 0, 5;
    %cmp/u;
    %jmp/1 T_27.11, 6;
    %dup/vec4;
    %pushi/vec4 12, 0, 5;
    %cmp/u;
    %jmp/1 T_27.12, 6;
    %dup/vec4;
    %pushi/vec4 13, 0, 5;
    %cmp/u;
    %jmp/1 T_27.13, 6;
    %dup/vec4;
    %pushi/vec4 14, 0, 5;
    %cmp/u;
    %jmp/1 T_27.14, 6;
    %dup/vec4;
    %pushi/vec4 15, 0, 5;
    %cmp/u;
    %jmp/1 T_27.15, 6;
    %dup/vec4;
    %pushi/vec4 16, 0, 5;
    %cmp/u;
    %jmp/1 T_27.16, 6;
    %dup/vec4;
    %pushi/vec4 17, 0, 5;
    %cmp/u;
    %jmp/1 T_27.17, 6;
    %dup/vec4;
    %pushi/vec4 18, 0, 5;
    %cmp/u;
    %jmp/1 T_27.18, 6;
    %dup/vec4;
    %pushi/vec4 19, 0, 5;
    %cmp/u;
    %jmp/1 T_27.19, 6;
    %dup/vec4;
    %pushi/vec4 20, 0, 5;
    %cmp/u;
    %jmp/1 T_27.20, 6;
    %dup/vec4;
    %pushi/vec4 21, 0, 5;
    %cmp/u;
    %jmp/1 T_27.21, 6;
    %pushi/vec4 127, 0, 7;
    %store/vec4 v0x588242898bc0_0, 0, 7;
    %jmp T_27.23;
T_27.0 ;
    %pushi/vec4 64, 0, 7;
    %store/vec4 v0x588242898bc0_0, 0, 7;
    %jmp T_27.23;
T_27.1 ;
    %pushi/vec4 121, 0, 7;
    %store/vec4 v0x588242898bc0_0, 0, 7;
    %jmp T_27.23;
T_27.2 ;
    %pushi/vec4 36, 0, 7;
    %store/vec4 v0x588242898bc0_0, 0, 7;
    %jmp T_27.23;
T_27.3 ;
    %pushi/vec4 48, 0, 7;
    %store/vec4 v0x588242898bc0_0, 0, 7;
    %jmp T_27.23;
T_27.4 ;
    %pushi/vec4 25, 0, 7;
    %store/vec4 v0x588242898bc0_0, 0, 7;
    %jmp T_27.23;
T_27.5 ;
    %pushi/vec4 18, 0, 7;
    %store/vec4 v0x588242898bc0_0, 0, 7;
    %jmp T_27.23;
T_27.6 ;
    %pushi/vec4 2, 0, 7;
    %store/vec4 v0x588242898bc0_0, 0, 7;
    %jmp T_27.23;
T_27.7 ;
    %pushi/vec4 120, 0, 7;
    %store/vec4 v0x588242898bc0_0, 0, 7;
    %jmp T_27.23;
T_27.8 ;
    %pushi/vec4 0, 0, 7;
    %store/vec4 v0x588242898bc0_0, 0, 7;
    %jmp T_27.23;
T_27.9 ;
    %pushi/vec4 16, 0, 7;
    %store/vec4 v0x588242898bc0_0, 0, 7;
    %jmp T_27.23;
T_27.10 ;
    %pushi/vec4 8, 0, 7;
    %store/vec4 v0x588242898bc0_0, 0, 7;
    %jmp T_27.23;
T_27.11 ;
    %pushi/vec4 3, 0, 7;
    %store/vec4 v0x588242898bc0_0, 0, 7;
    %jmp T_27.23;
T_27.12 ;
    %pushi/vec4 70, 0, 7;
    %store/vec4 v0x588242898bc0_0, 0, 7;
    %jmp T_27.23;
T_27.13 ;
    %pushi/vec4 33, 0, 7;
    %store/vec4 v0x588242898bc0_0, 0, 7;
    %jmp T_27.23;
T_27.14 ;
    %pushi/vec4 6, 0, 7;
    %store/vec4 v0x588242898bc0_0, 0, 7;
    %jmp T_27.23;
T_27.15 ;
    %pushi/vec4 14, 0, 7;
    %store/vec4 v0x588242898bc0_0, 0, 7;
    %jmp T_27.23;
T_27.16 ;
    %pushi/vec4 126, 0, 7;
    %store/vec4 v0x588242898bc0_0, 0, 7;
    %jmp T_27.23;
T_27.17 ;
    %pushi/vec4 125, 0, 7;
    %store/vec4 v0x588242898bc0_0, 0, 7;
    %jmp T_27.23;
T_27.18 ;
    %pushi/vec4 123, 0, 7;
    %store/vec4 v0x588242898bc0_0, 0, 7;
    %jmp T_27.23;
T_27.19 ;
    %pushi/vec4 119, 0, 7;
    %store/vec4 v0x588242898bc0_0, 0, 7;
    %jmp T_27.23;
T_27.20 ;
    %pushi/vec4 111, 0, 7;
    %store/vec4 v0x588242898bc0_0, 0, 7;
    %jmp T_27.23;
T_27.21 ;
    %pushi/vec4 95, 0, 7;
    %store/vec4 v0x588242898bc0_0, 0, 7;
    %jmp T_27.23;
T_27.23 ;
    %pop/vec4 1;
    %jmp T_27;
    .thread T_27, $push;
    .scope S_0x58824286c940;
T_28 ;
    %wait E_0x588242898e90;
    %load/vec4 v0x588242899010_0;
    %dup/vec4;
    %pushi/vec4 0, 0, 5;
    %cmp/u;
    %jmp/1 T_28.0, 6;
    %dup/vec4;
    %pushi/vec4 1, 0, 5;
    %cmp/u;
    %jmp/1 T_28.1, 6;
    %dup/vec4;
    %pushi/vec4 2, 0, 5;
    %cmp/u;
    %jmp/1 T_28.2, 6;
    %dup/vec4;
    %pushi/vec4 3, 0, 5;
    %cmp/u;
    %jmp/1 T_28.3, 6;
    %dup/vec4;
    %pushi/vec4 4, 0, 5;
    %cmp/u;
    %jmp/1 T_28.4, 6;
    %dup/vec4;
    %pushi/vec4 5, 0, 5;
    %cmp/u;
    %jmp/1 T_28.5, 6;
    %dup/vec4;
    %pushi/vec4 6, 0, 5;
    %cmp/u;
    %jmp/1 T_28.6, 6;
    %dup/vec4;
    %pushi/vec4 7, 0, 5;
    %cmp/u;
    %jmp/1 T_28.7, 6;
    %dup/vec4;
    %pushi/vec4 8, 0, 5;
    %cmp/u;
    %jmp/1 T_28.8, 6;
    %dup/vec4;
    %pushi/vec4 9, 0, 5;
    %cmp/u;
    %jmp/1 T_28.9, 6;
    %dup/vec4;
    %pushi/vec4 10, 0, 5;
    %cmp/u;
    %jmp/1 T_28.10, 6;
    %dup/vec4;
    %pushi/vec4 11, 0, 5;
    %cmp/u;
    %jmp/1 T_28.11, 6;
    %dup/vec4;
    %pushi/vec4 12, 0, 5;
    %cmp/u;
    %jmp/1 T_28.12, 6;
    %dup/vec4;
    %pushi/vec4 13, 0, 5;
    %cmp/u;
    %jmp/1 T_28.13, 6;
    %dup/vec4;
    %pushi/vec4 14, 0, 5;
    %cmp/u;
    %jmp/1 T_28.14, 6;
    %dup/vec4;
    %pushi/vec4 15, 0, 5;
    %cmp/u;
    %jmp/1 T_28.15, 6;
    %dup/vec4;
    %pushi/vec4 16, 0, 5;
    %cmp/u;
    %jmp/1 T_28.16, 6;
    %dup/vec4;
    %pushi/vec4 17, 0, 5;
    %cmp/u;
    %jmp/1 T_28.17, 6;
    %dup/vec4;
    %pushi/vec4 18, 0, 5;
    %cmp/u;
    %jmp/1 T_28.18, 6;
    %dup/vec4;
    %pushi/vec4 19, 0, 5;
    %cmp/u;
    %jmp/1 T_28.19, 6;
    %dup/vec4;
    %pushi/vec4 20, 0, 5;
    %cmp/u;
    %jmp/1 T_28.20, 6;
    %dup/vec4;
    %pushi/vec4 21, 0, 5;
    %cmp/u;
    %jmp/1 T_28.21, 6;
    %pushi/vec4 127, 0, 7;
    %store/vec4 v0x588242898f10_0, 0, 7;
    %jmp T_28.23;
T_28.0 ;
    %pushi/vec4 64, 0, 7;
    %store/vec4 v0x588242898f10_0, 0, 7;
    %jmp T_28.23;
T_28.1 ;
    %pushi/vec4 121, 0, 7;
    %store/vec4 v0x588242898f10_0, 0, 7;
    %jmp T_28.23;
T_28.2 ;
    %pushi/vec4 36, 0, 7;
    %store/vec4 v0x588242898f10_0, 0, 7;
    %jmp T_28.23;
T_28.3 ;
    %pushi/vec4 48, 0, 7;
    %store/vec4 v0x588242898f10_0, 0, 7;
    %jmp T_28.23;
T_28.4 ;
    %pushi/vec4 25, 0, 7;
    %store/vec4 v0x588242898f10_0, 0, 7;
    %jmp T_28.23;
T_28.5 ;
    %pushi/vec4 18, 0, 7;
    %store/vec4 v0x588242898f10_0, 0, 7;
    %jmp T_28.23;
T_28.6 ;
    %pushi/vec4 2, 0, 7;
    %store/vec4 v0x588242898f10_0, 0, 7;
    %jmp T_28.23;
T_28.7 ;
    %pushi/vec4 120, 0, 7;
    %store/vec4 v0x588242898f10_0, 0, 7;
    %jmp T_28.23;
T_28.8 ;
    %pushi/vec4 0, 0, 7;
    %store/vec4 v0x588242898f10_0, 0, 7;
    %jmp T_28.23;
T_28.9 ;
    %pushi/vec4 16, 0, 7;
    %store/vec4 v0x588242898f10_0, 0, 7;
    %jmp T_28.23;
T_28.10 ;
    %pushi/vec4 8, 0, 7;
    %store/vec4 v0x588242898f10_0, 0, 7;
    %jmp T_28.23;
T_28.11 ;
    %pushi/vec4 3, 0, 7;
    %store/vec4 v0x588242898f10_0, 0, 7;
    %jmp T_28.23;
T_28.12 ;
    %pushi/vec4 70, 0, 7;
    %store/vec4 v0x588242898f10_0, 0, 7;
    %jmp T_28.23;
T_28.13 ;
    %pushi/vec4 33, 0, 7;
    %store/vec4 v0x588242898f10_0, 0, 7;
    %jmp T_28.23;
T_28.14 ;
    %pushi/vec4 6, 0, 7;
    %store/vec4 v0x588242898f10_0, 0, 7;
    %jmp T_28.23;
T_28.15 ;
    %pushi/vec4 14, 0, 7;
    %store/vec4 v0x588242898f10_0, 0, 7;
    %jmp T_28.23;
T_28.16 ;
    %pushi/vec4 126, 0, 7;
    %store/vec4 v0x588242898f10_0, 0, 7;
    %jmp T_28.23;
T_28.17 ;
    %pushi/vec4 125, 0, 7;
    %store/vec4 v0x588242898f10_0, 0, 7;
    %jmp T_28.23;
T_28.18 ;
    %pushi/vec4 123, 0, 7;
    %store/vec4 v0x588242898f10_0, 0, 7;
    %jmp T_28.23;
T_28.19 ;
    %pushi/vec4 119, 0, 7;
    %store/vec4 v0x588242898f10_0, 0, 7;
    %jmp T_28.23;
T_28.20 ;
    %pushi/vec4 111, 0, 7;
    %store/vec4 v0x588242898f10_0, 0, 7;
    %jmp T_28.23;
T_28.21 ;
    %pushi/vec4 95, 0, 7;
    %store/vec4 v0x588242898f10_0, 0, 7;
    %jmp T_28.23;
T_28.23 ;
    %pop/vec4 1;
    %jmp T_28;
    .thread T_28, $push;
    .scope S_0x588242882410;
T_29 ;
    %wait E_0x588242899230;
    %load/vec4 v0x5882428993b0_0;
    %dup/vec4;
    %pushi/vec4 0, 0, 5;
    %cmp/u;
    %jmp/1 T_29.0, 6;
    %dup/vec4;
    %pushi/vec4 1, 0, 5;
    %cmp/u;
    %jmp/1 T_29.1, 6;
    %dup/vec4;
    %pushi/vec4 2, 0, 5;
    %cmp/u;
    %jmp/1 T_29.2, 6;
    %dup/vec4;
    %pushi/vec4 3, 0, 5;
    %cmp/u;
    %jmp/1 T_29.3, 6;
    %dup/vec4;
    %pushi/vec4 4, 0, 5;
    %cmp/u;
    %jmp/1 T_29.4, 6;
    %dup/vec4;
    %pushi/vec4 5, 0, 5;
    %cmp/u;
    %jmp/1 T_29.5, 6;
    %dup/vec4;
    %pushi/vec4 6, 0, 5;
    %cmp/u;
    %jmp/1 T_29.6, 6;
    %dup/vec4;
    %pushi/vec4 7, 0, 5;
    %cmp/u;
    %jmp/1 T_29.7, 6;
    %dup/vec4;
    %pushi/vec4 8, 0, 5;
    %cmp/u;
    %jmp/1 T_29.8, 6;
    %dup/vec4;
    %pushi/vec4 9, 0, 5;
    %cmp/u;
    %jmp/1 T_29.9, 6;
    %dup/vec4;
    %pushi/vec4 10, 0, 5;
    %cmp/u;
    %jmp/1 T_29.10, 6;
    %dup/vec4;
    %pushi/vec4 11, 0, 5;
    %cmp/u;
    %jmp/1 T_29.11, 6;
    %dup/vec4;
    %pushi/vec4 12, 0, 5;
    %cmp/u;
    %jmp/1 T_29.12, 6;
    %dup/vec4;
    %pushi/vec4 13, 0, 5;
    %cmp/u;
    %jmp/1 T_29.13, 6;
    %dup/vec4;
    %pushi/vec4 14, 0, 5;
    %cmp/u;
    %jmp/1 T_29.14, 6;
    %dup/vec4;
    %pushi/vec4 15, 0, 5;
    %cmp/u;
    %jmp/1 T_29.15, 6;
    %dup/vec4;
    %pushi/vec4 16, 0, 5;
    %cmp/u;
    %jmp/1 T_29.16, 6;
    %dup/vec4;
    %pushi/vec4 17, 0, 5;
    %cmp/u;
    %jmp/1 T_29.17, 6;
    %dup/vec4;
    %pushi/vec4 18, 0, 5;
    %cmp/u;
    %jmp/1 T_29.18, 6;
    %dup/vec4;
    %pushi/vec4 19, 0, 5;
    %cmp/u;
    %jmp/1 T_29.19, 6;
    %dup/vec4;
    %pushi/vec4 20, 0, 5;
    %cmp/u;
    %jmp/1 T_29.20, 6;
    %dup/vec4;
    %pushi/vec4 21, 0, 5;
    %cmp/u;
    %jmp/1 T_29.21, 6;
    %pushi/vec4 127, 0, 7;
    %store/vec4 v0x5882428992b0_0, 0, 7;
    %jmp T_29.23;
T_29.0 ;
    %pushi/vec4 64, 0, 7;
    %store/vec4 v0x5882428992b0_0, 0, 7;
    %jmp T_29.23;
T_29.1 ;
    %pushi/vec4 121, 0, 7;
    %store/vec4 v0x5882428992b0_0, 0, 7;
    %jmp T_29.23;
T_29.2 ;
    %pushi/vec4 36, 0, 7;
    %store/vec4 v0x5882428992b0_0, 0, 7;
    %jmp T_29.23;
T_29.3 ;
    %pushi/vec4 48, 0, 7;
    %store/vec4 v0x5882428992b0_0, 0, 7;
    %jmp T_29.23;
T_29.4 ;
    %pushi/vec4 25, 0, 7;
    %store/vec4 v0x5882428992b0_0, 0, 7;
    %jmp T_29.23;
T_29.5 ;
    %pushi/vec4 18, 0, 7;
    %store/vec4 v0x5882428992b0_0, 0, 7;
    %jmp T_29.23;
T_29.6 ;
    %pushi/vec4 2, 0, 7;
    %store/vec4 v0x5882428992b0_0, 0, 7;
    %jmp T_29.23;
T_29.7 ;
    %pushi/vec4 120, 0, 7;
    %store/vec4 v0x5882428992b0_0, 0, 7;
    %jmp T_29.23;
T_29.8 ;
    %pushi/vec4 0, 0, 7;
    %store/vec4 v0x5882428992b0_0, 0, 7;
    %jmp T_29.23;
T_29.9 ;
    %pushi/vec4 16, 0, 7;
    %store/vec4 v0x5882428992b0_0, 0, 7;
    %jmp T_29.23;
T_29.10 ;
    %pushi/vec4 8, 0, 7;
    %store/vec4 v0x5882428992b0_0, 0, 7;
    %jmp T_29.23;
T_29.11 ;
    %pushi/vec4 3, 0, 7;
    %store/vec4 v0x5882428992b0_0, 0, 7;
    %jmp T_29.23;
T_29.12 ;
    %pushi/vec4 70, 0, 7;
    %store/vec4 v0x5882428992b0_0, 0, 7;
    %jmp T_29.23;
T_29.13 ;
    %pushi/vec4 33, 0, 7;
    %store/vec4 v0x5882428992b0_0, 0, 7;
    %jmp T_29.23;
T_29.14 ;
    %pushi/vec4 6, 0, 7;
    %store/vec4 v0x5882428992b0_0, 0, 7;
    %jmp T_29.23;
T_29.15 ;
    %pushi/vec4 14, 0, 7;
    %store/vec4 v0x5882428992b0_0, 0, 7;
    %jmp T_29.23;
T_29.16 ;
    %pushi/vec4 126, 0, 7;
    %store/vec4 v0x5882428992b0_0, 0, 7;
    %jmp T_29.23;
T_29.17 ;
    %pushi/vec4 125, 0, 7;
    %store/vec4 v0x5882428992b0_0, 0, 7;
    %jmp T_29.23;
T_29.18 ;
    %pushi/vec4 123, 0, 7;
    %store/vec4 v0x5882428992b0_0, 0, 7;
    %jmp T_29.23;
T_29.19 ;
    %pushi/vec4 119, 0, 7;
    %store/vec4 v0x5882428992b0_0, 0, 7;
    %jmp T_29.23;
T_29.20 ;
    %pushi/vec4 111, 0, 7;
    %store/vec4 v0x5882428992b0_0, 0, 7;
    %jmp T_29.23;
T_29.21 ;
    %pushi/vec4 95, 0, 7;
    %store/vec4 v0x5882428992b0_0, 0, 7;
    %jmp T_29.23;
T_29.23 ;
    %pop/vec4 1;
    %jmp T_29;
    .thread T_29, $push;
    .scope S_0x588242882b10;
T_30 ;
    %delay 500, 0;
    %load/vec4 v0x5882428aeb60_0;
    %inv;
    %store/vec4 v0x5882428aeb60_0, 0, 1;
    %jmp T_30;
    .thread T_30;
    .scope S_0x588242882b10;
T_31 ;
    %pushi/vec4 1, 0, 4;
    %ix/load 4, 0, 0;
    %flag_set/imm 4, 0;
    %store/vec4a v0x5882428afe20, 4, 0;
    %pushi/vec4 2, 0, 4;
    %ix/load 4, 1, 0;
    %flag_set/imm 4, 0;
    %store/vec4a v0x5882428afe20, 4, 0;
    %pushi/vec4 4, 0, 4;
    %ix/load 4, 2, 0;
    %flag_set/imm 4, 0;
    %store/vec4a v0x5882428afe20, 4, 0;
    %pushi/vec4 8, 0, 4;
    %ix/load 4, 3, 0;
    %flag_set/imm 4, 0;
    %store/vec4a v0x5882428afe20, 4, 0;
    %pushi/vec4 1, 0, 4;
    %ix/load 4, 4, 0;
    %flag_set/imm 4, 0;
    %store/vec4a v0x5882428afe20, 4, 0;
    %pushi/vec4 2, 0, 4;
    %ix/load 4, 5, 0;
    %flag_set/imm 4, 0;
    %store/vec4a v0x5882428afe20, 4, 0;
    %pushi/vec4 4, 0, 4;
    %ix/load 4, 6, 0;
    %flag_set/imm 4, 0;
    %store/vec4a v0x5882428afe20, 4, 0;
    %pushi/vec4 8, 0, 4;
    %ix/load 4, 7, 0;
    %flag_set/imm 4, 0;
    %store/vec4a v0x5882428afe20, 4, 0;
    %pushi/vec4 1, 0, 4;
    %ix/load 4, 8, 0;
    %flag_set/imm 4, 0;
    %store/vec4a v0x5882428afe20, 4, 0;
    %pushi/vec4 2, 0, 4;
    %ix/load 4, 9, 0;
    %flag_set/imm 4, 0;
    %store/vec4a v0x5882428afe20, 4, 0;
    %pushi/vec4 4, 0, 4;
    %ix/load 4, 10, 0;
    %flag_set/imm 4, 0;
    %store/vec4a v0x5882428afe20, 4, 0;
    %pushi/vec4 8, 0, 4;
    %ix/load 4, 11, 0;
    %flag_set/imm 4, 0;
    %store/vec4a v0x5882428afe20, 4, 0;
    %pushi/vec4 1, 0, 4;
    %ix/load 4, 12, 0;
    %flag_set/imm 4, 0;
    %store/vec4a v0x5882428afe20, 4, 0;
    %pushi/vec4 2, 0, 4;
    %ix/load 4, 13, 0;
    %flag_set/imm 4, 0;
    %store/vec4a v0x5882428afe20, 4, 0;
    %pushi/vec4 4, 0, 4;
    %ix/load 4, 14, 0;
    %flag_set/imm 4, 0;
    %store/vec4a v0x5882428afe20, 4, 0;
    %pushi/vec4 8, 0, 4;
    %ix/load 4, 15, 0;
    %flag_set/imm 4, 0;
    %store/vec4a v0x5882428afe20, 4, 0;
    %pushi/vec4 0, 0, 1;
    %store/vec4 v0x5882428aeb60_0, 0, 1;
    %pushi/vec4 0, 0, 1;
    %store/vec4 v0x5882428afd80_0, 0, 1;
    %pushi/vec4 0, 0, 1;
    %store/vec4 v0x5882428af880_0, 0, 1;
    %pushi/vec4 0, 0, 4;
    %store/vec4 v0x5882428ae9f0_0, 0, 4;
    %pushi/vec4 0, 0, 2;
    %store/vec4 v0x5882428aec20_0, 0, 2;
    %delay 10, 0;
    %pushi/vec4 1, 0, 1;
    %store/vec4 v0x5882428afd80_0, 0, 1;
    %delay 40, 0;
    %pushi/vec4 0, 0, 1;
    %store/vec4 v0x5882428afd80_0, 0, 1;
    %delay 40, 0;
    %vpi_call 3 128 "$display", ">>> JOGO 1: Modo 01 (Demo, No Timeout) - Vitoria" {0 0 0};
    %pushi/vec4 1, 0, 2;
    %store/vec4 v0x5882428aec20_0, 0, 2;
    %pushi/vec4 1, 0, 1;
    %store/vec4 v0x5882428af880_0, 0, 1;
    %delay 1000, 0;
    %pushi/vec4 0, 0, 1;
    %store/vec4 v0x5882428af880_0, 0, 1;
    %pushi/vec4 0, 0, 32;
    %store/vec4 v0x5882428af970_0, 0, 32;
T_31.0 ;
    %load/vec4 v0x5882428af970_0;
    %cmpi/s 4, 0, 32;
    %jmp/0xz T_31.1, 5;
    %load/vec4 v0x5882428af970_0;
    %store/vec4 v0x5882428ae2b0_0, 0, 32;
    %load/vec4 v0x5882428af970_0;
    %pushi/vec4 3, 0, 32;
    %cmp/e;
    %flag_get/vec4 4;
    %pad/u 32;
    %store/vec4 v0x5882428ae0d0_0, 0, 32;
    %fork TD_tb_cenario_i.play_round, S_0x5882428adec0;
    %join;
    %load/vec4 v0x5882428af970_0;
    %addi 1, 0, 32;
    %store/vec4 v0x5882428af970_0, 0, 32;
    %jmp T_31.0;
T_31.1 ;
T_31.2 ;
    %load/vec4 v0x5882428af7e0_0;
    %cmpi/ne 1, 0, 1;
    %jmp/0xz T_31.3, 6;
    %wait E_0x5882427fea80;
    %jmp T_31.2;
T_31.3 ;
    %vpi_call 3 138 "$display", ">>> Jogo 1 finalizado (Vitoria)." {0 0 0};
    %delay 2000, 0;
    %vpi_call 3 142 "$display", ">>> Reset entre jogos..." {0 0 0};
    %pushi/vec4 1, 0, 1;
    %store/vec4 v0x5882428afd80_0, 0, 1;
    %delay 40, 0;
    %pushi/vec4 0, 0, 1;
    %store/vec4 v0x5882428afd80_0, 0, 1;
    %delay 40, 0;
    %vpi_call 3 146 "$display", ">>> JOGO 2: Modo 11 (Demo, Timeout) - Derrota por erro de jogada" {0 0 0};
    %pushi/vec4 3, 0, 2;
    %store/vec4 v0x5882428aec20_0, 0, 2;
    %pushi/vec4 1, 0, 1;
    %store/vec4 v0x5882428af880_0, 0, 1;
    %delay 1000, 0;
    %pushi/vec4 0, 0, 1;
    %store/vec4 v0x5882428af880_0, 0, 1;
    %pushi/vec4 0, 0, 32;
    %store/vec4 v0x5882428ae2b0_0, 0, 32;
    %pushi/vec4 0, 0, 32;
    %store/vec4 v0x5882428ae0d0_0, 0, 32;
    %fork TD_tb_cenario_i.play_round, S_0x5882428adec0;
    %join;
    %vpi_call 3 156 "$display", "[%0t] --- Rodada 2 (Erro) ---", $time {0 0 0};
    %pushi/vec4 2, 0, 32;
    %store/vec4 v0x5882428ae910_0, 0, 32;
    %fork TD_tb_cenario_i.wait_leds, S_0x5882428ae630;
    %join;
    %pushi/vec4 15, 0, 4;
    %store/vec4 v0x5882428ae550_0, 0, 4;
    %fork TD_tb_cenario_i.press_button, S_0x5882428ae370;
    %join;
T_31.4 ;
    %load/vec4 v0x5882428afba0_0;
    %cmpi/ne 1, 0, 1;
    %jmp/0xz T_31.5, 6;
    %wait E_0x5882427fec20;
    %jmp T_31.4;
T_31.5 ;
    %vpi_call 3 161 "$display", ">>> Jogo 2 finalizado (Derrota detectada)." {0 0 0};
    %vpi_call 3 163 "$stop" {0 0 0};
    %end;
    .thread T_31;
# The file index is used to find the file name in the following table.
:file_names 17;
    "N/A";
    "<interactive>";
    "mux2x1.v";
    "tb_cenario_i.v";
    "jogo_desafio_memoria.v";
    "hexa7seg.v";
    "fluxo_dados.v";
    "comparador_85.v";
    "contador_163.v";
    "contador_m.v";
    "cores_rgb.v";
    "edge_detector.v";
    "sync_ram_16x4_file.v";
    "mux2x1_n.v";
    "registrador_1.v";
    "registrador_4.v";
    "unidade_controle.v";
