#! /usr/bin/vvp
:ivl_version "12.0 (stable)";
:ivl_delay_selection "TYPICAL";
:vpi_time_precision - 5;
:vpi_module "/usr/lib/x86_64-linux-gnu/ivl/system.vpi";
:vpi_module "/usr/lib/x86_64-linux-gnu/ivl/vhdl_sys.vpi";
:vpi_module "/usr/lib/x86_64-linux-gnu/ivl/vhdl_textio.vpi";
:vpi_module "/usr/lib/x86_64-linux-gnu/ivl/v2005_math.vpi";
:vpi_module "/usr/lib/x86_64-linux-gnu/ivl/va_math.vpi";
S_0x5ff418cd3300 .scope module, "mux2x1" "mux2x1" 2 18;
 .timescale 0 0;
    .port_info 0 /INPUT 1 "D0";
    .port_info 1 /INPUT 1 "D1";
    .port_info 2 /INPUT 1 "SEL";
    .port_info 3 /OUTPUT 1 "OUT";
o0x77dd6e089018 .functor BUFZ 1, C4<z>; HiZ drive
v0x5ff418d6ff60_0 .net "D0", 0 0, o0x77dd6e089018;  0 drivers
o0x77dd6e089048 .functor BUFZ 1, C4<z>; HiZ drive
v0x5ff418d67fc0_0 .net "D1", 0 0, o0x77dd6e089048;  0 drivers
v0x5ff418d65550_0 .var "OUT", 0 0;
o0x77dd6e0890a8 .functor BUFZ 1, C4<z>; HiZ drive
v0x5ff418d61930_0 .net "SEL", 0 0, o0x77dd6e0890a8;  0 drivers
E_0x5ff418d17160 .event anyedge, v0x5ff418d61930_0, v0x5ff418d6ff60_0, v0x5ff418d67fc0_0;
S_0x5ff418d8ef60 .scope module, "tb_cenario_ii" "tb_cenario_ii" 3 3;
 .timescale -3 -5;
v0x5ff418db6480_0 .var "botoes", 3 0;
v0x5ff418db65f0_0 .var "clock", 0 0;
v0x5ff418db66b0_0 .var "configuracao", 1 0;
v0x5ff418db6750_0 .net "db_clock", 0 0, L_0x5ff418dbd230;  1 drivers
v0x5ff418db67f0_0 .net "db_configuracao", 0 0, L_0x5ff418dbc1a0;  1 drivers
v0x5ff418db6930_0 .net "db_contagem", 6 0, L_0x5ff418dbcad0;  1 drivers
v0x5ff418db69d0_0 .net "db_enderecoIgualLimite", 0 0, L_0x5ff418dbd060;  1 drivers
v0x5ff418db6a70_0 .net "db_escrita", 0 0, L_0x5ff418dbc280;  1 drivers
v0x5ff418db6b60_0 .net "db_estado", 6 0, L_0x5ff418dbcf10;  1 drivers
v0x5ff418db6c90_0 .net "db_igual", 0 0, L_0x5ff418dbd120;  1 drivers
v0x5ff418db6d30_0 .net "db_iniciar", 0 0, L_0x5ff418dbca10;  1 drivers
v0x5ff418db6e00_0 .net "db_jogadafeita", 6 0, L_0x5ff418dbccf0;  1 drivers
v0x5ff418db6ed0_0 .net "db_limite_rodada", 6 0, L_0x5ff418dbce00;  1 drivers
v0x5ff418db6fa0_0 .net "db_memoria", 6 0, L_0x5ff418dbcbe0;  1 drivers
v0x5ff418db7070_0 .net "db_modo", 0 0, L_0x5ff418dbd2f0;  1 drivers
v0x5ff418db7140_0 .net "db_timeout", 0 0, L_0x5ff418dbd410;  1 drivers
v0x5ff418db7210_0 .net "ganhou", 0 0, v0x5ff418db1370_0;  1 drivers
v0x5ff418db72b0_0 .var "jogar", 0 0;
v0x5ff418db73a0_0 .net "leds", 3 0, L_0x5ff418dbbbc0;  1 drivers
v0x5ff418db7490_0 .net "leds_rgb", 2 0, v0x5ff418dab6c0_0;  1 drivers
v0x5ff418db7530_0 .net "perdeu", 0 0, v0x5ff418db1be0_0;  1 drivers
v0x5ff418db7620_0 .net "pronto", 0 0, v0x5ff418db20b0_0;  1 drivers
v0x5ff418db7710_0 .var "reset", 0 0;
v0x5ff418db77b0_0 .net "timeout", 0 0, v0x5ff418db18c0_0;  1 drivers
v0x5ff418db78a0_0 .var/i "wait_counter", 31 0;
S_0x5ff418d77f60 .scope module, "dut" "jogo_desafio_memoria" 3 16, 4 18 0, S_0x5ff418d8ef60;
 .timescale 0 0;
    .port_info 0 /INPUT 1 "clock";
    .port_info 1 /INPUT 1 "reset";
    .port_info 2 /INPUT 1 "jogar";
    .port_info 3 /INPUT 2 "configuracao";
    .port_info 4 /INPUT 4 "botoes";
    .port_info 5 /OUTPUT 3 "leds_rgb";
    .port_info 6 /OUTPUT 1 "ganhou";
    .port_info 7 /OUTPUT 1 "perdeu";
    .port_info 8 /OUTPUT 1 "pronto";
    .port_info 9 /OUTPUT 1 "timeout";
    .port_info 10 /OUTPUT 4 "leds";
    .port_info 11 /OUTPUT 1 "db_igual";
    .port_info 12 /OUTPUT 7 "db_contagem";
    .port_info 13 /OUTPUT 7 "db_memoria";
    .port_info 14 /OUTPUT 7 "db_estado";
    .port_info 15 /OUTPUT 7 "db_jogadafeita";
    .port_info 16 /OUTPUT 1 "db_clock";
    .port_info 17 /OUTPUT 1 "db_iniciar";
    .port_info 18 /OUTPUT 1 "db_enderecoIgualLimite";
    .port_info 19 /OUTPUT 1 "db_timeout";
    .port_info 20 /OUTPUT 1 "db_modo";
    .port_info 21 /OUTPUT 1 "db_configuracao";
    .port_info 22 /OUTPUT 1 "db_escrita";
    .port_info 23 /OUTPUT 7 "db_limite_rodada";
L_0x5ff418dbca10 .functor BUFZ 1, v0x5ff418db72b0_0, C4<0>, C4<0>, C4<0>;
L_0x5ff418dbcad0 .functor BUFZ 7, v0x5ff418d5eec0_0, C4<0000000>, C4<0000000>, C4<0000000>;
L_0x5ff418dbcbe0 .functor BUFZ 7, v0x5ff418d587d0_0, C4<0000000>, C4<0000000>, C4<0000000>;
L_0x5ff418dbccf0 .functor BUFZ 7, v0x5ff418da0e10_0, C4<0000000>, C4<0000000>, C4<0000000>;
L_0x5ff418dbce00 .functor BUFZ 7, v0x5ff418da1160_0, C4<0000000>, C4<0000000>, C4<0000000>;
L_0x5ff418dbcf10 .functor BUFZ 7, v0x5ff418da1500_0, C4<0000000>, C4<0000000>, C4<0000000>;
L_0x5ff418dbd060 .functor BUFZ 1, L_0x5ff418db8e80, C4<0>, C4<0>, C4<0>;
L_0x5ff418dbd120 .functor BUFZ 1, L_0x5ff418dbb210, C4<0>, C4<0>, C4<0>;
L_0x5ff418dbd230 .functor BUFZ 1, v0x5ff418db65f0_0, C4<0>, C4<0>, C4<0>;
L_0x5ff418dbd2f0 .functor BUFZ 1, L_0x5ff418dbc130, C4<0>, C4<0>, C4<0>;
L_0x5ff418dbd410 .functor BUFZ 1, v0x5ff418db18c0_0, C4<0>, C4<0>, C4<0>;
L_0x77dd6e040918 .functor BUFT 1, C4<0>, C4<0>, C4<0>, C4<0>;
v0x5ff418db2ed0_0 .net/2u *"_ivl_0", 0 0, L_0x77dd6e040918;  1 drivers
L_0x77dd6e0409f0 .functor BUFT 1, C4<0>, C4<0>, C4<0>, C4<0>;
v0x5ff418db2fd0_0 .net/2u *"_ivl_12", 0 0, L_0x77dd6e0409f0;  1 drivers
L_0x77dd6e040960 .functor BUFT 1, C4<0>, C4<0>, C4<0>, C4<0>;
v0x5ff418db30b0_0 .net/2u *"_ivl_4", 0 0, L_0x77dd6e040960;  1 drivers
L_0x77dd6e0409a8 .functor BUFT 1, C4<0>, C4<0>, C4<0>, C4<0>;
v0x5ff418db3170_0 .net/2u *"_ivl_8", 0 0, L_0x77dd6e0409a8;  1 drivers
v0x5ff418db3250_0 .net "botoes", 3 0, v0x5ff418db6480_0;  1 drivers
v0x5ff418db3360_0 .net "clock", 0 0, v0x5ff418db65f0_0;  1 drivers
v0x5ff418db3400_0 .net "conf_leds", 0 0, v0x5ff418db14e0_0;  1 drivers
v0x5ff418db34a0_0 .net "configuracao", 1 0, v0x5ff418db66b0_0;  1 drivers
v0x5ff418db3560_0 .net "conta_endereco", 0 0, v0x5ff418db1620_0;  1 drivers
v0x5ff418db3600_0 .net "conta_limite", 0 0, v0x5ff418db1710_0;  1 drivers
v0x5ff418db36a0_0 .net "db_clock", 0 0, L_0x5ff418dbd230;  alias, 1 drivers
v0x5ff418db3740_0 .net "db_configuracao", 0 0, L_0x5ff418dbc1a0;  alias, 1 drivers
v0x5ff418db37e0_0 .net "db_contagem", 6 0, L_0x5ff418dbcad0;  alias, 1 drivers
v0x5ff418db38a0_0 .net "db_enderecoIgualLimite", 0 0, L_0x5ff418dbd060;  alias, 1 drivers
v0x5ff418db3960_0 .net "db_escrita", 0 0, L_0x5ff418dbc280;  alias, 1 drivers
v0x5ff418db3a00_0 .net "db_estado", 6 0, L_0x5ff418dbcf10;  alias, 1 drivers
v0x5ff418db3ac0_0 .net "db_igual", 0 0, L_0x5ff418dbd120;  alias, 1 drivers
v0x5ff418db3c90_0 .net "db_iniciar", 0 0, L_0x5ff418dbca10;  alias, 1 drivers
v0x5ff418db3d50_0 .net "db_jogadafeita", 6 0, L_0x5ff418dbccf0;  alias, 1 drivers
v0x5ff418db3e30_0 .net "db_limite_rodada", 6 0, L_0x5ff418dbce00;  alias, 1 drivers
v0x5ff418db3f10_0 .net "db_memoria", 6 0, L_0x5ff418dbcbe0;  alias, 1 drivers
v0x5ff418db3ff0_0 .net "db_modo", 0 0, L_0x5ff418dbd2f0;  alias, 1 drivers
v0x5ff418db40b0_0 .net "db_timeout", 0 0, L_0x5ff418dbd410;  alias, 1 drivers
v0x5ff418db4170_0 .net "enable_led", 0 0, v0x5ff418db1960_0;  1 drivers
v0x5ff418db4210_0 .net "enable_timeout", 0 0, v0x5ff418db1a00_0;  1 drivers
v0x5ff418db42b0_0 .net "enderecoIgualLimite", 0 0, L_0x5ff418db8e80;  1 drivers
v0x5ff418db4350_0 .net "fim_jogo", 0 0, L_0x5ff418dba030;  1 drivers
v0x5ff418db43f0_0 .net "fim_sequencia", 0 0, L_0x5ff418dbc380;  1 drivers
v0x5ff418db4490_0 .net "ganhou", 0 0, v0x5ff418db1370_0;  alias, 1 drivers
v0x5ff418db4530_0 .net "hexa0", 6 0, v0x5ff418d5eec0_0;  1 drivers
v0x5ff418db45d0_0 .net "hexa1", 6 0, v0x5ff418d587d0_0;  1 drivers
v0x5ff418db4670_0 .net "hexa2", 6 0, v0x5ff418da0e10_0;  1 drivers
v0x5ff418db4710_0 .net "hexa3", 6 0, v0x5ff418da1160_0;  1 drivers
v0x5ff418db49c0_0 .net "hexa5", 6 0, v0x5ff418da1500_0;  1 drivers
v0x5ff418db4a60_0 .net "igual", 0 0, L_0x5ff418dbb210;  1 drivers
v0x5ff418db4b00_0 .net "jogada_feita", 0 0, L_0x5ff418dbb460;  1 drivers
v0x5ff418db4ba0_0 .net "jogar", 0 0, v0x5ff418db72b0_0;  1 drivers
v0x5ff418db4c40_0 .net "leds", 3 0, L_0x5ff418dbbbc0;  alias, 1 drivers
v0x5ff418db4ce0_0 .net "leds_rgb", 2 0, v0x5ff418dab6c0_0;  alias, 1 drivers
v0x5ff418db4dd0_0 .net "perdeu", 0 0, v0x5ff418db1be0_0;  alias, 1 drivers
v0x5ff418db4e70_0 .net "pronto", 0 0, v0x5ff418db20b0_0;  alias, 1 drivers
v0x5ff418db4f10_0 .net "registraR", 0 0, v0x5ff418db2300_0;  1 drivers
v0x5ff418db4fb0_0 .net "registra_jogada", 0 0, v0x5ff418db2170_0;  1 drivers
v0x5ff418db5050_0 .net "registra_modo", 0 0, v0x5ff418db2260_0;  1 drivers
v0x5ff418db50f0_0 .net "reset", 0 0, v0x5ff418db7710_0;  1 drivers
v0x5ff418db5190_0 .net "s_contagem", 3 0, L_0x5ff418dbbd80;  1 drivers
v0x5ff418db5230_0 .net "s_estado", 4 0, v0x5ff418db1800_0;  1 drivers
v0x5ff418db52d0_0 .net "s_jogada", 3 0, L_0x5ff418dbbe40;  1 drivers
v0x5ff418db5370_0 .net "s_limite", 3 0, L_0x5ff418dbc010;  1 drivers
v0x5ff418db5440_0 .net "s_memoria", 3 0, L_0x5ff418dbbf50;  1 drivers
v0x5ff418db5510_0 .net "s_modo", 0 0, L_0x5ff418dbc130;  1 drivers
v0x5ff418db55e0_0 .net "s_pulso_timeout", 0 0, v0x5ff418da93a0_0;  1 drivers
v0x5ff418db5680_0 .net "s_timeout_habilitado", 0 0, L_0x5ff418dbc210;  1 drivers
v0x5ff418db5770_0 .net "tem_jogada", 0 0, L_0x5ff418d61580;  1 drivers
v0x5ff418db5810_0 .net "timeout", 0 0, v0x5ff418db18c0_0;  alias, 1 drivers
v0x5ff418db58e0_0 .net "timeout_led", 0 0, v0x5ff418da88e0_0;  1 drivers
v0x5ff418db5980_0 .net "zeraR", 0 0, v0x5ff418db26c0_0;  1 drivers
v0x5ff418db5a20_0 .net "zera_endereco", 0 0, v0x5ff418db27b0_0;  1 drivers
v0x5ff418db5b10_0 .net "zera_limite", 0 0, v0x5ff418db2850_0;  1 drivers
v0x5ff418db5c00_0 .net "zera_modo", 0 0, v0x5ff418db28f0_0;  1 drivers
v0x5ff418db5ca0_0 .net "zera_s_led", 0 0, v0x5ff418db2990_0;  1 drivers
v0x5ff418db5d40_0 .net "zera_s_timeout", 0 0, v0x5ff418db2a80_0;  1 drivers
L_0x5ff418dbc710 .concat [ 4 1 0 0], L_0x5ff418dbbd80, L_0x77dd6e040918;
L_0x5ff418dbc7b0 .concat [ 4 1 0 0], L_0x5ff418dbbf50, L_0x77dd6e040960;
L_0x5ff418dbc850 .concat [ 4 1 0 0], L_0x5ff418dbbe40, L_0x77dd6e0409a8;
L_0x5ff418dbc8f0 .concat [ 4 1 0 0], L_0x5ff418dbc010, L_0x77dd6e0409f0;
S_0x5ff418d782e0 .scope module, "HEX0" "hexa7seg" 4 139, 5 23 0, S_0x5ff418d77f60;
 .timescale 0 0;
    .port_info 0 /INPUT 5 "hexa";
    .port_info 1 /OUTPUT 7 "display";
v0x5ff418d5eec0_0 .var "display", 6 0;
v0x5ff418d5b240_0 .net "hexa", 4 0, L_0x5ff418dbc710;  1 drivers
E_0x5ff418d16fd0 .event anyedge, v0x5ff418d5b240_0;
S_0x5ff418d78660 .scope module, "HEX1" "hexa7seg" 4 140, 5 23 0, S_0x5ff418d77f60;
 .timescale 0 0;
    .port_info 0 /INPUT 5 "hexa";
    .port_info 1 /OUTPUT 7 "display";
v0x5ff418d587d0_0 .var "display", 6 0;
v0x5ff418da0c20_0 .net "hexa", 4 0, L_0x5ff418dbc7b0;  1 drivers
E_0x5ff418d17a80 .event anyedge, v0x5ff418da0c20_0;
S_0x5ff418d789e0 .scope module, "HEX2" "hexa7seg" 4 141, 5 23 0, S_0x5ff418d77f60;
 .timescale 0 0;
    .port_info 0 /INPUT 5 "hexa";
    .port_info 1 /OUTPUT 7 "display";
v0x5ff418da0e10_0 .var "display", 6 0;
v0x5ff418da0f10_0 .net "hexa", 4 0, L_0x5ff418dbc850;  1 drivers
E_0x5ff418da0db0 .event anyedge, v0x5ff418da0f10_0;
S_0x5ff418d78d60 .scope module, "HEX3" "hexa7seg" 4 142, 5 23 0, S_0x5ff418d77f60;
 .timescale 0 0;
    .port_info 0 /INPUT 5 "hexa";
    .port_info 1 /OUTPUT 7 "display";
v0x5ff418da1160_0 .var "display", 6 0;
v0x5ff418da1260_0 .net "hexa", 4 0, L_0x5ff418dbc8f0;  1 drivers
E_0x5ff418da10e0 .event anyedge, v0x5ff418da1260_0;
S_0x5ff418d8e860 .scope module, "HEX5" "hexa7seg" 4 143, 5 23 0, S_0x5ff418d77f60;
 .timescale 0 0;
    .port_info 0 /INPUT 5 "hexa";
    .port_info 1 /OUTPUT 7 "display";
v0x5ff418da1500_0 .var "display", 6 0;
v0x5ff418da1600_0 .net "hexa", 4 0, v0x5ff418db1800_0;  alias, 1 drivers
E_0x5ff418da1480 .event anyedge, v0x5ff418da1600_0;
S_0x5ff418d8ebe0 .scope module, "fluxo_dados" "fluxo_dados" 4 66, 6 8 0, S_0x5ff418d77f60;
 .timescale 0 0;
    .port_info 0 /INPUT 1 "clock";
    .port_info 1 /INPUT 1 "reset";
    .port_info 2 /INPUT 1 "zera_endereco";
    .port_info 3 /INPUT 1 "conta_endereco";
    .port_info 4 /INPUT 1 "zera_limite";
    .port_info 5 /INPUT 1 "conta_limite";
    .port_info 6 /INPUT 1 "zeraR";
    .port_info 7 /INPUT 1 "registrarR";
    .port_info 8 /INPUT 1 "zera_s_timeout";
    .port_info 9 /INPUT 1 "enable_timeout";
    .port_info 10 /INPUT 1 "registra_modo";
    .port_info 11 /INPUT 1 "zera_modo";
    .port_info 12 /INPUT 1 "conf_leds";
    .port_info 13 /INPUT 1 "registra_jogada";
    .port_info 14 /INPUT 1 "zera_s_led";
    .port_info 15 /INPUT 1 "enable_led";
    .port_info 16 /INPUT 4 "botoes";
    .port_info 17 /INPUT 2 "configuracao";
    .port_info 18 /OUTPUT 1 "igual";
    .port_info 19 /OUTPUT 1 "fim_jogo";
    .port_info 20 /OUTPUT 1 "enderecoIgualLimite";
    .port_info 21 /OUTPUT 1 "jogada_feita";
    .port_info 22 /OUTPUT 1 "timeout";
    .port_info 23 /OUTPUT 1 "timeout_led";
    .port_info 24 /OUTPUT 1 "fim_sequencia";
    .port_info 25 /OUTPUT 1 "timeout_habilitado";
    .port_info 26 /OUTPUT 3 "rgb";
    .port_info 27 /OUTPUT 4 "leds";
    .port_info 28 /OUTPUT 1 "db_tem_jogada";
    .port_info 29 /OUTPUT 1 "db_enable_timeout";
    .port_info 30 /OUTPUT 4 "db_contagem";
    .port_info 31 /OUTPUT 4 "db_memoria";
    .port_info 32 /OUTPUT 4 "db_limite";
    .port_info 33 /OUTPUT 4 "db_jogada";
    .port_info 34 /OUTPUT 1 "db_modo";
    .port_info 35 /OUTPUT 1 "db_configuracao";
    .port_info 36 /OUTPUT 1 "db_escrita";
L_0x5ff418d61580 .functor BUFZ 1, L_0x5ff418db7940, C4<0>, C4<0>, C4<0>;
L_0x5ff418d5eb10 .functor BUFZ 1, v0x5ff418db1a00_0, C4<0>, C4<0>, C4<0>;
L_0x77dd6e040018 .functor BUFT 1, C4<0>, C4<0>, C4<0>, C4<0>;
L_0x5ff418db7cc0 .functor XNOR 1, v0x5ff418dabc40_0, L_0x77dd6e040018, C4<0>, C4<0>;
L_0x5ff418dbb560 .functor NOT 1, v0x5ff418db27b0_0, C4<0>, C4<0>, C4<0>;
L_0x5ff418dbb6c0 .functor NOT 1, v0x5ff418db2850_0, C4<0>, C4<0>, C4<0>;
L_0x5ff418dbbbc0 .functor BUFZ 4, L_0x5ff418dbbb00, C4<0000>, C4<0000>, C4<0000>;
L_0x5ff418dbbd80 .functor BUFZ 4, v0x5ff418da7ba0_0, C4<0000>, C4<0000>, C4<0000>;
L_0x5ff418dbbe40 .functor BUFZ 4, v0x5ff418dacb90_0, C4<0000>, C4<0000>, C4<0000>;
L_0x5ff418dbbf50 .functor BUFZ 4, L_0x5ff418dbbb00, C4<0000>, C4<0000>, C4<0000>;
L_0x5ff418dbc010 .functor BUFZ 4, v0x5ff418da7010_0, C4<0000>, C4<0000>, C4<0000>;
L_0x5ff418dbc130 .functor BUFZ 1, v0x5ff418dabc40_0, C4<0>, C4<0>, C4<0>;
L_0x5ff418dbc1a0 .functor BUFZ 1, v0x5ff418dac3a0_0, C4<0>, C4<0>, C4<0>;
L_0x5ff418dbc280 .functor BUFZ 1, v0x5ff418db2170_0, C4<0>, C4<0>, C4<0>;
L_0x5ff418dbc380 .functor BUFZ 1, L_0x5ff418db8e80, C4<0>, C4<0>, C4<0>;
L_0x5ff418dbc210 .functor BUFZ 1, v0x5ff418dac3a0_0, C4<0>, C4<0>, C4<0>;
v0x5ff418dad150_0 .net/2u *"_ivl_10", 0 0, L_0x77dd6e040018;  1 drivers
v0x5ff418dad250_0 .net *"_ivl_12", 0 0, L_0x5ff418db7cc0;  1 drivers
L_0x77dd6e040060 .functor BUFT 1, C4<1111>, C4<0>, C4<0>, C4<0>;
v0x5ff418dad310_0 .net/2u *"_ivl_14", 3 0, L_0x77dd6e040060;  1 drivers
L_0x77dd6e0400a8 .functor BUFT 1, C4<0011>, C4<0>, C4<0>, C4<0>;
v0x5ff418dad3d0_0 .net/2u *"_ivl_16", 3 0, L_0x77dd6e0400a8;  1 drivers
v0x5ff418dad4b0_0 .net "botoes", 3 0, v0x5ff418db6480_0;  alias, 1 drivers
v0x5ff418dad610_0 .net "clock", 0 0, v0x5ff418db65f0_0;  alias, 1 drivers
v0x5ff418dad6b0_0 .net "conf_leds", 0 0, v0x5ff418db14e0_0;  alias, 1 drivers
v0x5ff418dad750_0 .net "configuracao", 1 0, v0x5ff418db66b0_0;  alias, 1 drivers
v0x5ff418dad810_0 .net "conta_endereco", 0 0, v0x5ff418db1620_0;  alias, 1 drivers
v0x5ff418dad8b0_0 .net "conta_limite", 0 0, v0x5ff418db1710_0;  alias, 1 drivers
v0x5ff418dad980_0 .net "db_configuracao", 0 0, L_0x5ff418dbc1a0;  alias, 1 drivers
v0x5ff418dada20_0 .net "db_contagem", 3 0, L_0x5ff418dbbd80;  alias, 1 drivers
v0x5ff418dadae0_0 .net "db_enable_timeout", 0 0, L_0x5ff418d5eb10;  1 drivers
v0x5ff418dadba0_0 .net "db_escrita", 0 0, L_0x5ff418dbc280;  alias, 1 drivers
v0x5ff418dadc60_0 .net "db_jogada", 3 0, L_0x5ff418dbbe40;  alias, 1 drivers
v0x5ff418dadd40_0 .net "db_limite", 3 0, L_0x5ff418dbc010;  alias, 1 drivers
v0x5ff418dade20_0 .net "db_memoria", 3 0, L_0x5ff418dbbf50;  alias, 1 drivers
v0x5ff418dae010_0 .net "db_modo", 0 0, L_0x5ff418dbc130;  alias, 1 drivers
v0x5ff418dae0d0_0 .net "db_tem_jogada", 0 0, L_0x5ff418d61580;  alias, 1 drivers
v0x5ff418dae190_0 .net "enable_led", 0 0, v0x5ff418db1960_0;  alias, 1 drivers
v0x5ff418dae260_0 .net "enable_timeout", 0 0, v0x5ff418db1a00_0;  alias, 1 drivers
v0x5ff418dae330_0 .net "enderecoIgualLimite", 0 0, L_0x5ff418db8e80;  alias, 1 drivers
v0x5ff418dae400_0 .net "fim_jogo", 0 0, L_0x5ff418dba030;  alias, 1 drivers
v0x5ff418dae4d0_0 .net "fim_sequencia", 0 0, L_0x5ff418dbc380;  alias, 1 drivers
v0x5ff418dae570_0 .net "igual", 0 0, L_0x5ff418dbb210;  alias, 1 drivers
v0x5ff418dae640_0 .net "jogada_feita", 0 0, L_0x5ff418dbb460;  alias, 1 drivers
v0x5ff418dae710_0 .net "leds", 3 0, L_0x5ff418dbbbc0;  alias, 1 drivers
v0x5ff418dae7b0_0 .net "registra_jogada", 0 0, v0x5ff418db2170_0;  alias, 1 drivers
v0x5ff418dae880_0 .net "registra_modo", 0 0, v0x5ff418db2260_0;  alias, 1 drivers
v0x5ff418dae920_0 .net "registrarR", 0 0, v0x5ff418db2300_0;  alias, 1 drivers
v0x5ff418dae9c0_0 .net "reset", 0 0, v0x5ff418db7710_0;  alias, 1 drivers
v0x5ff418daea60_0 .net "rgb", 2 0, v0x5ff418dab6c0_0;  alias, 1 drivers
v0x5ff418daeb30_0 .net "s_botoes", 3 0, v0x5ff418dacb90_0;  1 drivers
v0x5ff418daee30_0 .net "s_dado", 3 0, L_0x5ff418dbbb00;  1 drivers
v0x5ff418daeed0_0 .net "s_endereco", 3 0, v0x5ff418da7ba0_0;  1 drivers
v0x5ff418daef70_0 .net "s_jogo_limite", 3 0, L_0x5ff418db7d30;  1 drivers
v0x5ff418daf010_0 .net "s_limite", 3 0, v0x5ff418da7010_0;  1 drivers
v0x5ff418daf0b0_0 .net "s_modo", 0 0, v0x5ff418dabc40_0;  1 drivers
v0x5ff418daf180_0 .net "s_rgb", 2 0, v0x5ff418da9b40_0;  1 drivers
v0x5ff418daf270_0 .net "s_tem_jogada", 0 0, L_0x5ff418db7940;  1 drivers
v0x5ff418daf310_0 .net "s_timeout_habilitado", 0 0, v0x5ff418dac3a0_0;  1 drivers
v0x5ff418daf3e0_0 .net "timeout", 0 0, v0x5ff418da93a0_0;  alias, 1 drivers
v0x5ff418daf4b0_0 .net "timeout_habilitado", 0 0, L_0x5ff418dbc210;  alias, 1 drivers
v0x5ff418daf550_0 .net "timeout_led", 0 0, v0x5ff418da88e0_0;  alias, 1 drivers
v0x5ff418daf620_0 .net "zeraR", 0 0, v0x5ff418db26c0_0;  alias, 1 drivers
v0x5ff418daf6f0_0 .net "zera_endereco", 0 0, v0x5ff418db27b0_0;  alias, 1 drivers
v0x5ff418daf790_0 .net "zera_limite", 0 0, v0x5ff418db2850_0;  alias, 1 drivers
v0x5ff418daf830_0 .net "zera_modo", 0 0, v0x5ff418db28f0_0;  alias, 1 drivers
v0x5ff418daf920_0 .net "zera_s_led", 0 0, v0x5ff418db2990_0;  alias, 1 drivers
v0x5ff418daf9c0_0 .net "zera_s_timeout", 0 0, v0x5ff418db2a80_0;  alias, 1 drivers
L_0x5ff418db7940 .reduce/or v0x5ff418db6480_0;
L_0x5ff418db7aa0 .part v0x5ff418db66b0_0, 0, 1;
L_0x5ff418db7b90 .part v0x5ff418db66b0_0, 1, 1;
L_0x5ff418db7d30 .functor MUXZ 4, L_0x77dd6e0400a8, L_0x77dd6e040060, L_0x5ff418db7cc0, C4<>;
S_0x5ff418da1b10 .scope module, "compFimJogo" "comparador_85" 6 100, 7 16 0, S_0x5ff418d8ebe0;
 .timescale 0 0;
    .port_info 0 /INPUT 1 "ALBi";
    .port_info 1 /INPUT 1 "AGBi";
    .port_info 2 /INPUT 1 "AEBi";
    .port_info 3 /INPUT 4 "A";
    .port_info 4 /INPUT 4 "B";
    .port_info 5 /OUTPUT 1 "ALBo";
    .port_info 6 /OUTPUT 1 "AGBo";
    .port_info 7 /OUTPUT 1 "AEBo";
L_0x5ff418db9160 .functor NOT 5, L_0x5ff418db9040, C4<00000>, C4<00000>, C4<00000>;
L_0x5ff418db93e0 .functor NOT 1, L_0x5ff418db9610, C4<0>, C4<0>, C4<0>;
L_0x5ff418db9a60 .functor NOT 5, L_0x5ff418db99c0, C4<00000>, C4<00000>, C4<00000>;
L_0x5ff418db9bc0 .functor NOT 1, L_0x5ff418db9e10, C4<0>, C4<0>, C4<0>;
L_0x77dd6e040498 .functor BUFT 1, C4<1>, C4<0>, C4<0>, C4<0>;
L_0x5ff418dba030 .functor AND 1, L_0x5ff418db9f90, L_0x77dd6e040498, C4<1>, C4<1>;
v0x5ff418da1d40_0 .net "A", 3 0, v0x5ff418da7010_0;  alias, 1 drivers
v0x5ff418da1e40_0 .net "AEBi", 0 0, L_0x77dd6e040498;  1 drivers
v0x5ff418da1f00_0 .net "AEBo", 0 0, L_0x5ff418dba030;  alias, 1 drivers
L_0x77dd6e040450 .functor BUFT 1, C4<0>, C4<0>, C4<0>, C4<0>;
v0x5ff418da1fa0_0 .net "AGBi", 0 0, L_0x77dd6e040450;  1 drivers
v0x5ff418da2060_0 .net "AGBo", 0 0, L_0x5ff418db9bc0;  1 drivers
L_0x77dd6e040408 .functor BUFT 1, C4<0>, C4<0>, C4<0>, C4<0>;
v0x5ff418da2170_0 .net "ALBi", 0 0, L_0x77dd6e040408;  1 drivers
v0x5ff418da2230_0 .net "ALBo", 0 0, L_0x5ff418db93e0;  1 drivers
v0x5ff418da22f0_0 .net "B", 3 0, L_0x5ff418db7d30;  alias, 1 drivers
v0x5ff418da23d0_0 .net "CSG", 4 0, L_0x5ff418db9d20;  1 drivers
v0x5ff418da24b0_0 .net "CSL", 4 0, L_0x5ff418db94f0;  1 drivers
v0x5ff418da2590_0 .net *"_ivl_0", 4 0, L_0x5ff418db9040;  1 drivers
v0x5ff418da2670_0 .net *"_ivl_10", 4 0, L_0x5ff418db9340;  1 drivers
L_0x77dd6e040ac8 .functor BUFT 1, C4<00000>, C4<0>, C4<0>, C4<0>;
v0x5ff418da2750_0 .net *"_ivl_12", 4 0, L_0x77dd6e040ac8;  1 drivers
v0x5ff418da2830_0 .net *"_ivl_19", 0 0, L_0x5ff418db9610;  1 drivers
v0x5ff418da2910_0 .net *"_ivl_22", 4 0, L_0x5ff418db9750;  1 drivers
L_0x77dd6e040378 .functor BUFT 1, C4<0>, C4<0>, C4<0>, C4<0>;
v0x5ff418da29f0_0 .net *"_ivl_25", 0 0, L_0x77dd6e040378;  1 drivers
v0x5ff418da2ad0_0 .net *"_ivl_26", 4 0, L_0x5ff418db99c0;  1 drivers
L_0x77dd6e0403c0 .functor BUFT 1, C4<0>, C4<0>, C4<0>, C4<0>;
v0x5ff418da2bb0_0 .net *"_ivl_29", 0 0, L_0x77dd6e0403c0;  1 drivers
L_0x77dd6e0402e8 .functor BUFT 1, C4<0>, C4<0>, C4<0>, C4<0>;
v0x5ff418da2c90_0 .net *"_ivl_3", 0 0, L_0x77dd6e0402e8;  1 drivers
v0x5ff418da2d70_0 .net *"_ivl_30", 4 0, L_0x5ff418db9a60;  1 drivers
v0x5ff418da2e50_0 .net *"_ivl_32", 4 0, L_0x5ff418db9b20;  1 drivers
L_0x77dd6e040b10 .functor BUFT 1, C4<00000>, C4<0>, C4<0>, C4<0>;
v0x5ff418da2f30_0 .net *"_ivl_34", 4 0, L_0x77dd6e040b10;  1 drivers
v0x5ff418da3010_0 .net *"_ivl_4", 4 0, L_0x5ff418db9160;  1 drivers
v0x5ff418da30f0_0 .net *"_ivl_41", 0 0, L_0x5ff418db9e10;  1 drivers
v0x5ff418da31d0_0 .net *"_ivl_44", 0 0, L_0x5ff418db9f90;  1 drivers
v0x5ff418da3290_0 .net *"_ivl_6", 4 0, L_0x5ff418db9220;  1 drivers
L_0x77dd6e040330 .functor BUFT 1, C4<0>, C4<0>, C4<0>, C4<0>;
v0x5ff418da3370_0 .net *"_ivl_9", 0 0, L_0x77dd6e040330;  1 drivers
L_0x5ff418db9040 .concat [ 4 1 0 0], v0x5ff418da7010_0, L_0x77dd6e0402e8;
L_0x5ff418db9220 .concat [ 4 1 0 0], L_0x5ff418db7d30, L_0x77dd6e040330;
L_0x5ff418db9340 .arith/sum 5, L_0x5ff418db9160, L_0x5ff418db9220;
L_0x5ff418db94f0 .arith/sum 5, L_0x5ff418db9340, L_0x77dd6e040ac8;
L_0x5ff418db9610 .part L_0x5ff418db94f0, 4, 1;
L_0x5ff418db9750 .concat [ 4 1 0 0], v0x5ff418da7010_0, L_0x77dd6e040378;
L_0x5ff418db99c0 .concat [ 4 1 0 0], L_0x5ff418db7d30, L_0x77dd6e0403c0;
L_0x5ff418db9b20 .arith/sum 5, L_0x5ff418db9750, L_0x5ff418db9a60;
L_0x5ff418db9d20 .arith/sum 5, L_0x5ff418db9b20, L_0x77dd6e040b10;
L_0x5ff418db9e10 .part L_0x5ff418db9d20, 4, 1;
L_0x5ff418db9f90 .cmp/eq 4, v0x5ff418da7010_0, L_0x5ff418db7d30;
S_0x5ff418da3550 .scope module, "compFimRodada" "comparador_85" 6 93, 7 16 0, S_0x5ff418d8ebe0;
 .timescale 0 0;
    .port_info 0 /INPUT 1 "ALBi";
    .port_info 1 /INPUT 1 "AGBi";
    .port_info 2 /INPUT 1 "AEBi";
    .port_info 3 /INPUT 4 "A";
    .port_info 4 /INPUT 4 "B";
    .port_info 5 /OUTPUT 1 "ALBo";
    .port_info 6 /OUTPUT 1 "AGBo";
    .port_info 7 /OUTPUT 1 "AEBo";
L_0x5ff418db8040 .functor NOT 5, L_0x5ff418db7f10, C4<00000>, C4<00000>, C4<00000>;
L_0x5ff418db8320 .functor NOT 1, L_0x5ff418db8550, C4<0>, C4<0>, C4<0>;
L_0x5ff418db88b0 .functor NOT 5, L_0x5ff418db87c0, C4<00000>, C4<00000>, C4<00000>;
L_0x5ff418db8a10 .functor NOT 1, L_0x5ff418db8c60, C4<0>, C4<0>, C4<0>;
L_0x77dd6e0402a0 .functor BUFT 1, C4<1>, C4<0>, C4<0>, C4<0>;
L_0x5ff418db8e80 .functor AND 1, L_0x5ff418db8de0, L_0x77dd6e0402a0, C4<1>, C4<1>;
v0x5ff418da3820_0 .net "A", 3 0, v0x5ff418da7ba0_0;  alias, 1 drivers
v0x5ff418da3900_0 .net "AEBi", 0 0, L_0x77dd6e0402a0;  1 drivers
v0x5ff418da39c0_0 .net "AEBo", 0 0, L_0x5ff418db8e80;  alias, 1 drivers
L_0x77dd6e040258 .functor BUFT 1, C4<0>, C4<0>, C4<0>, C4<0>;
v0x5ff418da3a60_0 .net "AGBi", 0 0, L_0x77dd6e040258;  1 drivers
v0x5ff418da3b20_0 .net "AGBo", 0 0, L_0x5ff418db8a10;  1 drivers
L_0x77dd6e040210 .functor BUFT 1, C4<0>, C4<0>, C4<0>, C4<0>;
v0x5ff418da3c30_0 .net "ALBi", 0 0, L_0x77dd6e040210;  1 drivers
v0x5ff418da3cf0_0 .net "ALBo", 0 0, L_0x5ff418db8320;  1 drivers
v0x5ff418da3db0_0 .net "B", 3 0, v0x5ff418da7010_0;  alias, 1 drivers
v0x5ff418da3e70_0 .net "CSG", 4 0, L_0x5ff418db8b70;  1 drivers
v0x5ff418da3f30_0 .net "CSL", 4 0, L_0x5ff418db8430;  1 drivers
v0x5ff418da4010_0 .net *"_ivl_0", 4 0, L_0x5ff418db7f10;  1 drivers
v0x5ff418da40f0_0 .net *"_ivl_10", 4 0, L_0x5ff418db8280;  1 drivers
L_0x77dd6e040a38 .functor BUFT 1, C4<00000>, C4<0>, C4<0>, C4<0>;
v0x5ff418da41d0_0 .net *"_ivl_12", 4 0, L_0x77dd6e040a38;  1 drivers
v0x5ff418da42b0_0 .net *"_ivl_19", 0 0, L_0x5ff418db8550;  1 drivers
v0x5ff418da4390_0 .net *"_ivl_22", 4 0, L_0x5ff418db8690;  1 drivers
L_0x77dd6e040180 .functor BUFT 1, C4<0>, C4<0>, C4<0>, C4<0>;
v0x5ff418da4470_0 .net *"_ivl_25", 0 0, L_0x77dd6e040180;  1 drivers
v0x5ff418da4550_0 .net *"_ivl_26", 4 0, L_0x5ff418db87c0;  1 drivers
L_0x77dd6e0401c8 .functor BUFT 1, C4<0>, C4<0>, C4<0>, C4<0>;
v0x5ff418da4630_0 .net *"_ivl_29", 0 0, L_0x77dd6e0401c8;  1 drivers
L_0x77dd6e0400f0 .functor BUFT 1, C4<0>, C4<0>, C4<0>, C4<0>;
v0x5ff418da4710_0 .net *"_ivl_3", 0 0, L_0x77dd6e0400f0;  1 drivers
v0x5ff418da47f0_0 .net *"_ivl_30", 4 0, L_0x5ff418db88b0;  1 drivers
v0x5ff418da48d0_0 .net *"_ivl_32", 4 0, L_0x5ff418db8970;  1 drivers
L_0x77dd6e040a80 .functor BUFT 1, C4<00000>, C4<0>, C4<0>, C4<0>;
v0x5ff418da49b0_0 .net *"_ivl_34", 4 0, L_0x77dd6e040a80;  1 drivers
v0x5ff418da4a90_0 .net *"_ivl_4", 4 0, L_0x5ff418db8040;  1 drivers
v0x5ff418da4b70_0 .net *"_ivl_41", 0 0, L_0x5ff418db8c60;  1 drivers
v0x5ff418da4c50_0 .net *"_ivl_44", 0 0, L_0x5ff418db8de0;  1 drivers
v0x5ff418da4d10_0 .net *"_ivl_6", 4 0, L_0x5ff418db8100;  1 drivers
L_0x77dd6e040138 .functor BUFT 1, C4<0>, C4<0>, C4<0>, C4<0>;
v0x5ff418da4df0_0 .net *"_ivl_9", 0 0, L_0x77dd6e040138;  1 drivers
L_0x5ff418db7f10 .concat [ 4 1 0 0], v0x5ff418da7ba0_0, L_0x77dd6e0400f0;
L_0x5ff418db8100 .concat [ 4 1 0 0], v0x5ff418da7010_0, L_0x77dd6e040138;
L_0x5ff418db8280 .arith/sum 5, L_0x5ff418db8040, L_0x5ff418db8100;
L_0x5ff418db8430 .arith/sum 5, L_0x5ff418db8280, L_0x77dd6e040a38;
L_0x5ff418db8550 .part L_0x5ff418db8430, 4, 1;
L_0x5ff418db8690 .concat [ 4 1 0 0], v0x5ff418da7ba0_0, L_0x77dd6e040180;
L_0x5ff418db87c0 .concat [ 4 1 0 0], v0x5ff418da7010_0, L_0x77dd6e0401c8;
L_0x5ff418db8970 .arith/sum 5, L_0x5ff418db8690, L_0x5ff418db88b0;
L_0x5ff418db8b70 .arith/sum 5, L_0x5ff418db8970, L_0x77dd6e040a80;
L_0x5ff418db8c60 .part L_0x5ff418db8b70, 4, 1;
L_0x5ff418db8de0 .cmp/eq 4, v0x5ff418da7ba0_0, v0x5ff418da7010_0;
S_0x5ff418da4fd0 .scope module, "comparador" "comparador_85" 6 107, 7 16 0, S_0x5ff418d8ebe0;
 .timescale 0 0;
    .port_info 0 /INPUT 1 "ALBi";
    .port_info 1 /INPUT 1 "AGBi";
    .port_info 2 /INPUT 1 "AEBi";
    .port_info 3 /INPUT 4 "A";
    .port_info 4 /INPUT 4 "B";
    .port_info 5 /OUTPUT 1 "ALBo";
    .port_info 6 /OUTPUT 1 "AGBo";
    .port_info 7 /OUTPUT 1 "AEBo";
L_0x5ff418dba3c0 .functor NOT 5, L_0x5ff418dba2f0, C4<00000>, C4<00000>, C4<00000>;
L_0x5ff418dba640 .functor NOT 1, L_0x5ff418dba870, C4<0>, C4<0>, C4<0>;
L_0x5ff418dbac40 .functor NOT 5, L_0x5ff418dbab10, C4<00000>, C4<00000>, C4<00000>;
L_0x5ff418dbada0 .functor NOT 1, L_0x5ff418dbaff0, C4<0>, C4<0>, C4<0>;
L_0x77dd6e040690 .functor BUFT 1, C4<1>, C4<0>, C4<0>, C4<0>;
L_0x5ff418dbb210 .functor AND 1, L_0x5ff418dbb170, L_0x77dd6e040690, C4<1>, C4<1>;
v0x5ff418da5280_0 .net "A", 3 0, L_0x5ff418dbbb00;  alias, 1 drivers
v0x5ff418da5360_0 .net "AEBi", 0 0, L_0x77dd6e040690;  1 drivers
v0x5ff418da5420_0 .net "AEBo", 0 0, L_0x5ff418dbb210;  alias, 1 drivers
L_0x77dd6e040648 .functor BUFT 1, C4<0>, C4<0>, C4<0>, C4<0>;
v0x5ff418da54c0_0 .net "AGBi", 0 0, L_0x77dd6e040648;  1 drivers
v0x5ff418da5580_0 .net "AGBo", 0 0, L_0x5ff418dbada0;  1 drivers
L_0x77dd6e040600 .functor BUFT 1, C4<0>, C4<0>, C4<0>, C4<0>;
v0x5ff418da5690_0 .net "ALBi", 0 0, L_0x77dd6e040600;  1 drivers
v0x5ff418da5750_0 .net "ALBo", 0 0, L_0x5ff418dba640;  1 drivers
v0x5ff418da5810_0 .net "B", 3 0, v0x5ff418dacb90_0;  alias, 1 drivers
v0x5ff418da58f0_0 .net "CSG", 4 0, L_0x5ff418dbaf00;  1 drivers
v0x5ff418da59d0_0 .net "CSL", 4 0, L_0x5ff418dba750;  1 drivers
v0x5ff418da5ab0_0 .net *"_ivl_0", 4 0, L_0x5ff418dba2f0;  1 drivers
v0x5ff418da5b90_0 .net *"_ivl_10", 4 0, L_0x5ff418dba5a0;  1 drivers
L_0x77dd6e040b58 .functor BUFT 1, C4<00000>, C4<0>, C4<0>, C4<0>;
v0x5ff418da5c70_0 .net *"_ivl_12", 4 0, L_0x77dd6e040b58;  1 drivers
v0x5ff418da5d50_0 .net *"_ivl_19", 0 0, L_0x5ff418dba870;  1 drivers
v0x5ff418da5e30_0 .net *"_ivl_22", 4 0, L_0x5ff418dba9b0;  1 drivers
L_0x77dd6e040570 .functor BUFT 1, C4<0>, C4<0>, C4<0>, C4<0>;
v0x5ff418da5f10_0 .net *"_ivl_25", 0 0, L_0x77dd6e040570;  1 drivers
v0x5ff418da5ff0_0 .net *"_ivl_26", 4 0, L_0x5ff418dbab10;  1 drivers
L_0x77dd6e0405b8 .functor BUFT 1, C4<0>, C4<0>, C4<0>, C4<0>;
v0x5ff418da61e0_0 .net *"_ivl_29", 0 0, L_0x77dd6e0405b8;  1 drivers
L_0x77dd6e0404e0 .functor BUFT 1, C4<0>, C4<0>, C4<0>, C4<0>;
v0x5ff418da62c0_0 .net *"_ivl_3", 0 0, L_0x77dd6e0404e0;  1 drivers
v0x5ff418da63a0_0 .net *"_ivl_30", 4 0, L_0x5ff418dbac40;  1 drivers
v0x5ff418da6480_0 .net *"_ivl_32", 4 0, L_0x5ff418dbad00;  1 drivers
L_0x77dd6e040ba0 .functor BUFT 1, C4<00000>, C4<0>, C4<0>, C4<0>;
v0x5ff418da6560_0 .net *"_ivl_34", 4 0, L_0x77dd6e040ba0;  1 drivers
v0x5ff418da6640_0 .net *"_ivl_4", 4 0, L_0x5ff418dba3c0;  1 drivers
v0x5ff418da6720_0 .net *"_ivl_41", 0 0, L_0x5ff418dbaff0;  1 drivers
v0x5ff418da6800_0 .net *"_ivl_44", 0 0, L_0x5ff418dbb170;  1 drivers
v0x5ff418da68c0_0 .net *"_ivl_6", 4 0, L_0x5ff418dba480;  1 drivers
L_0x77dd6e040528 .functor BUFT 1, C4<0>, C4<0>, C4<0>, C4<0>;
v0x5ff418da69a0_0 .net *"_ivl_9", 0 0, L_0x77dd6e040528;  1 drivers
L_0x5ff418dba2f0 .concat [ 4 1 0 0], L_0x5ff418dbbb00, L_0x77dd6e0404e0;
L_0x5ff418dba480 .concat [ 4 1 0 0], v0x5ff418dacb90_0, L_0x77dd6e040528;
L_0x5ff418dba5a0 .arith/sum 5, L_0x5ff418dba3c0, L_0x5ff418dba480;
L_0x5ff418dba750 .arith/sum 5, L_0x5ff418dba5a0, L_0x77dd6e040b58;
L_0x5ff418dba870 .part L_0x5ff418dba750, 4, 1;
L_0x5ff418dba9b0 .concat [ 4 1 0 0], L_0x5ff418dbbb00, L_0x77dd6e040570;
L_0x5ff418dbab10 .concat [ 4 1 0 0], v0x5ff418dacb90_0, L_0x77dd6e0405b8;
L_0x5ff418dbad00 .arith/sum 5, L_0x5ff418dba9b0, L_0x5ff418dbac40;
L_0x5ff418dbaf00 .arith/sum 5, L_0x5ff418dbad00, L_0x77dd6e040ba0;
L_0x5ff418dbaff0 .part L_0x5ff418dbaf00, 4, 1;
L_0x5ff418dbb170 .cmp/eq 4, L_0x5ff418dbbb00, v0x5ff418dacb90_0;
S_0x5ff418da6b80 .scope module, "contLmt" "contador_163" 6 150, 8 16 0, S_0x5ff418d8ebe0;
 .timescale 0 0;
    .port_info 0 /INPUT 1 "clock";
    .port_info 1 /INPUT 1 "clr";
    .port_info 2 /INPUT 1 "ld";
    .port_info 3 /INPUT 1 "ent";
    .port_info 4 /INPUT 1 "enp";
    .port_info 5 /INPUT 4 "D";
    .port_info 6 /OUTPUT 4 "Q";
    .port_info 7 /OUTPUT 1 "rco";
L_0x77dd6e040840 .functor BUFT 1, C4<0000>, C4<0>, C4<0>, C4<0>;
v0x5ff418da6f10_0 .net "D", 3 0, L_0x77dd6e040840;  1 drivers
v0x5ff418da7010_0 .var "Q", 3 0;
v0x5ff418da7120_0 .net "clock", 0 0, v0x5ff418db65f0_0;  alias, 1 drivers
v0x5ff418da71c0_0 .net "clr", 0 0, L_0x5ff418dbb6c0;  1 drivers
v0x5ff418da7280_0 .net "enp", 0 0, v0x5ff418db1710_0;  alias, 1 drivers
L_0x77dd6e0407f8 .functor BUFT 1, C4<1>, C4<0>, C4<0>, C4<0>;
v0x5ff418da7390_0 .net "ent", 0 0, L_0x77dd6e0407f8;  1 drivers
L_0x77dd6e0407b0 .functor BUFT 1, C4<1>, C4<0>, C4<0>, C4<0>;
v0x5ff418da7450_0 .net "ld", 0 0, L_0x77dd6e0407b0;  1 drivers
v0x5ff418da7510_0 .var "rco", 0 0;
E_0x5ff418da6e30 .event anyedge, v0x5ff418da7390_0, v0x5ff418da1d40_0;
E_0x5ff418da6eb0 .event posedge, v0x5ff418da7120_0;
S_0x5ff418da7720 .scope module, "contador_addr" "contador_163" 6 140, 8 16 0, S_0x5ff418d8ebe0;
 .timescale 0 0;
    .port_info 0 /INPUT 1 "clock";
    .port_info 1 /INPUT 1 "clr";
    .port_info 2 /INPUT 1 "ld";
    .port_info 3 /INPUT 1 "ent";
    .port_info 4 /INPUT 1 "enp";
    .port_info 5 /INPUT 4 "D";
    .port_info 6 /OUTPUT 4 "Q";
    .port_info 7 /OUTPUT 1 "rco";
L_0x77dd6e040768 .functor BUFT 1, C4<0000>, C4<0>, C4<0>, C4<0>;
v0x5ff418da7aa0_0 .net "D", 3 0, L_0x77dd6e040768;  1 drivers
v0x5ff418da7ba0_0 .var "Q", 3 0;
v0x5ff418da7c60_0 .net "clock", 0 0, v0x5ff418db65f0_0;  alias, 1 drivers
v0x5ff418da7d00_0 .net "clr", 0 0, L_0x5ff418dbb560;  1 drivers
v0x5ff418da7da0_0 .net "enp", 0 0, v0x5ff418db1620_0;  alias, 1 drivers
L_0x77dd6e040720 .functor BUFT 1, C4<1>, C4<0>, C4<0>, C4<0>;
v0x5ff418da7e90_0 .net "ent", 0 0, L_0x77dd6e040720;  1 drivers
L_0x77dd6e0406d8 .functor BUFT 1, C4<1>, C4<0>, C4<0>, C4<0>;
v0x5ff418da7f30_0 .net "ld", 0 0, L_0x77dd6e0406d8;  1 drivers
v0x5ff418da7ff0_0 .var "rco", 0 0;
E_0x5ff418da7a20 .event anyedge, v0x5ff418da7e90_0, v0x5ff418da3820_0;
S_0x5ff418da8200 .scope module, "contador_led" "contador_m" 6 130, 9 20 0, S_0x5ff418d8ebe0;
 .timescale 0 0;
    .port_info 0 /INPUT 1 "clock";
    .port_info 1 /INPUT 1 "zera_as";
    .port_info 2 /INPUT 1 "zera_s";
    .port_info 3 /INPUT 1 "conta";
    .port_info 4 /OUTPUT 11 "Q";
    .port_info 5 /OUTPUT 1 "fim";
    .port_info 6 /OUTPUT 1 "meio";
P_0x5ff418d67f10 .param/l "M" 0 9 20, +C4<00000000000000000000011111010000>;
P_0x5ff418d67f50 .param/l "N" 0 9 20, +C4<00000000000000000000000000001011>;
v0x5ff418da8630_0 .var "Q", 10 0;
v0x5ff418da8730_0 .net "clock", 0 0, v0x5ff418db65f0_0;  alias, 1 drivers
v0x5ff418da8840_0 .net "conta", 0 0, v0x5ff418db1960_0;  alias, 1 drivers
v0x5ff418da88e0_0 .var "fim", 0 0;
v0x5ff418da8980_0 .var "meio", 0 0;
v0x5ff418da8a90_0 .net "zera_as", 0 0, v0x5ff418db7710_0;  alias, 1 drivers
v0x5ff418da8b50_0 .net "zera_s", 0 0, v0x5ff418db2990_0;  alias, 1 drivers
E_0x5ff418da8550 .event anyedge, v0x5ff418da8630_0;
E_0x5ff418da85d0 .event posedge, v0x5ff418da8a90_0, v0x5ff418da7120_0;
S_0x5ff418da8d30 .scope module, "contador_timeout" "contador_m" 6 120, 9 20 0, S_0x5ff418d8ebe0;
 .timescale 0 0;
    .port_info 0 /INPUT 1 "clock";
    .port_info 1 /INPUT 1 "zera_as";
    .port_info 2 /INPUT 1 "zera_s";
    .port_info 3 /INPUT 1 "conta";
    .port_info 4 /OUTPUT 13 "Q";
    .port_info 5 /OUTPUT 1 "fim";
    .port_info 6 /OUTPUT 1 "meio";
P_0x5ff418d654a0 .param/l "M" 0 9 20, +C4<00000000000000000001001110001000>;
P_0x5ff418d654e0 .param/l "N" 0 9 20, +C4<00000000000000000000000000001101>;
v0x5ff418da9110_0 .var "Q", 12 0;
v0x5ff418da9210_0 .net "clock", 0 0, v0x5ff418db65f0_0;  alias, 1 drivers
v0x5ff418da92d0_0 .net "conta", 0 0, v0x5ff418db1a00_0;  alias, 1 drivers
v0x5ff418da93a0_0 .var "fim", 0 0;
v0x5ff418da9440_0 .var "meio", 0 0;
v0x5ff418da9550_0 .net "zera_as", 0 0, v0x5ff418db7710_0;  alias, 1 drivers
v0x5ff418da95f0_0 .net "zera_s", 0 0, v0x5ff418db2a80_0;  alias, 1 drivers
E_0x5ff418da9090 .event anyedge, v0x5ff418da9110_0;
S_0x5ff418da97b0 .scope module, "converter_cor" "cores_rgb" 6 177, 10 3 0, S_0x5ff418d8ebe0;
 .timescale 0 0;
    .port_info 0 /INPUT 4 "codigo";
    .port_info 1 /OUTPUT 3 "leds_rgb";
v0x5ff418da9a30_0 .net "codigo", 3 0, L_0x5ff418dbbb00;  alias, 1 drivers
v0x5ff418da9b40_0 .var "leds_rgb", 2 0;
E_0x5ff418da99b0 .event anyedge, v0x5ff418da5280_0;
S_0x5ff418da9c60 .scope module, "detector" "edge_detector" 6 113, 11 21 0, S_0x5ff418d8ebe0;
 .timescale 0 0;
    .port_info 0 /INPUT 1 "clock";
    .port_info 1 /INPUT 1 "reset";
    .port_info 2 /INPUT 1 "sinal";
    .port_info 3 /OUTPUT 1 "pulso";
L_0x5ff418dbb3c0 .functor NOT 1, v0x5ff418daa180_0, C4<0>, C4<0>, C4<0>;
L_0x5ff418dbb460 .functor AND 1, L_0x5ff418dbb3c0, v0x5ff418daa0e0_0, C4<1>, C4<1>;
v0x5ff418da9e70_0 .net *"_ivl_0", 0 0, L_0x5ff418dbb3c0;  1 drivers
v0x5ff418da9f50_0 .net "clock", 0 0, v0x5ff418db65f0_0;  alias, 1 drivers
v0x5ff418daa010_0 .net "pulso", 0 0, L_0x5ff418dbb460;  alias, 1 drivers
v0x5ff418daa0e0_0 .var "reg0", 0 0;
v0x5ff418daa180_0 .var "reg1", 0 0;
v0x5ff418daa240_0 .net "reset", 0 0, v0x5ff418db7710_0;  alias, 1 drivers
v0x5ff418daa2e0_0 .net "sinal", 0 0, L_0x5ff418db7940;  alias, 1 drivers
S_0x5ff418daa420 .scope module, "memoria" "sync_ram_16x4_file" 6 169, 12 19 0, S_0x5ff418d8ebe0;
 .timescale 0 0;
    .port_info 0 /INPUT 1 "clk";
    .port_info 1 /INPUT 1 "we";
    .port_info 2 /INPUT 4 "data";
    .port_info 3 /INPUT 4 "addr";
    .port_info 4 /OUTPUT 4 "q";
P_0x5ff418daa600 .param/str "BINFILE" 0 12 20, "ram_init.txt";
L_0x5ff418dbbb00 .functor BUFZ 4, L_0x5ff418dbb890, C4<0000>, C4<0000>, C4<0000>;
v0x5ff418daa8c0_0 .net *"_ivl_0", 3 0, L_0x5ff418dbb890;  1 drivers
v0x5ff418daa9c0_0 .net *"_ivl_2", 5 0, L_0x5ff418dbb990;  1 drivers
L_0x77dd6e040888 .functor BUFT 1, C4<00>, C4<0>, C4<0>, C4<0>;
v0x5ff418daaaa0_0 .net *"_ivl_5", 1 0, L_0x77dd6e040888;  1 drivers
v0x5ff418daab60_0 .net "addr", 3 0, v0x5ff418da7ba0_0;  alias, 1 drivers
v0x5ff418daac70_0 .var "addr_reg", 3 0;
v0x5ff418daada0_0 .net "clk", 0 0, v0x5ff418db65f0_0;  alias, 1 drivers
v0x5ff418daae40_0 .net "data", 3 0, v0x5ff418db6480_0;  alias, 1 drivers
v0x5ff418daaf20_0 .net "q", 3 0, L_0x5ff418dbbb00;  alias, 1 drivers
v0x5ff418dab030 .array "ram", 15 0, 3 0;
v0x5ff418dab0f0_0 .net "we", 0 0, v0x5ff418db2170_0;  alias, 1 drivers
L_0x5ff418dbb890 .array/port v0x5ff418dab030, L_0x5ff418dbb990;
L_0x5ff418dbb990 .concat [ 4 2 0 0], v0x5ff418daac70_0, L_0x77dd6e040888;
S_0x5ff418daa6c0 .scope begin, "INICIA_RAM" "INICIA_RAM" 12 39, 12 39 0, S_0x5ff418daa420;
 .timescale 0 0;
S_0x5ff418dab250 .scope module, "mux_rgb" "mux2x1_n" 6 186, 13 17 0, S_0x5ff418d8ebe0;
 .timescale 0 0;
    .port_info 0 /INPUT 3 "D0";
    .port_info 1 /INPUT 3 "D1";
    .port_info 2 /INPUT 1 "SEL";
    .port_info 3 /OUTPUT 3 "OUT";
P_0x5ff418dab3e0 .param/l "BITS" 0 13 18, +C4<00000000000000000000000000000011>;
L_0x77dd6e0408d0 .functor BUFT 1, C4<000>, C4<0>, C4<0>, C4<0>;
v0x5ff418dab500_0 .net "D0", 2 0, L_0x77dd6e0408d0;  1 drivers
v0x5ff418dab600_0 .net "D1", 2 0, v0x5ff418da9b40_0;  alias, 1 drivers
v0x5ff418dab6c0_0 .var "OUT", 2 0;
v0x5ff418dab790_0 .net "SEL", 0 0, v0x5ff418db14e0_0;  alias, 1 drivers
E_0x5ff418dab480 .event anyedge, v0x5ff418dab790_0, v0x5ff418dab500_0, v0x5ff418da9b40_0;
S_0x5ff418dab900 .scope module, "reg_modo" "registrador_1" 6 74, 14 7 0, S_0x5ff418d8ebe0;
 .timescale 0 0;
    .port_info 0 /INPUT 1 "clock";
    .port_info 1 /INPUT 1 "clear";
    .port_info 2 /INPUT 1 "enable";
    .port_info 3 /INPUT 1 "D";
    .port_info 4 /OUTPUT 1 "Q";
v0x5ff418dabb60_0 .net "D", 0 0, L_0x5ff418db7aa0;  1 drivers
v0x5ff418dabc40_0 .var "IQ", 0 0;
v0x5ff418dabd00_0 .net "Q", 0 0, v0x5ff418dabc40_0;  alias, 1 drivers
v0x5ff418dabdd0_0 .net "clear", 0 0, v0x5ff418db28f0_0;  alias, 1 drivers
v0x5ff418dabe90_0 .net "clock", 0 0, v0x5ff418db65f0_0;  alias, 1 drivers
v0x5ff418dabf80_0 .net "enable", 0 0, v0x5ff418db2260_0;  alias, 1 drivers
E_0x5ff418dabae0 .event posedge, v0x5ff418dabdd0_0, v0x5ff418da7120_0;
S_0x5ff418dac0e0 .scope module, "reg_timeout_hab" "registrador_1" 6 82, 14 7 0, S_0x5ff418d8ebe0;
 .timescale 0 0;
    .port_info 0 /INPUT 1 "clock";
    .port_info 1 /INPUT 1 "clear";
    .port_info 2 /INPUT 1 "enable";
    .port_info 3 /INPUT 1 "D";
    .port_info 4 /OUTPUT 1 "Q";
v0x5ff418dac2c0_0 .net "D", 0 0, L_0x5ff418db7b90;  1 drivers
v0x5ff418dac3a0_0 .var "IQ", 0 0;
v0x5ff418dac460_0 .net "Q", 0 0, v0x5ff418dac3a0_0;  alias, 1 drivers
v0x5ff418dac530_0 .net "clear", 0 0, v0x5ff418db28f0_0;  alias, 1 drivers
v0x5ff418dac600_0 .net "clock", 0 0, v0x5ff418db65f0_0;  alias, 1 drivers
v0x5ff418dac6f0_0 .net "enable", 0 0, v0x5ff418db2260_0;  alias, 1 drivers
S_0x5ff418dac820 .scope module, "registrador" "registrador_4" 6 160, 15 13 0, S_0x5ff418d8ebe0;
 .timescale 0 0;
    .port_info 0 /INPUT 1 "clock";
    .port_info 1 /INPUT 1 "clear";
    .port_info 2 /INPUT 1 "enable";
    .port_info 3 /INPUT 4 "D";
    .port_info 4 /OUTPUT 4 "Q";
v0x5ff418daca80_0 .net "D", 3 0, v0x5ff418db6480_0;  alias, 1 drivers
v0x5ff418dacb90_0 .var "IQ", 3 0;
v0x5ff418dacc50_0 .net "Q", 3 0, v0x5ff418dacb90_0;  alias, 1 drivers
v0x5ff418dacd50_0 .net "clear", 0 0, v0x5ff418db26c0_0;  alias, 1 drivers
v0x5ff418dacdf0_0 .net "clock", 0 0, v0x5ff418db65f0_0;  alias, 1 drivers
v0x5ff418dacff0_0 .net "enable", 0 0, v0x5ff418db2300_0;  alias, 1 drivers
E_0x5ff418daca00 .event posedge, v0x5ff418dacd50_0, v0x5ff418da7120_0;
S_0x5ff418dafe90 .scope module, "unidade_controle" "unidade_controle" 4 106, 16 15 0, S_0x5ff418d77f60;
 .timescale 0 0;
    .port_info 0 /INPUT 1 "clock";
    .port_info 1 /INPUT 1 "reset";
    .port_info 2 /INPUT 1 "iniciar";
    .port_info 3 /INPUT 1 "fim_jogo";
    .port_info 4 /INPUT 1 "enderecoIgualLimite";
    .port_info 5 /INPUT 1 "jogada";
    .port_info 6 /INPUT 1 "igual";
    .port_info 7 /INPUT 1 "timeout";
    .port_info 8 /INPUT 1 "timeout_habilitado";
    .port_info 9 /INPUT 1 "timeout_led";
    .port_info 10 /INPUT 1 "fim_sequencia";
    .port_info 11 /OUTPUT 1 "zera_endereco";
    .port_info 12 /OUTPUT 1 "conta_endereco";
    .port_info 13 /OUTPUT 1 "zera_limite";
    .port_info 14 /OUTPUT 1 "conta_limite";
    .port_info 15 /OUTPUT 1 "zeraR";
    .port_info 16 /OUTPUT 1 "registrarR";
    .port_info 17 /OUTPUT 1 "registra_modo";
    .port_info 18 /OUTPUT 1 "zera_modo";
    .port_info 19 /OUTPUT 1 "zera_s_timeout";
    .port_info 20 /OUTPUT 1 "enable_timeout";
    .port_info 21 /OUTPUT 1 "conf_leds";
    .port_info 22 /OUTPUT 1 "registra_jogada";
    .port_info 23 /OUTPUT 1 "zera_s_led";
    .port_info 24 /OUTPUT 1 "enable_led";
    .port_info 25 /OUTPUT 1 "acertou";
    .port_info 26 /OUTPUT 1 "errou";
    .port_info 27 /OUTPUT 1 "pronto";
    .port_info 28 /OUTPUT 5 "db_estado";
    .port_info 29 /OUTPUT 1 "db_timeout";
P_0x5ff418db0070 .param/l "adiciona_jogada" 0 16 85, C4<01101>;
P_0x5ff418db00b0 .param/l "atualiza_endereco_nova_jogada" 0 16 89, C4<10001>;
P_0x5ff418db00f0 .param/l "carrega_led" 0 16 74, C4<00010>;
P_0x5ff418db0130 .param/l "comparacao" 0 16 81, C4<01001>;
P_0x5ff418db0170 .param/l "erro_verilog" 0 16 90, C4<10010>;
P_0x5ff418db01b0 .param/l "espera" 0 16 79, C4<00111>;
P_0x5ff418db01f0 .param/l "fim_sequencia_timer" 0 16 88, C4<10000>;
P_0x5ff418db0230 .param/l "final_acerto" 0 16 83, C4<01011>;
P_0x5ff418db0270 .param/l "final_erro" 0 16 84, C4<01100>;
P_0x5ff418db02b0 .param/l "final_timeout" 0 16 87, C4<01111>;
P_0x5ff418db02f0 .param/l "inicial" 0 16 72, C4<00000>;
P_0x5ff418db0330 .param/l "mostra_apagado" 0 16 77, C4<00101>;
P_0x5ff418db0370 .param/l "mostra_led" 0 16 75, C4<00011>;
P_0x5ff418db03b0 .param/l "preparacao" 0 16 73, C4<00001>;
P_0x5ff418db03f0 .param/l "proxima_rodada" 0 16 86, C4<01110>;
P_0x5ff418db0430 .param/l "proximo" 0 16 82, C4<01010>;
P_0x5ff418db0470 .param/l "proximo_led" 0 16 78, C4<00110>;
P_0x5ff418db04b0 .param/l "registra" 0 16 80, C4<01000>;
P_0x5ff418db04f0 .param/l "zera_led" 0 16 76, C4<00100>;
v0x5ff418db1190_0 .var "Eatual", 4 0;
v0x5ff418db1290_0 .var "Eprox", 4 0;
v0x5ff418db1370_0 .var "acertou", 0 0;
v0x5ff418db1440_0 .net "clock", 0 0, v0x5ff418db65f0_0;  alias, 1 drivers
v0x5ff418db14e0_0 .var "conf_leds", 0 0;
v0x5ff418db1620_0 .var "conta_endereco", 0 0;
v0x5ff418db1710_0 .var "conta_limite", 0 0;
v0x5ff418db1800_0 .var "db_estado", 4 0;
v0x5ff418db18c0_0 .var "db_timeout", 0 0;
v0x5ff418db1960_0 .var "enable_led", 0 0;
v0x5ff418db1a00_0 .var "enable_timeout", 0 0;
v0x5ff418db1af0_0 .net "enderecoIgualLimite", 0 0, L_0x5ff418db8e80;  alias, 1 drivers
v0x5ff418db1be0_0 .var "errou", 0 0;
v0x5ff418db1ca0_0 .net "fim_jogo", 0 0, L_0x5ff418dba030;  alias, 1 drivers
v0x5ff418db1d90_0 .net "fim_sequencia", 0 0, L_0x5ff418dbc380;  alias, 1 drivers
v0x5ff418db1e30_0 .net "igual", 0 0, L_0x5ff418dbb210;  alias, 1 drivers
v0x5ff418db1f20_0 .net "iniciar", 0 0, v0x5ff418db72b0_0;  alias, 1 drivers
v0x5ff418db1fc0_0 .net "jogada", 0 0, L_0x5ff418dbb460;  alias, 1 drivers
v0x5ff418db20b0_0 .var "pronto", 0 0;
v0x5ff418db2170_0 .var "registra_jogada", 0 0;
v0x5ff418db2260_0 .var "registra_modo", 0 0;
v0x5ff418db2300_0 .var "registrarR", 0 0;
v0x5ff418db23f0_0 .net "reset", 0 0, v0x5ff418db7710_0;  alias, 1 drivers
v0x5ff418db2490_0 .net "timeout", 0 0, v0x5ff418da93a0_0;  alias, 1 drivers
v0x5ff418db2530_0 .net "timeout_habilitado", 0 0, L_0x5ff418dbc210;  alias, 1 drivers
v0x5ff418db25d0_0 .net "timeout_led", 0 0, v0x5ff418da88e0_0;  alias, 1 drivers
v0x5ff418db26c0_0 .var "zeraR", 0 0;
v0x5ff418db27b0_0 .var "zera_endereco", 0 0;
v0x5ff418db2850_0 .var "zera_limite", 0 0;
v0x5ff418db28f0_0 .var "zera_modo", 0 0;
v0x5ff418db2990_0 .var "zera_s_led", 0 0;
v0x5ff418db2a80_0 .var "zera_s_timeout", 0 0;
E_0x5ff418db1090 .event anyedge, v0x5ff418db1190_0;
E_0x5ff418db10f0/0 .event anyedge, v0x5ff418db1190_0, v0x5ff418db1f20_0, v0x5ff418da88e0_0, v0x5ff418dae4d0_0;
E_0x5ff418db10f0/1 .event anyedge, v0x5ff418da93a0_0, v0x5ff418daf4b0_0, v0x5ff418daa010_0, v0x5ff418da5420_0;
E_0x5ff418db10f0/2 .event anyedge, v0x5ff418da39c0_0, v0x5ff418da1f00_0;
E_0x5ff418db10f0 .event/or E_0x5ff418db10f0/0, E_0x5ff418db10f0/1, E_0x5ff418db10f0/2;
S_0x5ff418db6110 .scope task, "wait_leds" "wait_leds" 3 26, 3 26 0, S_0x5ff418d8ef60;
 .timescale -3 -5;
v0x5ff418db62c0_0 .var/i "i", 31 0;
v0x5ff418db63a0_0 .var/i "num_leds", 31 0;
TD_tb_cenario_ii.wait_leds ;
    %pushi/vec4 0, 0, 32;
    %store/vec4 v0x5ff418db62c0_0, 0, 32;
T_0.0 ;
    %load/vec4 v0x5ff418db62c0_0;
    %load/vec4 v0x5ff418db63a0_0;
    %cmp/s;
    %jmp/0xz T_0.1, 5;
T_0.2 ;
    %load/vec4 v0x5ff418db1190_0;
    %pushi/vec4 3, 0, 5;
    %cmp/e;
    %flag_get/vec4 4;
    %cmpi/ne 1, 0, 1;
    %jmp/0xz T_0.3, 6;
    %wait E_0x5ff418db1090;
    %jmp T_0.2;
T_0.3 ;
T_0.4 ;
    %load/vec4 v0x5ff418db1190_0;
    %pushi/vec4 5, 0, 5;
    %cmp/e;
    %flag_get/vec4 4;
    %cmpi/ne 1, 0, 1;
    %jmp/0xz T_0.5, 6;
    %wait E_0x5ff418db1090;
    %jmp T_0.4;
T_0.5 ;
    %load/vec4 v0x5ff418db62c0_0;
    %addi 1, 0, 32;
    %store/vec4 v0x5ff418db62c0_0, 0, 32;
    %jmp T_0.0;
T_0.1 ;
T_0.6 ;
    %load/vec4 v0x5ff418db1190_0;
    %pushi/vec4 7, 0, 5;
    %cmp/e;
    %flag_get/vec4 4;
    %cmpi/ne 1, 0, 1;
    %jmp/0xz T_0.7, 6;
    %wait E_0x5ff418db1090;
    %jmp T_0.6;
T_0.7 ;
    %delay 10, 0;
    %end;
    .scope S_0x5ff418cd3300;
T_1 ;
    %wait E_0x5ff418d17160;
    %load/vec4 v0x5ff418d61930_0;
    %dup/vec4;
    %pushi/vec4 0, 0, 1;
    %cmp/u;
    %jmp/1 T_1.0, 6;
    %dup/vec4;
    %pushi/vec4 1, 0, 1;
    %cmp/u;
    %jmp/1 T_1.1, 6;
    %pushi/vec4 1, 0, 1;
    %store/vec4 v0x5ff418d65550_0, 0, 1;
    %jmp T_1.3;
T_1.0 ;
    %load/vec4 v0x5ff418d6ff60_0;
    %store/vec4 v0x5ff418d65550_0, 0, 1;
    %jmp T_1.3;
T_1.1 ;
    %load/vec4 v0x5ff418d67fc0_0;
    %store/vec4 v0x5ff418d65550_0, 0, 1;
    %jmp T_1.3;
T_1.3 ;
    %pop/vec4 1;
    %jmp T_1;
    .thread T_1, $push;
    .scope S_0x5ff418dab900;
T_2 ;
    %wait E_0x5ff418dabae0;
    %load/vec4 v0x5ff418dabdd0_0;
    %flag_set/vec4 8;
    %jmp/0xz  T_2.0, 8;
    %pushi/vec4 0, 0, 1;
    %assign/vec4 v0x5ff418dabc40_0, 0;
    %jmp T_2.1;
T_2.0 ;
    %load/vec4 v0x5ff418dabf80_0;
    %flag_set/vec4 8;
    %jmp/0xz  T_2.2, 8;
    %load/vec4 v0x5ff418dabb60_0;
    %assign/vec4 v0x5ff418dabc40_0, 0;
T_2.2 ;
T_2.1 ;
    %jmp T_2;
    .thread T_2;
    .scope S_0x5ff418dac0e0;
T_3 ;
    %wait E_0x5ff418dabae0;
    %load/vec4 v0x5ff418dac530_0;
    %flag_set/vec4 8;
    %jmp/0xz  T_3.0, 8;
    %pushi/vec4 0, 0, 1;
    %assign/vec4 v0x5ff418dac3a0_0, 0;
    %jmp T_3.1;
T_3.0 ;
    %load/vec4 v0x5ff418dac6f0_0;
    %flag_set/vec4 8;
    %jmp/0xz  T_3.2, 8;
    %load/vec4 v0x5ff418dac2c0_0;
    %assign/vec4 v0x5ff418dac3a0_0, 0;
T_3.2 ;
T_3.1 ;
    %jmp T_3;
    .thread T_3;
    .scope S_0x5ff418da9c60;
T_4 ;
    %wait E_0x5ff418da85d0;
    %load/vec4 v0x5ff418daa240_0;
    %flag_set/vec4 8;
    %jmp/0xz  T_4.0, 8;
    %pushi/vec4 0, 0, 1;
    %assign/vec4 v0x5ff418daa0e0_0, 0;
    %pushi/vec4 0, 0, 1;
    %assign/vec4 v0x5ff418daa180_0, 0;
    %jmp T_4.1;
T_4.0 ;
    %load/vec4 v0x5ff418da9f50_0;
    %flag_set/vec4 8;
    %jmp/0xz  T_4.2, 8;
    %load/vec4 v0x5ff418daa2e0_0;
    %assign/vec4 v0x5ff418daa0e0_0, 0;
    %load/vec4 v0x5ff418daa0e0_0;
    %assign/vec4 v0x5ff418daa180_0, 0;
T_4.2 ;
T_4.1 ;
    %jmp T_4;
    .thread T_4;
    .scope S_0x5ff418da8d30;
T_5 ;
    %wait E_0x5ff418da85d0;
    %load/vec4 v0x5ff418da9550_0;
    %flag_set/vec4 8;
    %jmp/0xz  T_5.0, 8;
    %pushi/vec4 0, 0, 13;
    %assign/vec4 v0x5ff418da9110_0, 0;
    %jmp T_5.1;
T_5.0 ;
    %load/vec4 v0x5ff418da9210_0;
    %flag_set/vec4 8;
    %jmp/0xz  T_5.2, 8;
    %load/vec4 v0x5ff418da95f0_0;
    %flag_set/vec4 8;
    %jmp/0xz  T_5.4, 8;
    %pushi/vec4 0, 0, 13;
    %assign/vec4 v0x5ff418da9110_0, 0;
    %jmp T_5.5;
T_5.4 ;
    %load/vec4 v0x5ff418da92d0_0;
    %flag_set/vec4 8;
    %jmp/0xz  T_5.6, 8;
    %load/vec4 v0x5ff418da9110_0;
    %pad/u 32;
    %cmpi/e 4999, 0, 32;
    %jmp/0xz  T_5.8, 4;
    %pushi/vec4 0, 0, 13;
    %assign/vec4 v0x5ff418da9110_0, 0;
    %jmp T_5.9;
T_5.8 ;
    %load/vec4 v0x5ff418da9110_0;
    %addi 1, 0, 13;
    %assign/vec4 v0x5ff418da9110_0, 0;
T_5.9 ;
T_5.6 ;
T_5.5 ;
T_5.2 ;
T_5.1 ;
    %jmp T_5;
    .thread T_5;
    .scope S_0x5ff418da8d30;
T_6 ;
    %wait E_0x5ff418da9090;
    %load/vec4 v0x5ff418da9110_0;
    %pad/u 32;
    %cmpi/e 4999, 0, 32;
    %jmp/0xz  T_6.0, 4;
    %pushi/vec4 1, 0, 1;
    %store/vec4 v0x5ff418da93a0_0, 0, 1;
    %jmp T_6.1;
T_6.0 ;
    %pushi/vec4 0, 0, 1;
    %store/vec4 v0x5ff418da93a0_0, 0, 1;
T_6.1 ;
    %jmp T_6;
    .thread T_6, $push;
    .scope S_0x5ff418da8d30;
T_7 ;
    %wait E_0x5ff418da9090;
    %load/vec4 v0x5ff418da9110_0;
    %pad/u 32;
    %cmpi/e 2499, 0, 32;
    %jmp/0xz  T_7.0, 4;
    %pushi/vec4 1, 0, 1;
    %store/vec4 v0x5ff418da9440_0, 0, 1;
    %jmp T_7.1;
T_7.0 ;
    %pushi/vec4 0, 0, 1;
    %store/vec4 v0x5ff418da9440_0, 0, 1;
T_7.1 ;
    %jmp T_7;
    .thread T_7, $push;
    .scope S_0x5ff418da8200;
T_8 ;
    %wait E_0x5ff418da85d0;
    %load/vec4 v0x5ff418da8a90_0;
    %flag_set/vec4 8;
    %jmp/0xz  T_8.0, 8;
    %pushi/vec4 0, 0, 11;
    %assign/vec4 v0x5ff418da8630_0, 0;
    %jmp T_8.1;
T_8.0 ;
    %load/vec4 v0x5ff418da8730_0;
    %flag_set/vec4 8;
    %jmp/0xz  T_8.2, 8;
    %load/vec4 v0x5ff418da8b50_0;
    %flag_set/vec4 8;
    %jmp/0xz  T_8.4, 8;
    %pushi/vec4 0, 0, 11;
    %assign/vec4 v0x5ff418da8630_0, 0;
    %jmp T_8.5;
T_8.4 ;
    %load/vec4 v0x5ff418da8840_0;
    %flag_set/vec4 8;
    %jmp/0xz  T_8.6, 8;
    %load/vec4 v0x5ff418da8630_0;
    %pad/u 32;
    %cmpi/e 1999, 0, 32;
    %jmp/0xz  T_8.8, 4;
    %pushi/vec4 0, 0, 11;
    %assign/vec4 v0x5ff418da8630_0, 0;
    %jmp T_8.9;
T_8.8 ;
    %load/vec4 v0x5ff418da8630_0;
    %addi 1, 0, 11;
    %assign/vec4 v0x5ff418da8630_0, 0;
T_8.9 ;
T_8.6 ;
T_8.5 ;
T_8.2 ;
T_8.1 ;
    %jmp T_8;
    .thread T_8;
    .scope S_0x5ff418da8200;
T_9 ;
    %wait E_0x5ff418da8550;
    %load/vec4 v0x5ff418da8630_0;
    %pad/u 32;
    %cmpi/e 1999, 0, 32;
    %jmp/0xz  T_9.0, 4;
    %pushi/vec4 1, 0, 1;
    %store/vec4 v0x5ff418da88e0_0, 0, 1;
    %jmp T_9.1;
T_9.0 ;
    %pushi/vec4 0, 0, 1;
    %store/vec4 v0x5ff418da88e0_0, 0, 1;
T_9.1 ;
    %jmp T_9;
    .thread T_9, $push;
    .scope S_0x5ff418da8200;
T_10 ;
    %wait E_0x5ff418da8550;
    %load/vec4 v0x5ff418da8630_0;
    %pad/u 32;
    %cmpi/e 999, 0, 32;
    %jmp/0xz  T_10.0, 4;
    %pushi/vec4 1, 0, 1;
    %store/vec4 v0x5ff418da8980_0, 0, 1;
    %jmp T_10.1;
T_10.0 ;
    %pushi/vec4 0, 0, 1;
    %store/vec4 v0x5ff418da8980_0, 0, 1;
T_10.1 ;
    %jmp T_10;
    .thread T_10, $push;
    .scope S_0x5ff418da7720;
T_11 ;
    %wait E_0x5ff418da6eb0;
    %load/vec4 v0x5ff418da7d00_0;
    %inv;
    %flag_set/vec4 8;
    %jmp/0xz  T_11.0, 8;
    %pushi/vec4 0, 0, 4;
    %assign/vec4 v0x5ff418da7ba0_0, 0;
    %jmp T_11.1;
T_11.0 ;
    %load/vec4 v0x5ff418da7f30_0;
    %inv;
    %flag_set/vec4 8;
    %jmp/0xz  T_11.2, 8;
    %load/vec4 v0x5ff418da7aa0_0;
    %assign/vec4 v0x5ff418da7ba0_0, 0;
    %jmp T_11.3;
T_11.2 ;
    %load/vec4 v0x5ff418da7e90_0;
    %flag_set/vec4 9;
    %flag_get/vec4 9;
    %jmp/0 T_11.6, 9;
    %load/vec4 v0x5ff418da7da0_0;
    %and;
T_11.6;
    %flag_set/vec4 8;
    %jmp/0xz  T_11.4, 8;
    %load/vec4 v0x5ff418da7ba0_0;
    %addi 1, 0, 4;
    %assign/vec4 v0x5ff418da7ba0_0, 0;
    %jmp T_11.5;
T_11.4 ;
    %load/vec4 v0x5ff418da7ba0_0;
    %assign/vec4 v0x5ff418da7ba0_0, 0;
T_11.5 ;
T_11.3 ;
T_11.1 ;
    %jmp T_11;
    .thread T_11;
    .scope S_0x5ff418da7720;
T_12 ;
    %wait E_0x5ff418da7a20;
    %load/vec4 v0x5ff418da7e90_0;
    %flag_set/vec4 9;
    %flag_get/vec4 9;
    %jmp/0 T_12.2, 9;
    %load/vec4 v0x5ff418da7ba0_0;
    %pushi/vec4 15, 0, 4;
    %cmp/e;
    %flag_get/vec4 4;
    %and;
T_12.2;
    %flag_set/vec4 8;
    %jmp/0xz  T_12.0, 8;
    %pushi/vec4 1, 0, 1;
    %store/vec4 v0x5ff418da7ff0_0, 0, 1;
    %jmp T_12.1;
T_12.0 ;
    %pushi/vec4 0, 0, 1;
    %store/vec4 v0x5ff418da7ff0_0, 0, 1;
T_12.1 ;
    %jmp T_12;
    .thread T_12, $push;
    .scope S_0x5ff418da6b80;
T_13 ;
    %wait E_0x5ff418da6eb0;
    %load/vec4 v0x5ff418da71c0_0;
    %inv;
    %flag_set/vec4 8;
    %jmp/0xz  T_13.0, 8;
    %pushi/vec4 0, 0, 4;
    %assign/vec4 v0x5ff418da7010_0, 0;
    %jmp T_13.1;
T_13.0 ;
    %load/vec4 v0x5ff418da7450_0;
    %inv;
    %flag_set/vec4 8;
    %jmp/0xz  T_13.2, 8;
    %load/vec4 v0x5ff418da6f10_0;
    %assign/vec4 v0x5ff418da7010_0, 0;
    %jmp T_13.3;
T_13.2 ;
    %load/vec4 v0x5ff418da7390_0;
    %flag_set/vec4 9;
    %flag_get/vec4 9;
    %jmp/0 T_13.6, 9;
    %load/vec4 v0x5ff418da7280_0;
    %and;
T_13.6;
    %flag_set/vec4 8;
    %jmp/0xz  T_13.4, 8;
    %load/vec4 v0x5ff418da7010_0;
    %addi 1, 0, 4;
    %assign/vec4 v0x5ff418da7010_0, 0;
    %jmp T_13.5;
T_13.4 ;
    %load/vec4 v0x5ff418da7010_0;
    %assign/vec4 v0x5ff418da7010_0, 0;
T_13.5 ;
T_13.3 ;
T_13.1 ;
    %jmp T_13;
    .thread T_13;
    .scope S_0x5ff418da6b80;
T_14 ;
    %wait E_0x5ff418da6e30;
    %load/vec4 v0x5ff418da7390_0;
    %flag_set/vec4 9;
    %flag_get/vec4 9;
    %jmp/0 T_14.2, 9;
    %load/vec4 v0x5ff418da7010_0;
    %pushi/vec4 15, 0, 4;
    %cmp/e;
    %flag_get/vec4 4;
    %and;
T_14.2;
    %flag_set/vec4 8;
    %jmp/0xz  T_14.0, 8;
    %pushi/vec4 1, 0, 1;
    %store/vec4 v0x5ff418da7510_0, 0, 1;
    %jmp T_14.1;
T_14.0 ;
    %pushi/vec4 0, 0, 1;
    %store/vec4 v0x5ff418da7510_0, 0, 1;
T_14.1 ;
    %jmp T_14;
    .thread T_14, $push;
    .scope S_0x5ff418dac820;
T_15 ;
    %wait E_0x5ff418daca00;
    %load/vec4 v0x5ff418dacd50_0;
    %flag_set/vec4 8;
    %jmp/0xz  T_15.0, 8;
    %pushi/vec4 0, 0, 4;
    %assign/vec4 v0x5ff418dacb90_0, 0;
    %jmp T_15.1;
T_15.0 ;
    %load/vec4 v0x5ff418dacff0_0;
    %flag_set/vec4 8;
    %jmp/0xz  T_15.2, 8;
    %load/vec4 v0x5ff418daca80_0;
    %assign/vec4 v0x5ff418dacb90_0, 0;
T_15.2 ;
T_15.1 ;
    %jmp T_15;
    .thread T_15;
    .scope S_0x5ff418daa420;
T_16 ;
    %fork t_1, S_0x5ff418daa6c0;
    %jmp t_0;
    .scope S_0x5ff418daa6c0;
t_1 ;
    %vpi_call 12 41 "$readmemb", P_0x5ff418daa600, v0x5ff418dab030 {0 0 0};
    %end;
    .scope S_0x5ff418daa420;
t_0 %join;
    %end;
    .thread T_16;
    .scope S_0x5ff418daa420;
T_17 ;
    %wait E_0x5ff418da6eb0;
    %load/vec4 v0x5ff418dab0f0_0;
    %flag_set/vec4 8;
    %jmp/0xz  T_17.0, 8;
    %load/vec4 v0x5ff418daae40_0;
    %load/vec4 v0x5ff418daab60_0;
    %pad/u 6;
    %ix/vec4 3;
    %ix/load 4, 0, 0; Constant delay
    %assign/vec4/a/d v0x5ff418dab030, 0, 4;
T_17.0 ;
    %load/vec4 v0x5ff418daab60_0;
    %assign/vec4 v0x5ff418daac70_0, 0;
    %jmp T_17;
    .thread T_17;
    .scope S_0x5ff418da97b0;
T_18 ;
    %wait E_0x5ff418da99b0;
    %load/vec4 v0x5ff418da9a30_0;
    %dup/vec4;
    %pushi/vec4 8, 0, 4;
    %cmp/u;
    %jmp/1 T_18.0, 6;
    %dup/vec4;
    %pushi/vec4 1, 0, 4;
    %cmp/u;
    %jmp/1 T_18.1, 6;
    %dup/vec4;
    %pushi/vec4 2, 0, 4;
    %cmp/u;
    %jmp/1 T_18.2, 6;
    %dup/vec4;
    %pushi/vec4 4, 0, 4;
    %cmp/u;
    %jmp/1 T_18.3, 6;
    %jmp T_18.4;
T_18.0 ;
    %pushi/vec4 2, 0, 3;
    %store/vec4 v0x5ff418da9b40_0, 0, 3;
    %jmp T_18.4;
T_18.1 ;
    %pushi/vec4 1, 0, 3;
    %store/vec4 v0x5ff418da9b40_0, 0, 3;
    %jmp T_18.4;
T_18.2 ;
    %pushi/vec4 4, 0, 3;
    %store/vec4 v0x5ff418da9b40_0, 0, 3;
    %jmp T_18.4;
T_18.3 ;
    %pushi/vec4 3, 0, 3;
    %store/vec4 v0x5ff418da9b40_0, 0, 3;
    %jmp T_18.4;
T_18.4 ;
    %pop/vec4 1;
    %jmp T_18;
    .thread T_18, $push;
    .scope S_0x5ff418dab250;
T_19 ;
    %wait E_0x5ff418dab480;
    %load/vec4 v0x5ff418dab790_0;
    %dup/vec4;
    %pushi/vec4 0, 0, 1;
    %cmp/u;
    %jmp/1 T_19.0, 6;
    %dup/vec4;
    %pushi/vec4 1, 0, 1;
    %cmp/u;
    %jmp/1 T_19.1, 6;
    %pushi/vec4 7, 0, 3;
    %store/vec4 v0x5ff418dab6c0_0, 0, 3;
    %jmp T_19.3;
T_19.0 ;
    %load/vec4 v0x5ff418dab500_0;
    %store/vec4 v0x5ff418dab6c0_0, 0, 3;
    %jmp T_19.3;
T_19.1 ;
    %load/vec4 v0x5ff418dab600_0;
    %store/vec4 v0x5ff418dab6c0_0, 0, 3;
    %jmp T_19.3;
T_19.3 ;
    %pop/vec4 1;
    %jmp T_19;
    .thread T_19, $push;
    .scope S_0x5ff418dafe90;
T_20 ;
    %wait E_0x5ff418da85d0;
    %load/vec4 v0x5ff418db23f0_0;
    %flag_set/vec4 8;
    %jmp/0xz  T_20.0, 8;
    %pushi/vec4 0, 0, 5;
    %assign/vec4 v0x5ff418db1190_0, 0;
    %jmp T_20.1;
T_20.0 ;
    %load/vec4 v0x5ff418db1290_0;
    %assign/vec4 v0x5ff418db1190_0, 0;
T_20.1 ;
    %jmp T_20;
    .thread T_20;
    .scope S_0x5ff418dafe90;
T_21 ;
    %wait E_0x5ff418db10f0;
    %load/vec4 v0x5ff418db1190_0;
    %dup/vec4;
    %pushi/vec4 0, 0, 5;
    %cmp/u;
    %jmp/1 T_21.0, 6;
    %dup/vec4;
    %pushi/vec4 1, 0, 5;
    %cmp/u;
    %jmp/1 T_21.1, 6;
    %dup/vec4;
    %pushi/vec4 2, 0, 5;
    %cmp/u;
    %jmp/1 T_21.2, 6;
    %dup/vec4;
    %pushi/vec4 3, 0, 5;
    %cmp/u;
    %jmp/1 T_21.3, 6;
    %dup/vec4;
    %pushi/vec4 4, 0, 5;
    %cmp/u;
    %jmp/1 T_21.4, 6;
    %dup/vec4;
    %pushi/vec4 5, 0, 5;
    %cmp/u;
    %jmp/1 T_21.5, 6;
    %dup/vec4;
    %pushi/vec4 6, 0, 5;
    %cmp/u;
    %jmp/1 T_21.6, 6;
    %dup/vec4;
    %pushi/vec4 7, 0, 5;
    %cmp/u;
    %jmp/1 T_21.7, 6;
    %dup/vec4;
    %pushi/vec4 8, 0, 5;
    %cmp/u;
    %jmp/1 T_21.8, 6;
    %dup/vec4;
    %pushi/vec4 9, 0, 5;
    %cmp/u;
    %jmp/1 T_21.9, 6;
    %dup/vec4;
    %pushi/vec4 13, 0, 5;
    %cmp/u;
    %jmp/1 T_21.10, 6;
    %dup/vec4;
    %pushi/vec4 10, 0, 5;
    %cmp/u;
    %jmp/1 T_21.11, 6;
    %dup/vec4;
    %pushi/vec4 14, 0, 5;
    %cmp/u;
    %jmp/1 T_21.12, 6;
    %dup/vec4;
    %pushi/vec4 11, 0, 5;
    %cmp/u;
    %jmp/1 T_21.13, 6;
    %dup/vec4;
    %pushi/vec4 12, 0, 5;
    %cmp/u;
    %jmp/1 T_21.14, 6;
    %dup/vec4;
    %pushi/vec4 15, 0, 5;
    %cmp/u;
    %jmp/1 T_21.15, 6;
    %dup/vec4;
    %pushi/vec4 16, 0, 5;
    %cmp/u;
    %jmp/1 T_21.16, 6;
    %dup/vec4;
    %pushi/vec4 17, 0, 5;
    %cmp/u;
    %jmp/1 T_21.17, 6;
    %pushi/vec4 18, 0, 5;
    %store/vec4 v0x5ff418db1290_0, 0, 5;
    %jmp T_21.19;
T_21.0 ;
    %load/vec4 v0x5ff418db1f20_0;
    %flag_set/vec4 8;
    %jmp/0 T_21.20, 8;
    %pushi/vec4 1, 0, 5;
    %jmp/1 T_21.21, 8;
T_21.20 ; End of true expr.
    %pushi/vec4 0, 0, 5;
    %jmp/0 T_21.21, 8;
 ; End of false expr.
    %blend;
T_21.21;
    %store/vec4 v0x5ff418db1290_0, 0, 5;
    %jmp T_21.19;
T_21.1 ;
    %pushi/vec4 2, 0, 5;
    %store/vec4 v0x5ff418db1290_0, 0, 5;
    %jmp T_21.19;
T_21.2 ;
    %pushi/vec4 3, 0, 5;
    %store/vec4 v0x5ff418db1290_0, 0, 5;
    %jmp T_21.19;
T_21.3 ;
    %load/vec4 v0x5ff418db25d0_0;
    %flag_set/vec4 8;
    %jmp/0 T_21.22, 8;
    %pushi/vec4 4, 0, 5;
    %jmp/1 T_21.23, 8;
T_21.22 ; End of true expr.
    %pushi/vec4 3, 0, 5;
    %jmp/0 T_21.23, 8;
 ; End of false expr.
    %blend;
T_21.23;
    %store/vec4 v0x5ff418db1290_0, 0, 5;
    %jmp T_21.19;
T_21.4 ;
    %pushi/vec4 5, 0, 5;
    %store/vec4 v0x5ff418db1290_0, 0, 5;
    %jmp T_21.19;
T_21.5 ;
    %load/vec4 v0x5ff418db1d90_0;
    %flag_set/vec4 8;
    %jmp/0 T_21.24, 8;
    %pushi/vec4 16, 0, 5;
    %jmp/1 T_21.25, 8;
T_21.24 ; End of true expr.
    %pushi/vec4 6, 0, 5;
    %jmp/0 T_21.25, 8;
 ; End of false expr.
    %blend;
T_21.25;
    %store/vec4 v0x5ff418db1290_0, 0, 5;
    %jmp T_21.19;
T_21.6 ;
    %pushi/vec4 2, 0, 5;
    %store/vec4 v0x5ff418db1290_0, 0, 5;
    %jmp T_21.19;
T_21.7 ;
    %load/vec4 v0x5ff418db2490_0;
    %flag_set/vec4 9;
    %flag_get/vec4 9;
    %jmp/0 T_21.28, 9;
    %load/vec4 v0x5ff418db2530_0;
    %and;
T_21.28;
    %flag_set/vec4 8;
    %jmp/0xz  T_21.26, 8;
    %pushi/vec4 15, 0, 5;
    %store/vec4 v0x5ff418db1290_0, 0, 5;
    %jmp T_21.27;
T_21.26 ;
    %load/vec4 v0x5ff418db1fc0_0;
    %flag_set/vec4 8;
    %jmp/0 T_21.29, 8;
    %pushi/vec4 8, 0, 5;
    %jmp/1 T_21.30, 8;
T_21.29 ; End of true expr.
    %pushi/vec4 7, 0, 5;
    %jmp/0 T_21.30, 8;
 ; End of false expr.
    %blend;
T_21.30;
    %store/vec4 v0x5ff418db1290_0, 0, 5;
T_21.27 ;
    %jmp T_21.19;
T_21.8 ;
    %pushi/vec4 9, 0, 5;
    %store/vec4 v0x5ff418db1290_0, 0, 5;
    %jmp T_21.19;
T_21.9 ;
    %load/vec4 v0x5ff418db1e30_0;
    %nor/r;
    %flag_set/vec4 8;
    %jmp/0xz  T_21.31, 8;
    %pushi/vec4 12, 0, 5;
    %store/vec4 v0x5ff418db1290_0, 0, 5;
    %jmp T_21.32;
T_21.31 ;
    %load/vec4 v0x5ff418db1af0_0;
    %flag_set/vec4 8;
    %jmp/0xz  T_21.33, 8;
    %load/vec4 v0x5ff418db1ca0_0;
    %flag_set/vec4 8;
    %jmp/0 T_21.35, 8;
    %pushi/vec4 11, 0, 5;
    %jmp/1 T_21.36, 8;
T_21.35 ; End of true expr.
    %pushi/vec4 17, 0, 5;
    %jmp/0 T_21.36, 8;
 ; End of false expr.
    %blend;
T_21.36;
    %store/vec4 v0x5ff418db1290_0, 0, 5;
    %jmp T_21.34;
T_21.33 ;
    %pushi/vec4 10, 0, 5;
    %store/vec4 v0x5ff418db1290_0, 0, 5;
T_21.34 ;
T_21.32 ;
    %jmp T_21.19;
T_21.10 ;
    %load/vec4 v0x5ff418db1fc0_0;
    %flag_set/vec4 8;
    %jmp/0 T_21.37, 8;
    %pushi/vec4 14, 0, 5;
    %jmp/1 T_21.38, 8;
T_21.37 ; End of true expr.
    %pushi/vec4 13, 0, 5;
    %jmp/0 T_21.38, 8;
 ; End of false expr.
    %blend;
T_21.38;
    %store/vec4 v0x5ff418db1290_0, 0, 5;
    %jmp T_21.19;
T_21.11 ;
    %pushi/vec4 7, 0, 5;
    %store/vec4 v0x5ff418db1290_0, 0, 5;
    %jmp T_21.19;
T_21.12 ;
    %pushi/vec4 2, 0, 5;
    %store/vec4 v0x5ff418db1290_0, 0, 5;
    %jmp T_21.19;
T_21.13 ;
    %load/vec4 v0x5ff418db1f20_0;
    %flag_set/vec4 8;
    %jmp/0 T_21.39, 8;
    %pushi/vec4 1, 0, 5;
    %jmp/1 T_21.40, 8;
T_21.39 ; End of true expr.
    %pushi/vec4 11, 0, 5;
    %jmp/0 T_21.40, 8;
 ; End of false expr.
    %blend;
T_21.40;
    %store/vec4 v0x5ff418db1290_0, 0, 5;
    %jmp T_21.19;
T_21.14 ;
    %load/vec4 v0x5ff418db1f20_0;
    %flag_set/vec4 8;
    %jmp/0 T_21.41, 8;
    %pushi/vec4 1, 0, 5;
    %jmp/1 T_21.42, 8;
T_21.41 ; End of true expr.
    %pushi/vec4 12, 0, 5;
    %jmp/0 T_21.42, 8;
 ; End of false expr.
    %blend;
T_21.42;
    %store/vec4 v0x5ff418db1290_0, 0, 5;
    %jmp T_21.19;
T_21.15 ;
    %load/vec4 v0x5ff418db1f20_0;
    %flag_set/vec4 8;
    %jmp/0 T_21.43, 8;
    %pushi/vec4 1, 0, 5;
    %jmp/1 T_21.44, 8;
T_21.43 ; End of true expr.
    %pushi/vec4 15, 0, 5;
    %jmp/0 T_21.44, 8;
 ; End of false expr.
    %blend;
T_21.44;
    %store/vec4 v0x5ff418db1290_0, 0, 5;
    %jmp T_21.19;
T_21.16 ;
    %pushi/vec4 7, 0, 5;
    %store/vec4 v0x5ff418db1290_0, 0, 5;
    %jmp T_21.19;
T_21.17 ;
    %pushi/vec4 13, 0, 5;
    %store/vec4 v0x5ff418db1290_0, 0, 5;
    %jmp T_21.19;
T_21.19 ;
    %pop/vec4 1;
    %jmp T_21;
    .thread T_21, $push;
    .scope S_0x5ff418dafe90;
T_22 ;
    %wait E_0x5ff418db1090;
    %load/vec4 v0x5ff418db1190_0;
    %cmpi/e 1, 0, 5;
    %jmp/1 T_22.1, 4;
    %flag_mov 8, 4;
    %load/vec4 v0x5ff418db1190_0;
    %cmpi/e 14, 0, 5;
    %flag_or 4, 8;
T_22.1;
    %flag_get/vec4 4;
    %jmp/1 T_22.0, 4;
    %load/vec4 v0x5ff418db1190_0;
    %pushi/vec4 16, 0, 5;
    %cmp/e;
    %flag_get/vec4 4;
    %or;
T_22.0;
    %store/vec4 v0x5ff418db27b0_0, 0, 1;
    %load/vec4 v0x5ff418db1190_0;
    %cmpi/e 10, 0, 5;
    %jmp/1 T_22.3, 4;
    %flag_mov 8, 4;
    %load/vec4 v0x5ff418db1190_0;
    %cmpi/e 6, 0, 5;
    %flag_or 4, 8;
T_22.3;
    %flag_get/vec4 4;
    %jmp/1 T_22.2, 4;
    %load/vec4 v0x5ff418db1190_0;
    %pushi/vec4 17, 0, 5;
    %cmp/e;
    %flag_get/vec4 4;
    %or;
T_22.2;
    %store/vec4 v0x5ff418db1620_0, 0, 1;
    %load/vec4 v0x5ff418db1190_0;
    %pushi/vec4 1, 0, 5;
    %cmp/e;
    %flag_get/vec4 4;
    %store/vec4 v0x5ff418db2850_0, 0, 1;
    %load/vec4 v0x5ff418db1190_0;
    %pushi/vec4 14, 0, 5;
    %cmp/e;
    %flag_get/vec4 4;
    %store/vec4 v0x5ff418db1710_0, 0, 1;
    %load/vec4 v0x5ff418db1190_0;
    %cmpi/e 1, 0, 5;
    %flag_get/vec4 4;
    %jmp/1 T_22.4, 4;
    %load/vec4 v0x5ff418db1190_0;
    %pushi/vec4 14, 0, 5;
    %cmp/e;
    %flag_get/vec4 4;
    %or;
T_22.4;
    %store/vec4 v0x5ff418db26c0_0, 0, 1;
    %load/vec4 v0x5ff418db1190_0;
    %pushi/vec4 8, 0, 5;
    %cmp/e;
    %flag_get/vec4 4;
    %store/vec4 v0x5ff418db2300_0, 0, 1;
    %load/vec4 v0x5ff418db1190_0;
    %pushi/vec4 0, 0, 5;
    %cmp/e;
    %flag_get/vec4 4;
    %store/vec4 v0x5ff418db28f0_0, 0, 1;
    %load/vec4 v0x5ff418db1190_0;
    %pushi/vec4 1, 0, 5;
    %cmp/e;
    %flag_get/vec4 4;
    %store/vec4 v0x5ff418db2260_0, 0, 1;
    %load/vec4 v0x5ff418db1190_0;
    %cmpi/e 1, 0, 5;
    %jmp/1 T_22.7, 4;
    %flag_mov 8, 4;
    %load/vec4 v0x5ff418db1190_0;
    %cmpi/e 10, 0, 5;
    %flag_or 4, 8;
T_22.7;
    %jmp/1 T_22.6, 4;
    %flag_mov 8, 4;
    %load/vec4 v0x5ff418db1190_0;
    %cmpi/e 14, 0, 5;
    %flag_or 4, 8;
T_22.6;
    %flag_get/vec4 4;
    %jmp/1 T_22.5, 4;
    %load/vec4 v0x5ff418db1190_0;
    %pushi/vec4 0, 0, 5;
    %cmp/e;
    %flag_get/vec4 4;
    %or;
T_22.5;
    %store/vec4 v0x5ff418db2a80_0, 0, 1;
    %load/vec4 v0x5ff418db1190_0;
    %cmpi/e 7, 0, 5;
    %flag_get/vec4 4;
    %jmp/1 T_22.8, 4;
    %load/vec4 v0x5ff418db1190_0;
    %pushi/vec4 13, 0, 5;
    %cmp/e;
    %flag_get/vec4 4;
    %or;
T_22.8;
    %store/vec4 v0x5ff418db1a00_0, 0, 1;
    %load/vec4 v0x5ff418db1190_0;
    %pushi/vec4 11, 0, 5;
    %cmp/e;
    %flag_get/vec4 4;
    %store/vec4 v0x5ff418db1370_0, 0, 1;
    %load/vec4 v0x5ff418db1190_0;
    %cmpi/e 12, 0, 5;
    %flag_get/vec4 4;
    %jmp/1 T_22.9, 4;
    %load/vec4 v0x5ff418db1190_0;
    %pushi/vec4 15, 0, 5;
    %cmp/e;
    %flag_get/vec4 4;
    %or;
T_22.9;
    %store/vec4 v0x5ff418db1be0_0, 0, 1;
    %load/vec4 v0x5ff418db1190_0;
    %cmpi/e 15, 0, 5;
    %jmp/1 T_22.11, 4;
    %flag_mov 8, 4;
    %load/vec4 v0x5ff418db1190_0;
    %cmpi/e 11, 0, 5;
    %flag_or 4, 8;
T_22.11;
    %flag_get/vec4 4;
    %jmp/1 T_22.10, 4;
    %load/vec4 v0x5ff418db1190_0;
    %pushi/vec4 12, 0, 5;
    %cmp/e;
    %flag_get/vec4 4;
    %or;
T_22.10;
    %store/vec4 v0x5ff418db20b0_0, 0, 1;
    %load/vec4 v0x5ff418db1190_0;
    %pushi/vec4 13, 0, 5;
    %cmp/e;
    %flag_get/vec4 4;
    %store/vec4 v0x5ff418db2170_0, 0, 1;
    %load/vec4 v0x5ff418db1190_0;
    %cmpi/e 2, 0, 5;
    %flag_get/vec4 4;
    %jmp/1 T_22.12, 4;
    %load/vec4 v0x5ff418db1190_0;
    %pushi/vec4 4, 0, 5;
    %cmp/e;
    %flag_get/vec4 4;
    %or;
T_22.12;
    %store/vec4 v0x5ff418db2990_0, 0, 1;
    %load/vec4 v0x5ff418db1190_0;
    %cmpi/e 3, 0, 5;
    %flag_get/vec4 4;
    %jmp/1 T_22.13, 4;
    %load/vec4 v0x5ff418db1190_0;
    %pushi/vec4 5, 0, 5;
    %cmp/e;
    %flag_get/vec4 4;
    %or;
T_22.13;
    %store/vec4 v0x5ff418db1960_0, 0, 1;
    %load/vec4 v0x5ff418db1190_0;
    %pushi/vec4 3, 0, 5;
    %cmp/e;
    %flag_get/vec4 4;
    %store/vec4 v0x5ff418db14e0_0, 0, 1;
    %load/vec4 v0x5ff418db1190_0;
    %store/vec4 v0x5ff418db1800_0, 0, 5;
    %load/vec4 v0x5ff418db1190_0;
    %pushi/vec4 15, 0, 5;
    %cmp/e;
    %flag_get/vec4 4;
    %store/vec4 v0x5ff418db18c0_0, 0, 1;
    %jmp T_22;
    .thread T_22, $push;
    .scope S_0x5ff418d782e0;
T_23 ;
    %wait E_0x5ff418d16fd0;
    %load/vec4 v0x5ff418d5b240_0;
    %dup/vec4;
    %pushi/vec4 0, 0, 5;
    %cmp/u;
    %jmp/1 T_23.0, 6;
    %dup/vec4;
    %pushi/vec4 1, 0, 5;
    %cmp/u;
    %jmp/1 T_23.1, 6;
    %dup/vec4;
    %pushi/vec4 2, 0, 5;
    %cmp/u;
    %jmp/1 T_23.2, 6;
    %dup/vec4;
    %pushi/vec4 3, 0, 5;
    %cmp/u;
    %jmp/1 T_23.3, 6;
    %dup/vec4;
    %pushi/vec4 4, 0, 5;
    %cmp/u;
    %jmp/1 T_23.4, 6;
    %dup/vec4;
    %pushi/vec4 5, 0, 5;
    %cmp/u;
    %jmp/1 T_23.5, 6;
    %dup/vec4;
    %pushi/vec4 6, 0, 5;
    %cmp/u;
    %jmp/1 T_23.6, 6;
    %dup/vec4;
    %pushi/vec4 7, 0, 5;
    %cmp/u;
    %jmp/1 T_23.7, 6;
    %dup/vec4;
    %pushi/vec4 8, 0, 5;
    %cmp/u;
    %jmp/1 T_23.8, 6;
    %dup/vec4;
    %pushi/vec4 9, 0, 5;
    %cmp/u;
    %jmp/1 T_23.9, 6;
    %dup/vec4;
    %pushi/vec4 10, 0, 5;
    %cmp/u;
    %jmp/1 T_23.10, 6;
    %dup/vec4;
    %pushi/vec4 11, 0, 5;
    %cmp/u;
    %jmp/1 T_23.11, 6;
    %dup/vec4;
    %pushi/vec4 12, 0, 5;
    %cmp/u;
    %jmp/1 T_23.12, 6;
    %dup/vec4;
    %pushi/vec4 13, 0, 5;
    %cmp/u;
    %jmp/1 T_23.13, 6;
    %dup/vec4;
    %pushi/vec4 14, 0, 5;
    %cmp/u;
    %jmp/1 T_23.14, 6;
    %dup/vec4;
    %pushi/vec4 15, 0, 5;
    %cmp/u;
    %jmp/1 T_23.15, 6;
    %dup/vec4;
    %pushi/vec4 16, 0, 5;
    %cmp/u;
    %jmp/1 T_23.16, 6;
    %dup/vec4;
    %pushi/vec4 17, 0, 5;
    %cmp/u;
    %jmp/1 T_23.17, 6;
    %dup/vec4;
    %pushi/vec4 18, 0, 5;
    %cmp/u;
    %jmp/1 T_23.18, 6;
    %dup/vec4;
    %pushi/vec4 19, 0, 5;
    %cmp/u;
    %jmp/1 T_23.19, 6;
    %dup/vec4;
    %pushi/vec4 20, 0, 5;
    %cmp/u;
    %jmp/1 T_23.20, 6;
    %dup/vec4;
    %pushi/vec4 21, 0, 5;
    %cmp/u;
    %jmp/1 T_23.21, 6;
    %pushi/vec4 127, 0, 7;
    %store/vec4 v0x5ff418d5eec0_0, 0, 7;
    %jmp T_23.23;
T_23.0 ;
    %pushi/vec4 64, 0, 7;
    %store/vec4 v0x5ff418d5eec0_0, 0, 7;
    %jmp T_23.23;
T_23.1 ;
    %pushi/vec4 121, 0, 7;
    %store/vec4 v0x5ff418d5eec0_0, 0, 7;
    %jmp T_23.23;
T_23.2 ;
    %pushi/vec4 36, 0, 7;
    %store/vec4 v0x5ff418d5eec0_0, 0, 7;
    %jmp T_23.23;
T_23.3 ;
    %pushi/vec4 48, 0, 7;
    %store/vec4 v0x5ff418d5eec0_0, 0, 7;
    %jmp T_23.23;
T_23.4 ;
    %pushi/vec4 25, 0, 7;
    %store/vec4 v0x5ff418d5eec0_0, 0, 7;
    %jmp T_23.23;
T_23.5 ;
    %pushi/vec4 18, 0, 7;
    %store/vec4 v0x5ff418d5eec0_0, 0, 7;
    %jmp T_23.23;
T_23.6 ;
    %pushi/vec4 2, 0, 7;
    %store/vec4 v0x5ff418d5eec0_0, 0, 7;
    %jmp T_23.23;
T_23.7 ;
    %pushi/vec4 120, 0, 7;
    %store/vec4 v0x5ff418d5eec0_0, 0, 7;
    %jmp T_23.23;
T_23.8 ;
    %pushi/vec4 0, 0, 7;
    %store/vec4 v0x5ff418d5eec0_0, 0, 7;
    %jmp T_23.23;
T_23.9 ;
    %pushi/vec4 16, 0, 7;
    %store/vec4 v0x5ff418d5eec0_0, 0, 7;
    %jmp T_23.23;
T_23.10 ;
    %pushi/vec4 8, 0, 7;
    %store/vec4 v0x5ff418d5eec0_0, 0, 7;
    %jmp T_23.23;
T_23.11 ;
    %pushi/vec4 3, 0, 7;
    %store/vec4 v0x5ff418d5eec0_0, 0, 7;
    %jmp T_23.23;
T_23.12 ;
    %pushi/vec4 70, 0, 7;
    %store/vec4 v0x5ff418d5eec0_0, 0, 7;
    %jmp T_23.23;
T_23.13 ;
    %pushi/vec4 33, 0, 7;
    %store/vec4 v0x5ff418d5eec0_0, 0, 7;
    %jmp T_23.23;
T_23.14 ;
    %pushi/vec4 6, 0, 7;
    %store/vec4 v0x5ff418d5eec0_0, 0, 7;
    %jmp T_23.23;
T_23.15 ;
    %pushi/vec4 14, 0, 7;
    %store/vec4 v0x5ff418d5eec0_0, 0, 7;
    %jmp T_23.23;
T_23.16 ;
    %pushi/vec4 126, 0, 7;
    %store/vec4 v0x5ff418d5eec0_0, 0, 7;
    %jmp T_23.23;
T_23.17 ;
    %pushi/vec4 125, 0, 7;
    %store/vec4 v0x5ff418d5eec0_0, 0, 7;
    %jmp T_23.23;
T_23.18 ;
    %pushi/vec4 123, 0, 7;
    %store/vec4 v0x5ff418d5eec0_0, 0, 7;
    %jmp T_23.23;
T_23.19 ;
    %pushi/vec4 119, 0, 7;
    %store/vec4 v0x5ff418d5eec0_0, 0, 7;
    %jmp T_23.23;
T_23.20 ;
    %pushi/vec4 111, 0, 7;
    %store/vec4 v0x5ff418d5eec0_0, 0, 7;
    %jmp T_23.23;
T_23.21 ;
    %pushi/vec4 95, 0, 7;
    %store/vec4 v0x5ff418d5eec0_0, 0, 7;
    %jmp T_23.23;
T_23.23 ;
    %pop/vec4 1;
    %jmp T_23;
    .thread T_23, $push;
    .scope S_0x5ff418d78660;
T_24 ;
    %wait E_0x5ff418d17a80;
    %load/vec4 v0x5ff418da0c20_0;
    %dup/vec4;
    %pushi/vec4 0, 0, 5;
    %cmp/u;
    %jmp/1 T_24.0, 6;
    %dup/vec4;
    %pushi/vec4 1, 0, 5;
    %cmp/u;
    %jmp/1 T_24.1, 6;
    %dup/vec4;
    %pushi/vec4 2, 0, 5;
    %cmp/u;
    %jmp/1 T_24.2, 6;
    %dup/vec4;
    %pushi/vec4 3, 0, 5;
    %cmp/u;
    %jmp/1 T_24.3, 6;
    %dup/vec4;
    %pushi/vec4 4, 0, 5;
    %cmp/u;
    %jmp/1 T_24.4, 6;
    %dup/vec4;
    %pushi/vec4 5, 0, 5;
    %cmp/u;
    %jmp/1 T_24.5, 6;
    %dup/vec4;
    %pushi/vec4 6, 0, 5;
    %cmp/u;
    %jmp/1 T_24.6, 6;
    %dup/vec4;
    %pushi/vec4 7, 0, 5;
    %cmp/u;
    %jmp/1 T_24.7, 6;
    %dup/vec4;
    %pushi/vec4 8, 0, 5;
    %cmp/u;
    %jmp/1 T_24.8, 6;
    %dup/vec4;
    %pushi/vec4 9, 0, 5;
    %cmp/u;
    %jmp/1 T_24.9, 6;
    %dup/vec4;
    %pushi/vec4 10, 0, 5;
    %cmp/u;
    %jmp/1 T_24.10, 6;
    %dup/vec4;
    %pushi/vec4 11, 0, 5;
    %cmp/u;
    %jmp/1 T_24.11, 6;
    %dup/vec4;
    %pushi/vec4 12, 0, 5;
    %cmp/u;
    %jmp/1 T_24.12, 6;
    %dup/vec4;
    %pushi/vec4 13, 0, 5;
    %cmp/u;
    %jmp/1 T_24.13, 6;
    %dup/vec4;
    %pushi/vec4 14, 0, 5;
    %cmp/u;
    %jmp/1 T_24.14, 6;
    %dup/vec4;
    %pushi/vec4 15, 0, 5;
    %cmp/u;
    %jmp/1 T_24.15, 6;
    %dup/vec4;
    %pushi/vec4 16, 0, 5;
    %cmp/u;
    %jmp/1 T_24.16, 6;
    %dup/vec4;
    %pushi/vec4 17, 0, 5;
    %cmp/u;
    %jmp/1 T_24.17, 6;
    %dup/vec4;
    %pushi/vec4 18, 0, 5;
    %cmp/u;
    %jmp/1 T_24.18, 6;
    %dup/vec4;
    %pushi/vec4 19, 0, 5;
    %cmp/u;
    %jmp/1 T_24.19, 6;
    %dup/vec4;
    %pushi/vec4 20, 0, 5;
    %cmp/u;
    %jmp/1 T_24.20, 6;
    %dup/vec4;
    %pushi/vec4 21, 0, 5;
    %cmp/u;
    %jmp/1 T_24.21, 6;
    %pushi/vec4 127, 0, 7;
    %store/vec4 v0x5ff418d587d0_0, 0, 7;
    %jmp T_24.23;
T_24.0 ;
    %pushi/vec4 64, 0, 7;
    %store/vec4 v0x5ff418d587d0_0, 0, 7;
    %jmp T_24.23;
T_24.1 ;
    %pushi/vec4 121, 0, 7;
    %store/vec4 v0x5ff418d587d0_0, 0, 7;
    %jmp T_24.23;
T_24.2 ;
    %pushi/vec4 36, 0, 7;
    %store/vec4 v0x5ff418d587d0_0, 0, 7;
    %jmp T_24.23;
T_24.3 ;
    %pushi/vec4 48, 0, 7;
    %store/vec4 v0x5ff418d587d0_0, 0, 7;
    %jmp T_24.23;
T_24.4 ;
    %pushi/vec4 25, 0, 7;
    %store/vec4 v0x5ff418d587d0_0, 0, 7;
    %jmp T_24.23;
T_24.5 ;
    %pushi/vec4 18, 0, 7;
    %store/vec4 v0x5ff418d587d0_0, 0, 7;
    %jmp T_24.23;
T_24.6 ;
    %pushi/vec4 2, 0, 7;
    %store/vec4 v0x5ff418d587d0_0, 0, 7;
    %jmp T_24.23;
T_24.7 ;
    %pushi/vec4 120, 0, 7;
    %store/vec4 v0x5ff418d587d0_0, 0, 7;
    %jmp T_24.23;
T_24.8 ;
    %pushi/vec4 0, 0, 7;
    %store/vec4 v0x5ff418d587d0_0, 0, 7;
    %jmp T_24.23;
T_24.9 ;
    %pushi/vec4 16, 0, 7;
    %store/vec4 v0x5ff418d587d0_0, 0, 7;
    %jmp T_24.23;
T_24.10 ;
    %pushi/vec4 8, 0, 7;
    %store/vec4 v0x5ff418d587d0_0, 0, 7;
    %jmp T_24.23;
T_24.11 ;
    %pushi/vec4 3, 0, 7;
    %store/vec4 v0x5ff418d587d0_0, 0, 7;
    %jmp T_24.23;
T_24.12 ;
    %pushi/vec4 70, 0, 7;
    %store/vec4 v0x5ff418d587d0_0, 0, 7;
    %jmp T_24.23;
T_24.13 ;
    %pushi/vec4 33, 0, 7;
    %store/vec4 v0x5ff418d587d0_0, 0, 7;
    %jmp T_24.23;
T_24.14 ;
    %pushi/vec4 6, 0, 7;
    %store/vec4 v0x5ff418d587d0_0, 0, 7;
    %jmp T_24.23;
T_24.15 ;
    %pushi/vec4 14, 0, 7;
    %store/vec4 v0x5ff418d587d0_0, 0, 7;
    %jmp T_24.23;
T_24.16 ;
    %pushi/vec4 126, 0, 7;
    %store/vec4 v0x5ff418d587d0_0, 0, 7;
    %jmp T_24.23;
T_24.17 ;
    %pushi/vec4 125, 0, 7;
    %store/vec4 v0x5ff418d587d0_0, 0, 7;
    %jmp T_24.23;
T_24.18 ;
    %pushi/vec4 123, 0, 7;
    %store/vec4 v0x5ff418d587d0_0, 0, 7;
    %jmp T_24.23;
T_24.19 ;
    %pushi/vec4 119, 0, 7;
    %store/vec4 v0x5ff418d587d0_0, 0, 7;
    %jmp T_24.23;
T_24.20 ;
    %pushi/vec4 111, 0, 7;
    %store/vec4 v0x5ff418d587d0_0, 0, 7;
    %jmp T_24.23;
T_24.21 ;
    %pushi/vec4 95, 0, 7;
    %store/vec4 v0x5ff418d587d0_0, 0, 7;
    %jmp T_24.23;
T_24.23 ;
    %pop/vec4 1;
    %jmp T_24;
    .thread T_24, $push;
    .scope S_0x5ff418d789e0;
T_25 ;
    %wait E_0x5ff418da0db0;
    %load/vec4 v0x5ff418da0f10_0;
    %dup/vec4;
    %pushi/vec4 0, 0, 5;
    %cmp/u;
    %jmp/1 T_25.0, 6;
    %dup/vec4;
    %pushi/vec4 1, 0, 5;
    %cmp/u;
    %jmp/1 T_25.1, 6;
    %dup/vec4;
    %pushi/vec4 2, 0, 5;
    %cmp/u;
    %jmp/1 T_25.2, 6;
    %dup/vec4;
    %pushi/vec4 3, 0, 5;
    %cmp/u;
    %jmp/1 T_25.3, 6;
    %dup/vec4;
    %pushi/vec4 4, 0, 5;
    %cmp/u;
    %jmp/1 T_25.4, 6;
    %dup/vec4;
    %pushi/vec4 5, 0, 5;
    %cmp/u;
    %jmp/1 T_25.5, 6;
    %dup/vec4;
    %pushi/vec4 6, 0, 5;
    %cmp/u;
    %jmp/1 T_25.6, 6;
    %dup/vec4;
    %pushi/vec4 7, 0, 5;
    %cmp/u;
    %jmp/1 T_25.7, 6;
    %dup/vec4;
    %pushi/vec4 8, 0, 5;
    %cmp/u;
    %jmp/1 T_25.8, 6;
    %dup/vec4;
    %pushi/vec4 9, 0, 5;
    %cmp/u;
    %jmp/1 T_25.9, 6;
    %dup/vec4;
    %pushi/vec4 10, 0, 5;
    %cmp/u;
    %jmp/1 T_25.10, 6;
    %dup/vec4;
    %pushi/vec4 11, 0, 5;
    %cmp/u;
    %jmp/1 T_25.11, 6;
    %dup/vec4;
    %pushi/vec4 12, 0, 5;
    %cmp/u;
    %jmp/1 T_25.12, 6;
    %dup/vec4;
    %pushi/vec4 13, 0, 5;
    %cmp/u;
    %jmp/1 T_25.13, 6;
    %dup/vec4;
    %pushi/vec4 14, 0, 5;
    %cmp/u;
    %jmp/1 T_25.14, 6;
    %dup/vec4;
    %pushi/vec4 15, 0, 5;
    %cmp/u;
    %jmp/1 T_25.15, 6;
    %dup/vec4;
    %pushi/vec4 16, 0, 5;
    %cmp/u;
    %jmp/1 T_25.16, 6;
    %dup/vec4;
    %pushi/vec4 17, 0, 5;
    %cmp/u;
    %jmp/1 T_25.17, 6;
    %dup/vec4;
    %pushi/vec4 18, 0, 5;
    %cmp/u;
    %jmp/1 T_25.18, 6;
    %dup/vec4;
    %pushi/vec4 19, 0, 5;
    %cmp/u;
    %jmp/1 T_25.19, 6;
    %dup/vec4;
    %pushi/vec4 20, 0, 5;
    %cmp/u;
    %jmp/1 T_25.20, 6;
    %dup/vec4;
    %pushi/vec4 21, 0, 5;
    %cmp/u;
    %jmp/1 T_25.21, 6;
    %pushi/vec4 127, 0, 7;
    %store/vec4 v0x5ff418da0e10_0, 0, 7;
    %jmp T_25.23;
T_25.0 ;
    %pushi/vec4 64, 0, 7;
    %store/vec4 v0x5ff418da0e10_0, 0, 7;
    %jmp T_25.23;
T_25.1 ;
    %pushi/vec4 121, 0, 7;
    %store/vec4 v0x5ff418da0e10_0, 0, 7;
    %jmp T_25.23;
T_25.2 ;
    %pushi/vec4 36, 0, 7;
    %store/vec4 v0x5ff418da0e10_0, 0, 7;
    %jmp T_25.23;
T_25.3 ;
    %pushi/vec4 48, 0, 7;
    %store/vec4 v0x5ff418da0e10_0, 0, 7;
    %jmp T_25.23;
T_25.4 ;
    %pushi/vec4 25, 0, 7;
    %store/vec4 v0x5ff418da0e10_0, 0, 7;
    %jmp T_25.23;
T_25.5 ;
    %pushi/vec4 18, 0, 7;
    %store/vec4 v0x5ff418da0e10_0, 0, 7;
    %jmp T_25.23;
T_25.6 ;
    %pushi/vec4 2, 0, 7;
    %store/vec4 v0x5ff418da0e10_0, 0, 7;
    %jmp T_25.23;
T_25.7 ;
    %pushi/vec4 120, 0, 7;
    %store/vec4 v0x5ff418da0e10_0, 0, 7;
    %jmp T_25.23;
T_25.8 ;
    %pushi/vec4 0, 0, 7;
    %store/vec4 v0x5ff418da0e10_0, 0, 7;
    %jmp T_25.23;
T_25.9 ;
    %pushi/vec4 16, 0, 7;
    %store/vec4 v0x5ff418da0e10_0, 0, 7;
    %jmp T_25.23;
T_25.10 ;
    %pushi/vec4 8, 0, 7;
    %store/vec4 v0x5ff418da0e10_0, 0, 7;
    %jmp T_25.23;
T_25.11 ;
    %pushi/vec4 3, 0, 7;
    %store/vec4 v0x5ff418da0e10_0, 0, 7;
    %jmp T_25.23;
T_25.12 ;
    %pushi/vec4 70, 0, 7;
    %store/vec4 v0x5ff418da0e10_0, 0, 7;
    %jmp T_25.23;
T_25.13 ;
    %pushi/vec4 33, 0, 7;
    %store/vec4 v0x5ff418da0e10_0, 0, 7;
    %jmp T_25.23;
T_25.14 ;
    %pushi/vec4 6, 0, 7;
    %store/vec4 v0x5ff418da0e10_0, 0, 7;
    %jmp T_25.23;
T_25.15 ;
    %pushi/vec4 14, 0, 7;
    %store/vec4 v0x5ff418da0e10_0, 0, 7;
    %jmp T_25.23;
T_25.16 ;
    %pushi/vec4 126, 0, 7;
    %store/vec4 v0x5ff418da0e10_0, 0, 7;
    %jmp T_25.23;
T_25.17 ;
    %pushi/vec4 125, 0, 7;
    %store/vec4 v0x5ff418da0e10_0, 0, 7;
    %jmp T_25.23;
T_25.18 ;
    %pushi/vec4 123, 0, 7;
    %store/vec4 v0x5ff418da0e10_0, 0, 7;
    %jmp T_25.23;
T_25.19 ;
    %pushi/vec4 119, 0, 7;
    %store/vec4 v0x5ff418da0e10_0, 0, 7;
    %jmp T_25.23;
T_25.20 ;
    %pushi/vec4 111, 0, 7;
    %store/vec4 v0x5ff418da0e10_0, 0, 7;
    %jmp T_25.23;
T_25.21 ;
    %pushi/vec4 95, 0, 7;
    %store/vec4 v0x5ff418da0e10_0, 0, 7;
    %jmp T_25.23;
T_25.23 ;
    %pop/vec4 1;
    %jmp T_25;
    .thread T_25, $push;
    .scope S_0x5ff418d78d60;
T_26 ;
    %wait E_0x5ff418da10e0;
    %load/vec4 v0x5ff418da1260_0;
    %dup/vec4;
    %pushi/vec4 0, 0, 5;
    %cmp/u;
    %jmp/1 T_26.0, 6;
    %dup/vec4;
    %pushi/vec4 1, 0, 5;
    %cmp/u;
    %jmp/1 T_26.1, 6;
    %dup/vec4;
    %pushi/vec4 2, 0, 5;
    %cmp/u;
    %jmp/1 T_26.2, 6;
    %dup/vec4;
    %pushi/vec4 3, 0, 5;
    %cmp/u;
    %jmp/1 T_26.3, 6;
    %dup/vec4;
    %pushi/vec4 4, 0, 5;
    %cmp/u;
    %jmp/1 T_26.4, 6;
    %dup/vec4;
    %pushi/vec4 5, 0, 5;
    %cmp/u;
    %jmp/1 T_26.5, 6;
    %dup/vec4;
    %pushi/vec4 6, 0, 5;
    %cmp/u;
    %jmp/1 T_26.6, 6;
    %dup/vec4;
    %pushi/vec4 7, 0, 5;
    %cmp/u;
    %jmp/1 T_26.7, 6;
    %dup/vec4;
    %pushi/vec4 8, 0, 5;
    %cmp/u;
    %jmp/1 T_26.8, 6;
    %dup/vec4;
    %pushi/vec4 9, 0, 5;
    %cmp/u;
    %jmp/1 T_26.9, 6;
    %dup/vec4;
    %pushi/vec4 10, 0, 5;
    %cmp/u;
    %jmp/1 T_26.10, 6;
    %dup/vec4;
    %pushi/vec4 11, 0, 5;
    %cmp/u;
    %jmp/1 T_26.11, 6;
    %dup/vec4;
    %pushi/vec4 12, 0, 5;
    %cmp/u;
    %jmp/1 T_26.12, 6;
    %dup/vec4;
    %pushi/vec4 13, 0, 5;
    %cmp/u;
    %jmp/1 T_26.13, 6;
    %dup/vec4;
    %pushi/vec4 14, 0, 5;
    %cmp/u;
    %jmp/1 T_26.14, 6;
    %dup/vec4;
    %pushi/vec4 15, 0, 5;
    %cmp/u;
    %jmp/1 T_26.15, 6;
    %dup/vec4;
    %pushi/vec4 16, 0, 5;
    %cmp/u;
    %jmp/1 T_26.16, 6;
    %dup/vec4;
    %pushi/vec4 17, 0, 5;
    %cmp/u;
    %jmp/1 T_26.17, 6;
    %dup/vec4;
    %pushi/vec4 18, 0, 5;
    %cmp/u;
    %jmp/1 T_26.18, 6;
    %dup/vec4;
    %pushi/vec4 19, 0, 5;
    %cmp/u;
    %jmp/1 T_26.19, 6;
    %dup/vec4;
    %pushi/vec4 20, 0, 5;
    %cmp/u;
    %jmp/1 T_26.20, 6;
    %dup/vec4;
    %pushi/vec4 21, 0, 5;
    %cmp/u;
    %jmp/1 T_26.21, 6;
    %pushi/vec4 127, 0, 7;
    %store/vec4 v0x5ff418da1160_0, 0, 7;
    %jmp T_26.23;
T_26.0 ;
    %pushi/vec4 64, 0, 7;
    %store/vec4 v0x5ff418da1160_0, 0, 7;
    %jmp T_26.23;
T_26.1 ;
    %pushi/vec4 121, 0, 7;
    %store/vec4 v0x5ff418da1160_0, 0, 7;
    %jmp T_26.23;
T_26.2 ;
    %pushi/vec4 36, 0, 7;
    %store/vec4 v0x5ff418da1160_0, 0, 7;
    %jmp T_26.23;
T_26.3 ;
    %pushi/vec4 48, 0, 7;
    %store/vec4 v0x5ff418da1160_0, 0, 7;
    %jmp T_26.23;
T_26.4 ;
    %pushi/vec4 25, 0, 7;
    %store/vec4 v0x5ff418da1160_0, 0, 7;
    %jmp T_26.23;
T_26.5 ;
    %pushi/vec4 18, 0, 7;
    %store/vec4 v0x5ff418da1160_0, 0, 7;
    %jmp T_26.23;
T_26.6 ;
    %pushi/vec4 2, 0, 7;
    %store/vec4 v0x5ff418da1160_0, 0, 7;
    %jmp T_26.23;
T_26.7 ;
    %pushi/vec4 120, 0, 7;
    %store/vec4 v0x5ff418da1160_0, 0, 7;
    %jmp T_26.23;
T_26.8 ;
    %pushi/vec4 0, 0, 7;
    %store/vec4 v0x5ff418da1160_0, 0, 7;
    %jmp T_26.23;
T_26.9 ;
    %pushi/vec4 16, 0, 7;
    %store/vec4 v0x5ff418da1160_0, 0, 7;
    %jmp T_26.23;
T_26.10 ;
    %pushi/vec4 8, 0, 7;
    %store/vec4 v0x5ff418da1160_0, 0, 7;
    %jmp T_26.23;
T_26.11 ;
    %pushi/vec4 3, 0, 7;
    %store/vec4 v0x5ff418da1160_0, 0, 7;
    %jmp T_26.23;
T_26.12 ;
    %pushi/vec4 70, 0, 7;
    %store/vec4 v0x5ff418da1160_0, 0, 7;
    %jmp T_26.23;
T_26.13 ;
    %pushi/vec4 33, 0, 7;
    %store/vec4 v0x5ff418da1160_0, 0, 7;
    %jmp T_26.23;
T_26.14 ;
    %pushi/vec4 6, 0, 7;
    %store/vec4 v0x5ff418da1160_0, 0, 7;
    %jmp T_26.23;
T_26.15 ;
    %pushi/vec4 14, 0, 7;
    %store/vec4 v0x5ff418da1160_0, 0, 7;
    %jmp T_26.23;
T_26.16 ;
    %pushi/vec4 126, 0, 7;
    %store/vec4 v0x5ff418da1160_0, 0, 7;
    %jmp T_26.23;
T_26.17 ;
    %pushi/vec4 125, 0, 7;
    %store/vec4 v0x5ff418da1160_0, 0, 7;
    %jmp T_26.23;
T_26.18 ;
    %pushi/vec4 123, 0, 7;
    %store/vec4 v0x5ff418da1160_0, 0, 7;
    %jmp T_26.23;
T_26.19 ;
    %pushi/vec4 119, 0, 7;
    %store/vec4 v0x5ff418da1160_0, 0, 7;
    %jmp T_26.23;
T_26.20 ;
    %pushi/vec4 111, 0, 7;
    %store/vec4 v0x5ff418da1160_0, 0, 7;
    %jmp T_26.23;
T_26.21 ;
    %pushi/vec4 95, 0, 7;
    %store/vec4 v0x5ff418da1160_0, 0, 7;
    %jmp T_26.23;
T_26.23 ;
    %pop/vec4 1;
    %jmp T_26;
    .thread T_26, $push;
    .scope S_0x5ff418d8e860;
T_27 ;
    %wait E_0x5ff418da1480;
    %load/vec4 v0x5ff418da1600_0;
    %dup/vec4;
    %pushi/vec4 0, 0, 5;
    %cmp/u;
    %jmp/1 T_27.0, 6;
    %dup/vec4;
    %pushi/vec4 1, 0, 5;
    %cmp/u;
    %jmp/1 T_27.1, 6;
    %dup/vec4;
    %pushi/vec4 2, 0, 5;
    %cmp/u;
    %jmp/1 T_27.2, 6;
    %dup/vec4;
    %pushi/vec4 3, 0, 5;
    %cmp/u;
    %jmp/1 T_27.3, 6;
    %dup/vec4;
    %pushi/vec4 4, 0, 5;
    %cmp/u;
    %jmp/1 T_27.4, 6;
    %dup/vec4;
    %pushi/vec4 5, 0, 5;
    %cmp/u;
    %jmp/1 T_27.5, 6;
    %dup/vec4;
    %pushi/vec4 6, 0, 5;
    %cmp/u;
    %jmp/1 T_27.6, 6;
    %dup/vec4;
    %pushi/vec4 7, 0, 5;
    %cmp/u;
    %jmp/1 T_27.7, 6;
    %dup/vec4;
    %pushi/vec4 8, 0, 5;
    %cmp/u;
    %jmp/1 T_27.8, 6;
    %dup/vec4;
    %pushi/vec4 9, 0, 5;
    %cmp/u;
    %jmp/1 T_27.9, 6;
    %dup/vec4;
    %pushi/vec4 10, 0, 5;
    %cmp/u;
    %jmp/1 T_27.10, 6;
    %dup/vec4;
    %pushi/vec4 11, 0, 5;
    %cmp/u;
    %jmp/1 T_27.11, 6;
    %dup/vec4;
    %pushi/vec4 12, 0, 5;
    %cmp/u;
    %jmp/1 T_27.12, 6;
    %dup/vec4;
    %pushi/vec4 13, 0, 5;
    %cmp/u;
    %jmp/1 T_27.13, 6;
    %dup/vec4;
    %pushi/vec4 14, 0, 5;
    %cmp/u;
    %jmp/1 T_27.14, 6;
    %dup/vec4;
    %pushi/vec4 15, 0, 5;
    %cmp/u;
    %jmp/1 T_27.15, 6;
    %dup/vec4;
    %pushi/vec4 16, 0, 5;
    %cmp/u;
    %jmp/1 T_27.16, 6;
    %dup/vec4;
    %pushi/vec4 17, 0, 5;
    %cmp/u;
    %jmp/1 T_27.17, 6;
    %dup/vec4;
    %pushi/vec4 18, 0, 5;
    %cmp/u;
    %jmp/1 T_27.18, 6;
    %dup/vec4;
    %pushi/vec4 19, 0, 5;
    %cmp/u;
    %jmp/1 T_27.19, 6;
    %dup/vec4;
    %pushi/vec4 20, 0, 5;
    %cmp/u;
    %jmp/1 T_27.20, 6;
    %dup/vec4;
    %pushi/vec4 21, 0, 5;
    %cmp/u;
    %jmp/1 T_27.21, 6;
    %pushi/vec4 127, 0, 7;
    %store/vec4 v0x5ff418da1500_0, 0, 7;
    %jmp T_27.23;
T_27.0 ;
    %pushi/vec4 64, 0, 7;
    %store/vec4 v0x5ff418da1500_0, 0, 7;
    %jmp T_27.23;
T_27.1 ;
    %pushi/vec4 121, 0, 7;
    %store/vec4 v0x5ff418da1500_0, 0, 7;
    %jmp T_27.23;
T_27.2 ;
    %pushi/vec4 36, 0, 7;
    %store/vec4 v0x5ff418da1500_0, 0, 7;
    %jmp T_27.23;
T_27.3 ;
    %pushi/vec4 48, 0, 7;
    %store/vec4 v0x5ff418da1500_0, 0, 7;
    %jmp T_27.23;
T_27.4 ;
    %pushi/vec4 25, 0, 7;
    %store/vec4 v0x5ff418da1500_0, 0, 7;
    %jmp T_27.23;
T_27.5 ;
    %pushi/vec4 18, 0, 7;
    %store/vec4 v0x5ff418da1500_0, 0, 7;
    %jmp T_27.23;
T_27.6 ;
    %pushi/vec4 2, 0, 7;
    %store/vec4 v0x5ff418da1500_0, 0, 7;
    %jmp T_27.23;
T_27.7 ;
    %pushi/vec4 120, 0, 7;
    %store/vec4 v0x5ff418da1500_0, 0, 7;
    %jmp T_27.23;
T_27.8 ;
    %pushi/vec4 0, 0, 7;
    %store/vec4 v0x5ff418da1500_0, 0, 7;
    %jmp T_27.23;
T_27.9 ;
    %pushi/vec4 16, 0, 7;
    %store/vec4 v0x5ff418da1500_0, 0, 7;
    %jmp T_27.23;
T_27.10 ;
    %pushi/vec4 8, 0, 7;
    %store/vec4 v0x5ff418da1500_0, 0, 7;
    %jmp T_27.23;
T_27.11 ;
    %pushi/vec4 3, 0, 7;
    %store/vec4 v0x5ff418da1500_0, 0, 7;
    %jmp T_27.23;
T_27.12 ;
    %pushi/vec4 70, 0, 7;
    %store/vec4 v0x5ff418da1500_0, 0, 7;
    %jmp T_27.23;
T_27.13 ;
    %pushi/vec4 33, 0, 7;
    %store/vec4 v0x5ff418da1500_0, 0, 7;
    %jmp T_27.23;
T_27.14 ;
    %pushi/vec4 6, 0, 7;
    %store/vec4 v0x5ff418da1500_0, 0, 7;
    %jmp T_27.23;
T_27.15 ;
    %pushi/vec4 14, 0, 7;
    %store/vec4 v0x5ff418da1500_0, 0, 7;
    %jmp T_27.23;
T_27.16 ;
    %pushi/vec4 126, 0, 7;
    %store/vec4 v0x5ff418da1500_0, 0, 7;
    %jmp T_27.23;
T_27.17 ;
    %pushi/vec4 125, 0, 7;
    %store/vec4 v0x5ff418da1500_0, 0, 7;
    %jmp T_27.23;
T_27.18 ;
    %pushi/vec4 123, 0, 7;
    %store/vec4 v0x5ff418da1500_0, 0, 7;
    %jmp T_27.23;
T_27.19 ;
    %pushi/vec4 119, 0, 7;
    %store/vec4 v0x5ff418da1500_0, 0, 7;
    %jmp T_27.23;
T_27.20 ;
    %pushi/vec4 111, 0, 7;
    %store/vec4 v0x5ff418da1500_0, 0, 7;
    %jmp T_27.23;
T_27.21 ;
    %pushi/vec4 95, 0, 7;
    %store/vec4 v0x5ff418da1500_0, 0, 7;
    %jmp T_27.23;
T_27.23 ;
    %pop/vec4 1;
    %jmp T_27;
    .thread T_27, $push;
    .scope S_0x5ff418d8ef60;
T_28 ;
    %delay 50, 0;
    %load/vec4 v0x5ff418db65f0_0;
    %inv;
    %store/vec4 v0x5ff418db65f0_0, 0, 1;
    %jmp T_28;
    .thread T_28;
    .scope S_0x5ff418d8ef60;
T_29 ;
    %pushi/vec4 0, 0, 1;
    %store/vec4 v0x5ff418db65f0_0, 0, 1;
    %pushi/vec4 0, 0, 1;
    %store/vec4 v0x5ff418db7710_0, 0, 1;
    %pushi/vec4 0, 0, 1;
    %store/vec4 v0x5ff418db72b0_0, 0, 1;
    %pushi/vec4 0, 0, 4;
    %store/vec4 v0x5ff418db6480_0, 0, 4;
    %pushi/vec4 0, 0, 2;
    %store/vec4 v0x5ff418db66b0_0, 0, 2;
    %delay 1, 0;
    %pushi/vec4 1, 0, 1;
    %store/vec4 v0x5ff418db7710_0, 0, 1;
    %delay 4, 0;
    %pushi/vec4 0, 0, 1;
    %store/vec4 v0x5ff418db7710_0, 0, 1;
    %delay 4, 0;
    %vpi_call 3 46 "$display", ">>> CENARIO ii: Derrota por Timeout (Modo 11)" {0 0 0};
    %pushi/vec4 3, 0, 2;
    %store/vec4 v0x5ff418db66b0_0, 0, 2;
    %pushi/vec4 1, 0, 1;
    %store/vec4 v0x5ff418db72b0_0, 0, 1;
    %delay 100, 0;
    %pushi/vec4 0, 0, 1;
    %store/vec4 v0x5ff418db72b0_0, 0, 1;
    %vpi_call 3 52 "$display", "Aguardando LEDs..." {0 0 0};
    %pushi/vec4 1, 0, 32;
    %store/vec4 v0x5ff418db63a0_0, 0, 32;
    %fork TD_tb_cenario_ii.wait_leds, S_0x5ff418db6110;
    %join;
    %vpi_call 3 55 "$display", "Esperando timeout ocorrer..." {0 0 0};
    %pushi/vec4 0, 0, 32;
    %store/vec4 v0x5ff418db78a0_0, 0, 32;
T_29.0 ;
    %load/vec4 v0x5ff418db77b0_0;
    %flag_set/vec4 10;
    %flag_get/vec4 10;
    %jmp/1 T_29.3, 10;
    %load/vec4 v0x5ff418db1190_0;
    %pushi/vec4 15, 0, 5;
    %cmp/e;
    %flag_get/vec4 4;
    %or;
T_29.3;
    %nor/r;
    %flag_set/vec4 9;
    %flag_get/vec4 9;
    %jmp/0 T_29.2, 9;
    %load/vec4 v0x5ff418db78a0_0;
    %cmpi/s 10000, 0, 32;
    %flag_get/vec4 5;
    %and;
T_29.2;
    %flag_set/vec4 8;
    %jmp/0xz T_29.1, 8;
    %delay 100, 0;
    %load/vec4 v0x5ff418db78a0_0;
    %addi 1, 0, 32;
    %store/vec4 v0x5ff418db78a0_0, 0, 32;
    %jmp T_29.0;
T_29.1 ;
    %load/vec4 v0x5ff418db7530_0;
    %flag_set/vec4 8;
    %jmp/1 T_29.6, 8;
    %load/vec4 v0x5ff418db77b0_0;
    %flag_set/vec4 9;
    %flag_or 8, 9;
T_29.6;
    %jmp/0xz  T_29.4, 8;
    %vpi_call 3 63 "$display", ">>> Timeout detectado com sucesso!" {0 0 0};
    %jmp T_29.5;
T_29.4 ;
    %vpi_call 3 64 "$display", ">>> FALHA: Nao detectou timeout." {0 0 0};
T_29.5 ;
    %vpi_call 3 66 "$stop" {0 0 0};
    %end;
    .thread T_29;
# The file index is used to find the file name in the following table.
:file_names 17;
    "N/A";
    "<interactive>";
    "mux2x1.v";
    "tb_cenario_ii.v";
    "jogo_desafio_memoria.v";
    "hexa7seg.v";
    "fluxo_dados.v";
    "comparador_85.v";
    "contador_163.v";
    "contador_m.v";
    "cores_rgb.v";
    "edge_detector.v";
    "sync_ram_16x4_file.v";
    "mux2x1_n.v";
    "registrador_1.v";
    "registrador_4.v";
    "unidade_controle.v";
