#! /usr/bin/vvp
:ivl_version "12.0 (stable)";
:ivl_delay_selection "TYPICAL";
:vpi_time_precision - 6;
:vpi_module "/usr/lib/x86_64-linux-gnu/ivl/system.vpi";
:vpi_module "/usr/lib/x86_64-linux-gnu/ivl/vhdl_sys.vpi";
:vpi_module "/usr/lib/x86_64-linux-gnu/ivl/vhdl_textio.vpi";
:vpi_module "/usr/lib/x86_64-linux-gnu/ivl/v2005_math.vpi";
:vpi_module "/usr/lib/x86_64-linux-gnu/ivl/va_math.vpi";
S_0x5f5d648cea00 .scope module, "mux2x1" "mux2x1" 2 18;
 .timescale 0 0;
    .port_info 0 /INPUT 1 "D0";
    .port_info 1 /INPUT 1 "D1";
    .port_info 2 /INPUT 1 "SEL";
    .port_info 3 /OUTPUT 1 "OUT";
o0x7dca8f5cf018 .functor BUFZ 1, C4<z>; HiZ drive
v0x5f5d649762a0_0 .net "D0", 0 0, o0x7dca8f5cf018;  0 drivers
o0x7dca8f5cf048 .functor BUFZ 1, C4<z>; HiZ drive
v0x5f5d6496e300_0 .net "D1", 0 0, o0x7dca8f5cf048;  0 drivers
v0x5f5d6496b890_0 .var "OUT", 0 0;
o0x7dca8f5cf0a8 .functor BUFZ 1, C4<z>; HiZ drive
v0x5f5d64967c70_0 .net "SEL", 0 0, o0x7dca8f5cf0a8;  0 drivers
E_0x5f5d64912160 .event anyedge, v0x5f5d64967c70_0, v0x5f5d649762a0_0, v0x5f5d6496e300_0;
S_0x5f5d64995150 .scope module, "tb_cenario_iii" "tb_cenario_iii" 3 3;
 .timescale -3 -6;
v0x5f5d649bdcc0_0 .var "botoes", 3 0;
v0x5f5d649bde30_0 .var "clock", 0 0;
v0x5f5d649bdef0_0 .var "configuracao", 1 0;
v0x5f5d649bdfc0_0 .net "db_clock", 0 0, L_0x5f5d649c4b90;  1 drivers
v0x5f5d649be060_0 .net "db_configuracao", 0 0, L_0x5f5d649c3b00;  1 drivers
v0x5f5d649be1a0_0 .net "db_contagem", 6 0, L_0x5f5d649c4430;  1 drivers
v0x5f5d649be240_0 .net "db_enderecoIgualLimite", 0 0, L_0x5f5d649c49c0;  1 drivers
v0x5f5d649be2e0_0 .net "db_escrita", 0 0, L_0x5f5d649c3be0;  1 drivers
v0x5f5d649be3d0_0 .net "db_estado", 6 0, L_0x5f5d649c4870;  1 drivers
v0x5f5d649be500_0 .net "db_igual", 0 0, L_0x5f5d649c4a80;  1 drivers
v0x5f5d649be5d0_0 .net "db_iniciar", 0 0, L_0x5f5d649c4370;  1 drivers
v0x5f5d649be6a0_0 .net "db_jogadafeita", 6 0, L_0x5f5d649c4650;  1 drivers
v0x5f5d649be770_0 .net "db_limite_rodada", 6 0, L_0x5f5d649c4760;  1 drivers
v0x5f5d649be840_0 .net "db_memoria", 6 0, L_0x5f5d649c4540;  1 drivers
v0x5f5d649be910_0 .net "db_modo", 0 0, L_0x5f5d649c4c50;  1 drivers
v0x5f5d649be9e0_0 .net "db_timeout", 0 0, L_0x5f5d649c4d70;  1 drivers
v0x5f5d649beab0_0 .net "ganhou", 0 0, v0x5f5d649b8470_0;  1 drivers
v0x5f5d649beb50_0 .var "jogar", 0 0;
v0x5f5d649bec40_0 .var/i "k", 31 0;
v0x5f5d649bece0_0 .net "leds", 3 0, L_0x5f5d649c3520;  1 drivers
v0x5f5d649bedd0_0 .net "leds_rgb", 2 0, v0x5f5d649b27c0_0;  1 drivers
v0x5f5d649bee70_0 .net "perdeu", 0 0, v0x5f5d649b8ce0_0;  1 drivers
v0x5f5d649bef60_0 .net "pronto", 0 0, v0x5f5d649b91b0_0;  1 drivers
v0x5f5d649bf050_0 .var "reset", 0 0;
v0x5f5d649bf0f0 .array "sequencia", 15 0, 3 0;
v0x5f5d649bf190_0 .net "timeout", 0 0, v0x5f5d649b89c0_0;  1 drivers
E_0x5f5d64912580 .event anyedge, v0x5f5d649b8470_0;
S_0x5f5d6497e2a0 .scope module, "dut" "jogo_desafio_memoria" 3 16, 4 18 0, S_0x5f5d64995150;
 .timescale 0 0;
    .port_info 0 /INPUT 1 "clock";
    .port_info 1 /INPUT 1 "reset";
    .port_info 2 /INPUT 1 "jogar";
    .port_info 3 /INPUT 2 "configuracao";
    .port_info 4 /INPUT 4 "botoes";
    .port_info 5 /OUTPUT 3 "leds_rgb";
    .port_info 6 /OUTPUT 1 "ganhou";
    .port_info 7 /OUTPUT 1 "perdeu";
    .port_info 8 /OUTPUT 1 "pronto";
    .port_info 9 /OUTPUT 1 "timeout";
    .port_info 10 /OUTPUT 4 "leds";
    .port_info 11 /OUTPUT 1 "db_igual";
    .port_info 12 /OUTPUT 7 "db_contagem";
    .port_info 13 /OUTPUT 7 "db_memoria";
    .port_info 14 /OUTPUT 7 "db_estado";
    .port_info 15 /OUTPUT 7 "db_jogadafeita";
    .port_info 16 /OUTPUT 1 "db_clock";
    .port_info 17 /OUTPUT 1 "db_iniciar";
    .port_info 18 /OUTPUT 1 "db_enderecoIgualLimite";
    .port_info 19 /OUTPUT 1 "db_timeout";
    .port_info 20 /OUTPUT 1 "db_modo";
    .port_info 21 /OUTPUT 1 "db_configuracao";
    .port_info 22 /OUTPUT 1 "db_escrita";
    .port_info 23 /OUTPUT 7 "db_limite_rodada";
L_0x5f5d649c4370 .functor BUFZ 1, v0x5f5d649beb50_0, C4<0>, C4<0>, C4<0>;
L_0x5f5d649c4430 .functor BUFZ 7, v0x5f5d64965200_0, C4<0000000>, C4<0000000>, C4<0000000>;
L_0x5f5d649c4540 .functor BUFZ 7, v0x5f5d6495eb10_0, C4<0000000>, C4<0000000>, C4<0000000>;
L_0x5f5d649c4650 .functor BUFZ 7, v0x5f5d649a7f10_0, C4<0000000>, C4<0000000>, C4<0000000>;
L_0x5f5d649c4760 .functor BUFZ 7, v0x5f5d649a8260_0, C4<0000000>, C4<0000000>, C4<0000000>;
L_0x5f5d649c4870 .functor BUFZ 7, v0x5f5d649a8600_0, C4<0000000>, C4<0000000>, C4<0000000>;
L_0x5f5d649c49c0 .functor BUFZ 1, L_0x5f5d649c07e0, C4<0>, C4<0>, C4<0>;
L_0x5f5d649c4a80 .functor BUFZ 1, L_0x5f5d649c2b70, C4<0>, C4<0>, C4<0>;
L_0x5f5d649c4b90 .functor BUFZ 1, v0x5f5d649bde30_0, C4<0>, C4<0>, C4<0>;
L_0x5f5d649c4c50 .functor BUFZ 1, L_0x5f5d649c3a90, C4<0>, C4<0>, C4<0>;
L_0x5f5d649c4d70 .functor BUFZ 1, v0x5f5d649b89c0_0, C4<0>, C4<0>, C4<0>;
L_0x7dca8f586918 .functor BUFT 1, C4<0>, C4<0>, C4<0>, C4<0>;
v0x5f5d649b9fd0_0 .net/2u *"_ivl_0", 0 0, L_0x7dca8f586918;  1 drivers
L_0x7dca8f5869f0 .functor BUFT 1, C4<0>, C4<0>, C4<0>, C4<0>;
v0x5f5d649ba0d0_0 .net/2u *"_ivl_12", 0 0, L_0x7dca8f5869f0;  1 drivers
L_0x7dca8f586960 .functor BUFT 1, C4<0>, C4<0>, C4<0>, C4<0>;
v0x5f5d649ba1b0_0 .net/2u *"_ivl_4", 0 0, L_0x7dca8f586960;  1 drivers
L_0x7dca8f5869a8 .functor BUFT 1, C4<0>, C4<0>, C4<0>, C4<0>;
v0x5f5d649ba270_0 .net/2u *"_ivl_8", 0 0, L_0x7dca8f5869a8;  1 drivers
v0x5f5d649ba350_0 .net "botoes", 3 0, v0x5f5d649bdcc0_0;  1 drivers
v0x5f5d649ba460_0 .net "clock", 0 0, v0x5f5d649bde30_0;  1 drivers
v0x5f5d649ba500_0 .net "conf_leds", 0 0, v0x5f5d649b85e0_0;  1 drivers
v0x5f5d649ba5a0_0 .net "configuracao", 1 0, v0x5f5d649bdef0_0;  1 drivers
v0x5f5d649ba660_0 .net "conta_endereco", 0 0, v0x5f5d649b8720_0;  1 drivers
v0x5f5d649ba700_0 .net "conta_limite", 0 0, v0x5f5d649b8810_0;  1 drivers
v0x5f5d649ba7a0_0 .net "db_clock", 0 0, L_0x5f5d649c4b90;  alias, 1 drivers
v0x5f5d649ba840_0 .net "db_configuracao", 0 0, L_0x5f5d649c3b00;  alias, 1 drivers
v0x5f5d649ba8e0_0 .net "db_contagem", 6 0, L_0x5f5d649c4430;  alias, 1 drivers
v0x5f5d649ba9a0_0 .net "db_enderecoIgualLimite", 0 0, L_0x5f5d649c49c0;  alias, 1 drivers
v0x5f5d649baa60_0 .net "db_escrita", 0 0, L_0x5f5d649c3be0;  alias, 1 drivers
v0x5f5d649bab00_0 .net "db_estado", 6 0, L_0x5f5d649c4870;  alias, 1 drivers
v0x5f5d649babc0_0 .net "db_igual", 0 0, L_0x5f5d649c4a80;  alias, 1 drivers
v0x5f5d649bad90_0 .net "db_iniciar", 0 0, L_0x5f5d649c4370;  alias, 1 drivers
v0x5f5d649bae50_0 .net "db_jogadafeita", 6 0, L_0x5f5d649c4650;  alias, 1 drivers
v0x5f5d649baf30_0 .net "db_limite_rodada", 6 0, L_0x5f5d649c4760;  alias, 1 drivers
v0x5f5d649bb010_0 .net "db_memoria", 6 0, L_0x5f5d649c4540;  alias, 1 drivers
v0x5f5d649bb0f0_0 .net "db_modo", 0 0, L_0x5f5d649c4c50;  alias, 1 drivers
v0x5f5d649bb1b0_0 .net "db_timeout", 0 0, L_0x5f5d649c4d70;  alias, 1 drivers
v0x5f5d649bb270_0 .net "enable_led", 0 0, v0x5f5d649b8a60_0;  1 drivers
v0x5f5d649bb310_0 .net "enable_timeout", 0 0, v0x5f5d649b8b00_0;  1 drivers
v0x5f5d649bb3b0_0 .net "enderecoIgualLimite", 0 0, L_0x5f5d649c07e0;  1 drivers
v0x5f5d649bb450_0 .net "fim_jogo", 0 0, L_0x5f5d649c1990;  1 drivers
v0x5f5d649bb4f0_0 .net "fim_sequencia", 0 0, L_0x5f5d649c3ce0;  1 drivers
v0x5f5d649bb590_0 .net "ganhou", 0 0, v0x5f5d649b8470_0;  alias, 1 drivers
v0x5f5d649bb630_0 .net "hexa0", 6 0, v0x5f5d64965200_0;  1 drivers
v0x5f5d649bb6d0_0 .net "hexa1", 6 0, v0x5f5d6495eb10_0;  1 drivers
v0x5f5d649bb770_0 .net "hexa2", 6 0, v0x5f5d649a7f10_0;  1 drivers
v0x5f5d649bb810_0 .net "hexa3", 6 0, v0x5f5d649a8260_0;  1 drivers
v0x5f5d649bbac0_0 .net "hexa5", 6 0, v0x5f5d649a8600_0;  1 drivers
v0x5f5d649bbb60_0 .net "igual", 0 0, L_0x5f5d649c2b70;  1 drivers
v0x5f5d649bbc00_0 .net "jogada_feita", 0 0, L_0x5f5d649c2dc0;  1 drivers
v0x5f5d649bbca0_0 .net "jogar", 0 0, v0x5f5d649beb50_0;  1 drivers
v0x5f5d649bbd40_0 .net "leds", 3 0, L_0x5f5d649c3520;  alias, 1 drivers
v0x5f5d649bbde0_0 .net "leds_rgb", 2 0, v0x5f5d649b27c0_0;  alias, 1 drivers
v0x5f5d649bbed0_0 .net "perdeu", 0 0, v0x5f5d649b8ce0_0;  alias, 1 drivers
v0x5f5d649bbf70_0 .net "pronto", 0 0, v0x5f5d649b91b0_0;  alias, 1 drivers
v0x5f5d649bc010_0 .net "registraR", 0 0, v0x5f5d649b9400_0;  1 drivers
v0x5f5d649bc0b0_0 .net "registra_jogada", 0 0, v0x5f5d649b9270_0;  1 drivers
v0x5f5d649bc150_0 .net "registra_modo", 0 0, v0x5f5d649b9360_0;  1 drivers
v0x5f5d649bc1f0_0 .net "reset", 0 0, v0x5f5d649bf050_0;  1 drivers
v0x5f5d649bc290_0 .net "s_contagem", 3 0, L_0x5f5d649c36e0;  1 drivers
v0x5f5d649bc330_0 .net "s_estado", 4 0, v0x5f5d649b8900_0;  1 drivers
v0x5f5d649bc3d0_0 .net "s_jogada", 3 0, L_0x5f5d649c37a0;  1 drivers
v0x5f5d649bc470_0 .net "s_limite", 3 0, L_0x5f5d649c3970;  1 drivers
v0x5f5d649bc540_0 .net "s_memoria", 3 0, L_0x5f5d649c38b0;  1 drivers
v0x5f5d649bc610_0 .net "s_modo", 0 0, L_0x5f5d649c3a90;  1 drivers
v0x5f5d649bc6e0_0 .net "s_pulso_timeout", 0 0, v0x5f5d649b04a0_0;  1 drivers
v0x5f5d649bc780_0 .net "s_timeout_habilitado", 0 0, L_0x5f5d649c3b70;  1 drivers
v0x5f5d649bc870_0 .net "tem_jogada", 0 0, L_0x5f5d649678c0;  1 drivers
v0x5f5d649bc910_0 .net "timeout", 0 0, v0x5f5d649b89c0_0;  alias, 1 drivers
v0x5f5d649bc9e0_0 .net "timeout_led", 0 0, v0x5f5d649af9e0_0;  1 drivers
v0x5f5d649bca80_0 .net "zeraR", 0 0, v0x5f5d649b97c0_0;  1 drivers
v0x5f5d649bcb20_0 .net "zera_endereco", 0 0, v0x5f5d649b98b0_0;  1 drivers
v0x5f5d649bcc10_0 .net "zera_limite", 0 0, v0x5f5d649b9950_0;  1 drivers
v0x5f5d649bcd00_0 .net "zera_modo", 0 0, v0x5f5d649b99f0_0;  1 drivers
v0x5f5d649bcda0_0 .net "zera_s_led", 0 0, v0x5f5d649b9a90_0;  1 drivers
v0x5f5d649bce40_0 .net "zera_s_timeout", 0 0, v0x5f5d649b9b80_0;  1 drivers
L_0x5f5d649c4070 .concat [ 4 1 0 0], L_0x5f5d649c36e0, L_0x7dca8f586918;
L_0x5f5d649c4110 .concat [ 4 1 0 0], L_0x5f5d649c38b0, L_0x7dca8f586960;
L_0x5f5d649c41b0 .concat [ 4 1 0 0], L_0x5f5d649c37a0, L_0x7dca8f5869a8;
L_0x5f5d649c4250 .concat [ 4 1 0 0], L_0x5f5d649c3970, L_0x7dca8f5869f0;
S_0x5f5d6497e620 .scope module, "HEX0" "hexa7seg" 4 139, 5 23 0, S_0x5f5d6497e2a0;
 .timescale 0 0;
    .port_info 0 /INPUT 5 "hexa";
    .port_info 1 /OUTPUT 7 "display";
v0x5f5d64965200_0 .var "display", 6 0;
v0x5f5d64961580_0 .net "hexa", 4 0, L_0x5f5d649c4070;  1 drivers
E_0x5f5d64912c20 .event anyedge, v0x5f5d64961580_0;
S_0x5f5d6497e9a0 .scope module, "HEX1" "hexa7seg" 4 140, 5 23 0, S_0x5f5d6497e2a0;
 .timescale 0 0;
    .port_info 0 /INPUT 5 "hexa";
    .port_info 1 /OUTPUT 7 "display";
v0x5f5d6495eb10_0 .var "display", 6 0;
v0x5f5d649a7ce0_0 .net "hexa", 4 0, L_0x5f5d649c4110;  1 drivers
E_0x5f5d648c67d0 .event anyedge, v0x5f5d649a7ce0_0;
S_0x5f5d6497ed20 .scope module, "HEX2" "hexa7seg" 4 141, 5 23 0, S_0x5f5d6497e2a0;
 .timescale 0 0;
    .port_info 0 /INPUT 5 "hexa";
    .port_info 1 /OUTPUT 7 "display";
v0x5f5d649a7f10_0 .var "display", 6 0;
v0x5f5d649a8010_0 .net "hexa", 4 0, L_0x5f5d649c41b0;  1 drivers
E_0x5f5d649a7eb0 .event anyedge, v0x5f5d649a8010_0;
S_0x5f5d6497f0a0 .scope module, "HEX3" "hexa7seg" 4 142, 5 23 0, S_0x5f5d6497e2a0;
 .timescale 0 0;
    .port_info 0 /INPUT 5 "hexa";
    .port_info 1 /OUTPUT 7 "display";
v0x5f5d649a8260_0 .var "display", 6 0;
v0x5f5d649a8360_0 .net "hexa", 4 0, L_0x5f5d649c4250;  1 drivers
E_0x5f5d649a81e0 .event anyedge, v0x5f5d649a8360_0;
S_0x5f5d64994a50 .scope module, "HEX5" "hexa7seg" 4 143, 5 23 0, S_0x5f5d6497e2a0;
 .timescale 0 0;
    .port_info 0 /INPUT 5 "hexa";
    .port_info 1 /OUTPUT 7 "display";
v0x5f5d649a8600_0 .var "display", 6 0;
v0x5f5d649a8700_0 .net "hexa", 4 0, v0x5f5d649b8900_0;  alias, 1 drivers
E_0x5f5d649a8580 .event anyedge, v0x5f5d649a8700_0;
S_0x5f5d64994dd0 .scope module, "fluxo_dados" "fluxo_dados" 4 66, 6 8 0, S_0x5f5d6497e2a0;
 .timescale 0 0;
    .port_info 0 /INPUT 1 "clock";
    .port_info 1 /INPUT 1 "reset";
    .port_info 2 /INPUT 1 "zera_endereco";
    .port_info 3 /INPUT 1 "conta_endereco";
    .port_info 4 /INPUT 1 "zera_limite";
    .port_info 5 /INPUT 1 "conta_limite";
    .port_info 6 /INPUT 1 "zeraR";
    .port_info 7 /INPUT 1 "registrarR";
    .port_info 8 /INPUT 1 "zera_s_timeout";
    .port_info 9 /INPUT 1 "enable_timeout";
    .port_info 10 /INPUT 1 "registra_modo";
    .port_info 11 /INPUT 1 "zera_modo";
    .port_info 12 /INPUT 1 "conf_leds";
    .port_info 13 /INPUT 1 "registra_jogada";
    .port_info 14 /INPUT 1 "zera_s_led";
    .port_info 15 /INPUT 1 "enable_led";
    .port_info 16 /INPUT 4 "botoes";
    .port_info 17 /INPUT 2 "configuracao";
    .port_info 18 /OUTPUT 1 "igual";
    .port_info 19 /OUTPUT 1 "fim_jogo";
    .port_info 20 /OUTPUT 1 "enderecoIgualLimite";
    .port_info 21 /OUTPUT 1 "jogada_feita";
    .port_info 22 /OUTPUT 1 "timeout";
    .port_info 23 /OUTPUT 1 "timeout_led";
    .port_info 24 /OUTPUT 1 "fim_sequencia";
    .port_info 25 /OUTPUT 1 "timeout_habilitado";
    .port_info 26 /OUTPUT 3 "rgb";
    .port_info 27 /OUTPUT 4 "leds";
    .port_info 28 /OUTPUT 1 "db_tem_jogada";
    .port_info 29 /OUTPUT 1 "db_enable_timeout";
    .port_info 30 /OUTPUT 4 "db_contagem";
    .port_info 31 /OUTPUT 4 "db_memoria";
    .port_info 32 /OUTPUT 4 "db_limite";
    .port_info 33 /OUTPUT 4 "db_jogada";
    .port_info 34 /OUTPUT 1 "db_modo";
    .port_info 35 /OUTPUT 1 "db_configuracao";
    .port_info 36 /OUTPUT 1 "db_escrita";
L_0x5f5d649678c0 .functor BUFZ 1, L_0x5f5d649bf280, C4<0>, C4<0>, C4<0>;
L_0x5f5d64964e50 .functor BUFZ 1, v0x5f5d649b8b00_0, C4<0>, C4<0>, C4<0>;
L_0x7dca8f586018 .functor BUFT 1, C4<0>, C4<0>, C4<0>, C4<0>;
L_0x5f5d649bf620 .functor XNOR 1, v0x5f5d649b2d40_0, L_0x7dca8f586018, C4<0>, C4<0>;
L_0x5f5d649c2ec0 .functor NOT 1, v0x5f5d649b98b0_0, C4<0>, C4<0>, C4<0>;
L_0x5f5d649c3020 .functor NOT 1, v0x5f5d649b9950_0, C4<0>, C4<0>, C4<0>;
L_0x5f5d649c3520 .functor BUFZ 4, L_0x5f5d649c3460, C4<0000>, C4<0000>, C4<0000>;
L_0x5f5d649c36e0 .functor BUFZ 4, v0x5f5d649aeca0_0, C4<0000>, C4<0000>, C4<0000>;
L_0x5f5d649c37a0 .functor BUFZ 4, v0x5f5d649b3c90_0, C4<0000>, C4<0000>, C4<0000>;
L_0x5f5d649c38b0 .functor BUFZ 4, L_0x5f5d649c3460, C4<0000>, C4<0000>, C4<0000>;
L_0x5f5d649c3970 .functor BUFZ 4, v0x5f5d649ae110_0, C4<0000>, C4<0000>, C4<0000>;
L_0x5f5d649c3a90 .functor BUFZ 1, v0x5f5d649b2d40_0, C4<0>, C4<0>, C4<0>;
L_0x5f5d649c3b00 .functor BUFZ 1, v0x5f5d649b34a0_0, C4<0>, C4<0>, C4<0>;
L_0x5f5d649c3be0 .functor BUFZ 1, v0x5f5d649b9270_0, C4<0>, C4<0>, C4<0>;
L_0x5f5d649c3ce0 .functor BUFZ 1, L_0x5f5d649c07e0, C4<0>, C4<0>, C4<0>;
L_0x5f5d649c3b70 .functor BUFZ 1, v0x5f5d649b34a0_0, C4<0>, C4<0>, C4<0>;
v0x5f5d649b4250_0 .net/2u *"_ivl_10", 0 0, L_0x7dca8f586018;  1 drivers
v0x5f5d649b4350_0 .net *"_ivl_12", 0 0, L_0x5f5d649bf620;  1 drivers
L_0x7dca8f586060 .functor BUFT 1, C4<1111>, C4<0>, C4<0>, C4<0>;
v0x5f5d649b4410_0 .net/2u *"_ivl_14", 3 0, L_0x7dca8f586060;  1 drivers
L_0x7dca8f5860a8 .functor BUFT 1, C4<0011>, C4<0>, C4<0>, C4<0>;
v0x5f5d649b44d0_0 .net/2u *"_ivl_16", 3 0, L_0x7dca8f5860a8;  1 drivers
v0x5f5d649b45b0_0 .net "botoes", 3 0, v0x5f5d649bdcc0_0;  alias, 1 drivers
v0x5f5d649b4710_0 .net "clock", 0 0, v0x5f5d649bde30_0;  alias, 1 drivers
v0x5f5d649b47b0_0 .net "conf_leds", 0 0, v0x5f5d649b85e0_0;  alias, 1 drivers
v0x5f5d649b4850_0 .net "configuracao", 1 0, v0x5f5d649bdef0_0;  alias, 1 drivers
v0x5f5d649b4910_0 .net "conta_endereco", 0 0, v0x5f5d649b8720_0;  alias, 1 drivers
v0x5f5d649b49b0_0 .net "conta_limite", 0 0, v0x5f5d649b8810_0;  alias, 1 drivers
v0x5f5d649b4a80_0 .net "db_configuracao", 0 0, L_0x5f5d649c3b00;  alias, 1 drivers
v0x5f5d649b4b20_0 .net "db_contagem", 3 0, L_0x5f5d649c36e0;  alias, 1 drivers
v0x5f5d649b4be0_0 .net "db_enable_timeout", 0 0, L_0x5f5d64964e50;  1 drivers
v0x5f5d649b4ca0_0 .net "db_escrita", 0 0, L_0x5f5d649c3be0;  alias, 1 drivers
v0x5f5d649b4d60_0 .net "db_jogada", 3 0, L_0x5f5d649c37a0;  alias, 1 drivers
v0x5f5d649b4e40_0 .net "db_limite", 3 0, L_0x5f5d649c3970;  alias, 1 drivers
v0x5f5d649b4f20_0 .net "db_memoria", 3 0, L_0x5f5d649c38b0;  alias, 1 drivers
v0x5f5d649b5110_0 .net "db_modo", 0 0, L_0x5f5d649c3a90;  alias, 1 drivers
v0x5f5d649b51d0_0 .net "db_tem_jogada", 0 0, L_0x5f5d649678c0;  alias, 1 drivers
v0x5f5d649b5290_0 .net "enable_led", 0 0, v0x5f5d649b8a60_0;  alias, 1 drivers
v0x5f5d649b5360_0 .net "enable_timeout", 0 0, v0x5f5d649b8b00_0;  alias, 1 drivers
v0x5f5d649b5430_0 .net "enderecoIgualLimite", 0 0, L_0x5f5d649c07e0;  alias, 1 drivers
v0x5f5d649b5500_0 .net "fim_jogo", 0 0, L_0x5f5d649c1990;  alias, 1 drivers
v0x5f5d649b55d0_0 .net "fim_sequencia", 0 0, L_0x5f5d649c3ce0;  alias, 1 drivers
v0x5f5d649b5670_0 .net "igual", 0 0, L_0x5f5d649c2b70;  alias, 1 drivers
v0x5f5d649b5740_0 .net "jogada_feita", 0 0, L_0x5f5d649c2dc0;  alias, 1 drivers
v0x5f5d649b5810_0 .net "leds", 3 0, L_0x5f5d649c3520;  alias, 1 drivers
v0x5f5d649b58b0_0 .net "registra_jogada", 0 0, v0x5f5d649b9270_0;  alias, 1 drivers
v0x5f5d649b5980_0 .net "registra_modo", 0 0, v0x5f5d649b9360_0;  alias, 1 drivers
v0x5f5d649b5a20_0 .net "registrarR", 0 0, v0x5f5d649b9400_0;  alias, 1 drivers
v0x5f5d649b5ac0_0 .net "reset", 0 0, v0x5f5d649bf050_0;  alias, 1 drivers
v0x5f5d649b5b60_0 .net "rgb", 2 0, v0x5f5d649b27c0_0;  alias, 1 drivers
v0x5f5d649b5c30_0 .net "s_botoes", 3 0, v0x5f5d649b3c90_0;  1 drivers
v0x5f5d649b5f30_0 .net "s_dado", 3 0, L_0x5f5d649c3460;  1 drivers
v0x5f5d649b5fd0_0 .net "s_endereco", 3 0, v0x5f5d649aeca0_0;  1 drivers
v0x5f5d649b6070_0 .net "s_jogo_limite", 3 0, L_0x5f5d649bf690;  1 drivers
v0x5f5d649b6110_0 .net "s_limite", 3 0, v0x5f5d649ae110_0;  1 drivers
v0x5f5d649b61b0_0 .net "s_modo", 0 0, v0x5f5d649b2d40_0;  1 drivers
v0x5f5d649b6280_0 .net "s_rgb", 2 0, v0x5f5d649b0c40_0;  1 drivers
v0x5f5d649b6370_0 .net "s_tem_jogada", 0 0, L_0x5f5d649bf280;  1 drivers
v0x5f5d649b6410_0 .net "s_timeout_habilitado", 0 0, v0x5f5d649b34a0_0;  1 drivers
v0x5f5d649b64e0_0 .net "timeout", 0 0, v0x5f5d649b04a0_0;  alias, 1 drivers
v0x5f5d649b65b0_0 .net "timeout_habilitado", 0 0, L_0x5f5d649c3b70;  alias, 1 drivers
v0x5f5d649b6650_0 .net "timeout_led", 0 0, v0x5f5d649af9e0_0;  alias, 1 drivers
v0x5f5d649b6720_0 .net "zeraR", 0 0, v0x5f5d649b97c0_0;  alias, 1 drivers
v0x5f5d649b67f0_0 .net "zera_endereco", 0 0, v0x5f5d649b98b0_0;  alias, 1 drivers
v0x5f5d649b6890_0 .net "zera_limite", 0 0, v0x5f5d649b9950_0;  alias, 1 drivers
v0x5f5d649b6930_0 .net "zera_modo", 0 0, v0x5f5d649b99f0_0;  alias, 1 drivers
v0x5f5d649b6a20_0 .net "zera_s_led", 0 0, v0x5f5d649b9a90_0;  alias, 1 drivers
v0x5f5d649b6ac0_0 .net "zera_s_timeout", 0 0, v0x5f5d649b9b80_0;  alias, 1 drivers
L_0x5f5d649bf280 .reduce/or v0x5f5d649bdcc0_0;
L_0x5f5d649bf400 .part v0x5f5d649bdef0_0, 0, 1;
L_0x5f5d649bf4f0 .part v0x5f5d649bdef0_0, 1, 1;
L_0x5f5d649bf690 .functor MUXZ 4, L_0x7dca8f5860a8, L_0x7dca8f586060, L_0x5f5d649bf620, C4<>;
S_0x5f5d649a8c10 .scope module, "compFimJogo" "comparador_85" 6 100, 7 16 0, S_0x5f5d64994dd0;
 .timescale 0 0;
    .port_info 0 /INPUT 1 "ALBi";
    .port_info 1 /INPUT 1 "AGBi";
    .port_info 2 /INPUT 1 "AEBi";
    .port_info 3 /INPUT 4 "A";
    .port_info 4 /INPUT 4 "B";
    .port_info 5 /OUTPUT 1 "ALBo";
    .port_info 6 /OUTPUT 1 "AGBo";
    .port_info 7 /OUTPUT 1 "AEBo";
L_0x5f5d649c0ac0 .functor NOT 5, L_0x5f5d649c09a0, C4<00000>, C4<00000>, C4<00000>;
L_0x5f5d649c0d40 .functor NOT 1, L_0x5f5d649c0f70, C4<0>, C4<0>, C4<0>;
L_0x5f5d649c13c0 .functor NOT 5, L_0x5f5d649c1320, C4<00000>, C4<00000>, C4<00000>;
L_0x5f5d649c1520 .functor NOT 1, L_0x5f5d649c1770, C4<0>, C4<0>, C4<0>;
L_0x7dca8f586498 .functor BUFT 1, C4<1>, C4<0>, C4<0>, C4<0>;
L_0x5f5d649c1990 .functor AND 1, L_0x5f5d649c18f0, L_0x7dca8f586498, C4<1>, C4<1>;
v0x5f5d649a8e40_0 .net "A", 3 0, v0x5f5d649ae110_0;  alias, 1 drivers
v0x5f5d649a8f40_0 .net "AEBi", 0 0, L_0x7dca8f586498;  1 drivers
v0x5f5d649a9000_0 .net "AEBo", 0 0, L_0x5f5d649c1990;  alias, 1 drivers
L_0x7dca8f586450 .functor BUFT 1, C4<0>, C4<0>, C4<0>, C4<0>;
v0x5f5d649a90a0_0 .net "AGBi", 0 0, L_0x7dca8f586450;  1 drivers
v0x5f5d649a9160_0 .net "AGBo", 0 0, L_0x5f5d649c1520;  1 drivers
L_0x7dca8f586408 .functor BUFT 1, C4<0>, C4<0>, C4<0>, C4<0>;
v0x5f5d649a9270_0 .net "ALBi", 0 0, L_0x7dca8f586408;  1 drivers
v0x5f5d649a9330_0 .net "ALBo", 0 0, L_0x5f5d649c0d40;  1 drivers
v0x5f5d649a93f0_0 .net "B", 3 0, L_0x5f5d649bf690;  alias, 1 drivers
v0x5f5d649a94d0_0 .net "CSG", 4 0, L_0x5f5d649c1680;  1 drivers
v0x5f5d649a95b0_0 .net "CSL", 4 0, L_0x5f5d649c0e50;  1 drivers
v0x5f5d649a9690_0 .net *"_ivl_0", 4 0, L_0x5f5d649c09a0;  1 drivers
v0x5f5d649a9770_0 .net *"_ivl_10", 4 0, L_0x5f5d649c0ca0;  1 drivers
L_0x7dca8f586ac8 .functor BUFT 1, C4<00000>, C4<0>, C4<0>, C4<0>;
v0x5f5d649a9850_0 .net *"_ivl_12", 4 0, L_0x7dca8f586ac8;  1 drivers
v0x5f5d649a9930_0 .net *"_ivl_19", 0 0, L_0x5f5d649c0f70;  1 drivers
v0x5f5d649a9a10_0 .net *"_ivl_22", 4 0, L_0x5f5d649c10b0;  1 drivers
L_0x7dca8f586378 .functor BUFT 1, C4<0>, C4<0>, C4<0>, C4<0>;
v0x5f5d649a9af0_0 .net *"_ivl_25", 0 0, L_0x7dca8f586378;  1 drivers
v0x5f5d649a9bd0_0 .net *"_ivl_26", 4 0, L_0x5f5d649c1320;  1 drivers
L_0x7dca8f5863c0 .functor BUFT 1, C4<0>, C4<0>, C4<0>, C4<0>;
v0x5f5d649a9cb0_0 .net *"_ivl_29", 0 0, L_0x7dca8f5863c0;  1 drivers
L_0x7dca8f5862e8 .functor BUFT 1, C4<0>, C4<0>, C4<0>, C4<0>;
v0x5f5d649a9d90_0 .net *"_ivl_3", 0 0, L_0x7dca8f5862e8;  1 drivers
v0x5f5d649a9e70_0 .net *"_ivl_30", 4 0, L_0x5f5d649c13c0;  1 drivers
v0x5f5d649a9f50_0 .net *"_ivl_32", 4 0, L_0x5f5d649c1480;  1 drivers
L_0x7dca8f586b10 .functor BUFT 1, C4<00000>, C4<0>, C4<0>, C4<0>;
v0x5f5d649aa030_0 .net *"_ivl_34", 4 0, L_0x7dca8f586b10;  1 drivers
v0x5f5d649aa110_0 .net *"_ivl_4", 4 0, L_0x5f5d649c0ac0;  1 drivers
v0x5f5d649aa1f0_0 .net *"_ivl_41", 0 0, L_0x5f5d649c1770;  1 drivers
v0x5f5d649aa2d0_0 .net *"_ivl_44", 0 0, L_0x5f5d649c18f0;  1 drivers
v0x5f5d649aa390_0 .net *"_ivl_6", 4 0, L_0x5f5d649c0b80;  1 drivers
L_0x7dca8f586330 .functor BUFT 1, C4<0>, C4<0>, C4<0>, C4<0>;
v0x5f5d649aa470_0 .net *"_ivl_9", 0 0, L_0x7dca8f586330;  1 drivers
L_0x5f5d649c09a0 .concat [ 4 1 0 0], v0x5f5d649ae110_0, L_0x7dca8f5862e8;
L_0x5f5d649c0b80 .concat [ 4 1 0 0], L_0x5f5d649bf690, L_0x7dca8f586330;
L_0x5f5d649c0ca0 .arith/sum 5, L_0x5f5d649c0ac0, L_0x5f5d649c0b80;
L_0x5f5d649c0e50 .arith/sum 5, L_0x5f5d649c0ca0, L_0x7dca8f586ac8;
L_0x5f5d649c0f70 .part L_0x5f5d649c0e50, 4, 1;
L_0x5f5d649c10b0 .concat [ 4 1 0 0], v0x5f5d649ae110_0, L_0x7dca8f586378;
L_0x5f5d649c1320 .concat [ 4 1 0 0], L_0x5f5d649bf690, L_0x7dca8f5863c0;
L_0x5f5d649c1480 .arith/sum 5, L_0x5f5d649c10b0, L_0x5f5d649c13c0;
L_0x5f5d649c1680 .arith/sum 5, L_0x5f5d649c1480, L_0x7dca8f586b10;
L_0x5f5d649c1770 .part L_0x5f5d649c1680, 4, 1;
L_0x5f5d649c18f0 .cmp/eq 4, v0x5f5d649ae110_0, L_0x5f5d649bf690;
S_0x5f5d649aa650 .scope module, "compFimRodada" "comparador_85" 6 93, 7 16 0, S_0x5f5d64994dd0;
 .timescale 0 0;
    .port_info 0 /INPUT 1 "ALBi";
    .port_info 1 /INPUT 1 "AGBi";
    .port_info 2 /INPUT 1 "AEBi";
    .port_info 3 /INPUT 4 "A";
    .port_info 4 /INPUT 4 "B";
    .port_info 5 /OUTPUT 1 "ALBo";
    .port_info 6 /OUTPUT 1 "AGBo";
    .port_info 7 /OUTPUT 1 "AEBo";
L_0x5f5d649bf9a0 .functor NOT 5, L_0x5f5d649bf870, C4<00000>, C4<00000>, C4<00000>;
L_0x5f5d649bfc80 .functor NOT 1, L_0x5f5d649bfeb0, C4<0>, C4<0>, C4<0>;
L_0x5f5d649c0210 .functor NOT 5, L_0x5f5d649c0120, C4<00000>, C4<00000>, C4<00000>;
L_0x5f5d649c0370 .functor NOT 1, L_0x5f5d649c05c0, C4<0>, C4<0>, C4<0>;
L_0x7dca8f5862a0 .functor BUFT 1, C4<1>, C4<0>, C4<0>, C4<0>;
L_0x5f5d649c07e0 .functor AND 1, L_0x5f5d649c0740, L_0x7dca8f5862a0, C4<1>, C4<1>;
v0x5f5d649aa920_0 .net "A", 3 0, v0x5f5d649aeca0_0;  alias, 1 drivers
v0x5f5d649aaa00_0 .net "AEBi", 0 0, L_0x7dca8f5862a0;  1 drivers
v0x5f5d649aaac0_0 .net "AEBo", 0 0, L_0x5f5d649c07e0;  alias, 1 drivers
L_0x7dca8f586258 .functor BUFT 1, C4<0>, C4<0>, C4<0>, C4<0>;
v0x5f5d649aab60_0 .net "AGBi", 0 0, L_0x7dca8f586258;  1 drivers
v0x5f5d649aac20_0 .net "AGBo", 0 0, L_0x5f5d649c0370;  1 drivers
L_0x7dca8f586210 .functor BUFT 1, C4<0>, C4<0>, C4<0>, C4<0>;
v0x5f5d649aad30_0 .net "ALBi", 0 0, L_0x7dca8f586210;  1 drivers
v0x5f5d649aadf0_0 .net "ALBo", 0 0, L_0x5f5d649bfc80;  1 drivers
v0x5f5d649aaeb0_0 .net "B", 3 0, v0x5f5d649ae110_0;  alias, 1 drivers
v0x5f5d649aaf70_0 .net "CSG", 4 0, L_0x5f5d649c04d0;  1 drivers
v0x5f5d649ab030_0 .net "CSL", 4 0, L_0x5f5d649bfd90;  1 drivers
v0x5f5d649ab110_0 .net *"_ivl_0", 4 0, L_0x5f5d649bf870;  1 drivers
v0x5f5d649ab1f0_0 .net *"_ivl_10", 4 0, L_0x5f5d649bfbe0;  1 drivers
L_0x7dca8f586a38 .functor BUFT 1, C4<00000>, C4<0>, C4<0>, C4<0>;
v0x5f5d649ab2d0_0 .net *"_ivl_12", 4 0, L_0x7dca8f586a38;  1 drivers
v0x5f5d649ab3b0_0 .net *"_ivl_19", 0 0, L_0x5f5d649bfeb0;  1 drivers
v0x5f5d649ab490_0 .net *"_ivl_22", 4 0, L_0x5f5d649bfff0;  1 drivers
L_0x7dca8f586180 .functor BUFT 1, C4<0>, C4<0>, C4<0>, C4<0>;
v0x5f5d649ab570_0 .net *"_ivl_25", 0 0, L_0x7dca8f586180;  1 drivers
v0x5f5d649ab650_0 .net *"_ivl_26", 4 0, L_0x5f5d649c0120;  1 drivers
L_0x7dca8f5861c8 .functor BUFT 1, C4<0>, C4<0>, C4<0>, C4<0>;
v0x5f5d649ab730_0 .net *"_ivl_29", 0 0, L_0x7dca8f5861c8;  1 drivers
L_0x7dca8f5860f0 .functor BUFT 1, C4<0>, C4<0>, C4<0>, C4<0>;
v0x5f5d649ab810_0 .net *"_ivl_3", 0 0, L_0x7dca8f5860f0;  1 drivers
v0x5f5d649ab8f0_0 .net *"_ivl_30", 4 0, L_0x5f5d649c0210;  1 drivers
v0x5f5d649ab9d0_0 .net *"_ivl_32", 4 0, L_0x5f5d649c02d0;  1 drivers
L_0x7dca8f586a80 .functor BUFT 1, C4<00000>, C4<0>, C4<0>, C4<0>;
v0x5f5d649abab0_0 .net *"_ivl_34", 4 0, L_0x7dca8f586a80;  1 drivers
v0x5f5d649abb90_0 .net *"_ivl_4", 4 0, L_0x5f5d649bf9a0;  1 drivers
v0x5f5d649abc70_0 .net *"_ivl_41", 0 0, L_0x5f5d649c05c0;  1 drivers
v0x5f5d649abd50_0 .net *"_ivl_44", 0 0, L_0x5f5d649c0740;  1 drivers
v0x5f5d649abe10_0 .net *"_ivl_6", 4 0, L_0x5f5d649bfa60;  1 drivers
L_0x7dca8f586138 .functor BUFT 1, C4<0>, C4<0>, C4<0>, C4<0>;
v0x5f5d649abef0_0 .net *"_ivl_9", 0 0, L_0x7dca8f586138;  1 drivers
L_0x5f5d649bf870 .concat [ 4 1 0 0], v0x5f5d649aeca0_0, L_0x7dca8f5860f0;
L_0x5f5d649bfa60 .concat [ 4 1 0 0], v0x5f5d649ae110_0, L_0x7dca8f586138;
L_0x5f5d649bfbe0 .arith/sum 5, L_0x5f5d649bf9a0, L_0x5f5d649bfa60;
L_0x5f5d649bfd90 .arith/sum 5, L_0x5f5d649bfbe0, L_0x7dca8f586a38;
L_0x5f5d649bfeb0 .part L_0x5f5d649bfd90, 4, 1;
L_0x5f5d649bfff0 .concat [ 4 1 0 0], v0x5f5d649aeca0_0, L_0x7dca8f586180;
L_0x5f5d649c0120 .concat [ 4 1 0 0], v0x5f5d649ae110_0, L_0x7dca8f5861c8;
L_0x5f5d649c02d0 .arith/sum 5, L_0x5f5d649bfff0, L_0x5f5d649c0210;
L_0x5f5d649c04d0 .arith/sum 5, L_0x5f5d649c02d0, L_0x7dca8f586a80;
L_0x5f5d649c05c0 .part L_0x5f5d649c04d0, 4, 1;
L_0x5f5d649c0740 .cmp/eq 4, v0x5f5d649aeca0_0, v0x5f5d649ae110_0;
S_0x5f5d649ac0d0 .scope module, "comparador" "comparador_85" 6 107, 7 16 0, S_0x5f5d64994dd0;
 .timescale 0 0;
    .port_info 0 /INPUT 1 "ALBi";
    .port_info 1 /INPUT 1 "AGBi";
    .port_info 2 /INPUT 1 "AEBi";
    .port_info 3 /INPUT 4 "A";
    .port_info 4 /INPUT 4 "B";
    .port_info 5 /OUTPUT 1 "ALBo";
    .port_info 6 /OUTPUT 1 "AGBo";
    .port_info 7 /OUTPUT 1 "AEBo";
L_0x5f5d649c1d20 .functor NOT 5, L_0x5f5d649c1c50, C4<00000>, C4<00000>, C4<00000>;
L_0x5f5d649c1fa0 .functor NOT 1, L_0x5f5d649c21d0, C4<0>, C4<0>, C4<0>;
L_0x5f5d649c25a0 .functor NOT 5, L_0x5f5d649c2470, C4<00000>, C4<00000>, C4<00000>;
L_0x5f5d649c2700 .functor NOT 1, L_0x5f5d649c2950, C4<0>, C4<0>, C4<0>;
L_0x7dca8f586690 .functor BUFT 1, C4<1>, C4<0>, C4<0>, C4<0>;
L_0x5f5d649c2b70 .functor AND 1, L_0x5f5d649c2ad0, L_0x7dca8f586690, C4<1>, C4<1>;
v0x5f5d649ac380_0 .net "A", 3 0, L_0x5f5d649c3460;  alias, 1 drivers
v0x5f5d649ac460_0 .net "AEBi", 0 0, L_0x7dca8f586690;  1 drivers
v0x5f5d649ac520_0 .net "AEBo", 0 0, L_0x5f5d649c2b70;  alias, 1 drivers
L_0x7dca8f586648 .functor BUFT 1, C4<0>, C4<0>, C4<0>, C4<0>;
v0x5f5d649ac5c0_0 .net "AGBi", 0 0, L_0x7dca8f586648;  1 drivers
v0x5f5d649ac680_0 .net "AGBo", 0 0, L_0x5f5d649c2700;  1 drivers
L_0x7dca8f586600 .functor BUFT 1, C4<0>, C4<0>, C4<0>, C4<0>;
v0x5f5d649ac790_0 .net "ALBi", 0 0, L_0x7dca8f586600;  1 drivers
v0x5f5d649ac850_0 .net "ALBo", 0 0, L_0x5f5d649c1fa0;  1 drivers
v0x5f5d649ac910_0 .net "B", 3 0, v0x5f5d649b3c90_0;  alias, 1 drivers
v0x5f5d649ac9f0_0 .net "CSG", 4 0, L_0x5f5d649c2860;  1 drivers
v0x5f5d649acad0_0 .net "CSL", 4 0, L_0x5f5d649c20b0;  1 drivers
v0x5f5d649acbb0_0 .net *"_ivl_0", 4 0, L_0x5f5d649c1c50;  1 drivers
v0x5f5d649acc90_0 .net *"_ivl_10", 4 0, L_0x5f5d649c1f00;  1 drivers
L_0x7dca8f586b58 .functor BUFT 1, C4<00000>, C4<0>, C4<0>, C4<0>;
v0x5f5d649acd70_0 .net *"_ivl_12", 4 0, L_0x7dca8f586b58;  1 drivers
v0x5f5d649ace50_0 .net *"_ivl_19", 0 0, L_0x5f5d649c21d0;  1 drivers
v0x5f5d649acf30_0 .net *"_ivl_22", 4 0, L_0x5f5d649c2310;  1 drivers
L_0x7dca8f586570 .functor BUFT 1, C4<0>, C4<0>, C4<0>, C4<0>;
v0x5f5d649ad010_0 .net *"_ivl_25", 0 0, L_0x7dca8f586570;  1 drivers
v0x5f5d649ad0f0_0 .net *"_ivl_26", 4 0, L_0x5f5d649c2470;  1 drivers
L_0x7dca8f5865b8 .functor BUFT 1, C4<0>, C4<0>, C4<0>, C4<0>;
v0x5f5d649ad2e0_0 .net *"_ivl_29", 0 0, L_0x7dca8f5865b8;  1 drivers
L_0x7dca8f5864e0 .functor BUFT 1, C4<0>, C4<0>, C4<0>, C4<0>;
v0x5f5d649ad3c0_0 .net *"_ivl_3", 0 0, L_0x7dca8f5864e0;  1 drivers
v0x5f5d649ad4a0_0 .net *"_ivl_30", 4 0, L_0x5f5d649c25a0;  1 drivers
v0x5f5d649ad580_0 .net *"_ivl_32", 4 0, L_0x5f5d649c2660;  1 drivers
L_0x7dca8f586ba0 .functor BUFT 1, C4<00000>, C4<0>, C4<0>, C4<0>;
v0x5f5d649ad660_0 .net *"_ivl_34", 4 0, L_0x7dca8f586ba0;  1 drivers
v0x5f5d649ad740_0 .net *"_ivl_4", 4 0, L_0x5f5d649c1d20;  1 drivers
v0x5f5d649ad820_0 .net *"_ivl_41", 0 0, L_0x5f5d649c2950;  1 drivers
v0x5f5d649ad900_0 .net *"_ivl_44", 0 0, L_0x5f5d649c2ad0;  1 drivers
v0x5f5d649ad9c0_0 .net *"_ivl_6", 4 0, L_0x5f5d649c1de0;  1 drivers
L_0x7dca8f586528 .functor BUFT 1, C4<0>, C4<0>, C4<0>, C4<0>;
v0x5f5d649adaa0_0 .net *"_ivl_9", 0 0, L_0x7dca8f586528;  1 drivers
L_0x5f5d649c1c50 .concat [ 4 1 0 0], L_0x5f5d649c3460, L_0x7dca8f5864e0;
L_0x5f5d649c1de0 .concat [ 4 1 0 0], v0x5f5d649b3c90_0, L_0x7dca8f586528;
L_0x5f5d649c1f00 .arith/sum 5, L_0x5f5d649c1d20, L_0x5f5d649c1de0;
L_0x5f5d649c20b0 .arith/sum 5, L_0x5f5d649c1f00, L_0x7dca8f586b58;
L_0x5f5d649c21d0 .part L_0x5f5d649c20b0, 4, 1;
L_0x5f5d649c2310 .concat [ 4 1 0 0], L_0x5f5d649c3460, L_0x7dca8f586570;
L_0x5f5d649c2470 .concat [ 4 1 0 0], v0x5f5d649b3c90_0, L_0x7dca8f5865b8;
L_0x5f5d649c2660 .arith/sum 5, L_0x5f5d649c2310, L_0x5f5d649c25a0;
L_0x5f5d649c2860 .arith/sum 5, L_0x5f5d649c2660, L_0x7dca8f586ba0;
L_0x5f5d649c2950 .part L_0x5f5d649c2860, 4, 1;
L_0x5f5d649c2ad0 .cmp/eq 4, L_0x5f5d649c3460, v0x5f5d649b3c90_0;
S_0x5f5d649adc80 .scope module, "contLmt" "contador_163" 6 150, 8 16 0, S_0x5f5d64994dd0;
 .timescale 0 0;
    .port_info 0 /INPUT 1 "clock";
    .port_info 1 /INPUT 1 "clr";
    .port_info 2 /INPUT 1 "ld";
    .port_info 3 /INPUT 1 "ent";
    .port_info 4 /INPUT 1 "enp";
    .port_info 5 /INPUT 4 "D";
    .port_info 6 /OUTPUT 4 "Q";
    .port_info 7 /OUTPUT 1 "rco";
L_0x7dca8f586840 .functor BUFT 1, C4<0000>, C4<0>, C4<0>, C4<0>;
v0x5f5d649ae010_0 .net "D", 3 0, L_0x7dca8f586840;  1 drivers
v0x5f5d649ae110_0 .var "Q", 3 0;
v0x5f5d649ae220_0 .net "clock", 0 0, v0x5f5d649bde30_0;  alias, 1 drivers
v0x5f5d649ae2c0_0 .net "clr", 0 0, L_0x5f5d649c3020;  1 drivers
v0x5f5d649ae380_0 .net "enp", 0 0, v0x5f5d649b8810_0;  alias, 1 drivers
L_0x7dca8f5867f8 .functor BUFT 1, C4<1>, C4<0>, C4<0>, C4<0>;
v0x5f5d649ae490_0 .net "ent", 0 0, L_0x7dca8f5867f8;  1 drivers
L_0x7dca8f5867b0 .functor BUFT 1, C4<1>, C4<0>, C4<0>, C4<0>;
v0x5f5d649ae550_0 .net "ld", 0 0, L_0x7dca8f5867b0;  1 drivers
v0x5f5d649ae610_0 .var "rco", 0 0;
E_0x5f5d649adf30 .event anyedge, v0x5f5d649ae490_0, v0x5f5d649a8e40_0;
E_0x5f5d649adfb0 .event posedge, v0x5f5d649ae220_0;
S_0x5f5d649ae820 .scope module, "contador_addr" "contador_163" 6 140, 8 16 0, S_0x5f5d64994dd0;
 .timescale 0 0;
    .port_info 0 /INPUT 1 "clock";
    .port_info 1 /INPUT 1 "clr";
    .port_info 2 /INPUT 1 "ld";
    .port_info 3 /INPUT 1 "ent";
    .port_info 4 /INPUT 1 "enp";
    .port_info 5 /INPUT 4 "D";
    .port_info 6 /OUTPUT 4 "Q";
    .port_info 7 /OUTPUT 1 "rco";
L_0x7dca8f586768 .functor BUFT 1, C4<0000>, C4<0>, C4<0>, C4<0>;
v0x5f5d649aeba0_0 .net "D", 3 0, L_0x7dca8f586768;  1 drivers
v0x5f5d649aeca0_0 .var "Q", 3 0;
v0x5f5d649aed60_0 .net "clock", 0 0, v0x5f5d649bde30_0;  alias, 1 drivers
v0x5f5d649aee00_0 .net "clr", 0 0, L_0x5f5d649c2ec0;  1 drivers
v0x5f5d649aeea0_0 .net "enp", 0 0, v0x5f5d649b8720_0;  alias, 1 drivers
L_0x7dca8f586720 .functor BUFT 1, C4<1>, C4<0>, C4<0>, C4<0>;
v0x5f5d649aef90_0 .net "ent", 0 0, L_0x7dca8f586720;  1 drivers
L_0x7dca8f5866d8 .functor BUFT 1, C4<1>, C4<0>, C4<0>, C4<0>;
v0x5f5d649af030_0 .net "ld", 0 0, L_0x7dca8f5866d8;  1 drivers
v0x5f5d649af0f0_0 .var "rco", 0 0;
E_0x5f5d649aeb20 .event anyedge, v0x5f5d649aef90_0, v0x5f5d649aa920_0;
S_0x5f5d649af300 .scope module, "contador_led" "contador_m" 6 130, 9 20 0, S_0x5f5d64994dd0;
 .timescale 0 0;
    .port_info 0 /INPUT 1 "clock";
    .port_info 1 /INPUT 1 "zera_as";
    .port_info 2 /INPUT 1 "zera_s";
    .port_info 3 /INPUT 1 "conta";
    .port_info 4 /OUTPUT 11 "Q";
    .port_info 5 /OUTPUT 1 "fim";
    .port_info 6 /OUTPUT 1 "meio";
P_0x5f5d6496e250 .param/l "M" 0 9 20, +C4<00000000000000000000011111010000>;
P_0x5f5d6496e290 .param/l "N" 0 9 20, +C4<00000000000000000000000000001011>;
v0x5f5d649af730_0 .var "Q", 10 0;
v0x5f5d649af830_0 .net "clock", 0 0, v0x5f5d649bde30_0;  alias, 1 drivers
v0x5f5d649af940_0 .net "conta", 0 0, v0x5f5d649b8a60_0;  alias, 1 drivers
v0x5f5d649af9e0_0 .var "fim", 0 0;
v0x5f5d649afa80_0 .var "meio", 0 0;
v0x5f5d649afb90_0 .net "zera_as", 0 0, v0x5f5d649bf050_0;  alias, 1 drivers
v0x5f5d649afc50_0 .net "zera_s", 0 0, v0x5f5d649b9a90_0;  alias, 1 drivers
E_0x5f5d649af650 .event anyedge, v0x5f5d649af730_0;
E_0x5f5d649af6d0 .event posedge, v0x5f5d649afb90_0, v0x5f5d649ae220_0;
S_0x5f5d649afe30 .scope module, "contador_timeout" "contador_m" 6 120, 9 20 0, S_0x5f5d64994dd0;
 .timescale 0 0;
    .port_info 0 /INPUT 1 "clock";
    .port_info 1 /INPUT 1 "zera_as";
    .port_info 2 /INPUT 1 "zera_s";
    .port_info 3 /INPUT 1 "conta";
    .port_info 4 /OUTPUT 13 "Q";
    .port_info 5 /OUTPUT 1 "fim";
    .port_info 6 /OUTPUT 1 "meio";
P_0x5f5d6496b7e0 .param/l "M" 0 9 20, +C4<00000000000000000001001110001000>;
P_0x5f5d6496b820 .param/l "N" 0 9 20, +C4<00000000000000000000000000001101>;
v0x5f5d649b0210_0 .var "Q", 12 0;
v0x5f5d649b0310_0 .net "clock", 0 0, v0x5f5d649bde30_0;  alias, 1 drivers
v0x5f5d649b03d0_0 .net "conta", 0 0, v0x5f5d649b8b00_0;  alias, 1 drivers
v0x5f5d649b04a0_0 .var "fim", 0 0;
v0x5f5d649b0540_0 .var "meio", 0 0;
v0x5f5d649b0650_0 .net "zera_as", 0 0, v0x5f5d649bf050_0;  alias, 1 drivers
v0x5f5d649b06f0_0 .net "zera_s", 0 0, v0x5f5d649b9b80_0;  alias, 1 drivers
E_0x5f5d649b0190 .event anyedge, v0x5f5d649b0210_0;
S_0x5f5d649b08b0 .scope module, "converter_cor" "cores_rgb" 6 177, 10 3 0, S_0x5f5d64994dd0;
 .timescale 0 0;
    .port_info 0 /INPUT 4 "codigo";
    .port_info 1 /OUTPUT 3 "leds_rgb";
v0x5f5d649b0b30_0 .net "codigo", 3 0, L_0x5f5d649c3460;  alias, 1 drivers
v0x5f5d649b0c40_0 .var "leds_rgb", 2 0;
E_0x5f5d649b0ab0 .event anyedge, v0x5f5d649ac380_0;
S_0x5f5d649b0d60 .scope module, "detector" "edge_detector" 6 113, 11 21 0, S_0x5f5d64994dd0;
 .timescale 0 0;
    .port_info 0 /INPUT 1 "clock";
    .port_info 1 /INPUT 1 "reset";
    .port_info 2 /INPUT 1 "sinal";
    .port_info 3 /OUTPUT 1 "pulso";
L_0x5f5d649c2d20 .functor NOT 1, v0x5f5d649b1280_0, C4<0>, C4<0>, C4<0>;
L_0x5f5d649c2dc0 .functor AND 1, L_0x5f5d649c2d20, v0x5f5d649b11e0_0, C4<1>, C4<1>;
v0x5f5d649b0f70_0 .net *"_ivl_0", 0 0, L_0x5f5d649c2d20;  1 drivers
v0x5f5d649b1050_0 .net "clock", 0 0, v0x5f5d649bde30_0;  alias, 1 drivers
v0x5f5d649b1110_0 .net "pulso", 0 0, L_0x5f5d649c2dc0;  alias, 1 drivers
v0x5f5d649b11e0_0 .var "reg0", 0 0;
v0x5f5d649b1280_0 .var "reg1", 0 0;
v0x5f5d649b1340_0 .net "reset", 0 0, v0x5f5d649bf050_0;  alias, 1 drivers
v0x5f5d649b13e0_0 .net "sinal", 0 0, L_0x5f5d649bf280;  alias, 1 drivers
S_0x5f5d649b1520 .scope module, "memoria" "sync_ram_16x4_file" 6 169, 12 19 0, S_0x5f5d64994dd0;
 .timescale 0 0;
    .port_info 0 /INPUT 1 "clk";
    .port_info 1 /INPUT 1 "we";
    .port_info 2 /INPUT 4 "data";
    .port_info 3 /INPUT 4 "addr";
    .port_info 4 /OUTPUT 4 "q";
P_0x5f5d649b1700 .param/str "BINFILE" 0 12 20, "ram_init.txt";
L_0x5f5d649c3460 .functor BUFZ 4, L_0x5f5d649c31f0, C4<0000>, C4<0000>, C4<0000>;
v0x5f5d649b19c0_0 .net *"_ivl_0", 3 0, L_0x5f5d649c31f0;  1 drivers
v0x5f5d649b1ac0_0 .net *"_ivl_2", 5 0, L_0x5f5d649c32f0;  1 drivers
L_0x7dca8f586888 .functor BUFT 1, C4<00>, C4<0>, C4<0>, C4<0>;
v0x5f5d649b1ba0_0 .net *"_ivl_5", 1 0, L_0x7dca8f586888;  1 drivers
v0x5f5d649b1c60_0 .net "addr", 3 0, v0x5f5d649aeca0_0;  alias, 1 drivers
v0x5f5d649b1d70_0 .var "addr_reg", 3 0;
v0x5f5d649b1ea0_0 .net "clk", 0 0, v0x5f5d649bde30_0;  alias, 1 drivers
v0x5f5d649b1f40_0 .net "data", 3 0, v0x5f5d649bdcc0_0;  alias, 1 drivers
v0x5f5d649b2020_0 .net "q", 3 0, L_0x5f5d649c3460;  alias, 1 drivers
v0x5f5d649b2130 .array "ram", 15 0, 3 0;
v0x5f5d649b21f0_0 .net "we", 0 0, v0x5f5d649b9270_0;  alias, 1 drivers
L_0x5f5d649c31f0 .array/port v0x5f5d649b2130, L_0x5f5d649c32f0;
L_0x5f5d649c32f0 .concat [ 4 2 0 0], v0x5f5d649b1d70_0, L_0x7dca8f586888;
S_0x5f5d649b17c0 .scope begin, "INICIA_RAM" "INICIA_RAM" 12 39, 12 39 0, S_0x5f5d649b1520;
 .timescale 0 0;
S_0x5f5d649b2350 .scope module, "mux_rgb" "mux2x1_n" 6 186, 13 17 0, S_0x5f5d64994dd0;
 .timescale 0 0;
    .port_info 0 /INPUT 3 "D0";
    .port_info 1 /INPUT 3 "D1";
    .port_info 2 /INPUT 1 "SEL";
    .port_info 3 /OUTPUT 3 "OUT";
P_0x5f5d649b24e0 .param/l "BITS" 0 13 18, +C4<00000000000000000000000000000011>;
L_0x7dca8f5868d0 .functor BUFT 1, C4<000>, C4<0>, C4<0>, C4<0>;
v0x5f5d649b2600_0 .net "D0", 2 0, L_0x7dca8f5868d0;  1 drivers
v0x5f5d649b2700_0 .net "D1", 2 0, v0x5f5d649b0c40_0;  alias, 1 drivers
v0x5f5d649b27c0_0 .var "OUT", 2 0;
v0x5f5d649b2890_0 .net "SEL", 0 0, v0x5f5d649b85e0_0;  alias, 1 drivers
E_0x5f5d649b2580 .event anyedge, v0x5f5d649b2890_0, v0x5f5d649b2600_0, v0x5f5d649b0c40_0;
S_0x5f5d649b2a00 .scope module, "reg_modo" "registrador_1" 6 74, 14 7 0, S_0x5f5d64994dd0;
 .timescale 0 0;
    .port_info 0 /INPUT 1 "clock";
    .port_info 1 /INPUT 1 "clear";
    .port_info 2 /INPUT 1 "enable";
    .port_info 3 /INPUT 1 "D";
    .port_info 4 /OUTPUT 1 "Q";
v0x5f5d649b2c60_0 .net "D", 0 0, L_0x5f5d649bf400;  1 drivers
v0x5f5d649b2d40_0 .var "IQ", 0 0;
v0x5f5d649b2e00_0 .net "Q", 0 0, v0x5f5d649b2d40_0;  alias, 1 drivers
v0x5f5d649b2ed0_0 .net "clear", 0 0, v0x5f5d649b99f0_0;  alias, 1 drivers
v0x5f5d649b2f90_0 .net "clock", 0 0, v0x5f5d649bde30_0;  alias, 1 drivers
v0x5f5d649b3080_0 .net "enable", 0 0, v0x5f5d649b9360_0;  alias, 1 drivers
E_0x5f5d649b2be0 .event posedge, v0x5f5d649b2ed0_0, v0x5f5d649ae220_0;
S_0x5f5d649b31e0 .scope module, "reg_timeout_hab" "registrador_1" 6 82, 14 7 0, S_0x5f5d64994dd0;
 .timescale 0 0;
    .port_info 0 /INPUT 1 "clock";
    .port_info 1 /INPUT 1 "clear";
    .port_info 2 /INPUT 1 "enable";
    .port_info 3 /INPUT 1 "D";
    .port_info 4 /OUTPUT 1 "Q";
v0x5f5d649b33c0_0 .net "D", 0 0, L_0x5f5d649bf4f0;  1 drivers
v0x5f5d649b34a0_0 .var "IQ", 0 0;
v0x5f5d649b3560_0 .net "Q", 0 0, v0x5f5d649b34a0_0;  alias, 1 drivers
v0x5f5d649b3630_0 .net "clear", 0 0, v0x5f5d649b99f0_0;  alias, 1 drivers
v0x5f5d649b3700_0 .net "clock", 0 0, v0x5f5d649bde30_0;  alias, 1 drivers
v0x5f5d649b37f0_0 .net "enable", 0 0, v0x5f5d649b9360_0;  alias, 1 drivers
S_0x5f5d649b3920 .scope module, "registrador" "registrador_4" 6 160, 15 13 0, S_0x5f5d64994dd0;
 .timescale 0 0;
    .port_info 0 /INPUT 1 "clock";
    .port_info 1 /INPUT 1 "clear";
    .port_info 2 /INPUT 1 "enable";
    .port_info 3 /INPUT 4 "D";
    .port_info 4 /OUTPUT 4 "Q";
v0x5f5d649b3b80_0 .net "D", 3 0, v0x5f5d649bdcc0_0;  alias, 1 drivers
v0x5f5d649b3c90_0 .var "IQ", 3 0;
v0x5f5d649b3d50_0 .net "Q", 3 0, v0x5f5d649b3c90_0;  alias, 1 drivers
v0x5f5d649b3e50_0 .net "clear", 0 0, v0x5f5d649b97c0_0;  alias, 1 drivers
v0x5f5d649b3ef0_0 .net "clock", 0 0, v0x5f5d649bde30_0;  alias, 1 drivers
v0x5f5d649b40f0_0 .net "enable", 0 0, v0x5f5d649b9400_0;  alias, 1 drivers
E_0x5f5d649b3b00 .event posedge, v0x5f5d649b3e50_0, v0x5f5d649ae220_0;
S_0x5f5d649b6f90 .scope module, "unidade_controle" "unidade_controle" 4 106, 16 15 0, S_0x5f5d6497e2a0;
 .timescale 0 0;
    .port_info 0 /INPUT 1 "clock";
    .port_info 1 /INPUT 1 "reset";
    .port_info 2 /INPUT 1 "iniciar";
    .port_info 3 /INPUT 1 "fim_jogo";
    .port_info 4 /INPUT 1 "enderecoIgualLimite";
    .port_info 5 /INPUT 1 "jogada";
    .port_info 6 /INPUT 1 "igual";
    .port_info 7 /INPUT 1 "timeout";
    .port_info 8 /INPUT 1 "timeout_habilitado";
    .port_info 9 /INPUT 1 "timeout_led";
    .port_info 10 /INPUT 1 "fim_sequencia";
    .port_info 11 /OUTPUT 1 "zera_endereco";
    .port_info 12 /OUTPUT 1 "conta_endereco";
    .port_info 13 /OUTPUT 1 "zera_limite";
    .port_info 14 /OUTPUT 1 "conta_limite";
    .port_info 15 /OUTPUT 1 "zeraR";
    .port_info 16 /OUTPUT 1 "registrarR";
    .port_info 17 /OUTPUT 1 "registra_modo";
    .port_info 18 /OUTPUT 1 "zera_modo";
    .port_info 19 /OUTPUT 1 "zera_s_timeout";
    .port_info 20 /OUTPUT 1 "enable_timeout";
    .port_info 21 /OUTPUT 1 "conf_leds";
    .port_info 22 /OUTPUT 1 "registra_jogada";
    .port_info 23 /OUTPUT 1 "zera_s_led";
    .port_info 24 /OUTPUT 1 "enable_led";
    .port_info 25 /OUTPUT 1 "acertou";
    .port_info 26 /OUTPUT 1 "errou";
    .port_info 27 /OUTPUT 1 "pronto";
    .port_info 28 /OUTPUT 5 "db_estado";
    .port_info 29 /OUTPUT 1 "db_timeout";
P_0x5f5d649b7170 .param/l "adiciona_jogada" 0 16 85, C4<01101>;
P_0x5f5d649b71b0 .param/l "atualiza_endereco_nova_jogada" 0 16 89, C4<10001>;
P_0x5f5d649b71f0 .param/l "carrega_led" 0 16 74, C4<00010>;
P_0x5f5d649b7230 .param/l "comparacao" 0 16 81, C4<01001>;
P_0x5f5d649b7270 .param/l "erro_verilog" 0 16 90, C4<10010>;
P_0x5f5d649b72b0 .param/l "espera" 0 16 79, C4<00111>;
P_0x5f5d649b72f0 .param/l "fim_sequencia_timer" 0 16 88, C4<10000>;
P_0x5f5d649b7330 .param/l "final_acerto" 0 16 83, C4<01011>;
P_0x5f5d649b7370 .param/l "final_erro" 0 16 84, C4<01100>;
P_0x5f5d649b73b0 .param/l "final_timeout" 0 16 87, C4<01111>;
P_0x5f5d649b73f0 .param/l "inicial" 0 16 72, C4<00000>;
P_0x5f5d649b7430 .param/l "mostra_apagado" 0 16 77, C4<00101>;
P_0x5f5d649b7470 .param/l "mostra_led" 0 16 75, C4<00011>;
P_0x5f5d649b74b0 .param/l "preparacao" 0 16 73, C4<00001>;
P_0x5f5d649b74f0 .param/l "proxima_rodada" 0 16 86, C4<01110>;
P_0x5f5d649b7530 .param/l "proximo" 0 16 82, C4<01010>;
P_0x5f5d649b7570 .param/l "proximo_led" 0 16 78, C4<00110>;
P_0x5f5d649b75b0 .param/l "registra" 0 16 80, C4<01000>;
P_0x5f5d649b75f0 .param/l "zera_led" 0 16 76, C4<00100>;
v0x5f5d649b8290_0 .var "Eatual", 4 0;
v0x5f5d649b8390_0 .var "Eprox", 4 0;
v0x5f5d649b8470_0 .var "acertou", 0 0;
v0x5f5d649b8540_0 .net "clock", 0 0, v0x5f5d649bde30_0;  alias, 1 drivers
v0x5f5d649b85e0_0 .var "conf_leds", 0 0;
v0x5f5d649b8720_0 .var "conta_endereco", 0 0;
v0x5f5d649b8810_0 .var "conta_limite", 0 0;
v0x5f5d649b8900_0 .var "db_estado", 4 0;
v0x5f5d649b89c0_0 .var "db_timeout", 0 0;
v0x5f5d649b8a60_0 .var "enable_led", 0 0;
v0x5f5d649b8b00_0 .var "enable_timeout", 0 0;
v0x5f5d649b8bf0_0 .net "enderecoIgualLimite", 0 0, L_0x5f5d649c07e0;  alias, 1 drivers
v0x5f5d649b8ce0_0 .var "errou", 0 0;
v0x5f5d649b8da0_0 .net "fim_jogo", 0 0, L_0x5f5d649c1990;  alias, 1 drivers
v0x5f5d649b8e90_0 .net "fim_sequencia", 0 0, L_0x5f5d649c3ce0;  alias, 1 drivers
v0x5f5d649b8f30_0 .net "igual", 0 0, L_0x5f5d649c2b70;  alias, 1 drivers
v0x5f5d649b9020_0 .net "iniciar", 0 0, v0x5f5d649beb50_0;  alias, 1 drivers
v0x5f5d649b90c0_0 .net "jogada", 0 0, L_0x5f5d649c2dc0;  alias, 1 drivers
v0x5f5d649b91b0_0 .var "pronto", 0 0;
v0x5f5d649b9270_0 .var "registra_jogada", 0 0;
v0x5f5d649b9360_0 .var "registra_modo", 0 0;
v0x5f5d649b9400_0 .var "registrarR", 0 0;
v0x5f5d649b94f0_0 .net "reset", 0 0, v0x5f5d649bf050_0;  alias, 1 drivers
v0x5f5d649b9590_0 .net "timeout", 0 0, v0x5f5d649b04a0_0;  alias, 1 drivers
v0x5f5d649b9630_0 .net "timeout_habilitado", 0 0, L_0x5f5d649c3b70;  alias, 1 drivers
v0x5f5d649b96d0_0 .net "timeout_led", 0 0, v0x5f5d649af9e0_0;  alias, 1 drivers
v0x5f5d649b97c0_0 .var "zeraR", 0 0;
v0x5f5d649b98b0_0 .var "zera_endereco", 0 0;
v0x5f5d649b9950_0 .var "zera_limite", 0 0;
v0x5f5d649b99f0_0 .var "zera_modo", 0 0;
v0x5f5d649b9a90_0 .var "zera_s_led", 0 0;
v0x5f5d649b9b80_0 .var "zera_s_timeout", 0 0;
E_0x5f5d649b8190 .event anyedge, v0x5f5d649b8290_0;
E_0x5f5d649b81f0/0 .event anyedge, v0x5f5d649b8290_0, v0x5f5d649b9020_0, v0x5f5d649af9e0_0, v0x5f5d649b55d0_0;
E_0x5f5d649b81f0/1 .event anyedge, v0x5f5d649b04a0_0, v0x5f5d649b65b0_0, v0x5f5d649b1110_0, v0x5f5d649ac520_0;
E_0x5f5d649b81f0/2 .event anyedge, v0x5f5d649aaac0_0, v0x5f5d649a9000_0;
E_0x5f5d649b81f0 .event/or E_0x5f5d649b81f0/0, E_0x5f5d649b81f0/1, E_0x5f5d649b81f0/2;
S_0x5f5d649bd210 .scope task, "play_round" "play_round" 3 56, 3 56 0, S_0x5f5d64995150;
 .timescale -3 -6;
v0x5f5d649bd3c0_0 .var/i "is_last", 31 0;
v0x5f5d649bd4a0_0 .var/i "j", 31 0;
v0x5f5d649bd580_0 .var/i "n_rod", 31 0;
TD_tb_cenario_iii.play_round ;
    %load/vec4 v0x5f5d649bd580_0;
    %addi 1, 0, 32;
    %vpi_call 3 61 "$display", "Rodada %0d", S<0,vec4,s32> {1 0 0};
    %load/vec4 v0x5f5d649bd580_0;
    %addi 1, 0, 32;
    %store/vec4 v0x5f5d649bdbe0_0, 0, 32;
    %fork TD_tb_cenario_iii.wait_leds, S_0x5f5d649bd900;
    %join;
    %pushi/vec4 0, 0, 32;
    %store/vec4 v0x5f5d649bd4a0_0, 0, 32;
T_0.0 ;
    %load/vec4 v0x5f5d649bd4a0_0;
    %load/vec4 v0x5f5d649bd580_0;
    %cmp/s;
    %flag_or 5, 4;
    %jmp/0xz T_0.1, 5;
    %ix/getv/s 4, v0x5f5d649bd4a0_0;
    %load/vec4a v0x5f5d649bf0f0, 4;
    %store/vec4 v0x5f5d649bd820_0, 0, 4;
    %fork TD_tb_cenario_iii.press_button, S_0x5f5d649bd640;
    %join;
    %load/vec4 v0x5f5d649bd4a0_0;
    %addi 1, 0, 32;
    %store/vec4 v0x5f5d649bd4a0_0, 0, 32;
    %jmp T_0.0;
T_0.1 ;
    %load/vec4 v0x5f5d649bd3c0_0;
    %nor/r;
    %flag_set/vec4 8;
    %jmp/0xz  T_0.2, 8;
T_0.4 ;
    %load/vec4 v0x5f5d649b8290_0;
    %cmpi/e 13, 0, 5;
    %jmp/1 T_0.7, 4;
    %flag_mov 8, 4;
    %load/vec4 v0x5f5d649b8290_0;
    %cmpi/e 17, 0, 5;
    %flag_or 4, 8;
T_0.7;
    %flag_get/vec4 4;
    %jmp/1 T_0.6, 4;
    %load/vec4 v0x5f5d649b8290_0;
    %pushi/vec4 12, 0, 5;
    %cmp/e;
    %flag_get/vec4 4;
    %or;
T_0.6;
    %cmpi/ne 1, 0, 1;
    %jmp/0xz T_0.5, 6;
    %wait E_0x5f5d649b8190;
    %jmp T_0.4;
T_0.5 ;
    %load/vec4 v0x5f5d649b8290_0;
    %cmpi/e 12, 0, 5;
    %jmp/0xz  T_0.8, 4;
    %load/vec4 v0x5f5d649bd580_0;
    %addi 1, 0, 32;
    %vpi_call 3 69 "$display", ">> ERRO: Jogo foi para final_erro na rodada %0d", S<0,vec4,s32> {1 0 0};
    %vpi_call 3 70 "$stop" {0 0 0};
T_0.8 ;
    %load/vec4 v0x5f5d649b8290_0;
    %cmpi/e 17, 0, 5;
    %jmp/0xz  T_0.10, 4;
T_0.12 ;
    %load/vec4 v0x5f5d649b8290_0;
    %pushi/vec4 13, 0, 5;
    %cmp/e;
    %flag_get/vec4 4;
    %cmpi/ne 1, 0, 1;
    %jmp/0xz T_0.13, 6;
    %wait E_0x5f5d649b8190;
    %jmp T_0.12;
T_0.13 ;
T_0.10 ;
    %load/vec4 v0x5f5d649bd580_0;
    %addi 1, 0, 32;
    %ix/vec4/s 4;
    %load/vec4a v0x5f5d649bf0f0, 4;
    %store/vec4 v0x5f5d649bd820_0, 0, 4;
    %fork TD_tb_cenario_iii.press_button, S_0x5f5d649bd640;
    %join;
T_0.2 ;
    %end;
S_0x5f5d649bd640 .scope task, "press_button" "press_button" 3 45, 3 45 0, S_0x5f5d64995150;
 .timescale -3 -6;
v0x5f5d649bd820_0 .var "btn", 3 0;
TD_tb_cenario_iii.press_button ;
    %load/vec4 v0x5f5d649bd820_0;
    %store/vec4 v0x5f5d649bdcc0_0, 0, 4;
    %delay 100000, 0;
    %pushi/vec4 0, 0, 4;
    %store/vec4 v0x5f5d649bdcc0_0, 0, 4;
    %delay 100000, 0;
    %end;
S_0x5f5d649bd900 .scope task, "wait_leds" "wait_leds" 3 30, 3 30 0, S_0x5f5d64995150;
 .timescale -3 -6;
v0x5f5d649bdae0_0 .var/i "i", 31 0;
v0x5f5d649bdbe0_0 .var/i "num_leds", 31 0;
TD_tb_cenario_iii.wait_leds ;
    %pushi/vec4 0, 0, 32;
    %store/vec4 v0x5f5d649bdae0_0, 0, 32;
T_2.14 ;
    %load/vec4 v0x5f5d649bdae0_0;
    %load/vec4 v0x5f5d649bdbe0_0;
    %cmp/s;
    %jmp/0xz T_2.15, 5;
T_2.16 ;
    %load/vec4 v0x5f5d649b8290_0;
    %pushi/vec4 3, 0, 5;
    %cmp/e;
    %flag_get/vec4 4;
    %cmpi/ne 1, 0, 1;
    %jmp/0xz T_2.17, 6;
    %wait E_0x5f5d649b8190;
    %jmp T_2.16;
T_2.17 ;
T_2.18 ;
    %load/vec4 v0x5f5d649b8290_0;
    %pushi/vec4 3, 0, 5;
    %cmp/ne;
    %flag_get/vec4 4;
    %cmpi/ne 1, 0, 1;
    %jmp/0xz T_2.19, 6;
    %wait E_0x5f5d649b8190;
    %jmp T_2.18;
T_2.19 ;
    %load/vec4 v0x5f5d649bdae0_0;
    %addi 1, 0, 32;
    %store/vec4 v0x5f5d649bdae0_0, 0, 32;
    %jmp T_2.14;
T_2.15 ;
T_2.20 ;
    %load/vec4 v0x5f5d649b8290_0;
    %cmpi/e 16, 0, 5;
    %flag_get/vec4 4;
    %jmp/1 T_2.22, 4;
    %load/vec4 v0x5f5d649b8290_0;
    %pushi/vec4 7, 0, 5;
    %cmp/e;
    %flag_get/vec4 4;
    %or;
T_2.22;
    %cmpi/ne 1, 0, 1;
    %jmp/0xz T_2.21, 6;
    %wait E_0x5f5d649b8190;
    %jmp T_2.20;
T_2.21 ;
    %delay 10000, 0;
    %end;
    .scope S_0x5f5d648cea00;
T_3 ;
    %wait E_0x5f5d64912160;
    %load/vec4 v0x5f5d64967c70_0;
    %dup/vec4;
    %pushi/vec4 0, 0, 1;
    %cmp/u;
    %jmp/1 T_3.0, 6;
    %dup/vec4;
    %pushi/vec4 1, 0, 1;
    %cmp/u;
    %jmp/1 T_3.1, 6;
    %pushi/vec4 1, 0, 1;
    %store/vec4 v0x5f5d6496b890_0, 0, 1;
    %jmp T_3.3;
T_3.0 ;
    %load/vec4 v0x5f5d649762a0_0;
    %store/vec4 v0x5f5d6496b890_0, 0, 1;
    %jmp T_3.3;
T_3.1 ;
    %load/vec4 v0x5f5d6496e300_0;
    %store/vec4 v0x5f5d6496b890_0, 0, 1;
    %jmp T_3.3;
T_3.3 ;
    %pop/vec4 1;
    %jmp T_3;
    .thread T_3, $push;
    .scope S_0x5f5d649b2a00;
T_4 ;
    %wait E_0x5f5d649b2be0;
    %load/vec4 v0x5f5d649b2ed0_0;
    %flag_set/vec4 8;
    %jmp/0xz  T_4.0, 8;
    %pushi/vec4 0, 0, 1;
    %assign/vec4 v0x5f5d649b2d40_0, 0;
    %jmp T_4.1;
T_4.0 ;
    %load/vec4 v0x5f5d649b3080_0;
    %flag_set/vec4 8;
    %jmp/0xz  T_4.2, 8;
    %load/vec4 v0x5f5d649b2c60_0;
    %assign/vec4 v0x5f5d649b2d40_0, 0;
T_4.2 ;
T_4.1 ;
    %jmp T_4;
    .thread T_4;
    .scope S_0x5f5d649b31e0;
T_5 ;
    %wait E_0x5f5d649b2be0;
    %load/vec4 v0x5f5d649b3630_0;
    %flag_set/vec4 8;
    %jmp/0xz  T_5.0, 8;
    %pushi/vec4 0, 0, 1;
    %assign/vec4 v0x5f5d649b34a0_0, 0;
    %jmp T_5.1;
T_5.0 ;
    %load/vec4 v0x5f5d649b37f0_0;
    %flag_set/vec4 8;
    %jmp/0xz  T_5.2, 8;
    %load/vec4 v0x5f5d649b33c0_0;
    %assign/vec4 v0x5f5d649b34a0_0, 0;
T_5.2 ;
T_5.1 ;
    %jmp T_5;
    .thread T_5;
    .scope S_0x5f5d649b0d60;
T_6 ;
    %wait E_0x5f5d649af6d0;
    %load/vec4 v0x5f5d649b1340_0;
    %flag_set/vec4 8;
    %jmp/0xz  T_6.0, 8;
    %pushi/vec4 0, 0, 1;
    %assign/vec4 v0x5f5d649b11e0_0, 0;
    %pushi/vec4 0, 0, 1;
    %assign/vec4 v0x5f5d649b1280_0, 0;
    %jmp T_6.1;
T_6.0 ;
    %load/vec4 v0x5f5d649b1050_0;
    %flag_set/vec4 8;
    %jmp/0xz  T_6.2, 8;
    %load/vec4 v0x5f5d649b13e0_0;
    %assign/vec4 v0x5f5d649b11e0_0, 0;
    %load/vec4 v0x5f5d649b11e0_0;
    %assign/vec4 v0x5f5d649b1280_0, 0;
T_6.2 ;
T_6.1 ;
    %jmp T_6;
    .thread T_6;
    .scope S_0x5f5d649afe30;
T_7 ;
    %wait E_0x5f5d649af6d0;
    %load/vec4 v0x5f5d649b0650_0;
    %flag_set/vec4 8;
    %jmp/0xz  T_7.0, 8;
    %pushi/vec4 0, 0, 13;
    %assign/vec4 v0x5f5d649b0210_0, 0;
    %jmp T_7.1;
T_7.0 ;
    %load/vec4 v0x5f5d649b0310_0;
    %flag_set/vec4 8;
    %jmp/0xz  T_7.2, 8;
    %load/vec4 v0x5f5d649b06f0_0;
    %flag_set/vec4 8;
    %jmp/0xz  T_7.4, 8;
    %pushi/vec4 0, 0, 13;
    %assign/vec4 v0x5f5d649b0210_0, 0;
    %jmp T_7.5;
T_7.4 ;
    %load/vec4 v0x5f5d649b03d0_0;
    %flag_set/vec4 8;
    %jmp/0xz  T_7.6, 8;
    %load/vec4 v0x5f5d649b0210_0;
    %pad/u 32;
    %cmpi/e 4999, 0, 32;
    %jmp/0xz  T_7.8, 4;
    %pushi/vec4 0, 0, 13;
    %assign/vec4 v0x5f5d649b0210_0, 0;
    %jmp T_7.9;
T_7.8 ;
    %load/vec4 v0x5f5d649b0210_0;
    %addi 1, 0, 13;
    %assign/vec4 v0x5f5d649b0210_0, 0;
T_7.9 ;
T_7.6 ;
T_7.5 ;
T_7.2 ;
T_7.1 ;
    %jmp T_7;
    .thread T_7;
    .scope S_0x5f5d649afe30;
T_8 ;
    %wait E_0x5f5d649b0190;
    %load/vec4 v0x5f5d649b0210_0;
    %pad/u 32;
    %cmpi/e 4999, 0, 32;
    %jmp/0xz  T_8.0, 4;
    %pushi/vec4 1, 0, 1;
    %store/vec4 v0x5f5d649b04a0_0, 0, 1;
    %jmp T_8.1;
T_8.0 ;
    %pushi/vec4 0, 0, 1;
    %store/vec4 v0x5f5d649b04a0_0, 0, 1;
T_8.1 ;
    %jmp T_8;
    .thread T_8, $push;
    .scope S_0x5f5d649afe30;
T_9 ;
    %wait E_0x5f5d649b0190;
    %load/vec4 v0x5f5d649b0210_0;
    %pad/u 32;
    %cmpi/e 2499, 0, 32;
    %jmp/0xz  T_9.0, 4;
    %pushi/vec4 1, 0, 1;
    %store/vec4 v0x5f5d649b0540_0, 0, 1;
    %jmp T_9.1;
T_9.0 ;
    %pushi/vec4 0, 0, 1;
    %store/vec4 v0x5f5d649b0540_0, 0, 1;
T_9.1 ;
    %jmp T_9;
    .thread T_9, $push;
    .scope S_0x5f5d649af300;
T_10 ;
    %wait E_0x5f5d649af6d0;
    %load/vec4 v0x5f5d649afb90_0;
    %flag_set/vec4 8;
    %jmp/0xz  T_10.0, 8;
    %pushi/vec4 0, 0, 11;
    %assign/vec4 v0x5f5d649af730_0, 0;
    %jmp T_10.1;
T_10.0 ;
    %load/vec4 v0x5f5d649af830_0;
    %flag_set/vec4 8;
    %jmp/0xz  T_10.2, 8;
    %load/vec4 v0x5f5d649afc50_0;
    %flag_set/vec4 8;
    %jmp/0xz  T_10.4, 8;
    %pushi/vec4 0, 0, 11;
    %assign/vec4 v0x5f5d649af730_0, 0;
    %jmp T_10.5;
T_10.4 ;
    %load/vec4 v0x5f5d649af940_0;
    %flag_set/vec4 8;
    %jmp/0xz  T_10.6, 8;
    %load/vec4 v0x5f5d649af730_0;
    %pad/u 32;
    %cmpi/e 1999, 0, 32;
    %jmp/0xz  T_10.8, 4;
    %pushi/vec4 0, 0, 11;
    %assign/vec4 v0x5f5d649af730_0, 0;
    %jmp T_10.9;
T_10.8 ;
    %load/vec4 v0x5f5d649af730_0;
    %addi 1, 0, 11;
    %assign/vec4 v0x5f5d649af730_0, 0;
T_10.9 ;
T_10.6 ;
T_10.5 ;
T_10.2 ;
T_10.1 ;
    %jmp T_10;
    .thread T_10;
    .scope S_0x5f5d649af300;
T_11 ;
    %wait E_0x5f5d649af650;
    %load/vec4 v0x5f5d649af730_0;
    %pad/u 32;
    %cmpi/e 1999, 0, 32;
    %jmp/0xz  T_11.0, 4;
    %pushi/vec4 1, 0, 1;
    %store/vec4 v0x5f5d649af9e0_0, 0, 1;
    %jmp T_11.1;
T_11.0 ;
    %pushi/vec4 0, 0, 1;
    %store/vec4 v0x5f5d649af9e0_0, 0, 1;
T_11.1 ;
    %jmp T_11;
    .thread T_11, $push;
    .scope S_0x5f5d649af300;
T_12 ;
    %wait E_0x5f5d649af650;
    %load/vec4 v0x5f5d649af730_0;
    %pad/u 32;
    %cmpi/e 999, 0, 32;
    %jmp/0xz  T_12.0, 4;
    %pushi/vec4 1, 0, 1;
    %store/vec4 v0x5f5d649afa80_0, 0, 1;
    %jmp T_12.1;
T_12.0 ;
    %pushi/vec4 0, 0, 1;
    %store/vec4 v0x5f5d649afa80_0, 0, 1;
T_12.1 ;
    %jmp T_12;
    .thread T_12, $push;
    .scope S_0x5f5d649ae820;
T_13 ;
    %wait E_0x5f5d649adfb0;
    %load/vec4 v0x5f5d649aee00_0;
    %inv;
    %flag_set/vec4 8;
    %jmp/0xz  T_13.0, 8;
    %pushi/vec4 0, 0, 4;
    %assign/vec4 v0x5f5d649aeca0_0, 0;
    %jmp T_13.1;
T_13.0 ;
    %load/vec4 v0x5f5d649af030_0;
    %inv;
    %flag_set/vec4 8;
    %jmp/0xz  T_13.2, 8;
    %load/vec4 v0x5f5d649aeba0_0;
    %assign/vec4 v0x5f5d649aeca0_0, 0;
    %jmp T_13.3;
T_13.2 ;
    %load/vec4 v0x5f5d649aef90_0;
    %flag_set/vec4 9;
    %flag_get/vec4 9;
    %jmp/0 T_13.6, 9;
    %load/vec4 v0x5f5d649aeea0_0;
    %and;
T_13.6;
    %flag_set/vec4 8;
    %jmp/0xz  T_13.4, 8;
    %load/vec4 v0x5f5d649aeca0_0;
    %addi 1, 0, 4;
    %assign/vec4 v0x5f5d649aeca0_0, 0;
    %jmp T_13.5;
T_13.4 ;
    %load/vec4 v0x5f5d649aeca0_0;
    %assign/vec4 v0x5f5d649aeca0_0, 0;
T_13.5 ;
T_13.3 ;
T_13.1 ;
    %jmp T_13;
    .thread T_13;
    .scope S_0x5f5d649ae820;
T_14 ;
    %wait E_0x5f5d649aeb20;
    %load/vec4 v0x5f5d649aef90_0;
    %flag_set/vec4 9;
    %flag_get/vec4 9;
    %jmp/0 T_14.2, 9;
    %load/vec4 v0x5f5d649aeca0_0;
    %pushi/vec4 15, 0, 4;
    %cmp/e;
    %flag_get/vec4 4;
    %and;
T_14.2;
    %flag_set/vec4 8;
    %jmp/0xz  T_14.0, 8;
    %pushi/vec4 1, 0, 1;
    %store/vec4 v0x5f5d649af0f0_0, 0, 1;
    %jmp T_14.1;
T_14.0 ;
    %pushi/vec4 0, 0, 1;
    %store/vec4 v0x5f5d649af0f0_0, 0, 1;
T_14.1 ;
    %jmp T_14;
    .thread T_14, $push;
    .scope S_0x5f5d649adc80;
T_15 ;
    %wait E_0x5f5d649adfb0;
    %load/vec4 v0x5f5d649ae2c0_0;
    %inv;
    %flag_set/vec4 8;
    %jmp/0xz  T_15.0, 8;
    %pushi/vec4 0, 0, 4;
    %assign/vec4 v0x5f5d649ae110_0, 0;
    %jmp T_15.1;
T_15.0 ;
    %load/vec4 v0x5f5d649ae550_0;
    %inv;
    %flag_set/vec4 8;
    %jmp/0xz  T_15.2, 8;
    %load/vec4 v0x5f5d649ae010_0;
    %assign/vec4 v0x5f5d649ae110_0, 0;
    %jmp T_15.3;
T_15.2 ;
    %load/vec4 v0x5f5d649ae490_0;
    %flag_set/vec4 9;
    %flag_get/vec4 9;
    %jmp/0 T_15.6, 9;
    %load/vec4 v0x5f5d649ae380_0;
    %and;
T_15.6;
    %flag_set/vec4 8;
    %jmp/0xz  T_15.4, 8;
    %load/vec4 v0x5f5d649ae110_0;
    %addi 1, 0, 4;
    %assign/vec4 v0x5f5d649ae110_0, 0;
    %jmp T_15.5;
T_15.4 ;
    %load/vec4 v0x5f5d649ae110_0;
    %assign/vec4 v0x5f5d649ae110_0, 0;
T_15.5 ;
T_15.3 ;
T_15.1 ;
    %jmp T_15;
    .thread T_15;
    .scope S_0x5f5d649adc80;
T_16 ;
    %wait E_0x5f5d649adf30;
    %load/vec4 v0x5f5d649ae490_0;
    %flag_set/vec4 9;
    %flag_get/vec4 9;
    %jmp/0 T_16.2, 9;
    %load/vec4 v0x5f5d649ae110_0;
    %pushi/vec4 15, 0, 4;
    %cmp/e;
    %flag_get/vec4 4;
    %and;
T_16.2;
    %flag_set/vec4 8;
    %jmp/0xz  T_16.0, 8;
    %pushi/vec4 1, 0, 1;
    %store/vec4 v0x5f5d649ae610_0, 0, 1;
    %jmp T_16.1;
T_16.0 ;
    %pushi/vec4 0, 0, 1;
    %store/vec4 v0x5f5d649ae610_0, 0, 1;
T_16.1 ;
    %jmp T_16;
    .thread T_16, $push;
    .scope S_0x5f5d649b3920;
T_17 ;
    %wait E_0x5f5d649b3b00;
    %load/vec4 v0x5f5d649b3e50_0;
    %flag_set/vec4 8;
    %jmp/0xz  T_17.0, 8;
    %pushi/vec4 0, 0, 4;
    %assign/vec4 v0x5f5d649b3c90_0, 0;
    %jmp T_17.1;
T_17.0 ;
    %load/vec4 v0x5f5d649b40f0_0;
    %flag_set/vec4 8;
    %jmp/0xz  T_17.2, 8;
    %load/vec4 v0x5f5d649b3b80_0;
    %assign/vec4 v0x5f5d649b3c90_0, 0;
T_17.2 ;
T_17.1 ;
    %jmp T_17;
    .thread T_17;
    .scope S_0x5f5d649b1520;
T_18 ;
    %fork t_1, S_0x5f5d649b17c0;
    %jmp t_0;
    .scope S_0x5f5d649b17c0;
t_1 ;
    %vpi_call 12 41 "$readmemb", P_0x5f5d649b1700, v0x5f5d649b2130 {0 0 0};
    %end;
    .scope S_0x5f5d649b1520;
t_0 %join;
    %end;
    .thread T_18;
    .scope S_0x5f5d649b1520;
T_19 ;
    %wait E_0x5f5d649adfb0;
    %load/vec4 v0x5f5d649b21f0_0;
    %flag_set/vec4 8;
    %jmp/0xz  T_19.0, 8;
    %load/vec4 v0x5f5d649b1f40_0;
    %load/vec4 v0x5f5d649b1c60_0;
    %pad/u 6;
    %ix/vec4 3;
    %ix/load 4, 0, 0; Constant delay
    %assign/vec4/a/d v0x5f5d649b2130, 0, 4;
T_19.0 ;
    %load/vec4 v0x5f5d649b1c60_0;
    %assign/vec4 v0x5f5d649b1d70_0, 0;
    %jmp T_19;
    .thread T_19;
    .scope S_0x5f5d649b08b0;
T_20 ;
    %wait E_0x5f5d649b0ab0;
    %load/vec4 v0x5f5d649b0b30_0;
    %dup/vec4;
    %pushi/vec4 8, 0, 4;
    %cmp/u;
    %jmp/1 T_20.0, 6;
    %dup/vec4;
    %pushi/vec4 1, 0, 4;
    %cmp/u;
    %jmp/1 T_20.1, 6;
    %dup/vec4;
    %pushi/vec4 2, 0, 4;
    %cmp/u;
    %jmp/1 T_20.2, 6;
    %dup/vec4;
    %pushi/vec4 4, 0, 4;
    %cmp/u;
    %jmp/1 T_20.3, 6;
    %jmp T_20.4;
T_20.0 ;
    %pushi/vec4 2, 0, 3;
    %store/vec4 v0x5f5d649b0c40_0, 0, 3;
    %jmp T_20.4;
T_20.1 ;
    %pushi/vec4 1, 0, 3;
    %store/vec4 v0x5f5d649b0c40_0, 0, 3;
    %jmp T_20.4;
T_20.2 ;
    %pushi/vec4 4, 0, 3;
    %store/vec4 v0x5f5d649b0c40_0, 0, 3;
    %jmp T_20.4;
T_20.3 ;
    %pushi/vec4 3, 0, 3;
    %store/vec4 v0x5f5d649b0c40_0, 0, 3;
    %jmp T_20.4;
T_20.4 ;
    %pop/vec4 1;
    %jmp T_20;
    .thread T_20, $push;
    .scope S_0x5f5d649b2350;
T_21 ;
    %wait E_0x5f5d649b2580;
    %load/vec4 v0x5f5d649b2890_0;
    %dup/vec4;
    %pushi/vec4 0, 0, 1;
    %cmp/u;
    %jmp/1 T_21.0, 6;
    %dup/vec4;
    %pushi/vec4 1, 0, 1;
    %cmp/u;
    %jmp/1 T_21.1, 6;
    %pushi/vec4 7, 0, 3;
    %store/vec4 v0x5f5d649b27c0_0, 0, 3;
    %jmp T_21.3;
T_21.0 ;
    %load/vec4 v0x5f5d649b2600_0;
    %store/vec4 v0x5f5d649b27c0_0, 0, 3;
    %jmp T_21.3;
T_21.1 ;
    %load/vec4 v0x5f5d649b2700_0;
    %store/vec4 v0x5f5d649b27c0_0, 0, 3;
    %jmp T_21.3;
T_21.3 ;
    %pop/vec4 1;
    %jmp T_21;
    .thread T_21, $push;
    .scope S_0x5f5d649b6f90;
T_22 ;
    %wait E_0x5f5d649af6d0;
    %load/vec4 v0x5f5d649b94f0_0;
    %flag_set/vec4 8;
    %jmp/0xz  T_22.0, 8;
    %pushi/vec4 0, 0, 5;
    %assign/vec4 v0x5f5d649b8290_0, 0;
    %jmp T_22.1;
T_22.0 ;
    %load/vec4 v0x5f5d649b8390_0;
    %assign/vec4 v0x5f5d649b8290_0, 0;
T_22.1 ;
    %jmp T_22;
    .thread T_22;
    .scope S_0x5f5d649b6f90;
T_23 ;
    %wait E_0x5f5d649b81f0;
    %load/vec4 v0x5f5d649b8290_0;
    %dup/vec4;
    %pushi/vec4 0, 0, 5;
    %cmp/u;
    %jmp/1 T_23.0, 6;
    %dup/vec4;
    %pushi/vec4 1, 0, 5;
    %cmp/u;
    %jmp/1 T_23.1, 6;
    %dup/vec4;
    %pushi/vec4 2, 0, 5;
    %cmp/u;
    %jmp/1 T_23.2, 6;
    %dup/vec4;
    %pushi/vec4 3, 0, 5;
    %cmp/u;
    %jmp/1 T_23.3, 6;
    %dup/vec4;
    %pushi/vec4 4, 0, 5;
    %cmp/u;
    %jmp/1 T_23.4, 6;
    %dup/vec4;
    %pushi/vec4 5, 0, 5;
    %cmp/u;
    %jmp/1 T_23.5, 6;
    %dup/vec4;
    %pushi/vec4 6, 0, 5;
    %cmp/u;
    %jmp/1 T_23.6, 6;
    %dup/vec4;
    %pushi/vec4 7, 0, 5;
    %cmp/u;
    %jmp/1 T_23.7, 6;
    %dup/vec4;
    %pushi/vec4 8, 0, 5;
    %cmp/u;
    %jmp/1 T_23.8, 6;
    %dup/vec4;
    %pushi/vec4 9, 0, 5;
    %cmp/u;
    %jmp/1 T_23.9, 6;
    %dup/vec4;
    %pushi/vec4 13, 0, 5;
    %cmp/u;
    %jmp/1 T_23.10, 6;
    %dup/vec4;
    %pushi/vec4 10, 0, 5;
    %cmp/u;
    %jmp/1 T_23.11, 6;
    %dup/vec4;
    %pushi/vec4 14, 0, 5;
    %cmp/u;
    %jmp/1 T_23.12, 6;
    %dup/vec4;
    %pushi/vec4 11, 0, 5;
    %cmp/u;
    %jmp/1 T_23.13, 6;
    %dup/vec4;
    %pushi/vec4 12, 0, 5;
    %cmp/u;
    %jmp/1 T_23.14, 6;
    %dup/vec4;
    %pushi/vec4 15, 0, 5;
    %cmp/u;
    %jmp/1 T_23.15, 6;
    %dup/vec4;
    %pushi/vec4 16, 0, 5;
    %cmp/u;
    %jmp/1 T_23.16, 6;
    %dup/vec4;
    %pushi/vec4 17, 0, 5;
    %cmp/u;
    %jmp/1 T_23.17, 6;
    %pushi/vec4 18, 0, 5;
    %store/vec4 v0x5f5d649b8390_0, 0, 5;
    %jmp T_23.19;
T_23.0 ;
    %load/vec4 v0x5f5d649b9020_0;
    %flag_set/vec4 8;
    %jmp/0 T_23.20, 8;
    %pushi/vec4 1, 0, 5;
    %jmp/1 T_23.21, 8;
T_23.20 ; End of true expr.
    %pushi/vec4 0, 0, 5;
    %jmp/0 T_23.21, 8;
 ; End of false expr.
    %blend;
T_23.21;
    %store/vec4 v0x5f5d649b8390_0, 0, 5;
    %jmp T_23.19;
T_23.1 ;
    %pushi/vec4 2, 0, 5;
    %store/vec4 v0x5f5d649b8390_0, 0, 5;
    %jmp T_23.19;
T_23.2 ;
    %pushi/vec4 3, 0, 5;
    %store/vec4 v0x5f5d649b8390_0, 0, 5;
    %jmp T_23.19;
T_23.3 ;
    %load/vec4 v0x5f5d649b96d0_0;
    %flag_set/vec4 8;
    %jmp/0 T_23.22, 8;
    %pushi/vec4 4, 0, 5;
    %jmp/1 T_23.23, 8;
T_23.22 ; End of true expr.
    %pushi/vec4 3, 0, 5;
    %jmp/0 T_23.23, 8;
 ; End of false expr.
    %blend;
T_23.23;
    %store/vec4 v0x5f5d649b8390_0, 0, 5;
    %jmp T_23.19;
T_23.4 ;
    %pushi/vec4 5, 0, 5;
    %store/vec4 v0x5f5d649b8390_0, 0, 5;
    %jmp T_23.19;
T_23.5 ;
    %load/vec4 v0x5f5d649b8e90_0;
    %flag_set/vec4 8;
    %jmp/0 T_23.24, 8;
    %pushi/vec4 16, 0, 5;
    %jmp/1 T_23.25, 8;
T_23.24 ; End of true expr.
    %pushi/vec4 6, 0, 5;
    %jmp/0 T_23.25, 8;
 ; End of false expr.
    %blend;
T_23.25;
    %store/vec4 v0x5f5d649b8390_0, 0, 5;
    %jmp T_23.19;
T_23.6 ;
    %pushi/vec4 2, 0, 5;
    %store/vec4 v0x5f5d649b8390_0, 0, 5;
    %jmp T_23.19;
T_23.7 ;
    %load/vec4 v0x5f5d649b9590_0;
    %flag_set/vec4 9;
    %flag_get/vec4 9;
    %jmp/0 T_23.28, 9;
    %load/vec4 v0x5f5d649b9630_0;
    %and;
T_23.28;
    %flag_set/vec4 8;
    %jmp/0xz  T_23.26, 8;
    %pushi/vec4 15, 0, 5;
    %store/vec4 v0x5f5d649b8390_0, 0, 5;
    %jmp T_23.27;
T_23.26 ;
    %load/vec4 v0x5f5d649b90c0_0;
    %flag_set/vec4 8;
    %jmp/0 T_23.29, 8;
    %pushi/vec4 8, 0, 5;
    %jmp/1 T_23.30, 8;
T_23.29 ; End of true expr.
    %pushi/vec4 7, 0, 5;
    %jmp/0 T_23.30, 8;
 ; End of false expr.
    %blend;
T_23.30;
    %store/vec4 v0x5f5d649b8390_0, 0, 5;
T_23.27 ;
    %jmp T_23.19;
T_23.8 ;
    %pushi/vec4 9, 0, 5;
    %store/vec4 v0x5f5d649b8390_0, 0, 5;
    %jmp T_23.19;
T_23.9 ;
    %load/vec4 v0x5f5d649b8f30_0;
    %nor/r;
    %flag_set/vec4 8;
    %jmp/0xz  T_23.31, 8;
    %pushi/vec4 12, 0, 5;
    %store/vec4 v0x5f5d649b8390_0, 0, 5;
    %jmp T_23.32;
T_23.31 ;
    %load/vec4 v0x5f5d649b8bf0_0;
    %flag_set/vec4 8;
    %jmp/0xz  T_23.33, 8;
    %load/vec4 v0x5f5d649b8da0_0;
    %flag_set/vec4 8;
    %jmp/0 T_23.35, 8;
    %pushi/vec4 11, 0, 5;
    %jmp/1 T_23.36, 8;
T_23.35 ; End of true expr.
    %pushi/vec4 17, 0, 5;
    %jmp/0 T_23.36, 8;
 ; End of false expr.
    %blend;
T_23.36;
    %store/vec4 v0x5f5d649b8390_0, 0, 5;
    %jmp T_23.34;
T_23.33 ;
    %pushi/vec4 10, 0, 5;
    %store/vec4 v0x5f5d649b8390_0, 0, 5;
T_23.34 ;
T_23.32 ;
    %jmp T_23.19;
T_23.10 ;
    %load/vec4 v0x5f5d649b90c0_0;
    %flag_set/vec4 8;
    %jmp/0 T_23.37, 8;
    %pushi/vec4 14, 0, 5;
    %jmp/1 T_23.38, 8;
T_23.37 ; End of true expr.
    %pushi/vec4 13, 0, 5;
    %jmp/0 T_23.38, 8;
 ; End of false expr.
    %blend;
T_23.38;
    %store/vec4 v0x5f5d649b8390_0, 0, 5;
    %jmp T_23.19;
T_23.11 ;
    %pushi/vec4 7, 0, 5;
    %store/vec4 v0x5f5d649b8390_0, 0, 5;
    %jmp T_23.19;
T_23.12 ;
    %pushi/vec4 2, 0, 5;
    %store/vec4 v0x5f5d649b8390_0, 0, 5;
    %jmp T_23.19;
T_23.13 ;
    %load/vec4 v0x5f5d649b9020_0;
    %flag_set/vec4 8;
    %jmp/0 T_23.39, 8;
    %pushi/vec4 1, 0, 5;
    %jmp/1 T_23.40, 8;
T_23.39 ; End of true expr.
    %pushi/vec4 11, 0, 5;
    %jmp/0 T_23.40, 8;
 ; End of false expr.
    %blend;
T_23.40;
    %store/vec4 v0x5f5d649b8390_0, 0, 5;
    %jmp T_23.19;
T_23.14 ;
    %load/vec4 v0x5f5d649b9020_0;
    %flag_set/vec4 8;
    %jmp/0 T_23.41, 8;
    %pushi/vec4 1, 0, 5;
    %jmp/1 T_23.42, 8;
T_23.41 ; End of true expr.
    %pushi/vec4 12, 0, 5;
    %jmp/0 T_23.42, 8;
 ; End of false expr.
    %blend;
T_23.42;
    %store/vec4 v0x5f5d649b8390_0, 0, 5;
    %jmp T_23.19;
T_23.15 ;
    %load/vec4 v0x5f5d649b9020_0;
    %flag_set/vec4 8;
    %jmp/0 T_23.43, 8;
    %pushi/vec4 1, 0, 5;
    %jmp/1 T_23.44, 8;
T_23.43 ; End of true expr.
    %pushi/vec4 15, 0, 5;
    %jmp/0 T_23.44, 8;
 ; End of false expr.
    %blend;
T_23.44;
    %store/vec4 v0x5f5d649b8390_0, 0, 5;
    %jmp T_23.19;
T_23.16 ;
    %pushi/vec4 7, 0, 5;
    %store/vec4 v0x5f5d649b8390_0, 0, 5;
    %jmp T_23.19;
T_23.17 ;
    %pushi/vec4 13, 0, 5;
    %store/vec4 v0x5f5d649b8390_0, 0, 5;
    %jmp T_23.19;
T_23.19 ;
    %pop/vec4 1;
    %jmp T_23;
    .thread T_23, $push;
    .scope S_0x5f5d649b6f90;
T_24 ;
    %wait E_0x5f5d649b8190;
    %load/vec4 v0x5f5d649b8290_0;
    %cmpi/e 1, 0, 5;
    %jmp/1 T_24.1, 4;
    %flag_mov 8, 4;
    %load/vec4 v0x5f5d649b8290_0;
    %cmpi/e 14, 0, 5;
    %flag_or 4, 8;
T_24.1;
    %flag_get/vec4 4;
    %jmp/1 T_24.0, 4;
    %load/vec4 v0x5f5d649b8290_0;
    %pushi/vec4 16, 0, 5;
    %cmp/e;
    %flag_get/vec4 4;
    %or;
T_24.0;
    %store/vec4 v0x5f5d649b98b0_0, 0, 1;
    %load/vec4 v0x5f5d649b8290_0;
    %cmpi/e 10, 0, 5;
    %jmp/1 T_24.3, 4;
    %flag_mov 8, 4;
    %load/vec4 v0x5f5d649b8290_0;
    %cmpi/e 6, 0, 5;
    %flag_or 4, 8;
T_24.3;
    %flag_get/vec4 4;
    %jmp/1 T_24.2, 4;
    %load/vec4 v0x5f5d649b8290_0;
    %pushi/vec4 17, 0, 5;
    %cmp/e;
    %flag_get/vec4 4;
    %or;
T_24.2;
    %store/vec4 v0x5f5d649b8720_0, 0, 1;
    %load/vec4 v0x5f5d649b8290_0;
    %pushi/vec4 1, 0, 5;
    %cmp/e;
    %flag_get/vec4 4;
    %store/vec4 v0x5f5d649b9950_0, 0, 1;
    %load/vec4 v0x5f5d649b8290_0;
    %pushi/vec4 14, 0, 5;
    %cmp/e;
    %flag_get/vec4 4;
    %store/vec4 v0x5f5d649b8810_0, 0, 1;
    %load/vec4 v0x5f5d649b8290_0;
    %cmpi/e 1, 0, 5;
    %flag_get/vec4 4;
    %jmp/1 T_24.4, 4;
    %load/vec4 v0x5f5d649b8290_0;
    %pushi/vec4 14, 0, 5;
    %cmp/e;
    %flag_get/vec4 4;
    %or;
T_24.4;
    %store/vec4 v0x5f5d649b97c0_0, 0, 1;
    %load/vec4 v0x5f5d649b8290_0;
    %pushi/vec4 8, 0, 5;
    %cmp/e;
    %flag_get/vec4 4;
    %store/vec4 v0x5f5d649b9400_0, 0, 1;
    %load/vec4 v0x5f5d649b8290_0;
    %pushi/vec4 0, 0, 5;
    %cmp/e;
    %flag_get/vec4 4;
    %store/vec4 v0x5f5d649b99f0_0, 0, 1;
    %load/vec4 v0x5f5d649b8290_0;
    %pushi/vec4 1, 0, 5;
    %cmp/e;
    %flag_get/vec4 4;
    %store/vec4 v0x5f5d649b9360_0, 0, 1;
    %load/vec4 v0x5f5d649b8290_0;
    %cmpi/e 1, 0, 5;
    %jmp/1 T_24.7, 4;
    %flag_mov 8, 4;
    %load/vec4 v0x5f5d649b8290_0;
    %cmpi/e 10, 0, 5;
    %flag_or 4, 8;
T_24.7;
    %jmp/1 T_24.6, 4;
    %flag_mov 8, 4;
    %load/vec4 v0x5f5d649b8290_0;
    %cmpi/e 14, 0, 5;
    %flag_or 4, 8;
T_24.6;
    %flag_get/vec4 4;
    %jmp/1 T_24.5, 4;
    %load/vec4 v0x5f5d649b8290_0;
    %pushi/vec4 0, 0, 5;
    %cmp/e;
    %flag_get/vec4 4;
    %or;
T_24.5;
    %store/vec4 v0x5f5d649b9b80_0, 0, 1;
    %load/vec4 v0x5f5d649b8290_0;
    %cmpi/e 7, 0, 5;
    %flag_get/vec4 4;
    %jmp/1 T_24.8, 4;
    %load/vec4 v0x5f5d649b8290_0;
    %pushi/vec4 13, 0, 5;
    %cmp/e;
    %flag_get/vec4 4;
    %or;
T_24.8;
    %store/vec4 v0x5f5d649b8b00_0, 0, 1;
    %load/vec4 v0x5f5d649b8290_0;
    %pushi/vec4 11, 0, 5;
    %cmp/e;
    %flag_get/vec4 4;
    %store/vec4 v0x5f5d649b8470_0, 0, 1;
    %load/vec4 v0x5f5d649b8290_0;
    %cmpi/e 12, 0, 5;
    %flag_get/vec4 4;
    %jmp/1 T_24.9, 4;
    %load/vec4 v0x5f5d649b8290_0;
    %pushi/vec4 15, 0, 5;
    %cmp/e;
    %flag_get/vec4 4;
    %or;
T_24.9;
    %store/vec4 v0x5f5d649b8ce0_0, 0, 1;
    %load/vec4 v0x5f5d649b8290_0;
    %cmpi/e 15, 0, 5;
    %jmp/1 T_24.11, 4;
    %flag_mov 8, 4;
    %load/vec4 v0x5f5d649b8290_0;
    %cmpi/e 11, 0, 5;
    %flag_or 4, 8;
T_24.11;
    %flag_get/vec4 4;
    %jmp/1 T_24.10, 4;
    %load/vec4 v0x5f5d649b8290_0;
    %pushi/vec4 12, 0, 5;
    %cmp/e;
    %flag_get/vec4 4;
    %or;
T_24.10;
    %store/vec4 v0x5f5d649b91b0_0, 0, 1;
    %load/vec4 v0x5f5d649b8290_0;
    %pushi/vec4 13, 0, 5;
    %cmp/e;
    %flag_get/vec4 4;
    %store/vec4 v0x5f5d649b9270_0, 0, 1;
    %load/vec4 v0x5f5d649b8290_0;
    %cmpi/e 2, 0, 5;
    %flag_get/vec4 4;
    %jmp/1 T_24.12, 4;
    %load/vec4 v0x5f5d649b8290_0;
    %pushi/vec4 4, 0, 5;
    %cmp/e;
    %flag_get/vec4 4;
    %or;
T_24.12;
    %store/vec4 v0x5f5d649b9a90_0, 0, 1;
    %load/vec4 v0x5f5d649b8290_0;
    %cmpi/e 3, 0, 5;
    %flag_get/vec4 4;
    %jmp/1 T_24.13, 4;
    %load/vec4 v0x5f5d649b8290_0;
    %pushi/vec4 5, 0, 5;
    %cmp/e;
    %flag_get/vec4 4;
    %or;
T_24.13;
    %store/vec4 v0x5f5d649b8a60_0, 0, 1;
    %load/vec4 v0x5f5d649b8290_0;
    %pushi/vec4 3, 0, 5;
    %cmp/e;
    %flag_get/vec4 4;
    %store/vec4 v0x5f5d649b85e0_0, 0, 1;
    %load/vec4 v0x5f5d649b8290_0;
    %store/vec4 v0x5f5d649b8900_0, 0, 5;
    %load/vec4 v0x5f5d649b8290_0;
    %pushi/vec4 15, 0, 5;
    %cmp/e;
    %flag_get/vec4 4;
    %store/vec4 v0x5f5d649b89c0_0, 0, 1;
    %jmp T_24;
    .thread T_24, $push;
    .scope S_0x5f5d6497e620;
T_25 ;
    %wait E_0x5f5d64912c20;
    %load/vec4 v0x5f5d64961580_0;
    %dup/vec4;
    %pushi/vec4 0, 0, 5;
    %cmp/u;
    %jmp/1 T_25.0, 6;
    %dup/vec4;
    %pushi/vec4 1, 0, 5;
    %cmp/u;
    %jmp/1 T_25.1, 6;
    %dup/vec4;
    %pushi/vec4 2, 0, 5;
    %cmp/u;
    %jmp/1 T_25.2, 6;
    %dup/vec4;
    %pushi/vec4 3, 0, 5;
    %cmp/u;
    %jmp/1 T_25.3, 6;
    %dup/vec4;
    %pushi/vec4 4, 0, 5;
    %cmp/u;
    %jmp/1 T_25.4, 6;
    %dup/vec4;
    %pushi/vec4 5, 0, 5;
    %cmp/u;
    %jmp/1 T_25.5, 6;
    %dup/vec4;
    %pushi/vec4 6, 0, 5;
    %cmp/u;
    %jmp/1 T_25.6, 6;
    %dup/vec4;
    %pushi/vec4 7, 0, 5;
    %cmp/u;
    %jmp/1 T_25.7, 6;
    %dup/vec4;
    %pushi/vec4 8, 0, 5;
    %cmp/u;
    %jmp/1 T_25.8, 6;
    %dup/vec4;
    %pushi/vec4 9, 0, 5;
    %cmp/u;
    %jmp/1 T_25.9, 6;
    %dup/vec4;
    %pushi/vec4 10, 0, 5;
    %cmp/u;
    %jmp/1 T_25.10, 6;
    %dup/vec4;
    %pushi/vec4 11, 0, 5;
    %cmp/u;
    %jmp/1 T_25.11, 6;
    %dup/vec4;
    %pushi/vec4 12, 0, 5;
    %cmp/u;
    %jmp/1 T_25.12, 6;
    %dup/vec4;
    %pushi/vec4 13, 0, 5;
    %cmp/u;
    %jmp/1 T_25.13, 6;
    %dup/vec4;
    %pushi/vec4 14, 0, 5;
    %cmp/u;
    %jmp/1 T_25.14, 6;
    %dup/vec4;
    %pushi/vec4 15, 0, 5;
    %cmp/u;
    %jmp/1 T_25.15, 6;
    %dup/vec4;
    %pushi/vec4 16, 0, 5;
    %cmp/u;
    %jmp/1 T_25.16, 6;
    %dup/vec4;
    %pushi/vec4 17, 0, 5;
    %cmp/u;
    %jmp/1 T_25.17, 6;
    %dup/vec4;
    %pushi/vec4 18, 0, 5;
    %cmp/u;
    %jmp/1 T_25.18, 6;
    %dup/vec4;
    %pushi/vec4 19, 0, 5;
    %cmp/u;
    %jmp/1 T_25.19, 6;
    %dup/vec4;
    %pushi/vec4 20, 0, 5;
    %cmp/u;
    %jmp/1 T_25.20, 6;
    %dup/vec4;
    %pushi/vec4 21, 0, 5;
    %cmp/u;
    %jmp/1 T_25.21, 6;
    %pushi/vec4 127, 0, 7;
    %store/vec4 v0x5f5d64965200_0, 0, 7;
    %jmp T_25.23;
T_25.0 ;
    %pushi/vec4 64, 0, 7;
    %store/vec4 v0x5f5d64965200_0, 0, 7;
    %jmp T_25.23;
T_25.1 ;
    %pushi/vec4 121, 0, 7;
    %store/vec4 v0x5f5d64965200_0, 0, 7;
    %jmp T_25.23;
T_25.2 ;
    %pushi/vec4 36, 0, 7;
    %store/vec4 v0x5f5d64965200_0, 0, 7;
    %jmp T_25.23;
T_25.3 ;
    %pushi/vec4 48, 0, 7;
    %store/vec4 v0x5f5d64965200_0, 0, 7;
    %jmp T_25.23;
T_25.4 ;
    %pushi/vec4 25, 0, 7;
    %store/vec4 v0x5f5d64965200_0, 0, 7;
    %jmp T_25.23;
T_25.5 ;
    %pushi/vec4 18, 0, 7;
    %store/vec4 v0x5f5d64965200_0, 0, 7;
    %jmp T_25.23;
T_25.6 ;
    %pushi/vec4 2, 0, 7;
    %store/vec4 v0x5f5d64965200_0, 0, 7;
    %jmp T_25.23;
T_25.7 ;
    %pushi/vec4 120, 0, 7;
    %store/vec4 v0x5f5d64965200_0, 0, 7;
    %jmp T_25.23;
T_25.8 ;
    %pushi/vec4 0, 0, 7;
    %store/vec4 v0x5f5d64965200_0, 0, 7;
    %jmp T_25.23;
T_25.9 ;
    %pushi/vec4 16, 0, 7;
    %store/vec4 v0x5f5d64965200_0, 0, 7;
    %jmp T_25.23;
T_25.10 ;
    %pushi/vec4 8, 0, 7;
    %store/vec4 v0x5f5d64965200_0, 0, 7;
    %jmp T_25.23;
T_25.11 ;
    %pushi/vec4 3, 0, 7;
    %store/vec4 v0x5f5d64965200_0, 0, 7;
    %jmp T_25.23;
T_25.12 ;
    %pushi/vec4 70, 0, 7;
    %store/vec4 v0x5f5d64965200_0, 0, 7;
    %jmp T_25.23;
T_25.13 ;
    %pushi/vec4 33, 0, 7;
    %store/vec4 v0x5f5d64965200_0, 0, 7;
    %jmp T_25.23;
T_25.14 ;
    %pushi/vec4 6, 0, 7;
    %store/vec4 v0x5f5d64965200_0, 0, 7;
    %jmp T_25.23;
T_25.15 ;
    %pushi/vec4 14, 0, 7;
    %store/vec4 v0x5f5d64965200_0, 0, 7;
    %jmp T_25.23;
T_25.16 ;
    %pushi/vec4 126, 0, 7;
    %store/vec4 v0x5f5d64965200_0, 0, 7;
    %jmp T_25.23;
T_25.17 ;
    %pushi/vec4 125, 0, 7;
    %store/vec4 v0x5f5d64965200_0, 0, 7;
    %jmp T_25.23;
T_25.18 ;
    %pushi/vec4 123, 0, 7;
    %store/vec4 v0x5f5d64965200_0, 0, 7;
    %jmp T_25.23;
T_25.19 ;
    %pushi/vec4 119, 0, 7;
    %store/vec4 v0x5f5d64965200_0, 0, 7;
    %jmp T_25.23;
T_25.20 ;
    %pushi/vec4 111, 0, 7;
    %store/vec4 v0x5f5d64965200_0, 0, 7;
    %jmp T_25.23;
T_25.21 ;
    %pushi/vec4 95, 0, 7;
    %store/vec4 v0x5f5d64965200_0, 0, 7;
    %jmp T_25.23;
T_25.23 ;
    %pop/vec4 1;
    %jmp T_25;
    .thread T_25, $push;
    .scope S_0x5f5d6497e9a0;
T_26 ;
    %wait E_0x5f5d648c67d0;
    %load/vec4 v0x5f5d649a7ce0_0;
    %dup/vec4;
    %pushi/vec4 0, 0, 5;
    %cmp/u;
    %jmp/1 T_26.0, 6;
    %dup/vec4;
    %pushi/vec4 1, 0, 5;
    %cmp/u;
    %jmp/1 T_26.1, 6;
    %dup/vec4;
    %pushi/vec4 2, 0, 5;
    %cmp/u;
    %jmp/1 T_26.2, 6;
    %dup/vec4;
    %pushi/vec4 3, 0, 5;
    %cmp/u;
    %jmp/1 T_26.3, 6;
    %dup/vec4;
    %pushi/vec4 4, 0, 5;
    %cmp/u;
    %jmp/1 T_26.4, 6;
    %dup/vec4;
    %pushi/vec4 5, 0, 5;
    %cmp/u;
    %jmp/1 T_26.5, 6;
    %dup/vec4;
    %pushi/vec4 6, 0, 5;
    %cmp/u;
    %jmp/1 T_26.6, 6;
    %dup/vec4;
    %pushi/vec4 7, 0, 5;
    %cmp/u;
    %jmp/1 T_26.7, 6;
    %dup/vec4;
    %pushi/vec4 8, 0, 5;
    %cmp/u;
    %jmp/1 T_26.8, 6;
    %dup/vec4;
    %pushi/vec4 9, 0, 5;
    %cmp/u;
    %jmp/1 T_26.9, 6;
    %dup/vec4;
    %pushi/vec4 10, 0, 5;
    %cmp/u;
    %jmp/1 T_26.10, 6;
    %dup/vec4;
    %pushi/vec4 11, 0, 5;
    %cmp/u;
    %jmp/1 T_26.11, 6;
    %dup/vec4;
    %pushi/vec4 12, 0, 5;
    %cmp/u;
    %jmp/1 T_26.12, 6;
    %dup/vec4;
    %pushi/vec4 13, 0, 5;
    %cmp/u;
    %jmp/1 T_26.13, 6;
    %dup/vec4;
    %pushi/vec4 14, 0, 5;
    %cmp/u;
    %jmp/1 T_26.14, 6;
    %dup/vec4;
    %pushi/vec4 15, 0, 5;
    %cmp/u;
    %jmp/1 T_26.15, 6;
    %dup/vec4;
    %pushi/vec4 16, 0, 5;
    %cmp/u;
    %jmp/1 T_26.16, 6;
    %dup/vec4;
    %pushi/vec4 17, 0, 5;
    %cmp/u;
    %jmp/1 T_26.17, 6;
    %dup/vec4;
    %pushi/vec4 18, 0, 5;
    %cmp/u;
    %jmp/1 T_26.18, 6;
    %dup/vec4;
    %pushi/vec4 19, 0, 5;
    %cmp/u;
    %jmp/1 T_26.19, 6;
    %dup/vec4;
    %pushi/vec4 20, 0, 5;
    %cmp/u;
    %jmp/1 T_26.20, 6;
    %dup/vec4;
    %pushi/vec4 21, 0, 5;
    %cmp/u;
    %jmp/1 T_26.21, 6;
    %pushi/vec4 127, 0, 7;
    %store/vec4 v0x5f5d6495eb10_0, 0, 7;
    %jmp T_26.23;
T_26.0 ;
    %pushi/vec4 64, 0, 7;
    %store/vec4 v0x5f5d6495eb10_0, 0, 7;
    %jmp T_26.23;
T_26.1 ;
    %pushi/vec4 121, 0, 7;
    %store/vec4 v0x5f5d6495eb10_0, 0, 7;
    %jmp T_26.23;
T_26.2 ;
    %pushi/vec4 36, 0, 7;
    %store/vec4 v0x5f5d6495eb10_0, 0, 7;
    %jmp T_26.23;
T_26.3 ;
    %pushi/vec4 48, 0, 7;
    %store/vec4 v0x5f5d6495eb10_0, 0, 7;
    %jmp T_26.23;
T_26.4 ;
    %pushi/vec4 25, 0, 7;
    %store/vec4 v0x5f5d6495eb10_0, 0, 7;
    %jmp T_26.23;
T_26.5 ;
    %pushi/vec4 18, 0, 7;
    %store/vec4 v0x5f5d6495eb10_0, 0, 7;
    %jmp T_26.23;
T_26.6 ;
    %pushi/vec4 2, 0, 7;
    %store/vec4 v0x5f5d6495eb10_0, 0, 7;
    %jmp T_26.23;
T_26.7 ;
    %pushi/vec4 120, 0, 7;
    %store/vec4 v0x5f5d6495eb10_0, 0, 7;
    %jmp T_26.23;
T_26.8 ;
    %pushi/vec4 0, 0, 7;
    %store/vec4 v0x5f5d6495eb10_0, 0, 7;
    %jmp T_26.23;
T_26.9 ;
    %pushi/vec4 16, 0, 7;
    %store/vec4 v0x5f5d6495eb10_0, 0, 7;
    %jmp T_26.23;
T_26.10 ;
    %pushi/vec4 8, 0, 7;
    %store/vec4 v0x5f5d6495eb10_0, 0, 7;
    %jmp T_26.23;
T_26.11 ;
    %pushi/vec4 3, 0, 7;
    %store/vec4 v0x5f5d6495eb10_0, 0, 7;
    %jmp T_26.23;
T_26.12 ;
    %pushi/vec4 70, 0, 7;
    %store/vec4 v0x5f5d6495eb10_0, 0, 7;
    %jmp T_26.23;
T_26.13 ;
    %pushi/vec4 33, 0, 7;
    %store/vec4 v0x5f5d6495eb10_0, 0, 7;
    %jmp T_26.23;
T_26.14 ;
    %pushi/vec4 6, 0, 7;
    %store/vec4 v0x5f5d6495eb10_0, 0, 7;
    %jmp T_26.23;
T_26.15 ;
    %pushi/vec4 14, 0, 7;
    %store/vec4 v0x5f5d6495eb10_0, 0, 7;
    %jmp T_26.23;
T_26.16 ;
    %pushi/vec4 126, 0, 7;
    %store/vec4 v0x5f5d6495eb10_0, 0, 7;
    %jmp T_26.23;
T_26.17 ;
    %pushi/vec4 125, 0, 7;
    %store/vec4 v0x5f5d6495eb10_0, 0, 7;
    %jmp T_26.23;
T_26.18 ;
    %pushi/vec4 123, 0, 7;
    %store/vec4 v0x5f5d6495eb10_0, 0, 7;
    %jmp T_26.23;
T_26.19 ;
    %pushi/vec4 119, 0, 7;
    %store/vec4 v0x5f5d6495eb10_0, 0, 7;
    %jmp T_26.23;
T_26.20 ;
    %pushi/vec4 111, 0, 7;
    %store/vec4 v0x5f5d6495eb10_0, 0, 7;
    %jmp T_26.23;
T_26.21 ;
    %pushi/vec4 95, 0, 7;
    %store/vec4 v0x5f5d6495eb10_0, 0, 7;
    %jmp T_26.23;
T_26.23 ;
    %pop/vec4 1;
    %jmp T_26;
    .thread T_26, $push;
    .scope S_0x5f5d6497ed20;
T_27 ;
    %wait E_0x5f5d649a7eb0;
    %load/vec4 v0x5f5d649a8010_0;
    %dup/vec4;
    %pushi/vec4 0, 0, 5;
    %cmp/u;
    %jmp/1 T_27.0, 6;
    %dup/vec4;
    %pushi/vec4 1, 0, 5;
    %cmp/u;
    %jmp/1 T_27.1, 6;
    %dup/vec4;
    %pushi/vec4 2, 0, 5;
    %cmp/u;
    %jmp/1 T_27.2, 6;
    %dup/vec4;
    %pushi/vec4 3, 0, 5;
    %cmp/u;
    %jmp/1 T_27.3, 6;
    %dup/vec4;
    %pushi/vec4 4, 0, 5;
    %cmp/u;
    %jmp/1 T_27.4, 6;
    %dup/vec4;
    %pushi/vec4 5, 0, 5;
    %cmp/u;
    %jmp/1 T_27.5, 6;
    %dup/vec4;
    %pushi/vec4 6, 0, 5;
    %cmp/u;
    %jmp/1 T_27.6, 6;
    %dup/vec4;
    %pushi/vec4 7, 0, 5;
    %cmp/u;
    %jmp/1 T_27.7, 6;
    %dup/vec4;
    %pushi/vec4 8, 0, 5;
    %cmp/u;
    %jmp/1 T_27.8, 6;
    %dup/vec4;
    %pushi/vec4 9, 0, 5;
    %cmp/u;
    %jmp/1 T_27.9, 6;
    %dup/vec4;
    %pushi/vec4 10, 0, 5;
    %cmp/u;
    %jmp/1 T_27.10, 6;
    %dup/vec4;
    %pushi/vec4 11, 0, 5;
    %cmp/u;
    %jmp/1 T_27.11, 6;
    %dup/vec4;
    %pushi/vec4 12, 0, 5;
    %cmp/u;
    %jmp/1 T_27.12, 6;
    %dup/vec4;
    %pushi/vec4 13, 0, 5;
    %cmp/u;
    %jmp/1 T_27.13, 6;
    %dup/vec4;
    %pushi/vec4 14, 0, 5;
    %cmp/u;
    %jmp/1 T_27.14, 6;
    %dup/vec4;
    %pushi/vec4 15, 0, 5;
    %cmp/u;
    %jmp/1 T_27.15, 6;
    %dup/vec4;
    %pushi/vec4 16, 0, 5;
    %cmp/u;
    %jmp/1 T_27.16, 6;
    %dup/vec4;
    %pushi/vec4 17, 0, 5;
    %cmp/u;
    %jmp/1 T_27.17, 6;
    %dup/vec4;
    %pushi/vec4 18, 0, 5;
    %cmp/u;
    %jmp/1 T_27.18, 6;
    %dup/vec4;
    %pushi/vec4 19, 0, 5;
    %cmp/u;
    %jmp/1 T_27.19, 6;
    %dup/vec4;
    %pushi/vec4 20, 0, 5;
    %cmp/u;
    %jmp/1 T_27.20, 6;
    %dup/vec4;
    %pushi/vec4 21, 0, 5;
    %cmp/u;
    %jmp/1 T_27.21, 6;
    %pushi/vec4 127, 0, 7;
    %store/vec4 v0x5f5d649a7f10_0, 0, 7;
    %jmp T_27.23;
T_27.0 ;
    %pushi/vec4 64, 0, 7;
    %store/vec4 v0x5f5d649a7f10_0, 0, 7;
    %jmp T_27.23;
T_27.1 ;
    %pushi/vec4 121, 0, 7;
    %store/vec4 v0x5f5d649a7f10_0, 0, 7;
    %jmp T_27.23;
T_27.2 ;
    %pushi/vec4 36, 0, 7;
    %store/vec4 v0x5f5d649a7f10_0, 0, 7;
    %jmp T_27.23;
T_27.3 ;
    %pushi/vec4 48, 0, 7;
    %store/vec4 v0x5f5d649a7f10_0, 0, 7;
    %jmp T_27.23;
T_27.4 ;
    %pushi/vec4 25, 0, 7;
    %store/vec4 v0x5f5d649a7f10_0, 0, 7;
    %jmp T_27.23;
T_27.5 ;
    %pushi/vec4 18, 0, 7;
    %store/vec4 v0x5f5d649a7f10_0, 0, 7;
    %jmp T_27.23;
T_27.6 ;
    %pushi/vec4 2, 0, 7;
    %store/vec4 v0x5f5d649a7f10_0, 0, 7;
    %jmp T_27.23;
T_27.7 ;
    %pushi/vec4 120, 0, 7;
    %store/vec4 v0x5f5d649a7f10_0, 0, 7;
    %jmp T_27.23;
T_27.8 ;
    %pushi/vec4 0, 0, 7;
    %store/vec4 v0x5f5d649a7f10_0, 0, 7;
    %jmp T_27.23;
T_27.9 ;
    %pushi/vec4 16, 0, 7;
    %store/vec4 v0x5f5d649a7f10_0, 0, 7;
    %jmp T_27.23;
T_27.10 ;
    %pushi/vec4 8, 0, 7;
    %store/vec4 v0x5f5d649a7f10_0, 0, 7;
    %jmp T_27.23;
T_27.11 ;
    %pushi/vec4 3, 0, 7;
    %store/vec4 v0x5f5d649a7f10_0, 0, 7;
    %jmp T_27.23;
T_27.12 ;
    %pushi/vec4 70, 0, 7;
    %store/vec4 v0x5f5d649a7f10_0, 0, 7;
    %jmp T_27.23;
T_27.13 ;
    %pushi/vec4 33, 0, 7;
    %store/vec4 v0x5f5d649a7f10_0, 0, 7;
    %jmp T_27.23;
T_27.14 ;
    %pushi/vec4 6, 0, 7;
    %store/vec4 v0x5f5d649a7f10_0, 0, 7;
    %jmp T_27.23;
T_27.15 ;
    %pushi/vec4 14, 0, 7;
    %store/vec4 v0x5f5d649a7f10_0, 0, 7;
    %jmp T_27.23;
T_27.16 ;
    %pushi/vec4 126, 0, 7;
    %store/vec4 v0x5f5d649a7f10_0, 0, 7;
    %jmp T_27.23;
T_27.17 ;
    %pushi/vec4 125, 0, 7;
    %store/vec4 v0x5f5d649a7f10_0, 0, 7;
    %jmp T_27.23;
T_27.18 ;
    %pushi/vec4 123, 0, 7;
    %store/vec4 v0x5f5d649a7f10_0, 0, 7;
    %jmp T_27.23;
T_27.19 ;
    %pushi/vec4 119, 0, 7;
    %store/vec4 v0x5f5d649a7f10_0, 0, 7;
    %jmp T_27.23;
T_27.20 ;
    %pushi/vec4 111, 0, 7;
    %store/vec4 v0x5f5d649a7f10_0, 0, 7;
    %jmp T_27.23;
T_27.21 ;
    %pushi/vec4 95, 0, 7;
    %store/vec4 v0x5f5d649a7f10_0, 0, 7;
    %jmp T_27.23;
T_27.23 ;
    %pop/vec4 1;
    %jmp T_27;
    .thread T_27, $push;
    .scope S_0x5f5d6497f0a0;
T_28 ;
    %wait E_0x5f5d649a81e0;
    %load/vec4 v0x5f5d649a8360_0;
    %dup/vec4;
    %pushi/vec4 0, 0, 5;
    %cmp/u;
    %jmp/1 T_28.0, 6;
    %dup/vec4;
    %pushi/vec4 1, 0, 5;
    %cmp/u;
    %jmp/1 T_28.1, 6;
    %dup/vec4;
    %pushi/vec4 2, 0, 5;
    %cmp/u;
    %jmp/1 T_28.2, 6;
    %dup/vec4;
    %pushi/vec4 3, 0, 5;
    %cmp/u;
    %jmp/1 T_28.3, 6;
    %dup/vec4;
    %pushi/vec4 4, 0, 5;
    %cmp/u;
    %jmp/1 T_28.4, 6;
    %dup/vec4;
    %pushi/vec4 5, 0, 5;
    %cmp/u;
    %jmp/1 T_28.5, 6;
    %dup/vec4;
    %pushi/vec4 6, 0, 5;
    %cmp/u;
    %jmp/1 T_28.6, 6;
    %dup/vec4;
    %pushi/vec4 7, 0, 5;
    %cmp/u;
    %jmp/1 T_28.7, 6;
    %dup/vec4;
    %pushi/vec4 8, 0, 5;
    %cmp/u;
    %jmp/1 T_28.8, 6;
    %dup/vec4;
    %pushi/vec4 9, 0, 5;
    %cmp/u;
    %jmp/1 T_28.9, 6;
    %dup/vec4;
    %pushi/vec4 10, 0, 5;
    %cmp/u;
    %jmp/1 T_28.10, 6;
    %dup/vec4;
    %pushi/vec4 11, 0, 5;
    %cmp/u;
    %jmp/1 T_28.11, 6;
    %dup/vec4;
    %pushi/vec4 12, 0, 5;
    %cmp/u;
    %jmp/1 T_28.12, 6;
    %dup/vec4;
    %pushi/vec4 13, 0, 5;
    %cmp/u;
    %jmp/1 T_28.13, 6;
    %dup/vec4;
    %pushi/vec4 14, 0, 5;
    %cmp/u;
    %jmp/1 T_28.14, 6;
    %dup/vec4;
    %pushi/vec4 15, 0, 5;
    %cmp/u;
    %jmp/1 T_28.15, 6;
    %dup/vec4;
    %pushi/vec4 16, 0, 5;
    %cmp/u;
    %jmp/1 T_28.16, 6;
    %dup/vec4;
    %pushi/vec4 17, 0, 5;
    %cmp/u;
    %jmp/1 T_28.17, 6;
    %dup/vec4;
    %pushi/vec4 18, 0, 5;
    %cmp/u;
    %jmp/1 T_28.18, 6;
    %dup/vec4;
    %pushi/vec4 19, 0, 5;
    %cmp/u;
    %jmp/1 T_28.19, 6;
    %dup/vec4;
    %pushi/vec4 20, 0, 5;
    %cmp/u;
    %jmp/1 T_28.20, 6;
    %dup/vec4;
    %pushi/vec4 21, 0, 5;
    %cmp/u;
    %jmp/1 T_28.21, 6;
    %pushi/vec4 127, 0, 7;
    %store/vec4 v0x5f5d649a8260_0, 0, 7;
    %jmp T_28.23;
T_28.0 ;
    %pushi/vec4 64, 0, 7;
    %store/vec4 v0x5f5d649a8260_0, 0, 7;
    %jmp T_28.23;
T_28.1 ;
    %pushi/vec4 121, 0, 7;
    %store/vec4 v0x5f5d649a8260_0, 0, 7;
    %jmp T_28.23;
T_28.2 ;
    %pushi/vec4 36, 0, 7;
    %store/vec4 v0x5f5d649a8260_0, 0, 7;
    %jmp T_28.23;
T_28.3 ;
    %pushi/vec4 48, 0, 7;
    %store/vec4 v0x5f5d649a8260_0, 0, 7;
    %jmp T_28.23;
T_28.4 ;
    %pushi/vec4 25, 0, 7;
    %store/vec4 v0x5f5d649a8260_0, 0, 7;
    %jmp T_28.23;
T_28.5 ;
    %pushi/vec4 18, 0, 7;
    %store/vec4 v0x5f5d649a8260_0, 0, 7;
    %jmp T_28.23;
T_28.6 ;
    %pushi/vec4 2, 0, 7;
    %store/vec4 v0x5f5d649a8260_0, 0, 7;
    %jmp T_28.23;
T_28.7 ;
    %pushi/vec4 120, 0, 7;
    %store/vec4 v0x5f5d649a8260_0, 0, 7;
    %jmp T_28.23;
T_28.8 ;
    %pushi/vec4 0, 0, 7;
    %store/vec4 v0x5f5d649a8260_0, 0, 7;
    %jmp T_28.23;
T_28.9 ;
    %pushi/vec4 16, 0, 7;
    %store/vec4 v0x5f5d649a8260_0, 0, 7;
    %jmp T_28.23;
T_28.10 ;
    %pushi/vec4 8, 0, 7;
    %store/vec4 v0x5f5d649a8260_0, 0, 7;
    %jmp T_28.23;
T_28.11 ;
    %pushi/vec4 3, 0, 7;
    %store/vec4 v0x5f5d649a8260_0, 0, 7;
    %jmp T_28.23;
T_28.12 ;
    %pushi/vec4 70, 0, 7;
    %store/vec4 v0x5f5d649a8260_0, 0, 7;
    %jmp T_28.23;
T_28.13 ;
    %pushi/vec4 33, 0, 7;
    %store/vec4 v0x5f5d649a8260_0, 0, 7;
    %jmp T_28.23;
T_28.14 ;
    %pushi/vec4 6, 0, 7;
    %store/vec4 v0x5f5d649a8260_0, 0, 7;
    %jmp T_28.23;
T_28.15 ;
    %pushi/vec4 14, 0, 7;
    %store/vec4 v0x5f5d649a8260_0, 0, 7;
    %jmp T_28.23;
T_28.16 ;
    %pushi/vec4 126, 0, 7;
    %store/vec4 v0x5f5d649a8260_0, 0, 7;
    %jmp T_28.23;
T_28.17 ;
    %pushi/vec4 125, 0, 7;
    %store/vec4 v0x5f5d649a8260_0, 0, 7;
    %jmp T_28.23;
T_28.18 ;
    %pushi/vec4 123, 0, 7;
    %store/vec4 v0x5f5d649a8260_0, 0, 7;
    %jmp T_28.23;
T_28.19 ;
    %pushi/vec4 119, 0, 7;
    %store/vec4 v0x5f5d649a8260_0, 0, 7;
    %jmp T_28.23;
T_28.20 ;
    %pushi/vec4 111, 0, 7;
    %store/vec4 v0x5f5d649a8260_0, 0, 7;
    %jmp T_28.23;
T_28.21 ;
    %pushi/vec4 95, 0, 7;
    %store/vec4 v0x5f5d649a8260_0, 0, 7;
    %jmp T_28.23;
T_28.23 ;
    %pop/vec4 1;
    %jmp T_28;
    .thread T_28, $push;
    .scope S_0x5f5d64994a50;
T_29 ;
    %wait E_0x5f5d649a8580;
    %load/vec4 v0x5f5d649a8700_0;
    %dup/vec4;
    %pushi/vec4 0, 0, 5;
    %cmp/u;
    %jmp/1 T_29.0, 6;
    %dup/vec4;
    %pushi/vec4 1, 0, 5;
    %cmp/u;
    %jmp/1 T_29.1, 6;
    %dup/vec4;
    %pushi/vec4 2, 0, 5;
    %cmp/u;
    %jmp/1 T_29.2, 6;
    %dup/vec4;
    %pushi/vec4 3, 0, 5;
    %cmp/u;
    %jmp/1 T_29.3, 6;
    %dup/vec4;
    %pushi/vec4 4, 0, 5;
    %cmp/u;
    %jmp/1 T_29.4, 6;
    %dup/vec4;
    %pushi/vec4 5, 0, 5;
    %cmp/u;
    %jmp/1 T_29.5, 6;
    %dup/vec4;
    %pushi/vec4 6, 0, 5;
    %cmp/u;
    %jmp/1 T_29.6, 6;
    %dup/vec4;
    %pushi/vec4 7, 0, 5;
    %cmp/u;
    %jmp/1 T_29.7, 6;
    %dup/vec4;
    %pushi/vec4 8, 0, 5;
    %cmp/u;
    %jmp/1 T_29.8, 6;
    %dup/vec4;
    %pushi/vec4 9, 0, 5;
    %cmp/u;
    %jmp/1 T_29.9, 6;
    %dup/vec4;
    %pushi/vec4 10, 0, 5;
    %cmp/u;
    %jmp/1 T_29.10, 6;
    %dup/vec4;
    %pushi/vec4 11, 0, 5;
    %cmp/u;
    %jmp/1 T_29.11, 6;
    %dup/vec4;
    %pushi/vec4 12, 0, 5;
    %cmp/u;
    %jmp/1 T_29.12, 6;
    %dup/vec4;
    %pushi/vec4 13, 0, 5;
    %cmp/u;
    %jmp/1 T_29.13, 6;
    %dup/vec4;
    %pushi/vec4 14, 0, 5;
    %cmp/u;
    %jmp/1 T_29.14, 6;
    %dup/vec4;
    %pushi/vec4 15, 0, 5;
    %cmp/u;
    %jmp/1 T_29.15, 6;
    %dup/vec4;
    %pushi/vec4 16, 0, 5;
    %cmp/u;
    %jmp/1 T_29.16, 6;
    %dup/vec4;
    %pushi/vec4 17, 0, 5;
    %cmp/u;
    %jmp/1 T_29.17, 6;
    %dup/vec4;
    %pushi/vec4 18, 0, 5;
    %cmp/u;
    %jmp/1 T_29.18, 6;
    %dup/vec4;
    %pushi/vec4 19, 0, 5;
    %cmp/u;
    %jmp/1 T_29.19, 6;
    %dup/vec4;
    %pushi/vec4 20, 0, 5;
    %cmp/u;
    %jmp/1 T_29.20, 6;
    %dup/vec4;
    %pushi/vec4 21, 0, 5;
    %cmp/u;
    %jmp/1 T_29.21, 6;
    %pushi/vec4 127, 0, 7;
    %store/vec4 v0x5f5d649a8600_0, 0, 7;
    %jmp T_29.23;
T_29.0 ;
    %pushi/vec4 64, 0, 7;
    %store/vec4 v0x5f5d649a8600_0, 0, 7;
    %jmp T_29.23;
T_29.1 ;
    %pushi/vec4 121, 0, 7;
    %store/vec4 v0x5f5d649a8600_0, 0, 7;
    %jmp T_29.23;
T_29.2 ;
    %pushi/vec4 36, 0, 7;
    %store/vec4 v0x5f5d649a8600_0, 0, 7;
    %jmp T_29.23;
T_29.3 ;
    %pushi/vec4 48, 0, 7;
    %store/vec4 v0x5f5d649a8600_0, 0, 7;
    %jmp T_29.23;
T_29.4 ;
    %pushi/vec4 25, 0, 7;
    %store/vec4 v0x5f5d649a8600_0, 0, 7;
    %jmp T_29.23;
T_29.5 ;
    %pushi/vec4 18, 0, 7;
    %store/vec4 v0x5f5d649a8600_0, 0, 7;
    %jmp T_29.23;
T_29.6 ;
    %pushi/vec4 2, 0, 7;
    %store/vec4 v0x5f5d649a8600_0, 0, 7;
    %jmp T_29.23;
T_29.7 ;
    %pushi/vec4 120, 0, 7;
    %store/vec4 v0x5f5d649a8600_0, 0, 7;
    %jmp T_29.23;
T_29.8 ;
    %pushi/vec4 0, 0, 7;
    %store/vec4 v0x5f5d649a8600_0, 0, 7;
    %jmp T_29.23;
T_29.9 ;
    %pushi/vec4 16, 0, 7;
    %store/vec4 v0x5f5d649a8600_0, 0, 7;
    %jmp T_29.23;
T_29.10 ;
    %pushi/vec4 8, 0, 7;
    %store/vec4 v0x5f5d649a8600_0, 0, 7;
    %jmp T_29.23;
T_29.11 ;
    %pushi/vec4 3, 0, 7;
    %store/vec4 v0x5f5d649a8600_0, 0, 7;
    %jmp T_29.23;
T_29.12 ;
    %pushi/vec4 70, 0, 7;
    %store/vec4 v0x5f5d649a8600_0, 0, 7;
    %jmp T_29.23;
T_29.13 ;
    %pushi/vec4 33, 0, 7;
    %store/vec4 v0x5f5d649a8600_0, 0, 7;
    %jmp T_29.23;
T_29.14 ;
    %pushi/vec4 6, 0, 7;
    %store/vec4 v0x5f5d649a8600_0, 0, 7;
    %jmp T_29.23;
T_29.15 ;
    %pushi/vec4 14, 0, 7;
    %store/vec4 v0x5f5d649a8600_0, 0, 7;
    %jmp T_29.23;
T_29.16 ;
    %pushi/vec4 126, 0, 7;
    %store/vec4 v0x5f5d649a8600_0, 0, 7;
    %jmp T_29.23;
T_29.17 ;
    %pushi/vec4 125, 0, 7;
    %store/vec4 v0x5f5d649a8600_0, 0, 7;
    %jmp T_29.23;
T_29.18 ;
    %pushi/vec4 123, 0, 7;
    %store/vec4 v0x5f5d649a8600_0, 0, 7;
    %jmp T_29.23;
T_29.19 ;
    %pushi/vec4 119, 0, 7;
    %store/vec4 v0x5f5d649a8600_0, 0, 7;
    %jmp T_29.23;
T_29.20 ;
    %pushi/vec4 111, 0, 7;
    %store/vec4 v0x5f5d649a8600_0, 0, 7;
    %jmp T_29.23;
T_29.21 ;
    %pushi/vec4 95, 0, 7;
    %store/vec4 v0x5f5d649a8600_0, 0, 7;
    %jmp T_29.23;
T_29.23 ;
    %pop/vec4 1;
    %jmp T_29;
    .thread T_29, $push;
    .scope S_0x5f5d64995150;
T_30 ;
    %delay 500, 0;
    %load/vec4 v0x5f5d649bde30_0;
    %inv;
    %store/vec4 v0x5f5d649bde30_0, 0, 1;
    %jmp T_30;
    .thread T_30;
    .scope S_0x5f5d64995150;
T_31 ;
    %pushi/vec4 1, 0, 4;
    %ix/load 4, 0, 0;
    %flag_set/imm 4, 0;
    %store/vec4a v0x5f5d649bf0f0, 4, 0;
    %pushi/vec4 2, 0, 4;
    %ix/load 4, 1, 0;
    %flag_set/imm 4, 0;
    %store/vec4a v0x5f5d649bf0f0, 4, 0;
    %pushi/vec4 4, 0, 4;
    %ix/load 4, 2, 0;
    %flag_set/imm 4, 0;
    %store/vec4a v0x5f5d649bf0f0, 4, 0;
    %pushi/vec4 8, 0, 4;
    %ix/load 4, 3, 0;
    %flag_set/imm 4, 0;
    %store/vec4a v0x5f5d649bf0f0, 4, 0;
    %pushi/vec4 1, 0, 4;
    %ix/load 4, 4, 0;
    %flag_set/imm 4, 0;
    %store/vec4a v0x5f5d649bf0f0, 4, 0;
    %pushi/vec4 2, 0, 4;
    %ix/load 4, 5, 0;
    %flag_set/imm 4, 0;
    %store/vec4a v0x5f5d649bf0f0, 4, 0;
    %pushi/vec4 4, 0, 4;
    %ix/load 4, 6, 0;
    %flag_set/imm 4, 0;
    %store/vec4a v0x5f5d649bf0f0, 4, 0;
    %pushi/vec4 8, 0, 4;
    %ix/load 4, 7, 0;
    %flag_set/imm 4, 0;
    %store/vec4a v0x5f5d649bf0f0, 4, 0;
    %pushi/vec4 1, 0, 4;
    %ix/load 4, 8, 0;
    %flag_set/imm 4, 0;
    %store/vec4a v0x5f5d649bf0f0, 4, 0;
    %pushi/vec4 2, 0, 4;
    %ix/load 4, 9, 0;
    %flag_set/imm 4, 0;
    %store/vec4a v0x5f5d649bf0f0, 4, 0;
    %pushi/vec4 4, 0, 4;
    %ix/load 4, 10, 0;
    %flag_set/imm 4, 0;
    %store/vec4a v0x5f5d649bf0f0, 4, 0;
    %pushi/vec4 8, 0, 4;
    %ix/load 4, 11, 0;
    %flag_set/imm 4, 0;
    %store/vec4a v0x5f5d649bf0f0, 4, 0;
    %pushi/vec4 1, 0, 4;
    %ix/load 4, 12, 0;
    %flag_set/imm 4, 0;
    %store/vec4a v0x5f5d649bf0f0, 4, 0;
    %pushi/vec4 2, 0, 4;
    %ix/load 4, 13, 0;
    %flag_set/imm 4, 0;
    %store/vec4a v0x5f5d649bf0f0, 4, 0;
    %pushi/vec4 4, 0, 4;
    %ix/load 4, 14, 0;
    %flag_set/imm 4, 0;
    %store/vec4a v0x5f5d649bf0f0, 4, 0;
    %pushi/vec4 8, 0, 4;
    %ix/load 4, 15, 0;
    %flag_set/imm 4, 0;
    %store/vec4a v0x5f5d649bf0f0, 4, 0;
    %pushi/vec4 0, 0, 1;
    %store/vec4 v0x5f5d649bde30_0, 0, 1;
    %pushi/vec4 0, 0, 1;
    %store/vec4 v0x5f5d649bf050_0, 0, 1;
    %pushi/vec4 0, 0, 1;
    %store/vec4 v0x5f5d649beb50_0, 0, 1;
    %pushi/vec4 0, 0, 4;
    %store/vec4 v0x5f5d649bdcc0_0, 0, 4;
    %delay 5000, 0;
    %pushi/vec4 0, 0, 2;
    %store/vec4 v0x5f5d649bdef0_0, 0, 2;
    %delay 10000, 0;
    %pushi/vec4 1, 0, 1;
    %store/vec4 v0x5f5d649bf050_0, 0, 1;
    %delay 40000, 0;
    %pushi/vec4 0, 0, 1;
    %store/vec4 v0x5f5d649bf050_0, 0, 1;
    %delay 40000, 0;
    %vpi_call 3 90 "$display", ">>> CENARIO iii: Vitoria Modo Normal (00)" {0 0 0};
    %delay 1000, 0;
    %pushi/vec4 0, 0, 2;
    %store/vec4 v0x5f5d649bdef0_0, 0, 2;
    %pushi/vec4 1, 0, 1;
    %store/vec4 v0x5f5d649beb50_0, 0, 1;
    %delay 1000, 0;
    %pushi/vec4 0, 0, 1;
    %store/vec4 v0x5f5d649beb50_0, 0, 1;
    %pushi/vec4 0, 0, 32;
    %store/vec4 v0x5f5d649bec40_0, 0, 32;
T_31.0 ;
    %load/vec4 v0x5f5d649bec40_0;
    %cmpi/s 16, 0, 32;
    %jmp/0xz T_31.1, 5;
    %load/vec4 v0x5f5d649bec40_0;
    %store/vec4 v0x5f5d649bd580_0, 0, 32;
    %load/vec4 v0x5f5d649bec40_0;
    %pushi/vec4 15, 0, 32;
    %cmp/e;
    %flag_get/vec4 4;
    %pad/u 32;
    %store/vec4 v0x5f5d649bd3c0_0, 0, 32;
    %fork TD_tb_cenario_iii.play_round, S_0x5f5d649bd210;
    %join;
    %load/vec4 v0x5f5d649bec40_0;
    %addi 1, 0, 32;
    %store/vec4 v0x5f5d649bec40_0, 0, 32;
    %jmp T_31.0;
T_31.1 ;
T_31.2 ;
    %load/vec4 v0x5f5d649beab0_0;
    %cmpi/ne 1, 0, 1;
    %jmp/0xz T_31.3, 6;
    %wait E_0x5f5d64912580;
    %jmp T_31.2;
T_31.3 ;
    %vpi_call 3 102 "$display", ">>> Vitoria 16 rodadas confirmada!" {0 0 0};
    %vpi_call 3 103 "$stop" {0 0 0};
    %end;
    .thread T_31;
# The file index is used to find the file name in the following table.
:file_names 17;
    "N/A";
    "<interactive>";
    "mux2x1.v";
    "tb_cenario_iii.v";
    "jogo_desafio_memoria.v";
    "hexa7seg.v";
    "fluxo_dados.v";
    "comparador_85.v";
    "contador_163.v";
    "contador_m.v";
    "cores_rgb.v";
    "edge_detector.v";
    "sync_ram_16x4_file.v";
    "mux2x1_n.v";
    "registrador_1.v";
    "registrador_4.v";
    "unidade_controle.v";
