#! /usr/bin/vvp
:ivl_version "12.0 (stable)";
:ivl_delay_selection "TYPICAL";
:vpi_time_precision - 9;
:vpi_module "/usr/lib/x86_64-linux-gnu/ivl/system.vpi";
:vpi_module "/usr/lib/x86_64-linux-gnu/ivl/vhdl_sys.vpi";
:vpi_module "/usr/lib/x86_64-linux-gnu/ivl/vhdl_textio.vpi";
:vpi_module "/usr/lib/x86_64-linux-gnu/ivl/v2005_math.vpi";
:vpi_module "/usr/lib/x86_64-linux-gnu/ivl/va_math.vpi";
S_0x5647d30fba10 .scope module, "estado7seg" "estado7seg" 2 23;
 .timescale -9 -9;
    .port_info 0 /INPUT 5 "estado";
    .port_info 1 /OUTPUT 7 "display";
v0x5647d31a4520_0 .var "display", 6 0;
o0x7d53af0cc048 .functor BUFZ 5, C4<zzzzz>; HiZ drive
v0x5647d319c580_0 .net "estado", 4 0, o0x7d53af0cc048;  0 drivers
E_0x5647d31c8ff0 .event anyedge, v0x5647d319c580_0;
S_0x5647d31c3730 .scope module, "mux2x1" "mux2x1" 3 18;
 .timescale -9 -9;
    .port_info 0 /INPUT 1 "D0";
    .port_info 1 /INPUT 1 "D1";
    .port_info 2 /INPUT 1 "SEL";
    .port_info 3 /OUTPUT 1 "OUT";
o0x7d53af0cc0d8 .functor BUFZ 1, C4<z>; HiZ drive
v0x5647d3199b10_0 .net "D0", 0 0, o0x7d53af0cc0d8;  0 drivers
o0x7d53af0cc108 .functor BUFZ 1, C4<z>; HiZ drive
v0x5647d3195ef0_0 .net "D1", 0 0, o0x7d53af0cc108;  0 drivers
v0x5647d3193480_0 .var "OUT", 0 0;
o0x7d53af0cc168 .functor BUFZ 1, C4<z>; HiZ drive
v0x5647d318f800_0 .net "SEL", 0 0, o0x7d53af0cc168;  0 drivers
E_0x5647d31c8f20 .event anyedge, v0x5647d318f800_0, v0x5647d3199b10_0, v0x5647d3195ef0_0;
S_0x5647d31ac520 .scope module, "tb_cenario_vi" "tb_cenario_vi" 4 3;
 .timescale -9 -9;
v0x5647d31ebf40_0 .var "botoes", 3 0;
v0x5647d31ec0b0_0 .var "clock", 0 0;
v0x5647d31ec170_0 .var "configuracao", 1 0;
v0x5647d31ec210_0 .net "db_clock", 0 0, L_0x5647d31f2c60;  1 drivers
v0x5647d31ec2b0_0 .net "db_configuracao", 0 0, L_0x5647d31f1bd0;  1 drivers
v0x5647d31ec3f0_0 .net "db_contagem", 6 0, L_0x5647d31f2500;  1 drivers
v0x5647d31ec490_0 .net "db_enderecoIgualLimite", 0 0, L_0x5647d31f2a90;  1 drivers
v0x5647d31ec530_0 .net "db_escrita", 0 0, L_0x5647d31f1cb0;  1 drivers
v0x5647d31ec620_0 .net "db_estado", 6 0, L_0x5647d31f2940;  1 drivers
v0x5647d31ec750_0 .net "db_igual", 0 0, L_0x5647d31f2b50;  1 drivers
v0x5647d31ec820_0 .net "db_iniciar", 0 0, L_0x5647d31f2440;  1 drivers
v0x5647d31ec8f0_0 .net "db_jogadafeita", 6 0, L_0x5647d31f2720;  1 drivers
v0x5647d31ec9c0_0 .net "db_limite_rodada", 6 0, L_0x5647d31f2830;  1 drivers
v0x5647d31eca90_0 .net "db_memoria", 6 0, L_0x5647d31f2610;  1 drivers
v0x5647d31ecb60_0 .net "db_modo", 0 0, L_0x5647d31f2d20;  1 drivers
v0x5647d31ecc30_0 .net "db_timeout", 0 0, L_0x5647d31f2e40;  1 drivers
v0x5647d31ecd00_0 .net "ganhou", 0 0, v0x5647d31e6b70_0;  1 drivers
v0x5647d31ecda0_0 .var "jogar", 0 0;
v0x5647d31ece90_0 .net "leds", 3 0, L_0x5647d31f15f0;  1 drivers
v0x5647d31ecf80_0 .net "leds_rgb", 2 0, v0x5647d31e0ec0_0;  1 drivers
v0x5647d31ed020_0 .net "perdeu", 0 0, v0x5647d31e73e0_0;  1 drivers
v0x5647d31ed110_0 .net "pronto", 0 0, v0x5647d31e78b0_0;  1 drivers
v0x5647d31ed200_0 .var "reset", 0 0;
v0x5647d31ed2a0_0 .net "timeout", 0 0, v0x5647d31e70c0_0;  1 drivers
E_0x5647d31c9140 .event anyedge, v0x5647d31e73e0_0;
S_0x5647d31ac8a0 .scope module, "dut" "jogo_desafio_memoria" 4 15, 5 18 0, S_0x5647d31ac520;
 .timescale -9 -9;
    .port_info 0 /INPUT 1 "clock";
    .port_info 1 /INPUT 1 "reset";
    .port_info 2 /INPUT 1 "jogar";
    .port_info 3 /INPUT 2 "configuracao";
    .port_info 4 /INPUT 4 "botoes";
    .port_info 5 /OUTPUT 3 "leds_rgb";
    .port_info 6 /OUTPUT 1 "ganhou";
    .port_info 7 /OUTPUT 1 "perdeu";
    .port_info 8 /OUTPUT 1 "pronto";
    .port_info 9 /OUTPUT 1 "timeout";
    .port_info 10 /OUTPUT 4 "leds";
    .port_info 11 /OUTPUT 1 "db_igual";
    .port_info 12 /OUTPUT 7 "db_contagem";
    .port_info 13 /OUTPUT 7 "db_memoria";
    .port_info 14 /OUTPUT 7 "db_estado";
    .port_info 15 /OUTPUT 7 "db_jogadafeita";
    .port_info 16 /OUTPUT 1 "db_clock";
    .port_info 17 /OUTPUT 1 "db_iniciar";
    .port_info 18 /OUTPUT 1 "db_enderecoIgualLimite";
    .port_info 19 /OUTPUT 1 "db_timeout";
    .port_info 20 /OUTPUT 1 "db_modo";
    .port_info 21 /OUTPUT 1 "db_configuracao";
    .port_info 22 /OUTPUT 1 "db_escrita";
    .port_info 23 /OUTPUT 7 "db_limite_rodada";
L_0x5647d31f2440 .functor BUFZ 1, v0x5647d31ecda0_0, C4<0>, C4<0>, C4<0>;
L_0x5647d31f2500 .functor BUFZ 7, v0x5647d318cd90_0, C4<0000000>, C4<0000000>, C4<0000000>;
L_0x5647d31f2610 .functor BUFZ 7, v0x5647d31d6120_0, C4<0000000>, C4<0000000>, C4<0000000>;
L_0x5647d31f2720 .functor BUFZ 7, v0x5647d31d6450_0, C4<0000000>, C4<0000000>, C4<0000000>;
L_0x5647d31f2830 .functor BUFZ 7, v0x5647d31d67a0_0, C4<0000000>, C4<0000000>, C4<0000000>;
L_0x5647d31f2940 .functor BUFZ 7, v0x5647d31d6b40_0, C4<0000000>, C4<0000000>, C4<0000000>;
L_0x5647d31f2a90 .functor BUFZ 1, L_0x5647d31ee8b0, C4<0>, C4<0>, C4<0>;
L_0x5647d31f2b50 .functor BUFZ 1, L_0x5647d31f0c40, C4<0>, C4<0>, C4<0>;
L_0x5647d31f2c60 .functor BUFZ 1, v0x5647d31ec0b0_0, C4<0>, C4<0>, C4<0>;
L_0x5647d31f2d20 .functor BUFZ 1, L_0x5647d31f1b60, C4<0>, C4<0>, C4<0>;
L_0x5647d31f2e40 .functor BUFZ 1, v0x5647d31e70c0_0, C4<0>, C4<0>, C4<0>;
L_0x7d53af083918 .functor BUFT 1, C4<0>, C4<0>, C4<0>, C4<0>;
v0x5647d31e86d0_0 .net/2u *"_ivl_0", 0 0, L_0x7d53af083918;  1 drivers
L_0x7d53af0839f0 .functor BUFT 1, C4<0>, C4<0>, C4<0>, C4<0>;
v0x5647d31e87d0_0 .net/2u *"_ivl_12", 0 0, L_0x7d53af0839f0;  1 drivers
L_0x7d53af083960 .functor BUFT 1, C4<0>, C4<0>, C4<0>, C4<0>;
v0x5647d31e88b0_0 .net/2u *"_ivl_4", 0 0, L_0x7d53af083960;  1 drivers
L_0x7d53af0839a8 .functor BUFT 1, C4<0>, C4<0>, C4<0>, C4<0>;
v0x5647d31e8970_0 .net/2u *"_ivl_8", 0 0, L_0x7d53af0839a8;  1 drivers
v0x5647d31e8a50_0 .net "botoes", 3 0, v0x5647d31ebf40_0;  1 drivers
v0x5647d31e8b60_0 .net "clock", 0 0, v0x5647d31ec0b0_0;  1 drivers
v0x5647d31e8c00_0 .net "conf_leds", 0 0, v0x5647d31e6ce0_0;  1 drivers
v0x5647d31e8ca0_0 .net "configuracao", 1 0, v0x5647d31ec170_0;  1 drivers
v0x5647d31e8d60_0 .net "conta_endereco", 0 0, v0x5647d31e6e20_0;  1 drivers
v0x5647d31e8e00_0 .net "conta_limite", 0 0, v0x5647d31e6f10_0;  1 drivers
v0x5647d31e8ea0_0 .net "db_clock", 0 0, L_0x5647d31f2c60;  alias, 1 drivers
v0x5647d31e8f40_0 .net "db_configuracao", 0 0, L_0x5647d31f1bd0;  alias, 1 drivers
v0x5647d31e8fe0_0 .net "db_contagem", 6 0, L_0x5647d31f2500;  alias, 1 drivers
v0x5647d31e90a0_0 .net "db_enderecoIgualLimite", 0 0, L_0x5647d31f2a90;  alias, 1 drivers
v0x5647d31e9160_0 .net "db_escrita", 0 0, L_0x5647d31f1cb0;  alias, 1 drivers
v0x5647d31e9200_0 .net "db_estado", 6 0, L_0x5647d31f2940;  alias, 1 drivers
v0x5647d31e92c0_0 .net "db_igual", 0 0, L_0x5647d31f2b50;  alias, 1 drivers
v0x5647d31e9490_0 .net "db_iniciar", 0 0, L_0x5647d31f2440;  alias, 1 drivers
v0x5647d31e9550_0 .net "db_jogadafeita", 6 0, L_0x5647d31f2720;  alias, 1 drivers
v0x5647d31e9630_0 .net "db_limite_rodada", 6 0, L_0x5647d31f2830;  alias, 1 drivers
v0x5647d31e9710_0 .net "db_memoria", 6 0, L_0x5647d31f2610;  alias, 1 drivers
v0x5647d31e97f0_0 .net "db_modo", 0 0, L_0x5647d31f2d20;  alias, 1 drivers
v0x5647d31e98b0_0 .net "db_timeout", 0 0, L_0x5647d31f2e40;  alias, 1 drivers
v0x5647d31e9970_0 .net "enable_led", 0 0, v0x5647d31e7160_0;  1 drivers
v0x5647d31e9a10_0 .net "enable_timeout", 0 0, v0x5647d31e7200_0;  1 drivers
v0x5647d31e9ab0_0 .net "enderecoIgualLimite", 0 0, L_0x5647d31ee8b0;  1 drivers
v0x5647d31e9b50_0 .net "fim_jogo", 0 0, L_0x5647d31efa60;  1 drivers
v0x5647d31e9bf0_0 .net "fim_sequencia", 0 0, L_0x5647d31f1db0;  1 drivers
v0x5647d31e9c90_0 .net "ganhou", 0 0, v0x5647d31e6b70_0;  alias, 1 drivers
v0x5647d31e9d30_0 .net "hexa0", 6 0, v0x5647d318cd90_0;  1 drivers
v0x5647d31e9dd0_0 .net "hexa1", 6 0, v0x5647d31d6120_0;  1 drivers
v0x5647d31e9e70_0 .net "hexa2", 6 0, v0x5647d31d6450_0;  1 drivers
v0x5647d31e9f10_0 .net "hexa3", 6 0, v0x5647d31d67a0_0;  1 drivers
v0x5647d31ea1c0_0 .net "hexa5", 6 0, v0x5647d31d6b40_0;  1 drivers
v0x5647d31ea260_0 .net "igual", 0 0, L_0x5647d31f0c40;  1 drivers
v0x5647d31ea300_0 .net "jogada_feita", 0 0, L_0x5647d31f0e90;  1 drivers
v0x5647d31ea3a0_0 .net "jogar", 0 0, v0x5647d31ecda0_0;  1 drivers
v0x5647d31ea440_0 .net "leds", 3 0, L_0x5647d31f15f0;  alias, 1 drivers
v0x5647d31ea4e0_0 .net "leds_rgb", 2 0, v0x5647d31e0ec0_0;  alias, 1 drivers
v0x5647d31ea5d0_0 .net "perdeu", 0 0, v0x5647d31e73e0_0;  alias, 1 drivers
v0x5647d31ea670_0 .net "pronto", 0 0, v0x5647d31e78b0_0;  alias, 1 drivers
v0x5647d31ea710_0 .net "registraR", 0 0, v0x5647d31e7b00_0;  1 drivers
v0x5647d31ea7b0_0 .net "registra_jogada", 0 0, v0x5647d31e7970_0;  1 drivers
v0x5647d31ea850_0 .net "registra_modo", 0 0, v0x5647d31e7a60_0;  1 drivers
v0x5647d31ea8f0_0 .net "reset", 0 0, v0x5647d31ed200_0;  1 drivers
v0x5647d31ea990_0 .net "s_contagem", 3 0, L_0x5647d31f17b0;  1 drivers
v0x5647d31eaa30_0 .net "s_estado", 4 0, v0x5647d31e7000_0;  1 drivers
v0x5647d31eaad0_0 .net "s_jogada", 3 0, L_0x5647d31f1870;  1 drivers
v0x5647d31eab70_0 .net "s_limite", 3 0, L_0x5647d31f1a40;  1 drivers
v0x5647d31eac40_0 .net "s_memoria", 3 0, L_0x5647d31f1980;  1 drivers
v0x5647d31ead10_0 .net "s_modo", 0 0, L_0x5647d31f1b60;  1 drivers
v0x5647d31eade0_0 .net "s_pulso_timeout", 0 0, v0x5647d31deba0_0;  1 drivers
v0x5647d31eae80_0 .net "s_timeout_habilitado", 0 0, L_0x5647d31f1c40;  1 drivers
v0x5647d31eaf70_0 .net "tem_jogada", 0 0, L_0x5647d3195b40;  1 drivers
v0x5647d31eb010_0 .net "timeout", 0 0, v0x5647d31e70c0_0;  alias, 1 drivers
v0x5647d31eb0e0_0 .net "timeout_led", 0 0, v0x5647d31de0e0_0;  1 drivers
v0x5647d31eb180_0 .net "zeraR", 0 0, v0x5647d31e7ec0_0;  1 drivers
v0x5647d31eb220_0 .net "zera_endereco", 0 0, v0x5647d31e7fb0_0;  1 drivers
v0x5647d31eb310_0 .net "zera_limite", 0 0, v0x5647d31e8050_0;  1 drivers
v0x5647d31eb400_0 .net "zera_modo", 0 0, v0x5647d31e80f0_0;  1 drivers
v0x5647d31eb4a0_0 .net "zera_s_led", 0 0, v0x5647d31e8190_0;  1 drivers
v0x5647d31eb540_0 .net "zera_s_timeout", 0 0, v0x5647d31e8280_0;  1 drivers
L_0x5647d31f2140 .concat [ 4 1 0 0], L_0x5647d31f17b0, L_0x7d53af083918;
L_0x5647d31f21e0 .concat [ 4 1 0 0], L_0x5647d31f1980, L_0x7d53af083960;
L_0x5647d31f2280 .concat [ 4 1 0 0], L_0x5647d31f1870, L_0x7d53af0839a8;
L_0x5647d31f2320 .concat [ 4 1 0 0], L_0x5647d31f1a40, L_0x7d53af0839f0;
S_0x5647d31acc20 .scope module, "HEX0" "hexa7seg" 5 139, 6 23 0, S_0x5647d31ac8a0;
 .timescale -9 -9;
    .port_info 0 /INPUT 5 "hexa";
    .port_info 1 /OUTPUT 7 "display";
v0x5647d318cd90_0 .var "display", 6 0;
v0x5647d31d5ed0_0 .net "hexa", 4 0, L_0x5647d31f2140;  1 drivers
E_0x5647d31c90c0 .event anyedge, v0x5647d31d5ed0_0;
S_0x5647d31acfa0 .scope module, "HEX1" "hexa7seg" 5 140, 6 23 0, S_0x5647d31ac8a0;
 .timescale -9 -9;
    .port_info 0 /INPUT 5 "hexa";
    .port_info 1 /OUTPUT 7 "display";
v0x5647d31d6120_0 .var "display", 6 0;
v0x5647d31d6220_0 .net "hexa", 4 0, L_0x5647d31f21e0;  1 drivers
E_0x5647d31d60a0 .event anyedge, v0x5647d31d6220_0;
S_0x5647d31ad320 .scope module, "HEX2" "hexa7seg" 5 141, 6 23 0, S_0x5647d31ac8a0;
 .timescale -9 -9;
    .port_info 0 /INPUT 5 "hexa";
    .port_info 1 /OUTPUT 7 "display";
v0x5647d31d6450_0 .var "display", 6 0;
v0x5647d31d6550_0 .net "hexa", 4 0, L_0x5647d31f2280;  1 drivers
E_0x5647d31d63f0 .event anyedge, v0x5647d31d6550_0;
S_0x5647d31c3030 .scope module, "HEX3" "hexa7seg" 5 142, 6 23 0, S_0x5647d31ac8a0;
 .timescale -9 -9;
    .port_info 0 /INPUT 5 "hexa";
    .port_info 1 /OUTPUT 7 "display";
v0x5647d31d67a0_0 .var "display", 6 0;
v0x5647d31d68a0_0 .net "hexa", 4 0, L_0x5647d31f2320;  1 drivers
E_0x5647d31d6720 .event anyedge, v0x5647d31d68a0_0;
S_0x5647d31c33b0 .scope module, "HEX5" "hexa7seg" 5 143, 6 23 0, S_0x5647d31ac8a0;
 .timescale -9 -9;
    .port_info 0 /INPUT 5 "hexa";
    .port_info 1 /OUTPUT 7 "display";
v0x5647d31d6b40_0 .var "display", 6 0;
v0x5647d31d6c40_0 .net "hexa", 4 0, v0x5647d31e7000_0;  alias, 1 drivers
E_0x5647d31d6ac0 .event anyedge, v0x5647d31d6c40_0;
S_0x5647d31d6d80 .scope module, "fluxo_dados" "fluxo_dados" 5 66, 7 8 0, S_0x5647d31ac8a0;
 .timescale -9 -9;
    .port_info 0 /INPUT 1 "clock";
    .port_info 1 /INPUT 1 "reset";
    .port_info 2 /INPUT 1 "zera_endereco";
    .port_info 3 /INPUT 1 "conta_endereco";
    .port_info 4 /INPUT 1 "zera_limite";
    .port_info 5 /INPUT 1 "conta_limite";
    .port_info 6 /INPUT 1 "zeraR";
    .port_info 7 /INPUT 1 "registrarR";
    .port_info 8 /INPUT 1 "zera_s_timeout";
    .port_info 9 /INPUT 1 "enable_timeout";
    .port_info 10 /INPUT 1 "registra_modo";
    .port_info 11 /INPUT 1 "zera_modo";
    .port_info 12 /INPUT 1 "conf_leds";
    .port_info 13 /INPUT 1 "registra_jogada";
    .port_info 14 /INPUT 1 "zera_s_led";
    .port_info 15 /INPUT 1 "enable_led";
    .port_info 16 /INPUT 4 "botoes";
    .port_info 17 /INPUT 2 "configuracao";
    .port_info 18 /OUTPUT 1 "igual";
    .port_info 19 /OUTPUT 1 "fim_jogo";
    .port_info 20 /OUTPUT 1 "enderecoIgualLimite";
    .port_info 21 /OUTPUT 1 "jogada_feita";
    .port_info 22 /OUTPUT 1 "timeout";
    .port_info 23 /OUTPUT 1 "timeout_led";
    .port_info 24 /OUTPUT 1 "fim_sequencia";
    .port_info 25 /OUTPUT 1 "timeout_habilitado";
    .port_info 26 /OUTPUT 3 "rgb";
    .port_info 27 /OUTPUT 4 "leds";
    .port_info 28 /OUTPUT 1 "db_tem_jogada";
    .port_info 29 /OUTPUT 1 "db_enable_timeout";
    .port_info 30 /OUTPUT 4 "db_contagem";
    .port_info 31 /OUTPUT 4 "db_memoria";
    .port_info 32 /OUTPUT 4 "db_limite";
    .port_info 33 /OUTPUT 4 "db_jogada";
    .port_info 34 /OUTPUT 1 "db_modo";
    .port_info 35 /OUTPUT 1 "db_configuracao";
    .port_info 36 /OUTPUT 1 "db_escrita";
L_0x5647d3195b40 .functor BUFZ 1, L_0x5647d31ed390, C4<0>, C4<0>, C4<0>;
L_0x5647d31930d0 .functor BUFZ 1, v0x5647d31e7200_0, C4<0>, C4<0>, C4<0>;
L_0x7d53af083018 .functor BUFT 1, C4<0>, C4<0>, C4<0>, C4<0>;
L_0x5647d31ed6f0 .functor XNOR 1, v0x5647d31e1440_0, L_0x7d53af083018, C4<0>, C4<0>;
L_0x5647d31f0f90 .functor NOT 1, v0x5647d31e7fb0_0, C4<0>, C4<0>, C4<0>;
L_0x5647d31f10f0 .functor NOT 1, v0x5647d31e8050_0, C4<0>, C4<0>, C4<0>;
L_0x5647d31f15f0 .functor BUFZ 4, L_0x5647d31f1530, C4<0000>, C4<0000>, C4<0000>;
L_0x5647d31f17b0 .functor BUFZ 4, v0x5647d31dd3a0_0, C4<0000>, C4<0000>, C4<0000>;
L_0x5647d31f1870 .functor BUFZ 4, v0x5647d31e2390_0, C4<0000>, C4<0000>, C4<0000>;
L_0x5647d31f1980 .functor BUFZ 4, L_0x5647d31f1530, C4<0000>, C4<0000>, C4<0000>;
L_0x5647d31f1a40 .functor BUFZ 4, v0x5647d31dc810_0, C4<0000>, C4<0000>, C4<0000>;
L_0x5647d31f1b60 .functor BUFZ 1, v0x5647d31e1440_0, C4<0>, C4<0>, C4<0>;
L_0x5647d31f1bd0 .functor BUFZ 1, v0x5647d31e1ba0_0, C4<0>, C4<0>, C4<0>;
L_0x5647d31f1cb0 .functor BUFZ 1, v0x5647d31e7970_0, C4<0>, C4<0>, C4<0>;
L_0x5647d31f1db0 .functor BUFZ 1, L_0x5647d31ee8b0, C4<0>, C4<0>, C4<0>;
L_0x5647d31f1c40 .functor BUFZ 1, v0x5647d31e1ba0_0, C4<0>, C4<0>, C4<0>;
v0x5647d31e2950_0 .net/2u *"_ivl_10", 0 0, L_0x7d53af083018;  1 drivers
v0x5647d31e2a50_0 .net *"_ivl_12", 0 0, L_0x5647d31ed6f0;  1 drivers
L_0x7d53af083060 .functor BUFT 1, C4<1111>, C4<0>, C4<0>, C4<0>;
v0x5647d31e2b10_0 .net/2u *"_ivl_14", 3 0, L_0x7d53af083060;  1 drivers
L_0x7d53af0830a8 .functor BUFT 1, C4<0011>, C4<0>, C4<0>, C4<0>;
v0x5647d31e2bd0_0 .net/2u *"_ivl_16", 3 0, L_0x7d53af0830a8;  1 drivers
v0x5647d31e2cb0_0 .net "botoes", 3 0, v0x5647d31ebf40_0;  alias, 1 drivers
v0x5647d31e2e10_0 .net "clock", 0 0, v0x5647d31ec0b0_0;  alias, 1 drivers
v0x5647d31e2eb0_0 .net "conf_leds", 0 0, v0x5647d31e6ce0_0;  alias, 1 drivers
v0x5647d31e2f50_0 .net "configuracao", 1 0, v0x5647d31ec170_0;  alias, 1 drivers
v0x5647d31e3010_0 .net "conta_endereco", 0 0, v0x5647d31e6e20_0;  alias, 1 drivers
v0x5647d31e30b0_0 .net "conta_limite", 0 0, v0x5647d31e6f10_0;  alias, 1 drivers
v0x5647d31e3180_0 .net "db_configuracao", 0 0, L_0x5647d31f1bd0;  alias, 1 drivers
v0x5647d31e3220_0 .net "db_contagem", 3 0, L_0x5647d31f17b0;  alias, 1 drivers
v0x5647d31e32e0_0 .net "db_enable_timeout", 0 0, L_0x5647d31930d0;  1 drivers
v0x5647d31e33a0_0 .net "db_escrita", 0 0, L_0x5647d31f1cb0;  alias, 1 drivers
v0x5647d31e3460_0 .net "db_jogada", 3 0, L_0x5647d31f1870;  alias, 1 drivers
v0x5647d31e3540_0 .net "db_limite", 3 0, L_0x5647d31f1a40;  alias, 1 drivers
v0x5647d31e3620_0 .net "db_memoria", 3 0, L_0x5647d31f1980;  alias, 1 drivers
v0x5647d31e3810_0 .net "db_modo", 0 0, L_0x5647d31f1b60;  alias, 1 drivers
v0x5647d31e38d0_0 .net "db_tem_jogada", 0 0, L_0x5647d3195b40;  alias, 1 drivers
v0x5647d31e3990_0 .net "enable_led", 0 0, v0x5647d31e7160_0;  alias, 1 drivers
v0x5647d31e3a60_0 .net "enable_timeout", 0 0, v0x5647d31e7200_0;  alias, 1 drivers
v0x5647d31e3b30_0 .net "enderecoIgualLimite", 0 0, L_0x5647d31ee8b0;  alias, 1 drivers
v0x5647d31e3c00_0 .net "fim_jogo", 0 0, L_0x5647d31efa60;  alias, 1 drivers
v0x5647d31e3cd0_0 .net "fim_sequencia", 0 0, L_0x5647d31f1db0;  alias, 1 drivers
v0x5647d31e3d70_0 .net "igual", 0 0, L_0x5647d31f0c40;  alias, 1 drivers
v0x5647d31e3e40_0 .net "jogada_feita", 0 0, L_0x5647d31f0e90;  alias, 1 drivers
v0x5647d31e3f10_0 .net "leds", 3 0, L_0x5647d31f15f0;  alias, 1 drivers
v0x5647d31e3fb0_0 .net "registra_jogada", 0 0, v0x5647d31e7970_0;  alias, 1 drivers
v0x5647d31e4080_0 .net "registra_modo", 0 0, v0x5647d31e7a60_0;  alias, 1 drivers
v0x5647d31e4120_0 .net "registrarR", 0 0, v0x5647d31e7b00_0;  alias, 1 drivers
v0x5647d31e41c0_0 .net "reset", 0 0, v0x5647d31ed200_0;  alias, 1 drivers
v0x5647d31e4260_0 .net "rgb", 2 0, v0x5647d31e0ec0_0;  alias, 1 drivers
v0x5647d31e4330_0 .net "s_botoes", 3 0, v0x5647d31e2390_0;  1 drivers
v0x5647d31e4630_0 .net "s_dado", 3 0, L_0x5647d31f1530;  1 drivers
v0x5647d31e46d0_0 .net "s_endereco", 3 0, v0x5647d31dd3a0_0;  1 drivers
v0x5647d31e4770_0 .net "s_jogo_limite", 3 0, L_0x5647d31ed760;  1 drivers
v0x5647d31e4810_0 .net "s_limite", 3 0, v0x5647d31dc810_0;  1 drivers
v0x5647d31e48b0_0 .net "s_modo", 0 0, v0x5647d31e1440_0;  1 drivers
v0x5647d31e4980_0 .net "s_rgb", 2 0, v0x5647d31df340_0;  1 drivers
v0x5647d31e4a70_0 .net "s_tem_jogada", 0 0, L_0x5647d31ed390;  1 drivers
v0x5647d31e4b10_0 .net "s_timeout_habilitado", 0 0, v0x5647d31e1ba0_0;  1 drivers
v0x5647d31e4be0_0 .net "timeout", 0 0, v0x5647d31deba0_0;  alias, 1 drivers
v0x5647d31e4cb0_0 .net "timeout_habilitado", 0 0, L_0x5647d31f1c40;  alias, 1 drivers
v0x5647d31e4d50_0 .net "timeout_led", 0 0, v0x5647d31de0e0_0;  alias, 1 drivers
v0x5647d31e4e20_0 .net "zeraR", 0 0, v0x5647d31e7ec0_0;  alias, 1 drivers
v0x5647d31e4ef0_0 .net "zera_endereco", 0 0, v0x5647d31e7fb0_0;  alias, 1 drivers
v0x5647d31e4f90_0 .net "zera_limite", 0 0, v0x5647d31e8050_0;  alias, 1 drivers
v0x5647d31e5030_0 .net "zera_modo", 0 0, v0x5647d31e80f0_0;  alias, 1 drivers
v0x5647d31e5120_0 .net "zera_s_led", 0 0, v0x5647d31e8190_0;  alias, 1 drivers
v0x5647d31e51c0_0 .net "zera_s_timeout", 0 0, v0x5647d31e8280_0;  alias, 1 drivers
L_0x5647d31ed390 .reduce/or v0x5647d31ebf40_0;
L_0x5647d31ed4d0 .part v0x5647d31ec170_0, 0, 1;
L_0x5647d31ed5c0 .part v0x5647d31ec170_0, 1, 1;
L_0x5647d31ed760 .functor MUXZ 4, L_0x7d53af0830a8, L_0x7d53af083060, L_0x5647d31ed6f0, C4<>;
S_0x5647d31d72e0 .scope module, "compFimJogo" "comparador_85" 7 100, 8 16 0, S_0x5647d31d6d80;
 .timescale -9 -9;
    .port_info 0 /INPUT 1 "ALBi";
    .port_info 1 /INPUT 1 "AGBi";
    .port_info 2 /INPUT 1 "AEBi";
    .port_info 3 /INPUT 4 "A";
    .port_info 4 /INPUT 4 "B";
    .port_info 5 /OUTPUT 1 "ALBo";
    .port_info 6 /OUTPUT 1 "AGBo";
    .port_info 7 /OUTPUT 1 "AEBo";
L_0x5647d31eeb90 .functor NOT 5, L_0x5647d31eea70, C4<00000>, C4<00000>, C4<00000>;
L_0x5647d31eee10 .functor NOT 1, L_0x5647d31ef040, C4<0>, C4<0>, C4<0>;
L_0x5647d31ef490 .functor NOT 5, L_0x5647d31ef3f0, C4<00000>, C4<00000>, C4<00000>;
L_0x5647d31ef5f0 .functor NOT 1, L_0x5647d31ef840, C4<0>, C4<0>, C4<0>;
L_0x7d53af083498 .functor BUFT 1, C4<1>, C4<0>, C4<0>, C4<0>;
L_0x5647d31efa60 .functor AND 1, L_0x5647d31ef9c0, L_0x7d53af083498, C4<1>, C4<1>;
v0x5647d31d7510_0 .net "A", 3 0, v0x5647d31dc810_0;  alias, 1 drivers
v0x5647d31d7610_0 .net "AEBi", 0 0, L_0x7d53af083498;  1 drivers
v0x5647d31d76d0_0 .net "AEBo", 0 0, L_0x5647d31efa60;  alias, 1 drivers
L_0x7d53af083450 .functor BUFT 1, C4<0>, C4<0>, C4<0>, C4<0>;
v0x5647d31d7770_0 .net "AGBi", 0 0, L_0x7d53af083450;  1 drivers
v0x5647d31d7830_0 .net "AGBo", 0 0, L_0x5647d31ef5f0;  1 drivers
L_0x7d53af083408 .functor BUFT 1, C4<0>, C4<0>, C4<0>, C4<0>;
v0x5647d31d7940_0 .net "ALBi", 0 0, L_0x7d53af083408;  1 drivers
v0x5647d31d7a00_0 .net "ALBo", 0 0, L_0x5647d31eee10;  1 drivers
v0x5647d31d7ac0_0 .net "B", 3 0, L_0x5647d31ed760;  alias, 1 drivers
v0x5647d31d7ba0_0 .net "CSG", 4 0, L_0x5647d31ef750;  1 drivers
v0x5647d31d7c80_0 .net "CSL", 4 0, L_0x5647d31eef20;  1 drivers
v0x5647d31d7d60_0 .net *"_ivl_0", 4 0, L_0x5647d31eea70;  1 drivers
v0x5647d31d7e40_0 .net *"_ivl_10", 4 0, L_0x5647d31eed70;  1 drivers
L_0x7d53af083ac8 .functor BUFT 1, C4<00000>, C4<0>, C4<0>, C4<0>;
v0x5647d31d7f20_0 .net *"_ivl_12", 4 0, L_0x7d53af083ac8;  1 drivers
v0x5647d31d8000_0 .net *"_ivl_19", 0 0, L_0x5647d31ef040;  1 drivers
v0x5647d31d80e0_0 .net *"_ivl_22", 4 0, L_0x5647d31ef180;  1 drivers
L_0x7d53af083378 .functor BUFT 1, C4<0>, C4<0>, C4<0>, C4<0>;
v0x5647d31d81c0_0 .net *"_ivl_25", 0 0, L_0x7d53af083378;  1 drivers
v0x5647d31d82a0_0 .net *"_ivl_26", 4 0, L_0x5647d31ef3f0;  1 drivers
L_0x7d53af0833c0 .functor BUFT 1, C4<0>, C4<0>, C4<0>, C4<0>;
v0x5647d31d8380_0 .net *"_ivl_29", 0 0, L_0x7d53af0833c0;  1 drivers
L_0x7d53af0832e8 .functor BUFT 1, C4<0>, C4<0>, C4<0>, C4<0>;
v0x5647d31d8460_0 .net *"_ivl_3", 0 0, L_0x7d53af0832e8;  1 drivers
v0x5647d31d8540_0 .net *"_ivl_30", 4 0, L_0x5647d31ef490;  1 drivers
v0x5647d31d8620_0 .net *"_ivl_32", 4 0, L_0x5647d31ef550;  1 drivers
L_0x7d53af083b10 .functor BUFT 1, C4<00000>, C4<0>, C4<0>, C4<0>;
v0x5647d31d8700_0 .net *"_ivl_34", 4 0, L_0x7d53af083b10;  1 drivers
v0x5647d31d87e0_0 .net *"_ivl_4", 4 0, L_0x5647d31eeb90;  1 drivers
v0x5647d31d88c0_0 .net *"_ivl_41", 0 0, L_0x5647d31ef840;  1 drivers
v0x5647d31d89a0_0 .net *"_ivl_44", 0 0, L_0x5647d31ef9c0;  1 drivers
v0x5647d31d8a60_0 .net *"_ivl_6", 4 0, L_0x5647d31eec50;  1 drivers
L_0x7d53af083330 .functor BUFT 1, C4<0>, C4<0>, C4<0>, C4<0>;
v0x5647d31d8b40_0 .net *"_ivl_9", 0 0, L_0x7d53af083330;  1 drivers
L_0x5647d31eea70 .concat [ 4 1 0 0], v0x5647d31dc810_0, L_0x7d53af0832e8;
L_0x5647d31eec50 .concat [ 4 1 0 0], L_0x5647d31ed760, L_0x7d53af083330;
L_0x5647d31eed70 .arith/sum 5, L_0x5647d31eeb90, L_0x5647d31eec50;
L_0x5647d31eef20 .arith/sum 5, L_0x5647d31eed70, L_0x7d53af083ac8;
L_0x5647d31ef040 .part L_0x5647d31eef20, 4, 1;
L_0x5647d31ef180 .concat [ 4 1 0 0], v0x5647d31dc810_0, L_0x7d53af083378;
L_0x5647d31ef3f0 .concat [ 4 1 0 0], L_0x5647d31ed760, L_0x7d53af0833c0;
L_0x5647d31ef550 .arith/sum 5, L_0x5647d31ef180, L_0x5647d31ef490;
L_0x5647d31ef750 .arith/sum 5, L_0x5647d31ef550, L_0x7d53af083b10;
L_0x5647d31ef840 .part L_0x5647d31ef750, 4, 1;
L_0x5647d31ef9c0 .cmp/eq 4, v0x5647d31dc810_0, L_0x5647d31ed760;
S_0x5647d31d8d20 .scope module, "compFimRodada" "comparador_85" 7 93, 8 16 0, S_0x5647d31d6d80;
 .timescale -9 -9;
    .port_info 0 /INPUT 1 "ALBi";
    .port_info 1 /INPUT 1 "AGBi";
    .port_info 2 /INPUT 1 "AEBi";
    .port_info 3 /INPUT 4 "A";
    .port_info 4 /INPUT 4 "B";
    .port_info 5 /OUTPUT 1 "ALBo";
    .port_info 6 /OUTPUT 1 "AGBo";
    .port_info 7 /OUTPUT 1 "AEBo";
L_0x5647d31eda70 .functor NOT 5, L_0x5647d31ed940, C4<00000>, C4<00000>, C4<00000>;
L_0x5647d31edd50 .functor NOT 1, L_0x5647d31edf80, C4<0>, C4<0>, C4<0>;
L_0x5647d31ee2e0 .functor NOT 5, L_0x5647d31ee1f0, C4<00000>, C4<00000>, C4<00000>;
L_0x5647d31ee440 .functor NOT 1, L_0x5647d31ee690, C4<0>, C4<0>, C4<0>;
L_0x7d53af0832a0 .functor BUFT 1, C4<1>, C4<0>, C4<0>, C4<0>;
L_0x5647d31ee8b0 .functor AND 1, L_0x5647d31ee810, L_0x7d53af0832a0, C4<1>, C4<1>;
v0x5647d31d8ff0_0 .net "A", 3 0, v0x5647d31dd3a0_0;  alias, 1 drivers
v0x5647d31d90d0_0 .net "AEBi", 0 0, L_0x7d53af0832a0;  1 drivers
v0x5647d31d9190_0 .net "AEBo", 0 0, L_0x5647d31ee8b0;  alias, 1 drivers
L_0x7d53af083258 .functor BUFT 1, C4<0>, C4<0>, C4<0>, C4<0>;
v0x5647d31d9230_0 .net "AGBi", 0 0, L_0x7d53af083258;  1 drivers
v0x5647d31d92f0_0 .net "AGBo", 0 0, L_0x5647d31ee440;  1 drivers
L_0x7d53af083210 .functor BUFT 1, C4<0>, C4<0>, C4<0>, C4<0>;
v0x5647d31d9400_0 .net "ALBi", 0 0, L_0x7d53af083210;  1 drivers
v0x5647d31d94c0_0 .net "ALBo", 0 0, L_0x5647d31edd50;  1 drivers
v0x5647d31d9580_0 .net "B", 3 0, v0x5647d31dc810_0;  alias, 1 drivers
v0x5647d31d9640_0 .net "CSG", 4 0, L_0x5647d31ee5a0;  1 drivers
v0x5647d31d9700_0 .net "CSL", 4 0, L_0x5647d31ede60;  1 drivers
v0x5647d31d97e0_0 .net *"_ivl_0", 4 0, L_0x5647d31ed940;  1 drivers
v0x5647d31d98c0_0 .net *"_ivl_10", 4 0, L_0x5647d31edcb0;  1 drivers
L_0x7d53af083a38 .functor BUFT 1, C4<00000>, C4<0>, C4<0>, C4<0>;
v0x5647d31d99a0_0 .net *"_ivl_12", 4 0, L_0x7d53af083a38;  1 drivers
v0x5647d31d9a80_0 .net *"_ivl_19", 0 0, L_0x5647d31edf80;  1 drivers
v0x5647d31d9b60_0 .net *"_ivl_22", 4 0, L_0x5647d31ee0c0;  1 drivers
L_0x7d53af083180 .functor BUFT 1, C4<0>, C4<0>, C4<0>, C4<0>;
v0x5647d31d9c40_0 .net *"_ivl_25", 0 0, L_0x7d53af083180;  1 drivers
v0x5647d31d9d20_0 .net *"_ivl_26", 4 0, L_0x5647d31ee1f0;  1 drivers
L_0x7d53af0831c8 .functor BUFT 1, C4<0>, C4<0>, C4<0>, C4<0>;
v0x5647d31d9e00_0 .net *"_ivl_29", 0 0, L_0x7d53af0831c8;  1 drivers
L_0x7d53af0830f0 .functor BUFT 1, C4<0>, C4<0>, C4<0>, C4<0>;
v0x5647d31d9ee0_0 .net *"_ivl_3", 0 0, L_0x7d53af0830f0;  1 drivers
v0x5647d31d9fc0_0 .net *"_ivl_30", 4 0, L_0x5647d31ee2e0;  1 drivers
v0x5647d31da0a0_0 .net *"_ivl_32", 4 0, L_0x5647d31ee3a0;  1 drivers
L_0x7d53af083a80 .functor BUFT 1, C4<00000>, C4<0>, C4<0>, C4<0>;
v0x5647d31da180_0 .net *"_ivl_34", 4 0, L_0x7d53af083a80;  1 drivers
v0x5647d31da260_0 .net *"_ivl_4", 4 0, L_0x5647d31eda70;  1 drivers
v0x5647d31da340_0 .net *"_ivl_41", 0 0, L_0x5647d31ee690;  1 drivers
v0x5647d31da420_0 .net *"_ivl_44", 0 0, L_0x5647d31ee810;  1 drivers
v0x5647d31da4e0_0 .net *"_ivl_6", 4 0, L_0x5647d31edb30;  1 drivers
L_0x7d53af083138 .functor BUFT 1, C4<0>, C4<0>, C4<0>, C4<0>;
v0x5647d31da5c0_0 .net *"_ivl_9", 0 0, L_0x7d53af083138;  1 drivers
L_0x5647d31ed940 .concat [ 4 1 0 0], v0x5647d31dd3a0_0, L_0x7d53af0830f0;
L_0x5647d31edb30 .concat [ 4 1 0 0], v0x5647d31dc810_0, L_0x7d53af083138;
L_0x5647d31edcb0 .arith/sum 5, L_0x5647d31eda70, L_0x5647d31edb30;
L_0x5647d31ede60 .arith/sum 5, L_0x5647d31edcb0, L_0x7d53af083a38;
L_0x5647d31edf80 .part L_0x5647d31ede60, 4, 1;
L_0x5647d31ee0c0 .concat [ 4 1 0 0], v0x5647d31dd3a0_0, L_0x7d53af083180;
L_0x5647d31ee1f0 .concat [ 4 1 0 0], v0x5647d31dc810_0, L_0x7d53af0831c8;
L_0x5647d31ee3a0 .arith/sum 5, L_0x5647d31ee0c0, L_0x5647d31ee2e0;
L_0x5647d31ee5a0 .arith/sum 5, L_0x5647d31ee3a0, L_0x7d53af083a80;
L_0x5647d31ee690 .part L_0x5647d31ee5a0, 4, 1;
L_0x5647d31ee810 .cmp/eq 4, v0x5647d31dd3a0_0, v0x5647d31dc810_0;
S_0x5647d31da7a0 .scope module, "comparador" "comparador_85" 7 107, 8 16 0, S_0x5647d31d6d80;
 .timescale -9 -9;
    .port_info 0 /INPUT 1 "ALBi";
    .port_info 1 /INPUT 1 "AGBi";
    .port_info 2 /INPUT 1 "AEBi";
    .port_info 3 /INPUT 4 "A";
    .port_info 4 /INPUT 4 "B";
    .port_info 5 /OUTPUT 1 "ALBo";
    .port_info 6 /OUTPUT 1 "AGBo";
    .port_info 7 /OUTPUT 1 "AEBo";
L_0x5647d31efdf0 .functor NOT 5, L_0x5647d31efd20, C4<00000>, C4<00000>, C4<00000>;
L_0x5647d31f0070 .functor NOT 1, L_0x5647d31f02a0, C4<0>, C4<0>, C4<0>;
L_0x5647d31f0670 .functor NOT 5, L_0x5647d31f0540, C4<00000>, C4<00000>, C4<00000>;
L_0x5647d31f07d0 .functor NOT 1, L_0x5647d31f0a20, C4<0>, C4<0>, C4<0>;
L_0x7d53af083690 .functor BUFT 1, C4<1>, C4<0>, C4<0>, C4<0>;
L_0x5647d31f0c40 .functor AND 1, L_0x5647d31f0ba0, L_0x7d53af083690, C4<1>, C4<1>;
v0x5647d31daa50_0 .net "A", 3 0, L_0x5647d31f1530;  alias, 1 drivers
v0x5647d31dab30_0 .net "AEBi", 0 0, L_0x7d53af083690;  1 drivers
v0x5647d31dabf0_0 .net "AEBo", 0 0, L_0x5647d31f0c40;  alias, 1 drivers
L_0x7d53af083648 .functor BUFT 1, C4<0>, C4<0>, C4<0>, C4<0>;
v0x5647d31dacc0_0 .net "AGBi", 0 0, L_0x7d53af083648;  1 drivers
v0x5647d31dad80_0 .net "AGBo", 0 0, L_0x5647d31f07d0;  1 drivers
L_0x7d53af083600 .functor BUFT 1, C4<0>, C4<0>, C4<0>, C4<0>;
v0x5647d31dae90_0 .net "ALBi", 0 0, L_0x7d53af083600;  1 drivers
v0x5647d31daf50_0 .net "ALBo", 0 0, L_0x5647d31f0070;  1 drivers
v0x5647d31db010_0 .net "B", 3 0, v0x5647d31e2390_0;  alias, 1 drivers
v0x5647d31db0f0_0 .net "CSG", 4 0, L_0x5647d31f0930;  1 drivers
v0x5647d31db1d0_0 .net "CSL", 4 0, L_0x5647d31f0180;  1 drivers
v0x5647d31db2b0_0 .net *"_ivl_0", 4 0, L_0x5647d31efd20;  1 drivers
v0x5647d31db390_0 .net *"_ivl_10", 4 0, L_0x5647d31effd0;  1 drivers
L_0x7d53af083b58 .functor BUFT 1, C4<00000>, C4<0>, C4<0>, C4<0>;
v0x5647d31db470_0 .net *"_ivl_12", 4 0, L_0x7d53af083b58;  1 drivers
v0x5647d31db550_0 .net *"_ivl_19", 0 0, L_0x5647d31f02a0;  1 drivers
v0x5647d31db630_0 .net *"_ivl_22", 4 0, L_0x5647d31f03e0;  1 drivers
L_0x7d53af083570 .functor BUFT 1, C4<0>, C4<0>, C4<0>, C4<0>;
v0x5647d31db710_0 .net *"_ivl_25", 0 0, L_0x7d53af083570;  1 drivers
v0x5647d31db7f0_0 .net *"_ivl_26", 4 0, L_0x5647d31f0540;  1 drivers
L_0x7d53af0835b8 .functor BUFT 1, C4<0>, C4<0>, C4<0>, C4<0>;
v0x5647d31db9e0_0 .net *"_ivl_29", 0 0, L_0x7d53af0835b8;  1 drivers
L_0x7d53af0834e0 .functor BUFT 1, C4<0>, C4<0>, C4<0>, C4<0>;
v0x5647d31dbac0_0 .net *"_ivl_3", 0 0, L_0x7d53af0834e0;  1 drivers
v0x5647d31dbba0_0 .net *"_ivl_30", 4 0, L_0x5647d31f0670;  1 drivers
v0x5647d31dbc80_0 .net *"_ivl_32", 4 0, L_0x5647d31f0730;  1 drivers
L_0x7d53af083ba0 .functor BUFT 1, C4<00000>, C4<0>, C4<0>, C4<0>;
v0x5647d31dbd60_0 .net *"_ivl_34", 4 0, L_0x7d53af083ba0;  1 drivers
v0x5647d31dbe40_0 .net *"_ivl_4", 4 0, L_0x5647d31efdf0;  1 drivers
v0x5647d31dbf20_0 .net *"_ivl_41", 0 0, L_0x5647d31f0a20;  1 drivers
v0x5647d31dc000_0 .net *"_ivl_44", 0 0, L_0x5647d31f0ba0;  1 drivers
v0x5647d31dc0c0_0 .net *"_ivl_6", 4 0, L_0x5647d31efeb0;  1 drivers
L_0x7d53af083528 .functor BUFT 1, C4<0>, C4<0>, C4<0>, C4<0>;
v0x5647d31dc1a0_0 .net *"_ivl_9", 0 0, L_0x7d53af083528;  1 drivers
L_0x5647d31efd20 .concat [ 4 1 0 0], L_0x5647d31f1530, L_0x7d53af0834e0;
L_0x5647d31efeb0 .concat [ 4 1 0 0], v0x5647d31e2390_0, L_0x7d53af083528;
L_0x5647d31effd0 .arith/sum 5, L_0x5647d31efdf0, L_0x5647d31efeb0;
L_0x5647d31f0180 .arith/sum 5, L_0x5647d31effd0, L_0x7d53af083b58;
L_0x5647d31f02a0 .part L_0x5647d31f0180, 4, 1;
L_0x5647d31f03e0 .concat [ 4 1 0 0], L_0x5647d31f1530, L_0x7d53af083570;
L_0x5647d31f0540 .concat [ 4 1 0 0], v0x5647d31e2390_0, L_0x7d53af0835b8;
L_0x5647d31f0730 .arith/sum 5, L_0x5647d31f03e0, L_0x5647d31f0670;
L_0x5647d31f0930 .arith/sum 5, L_0x5647d31f0730, L_0x7d53af083ba0;
L_0x5647d31f0a20 .part L_0x5647d31f0930, 4, 1;
L_0x5647d31f0ba0 .cmp/eq 4, L_0x5647d31f1530, v0x5647d31e2390_0;
S_0x5647d31dc380 .scope module, "contLmt" "contador_163" 7 150, 9 16 0, S_0x5647d31d6d80;
 .timescale -9 -9;
    .port_info 0 /INPUT 1 "clock";
    .port_info 1 /INPUT 1 "clr";
    .port_info 2 /INPUT 1 "ld";
    .port_info 3 /INPUT 1 "ent";
    .port_info 4 /INPUT 1 "enp";
    .port_info 5 /INPUT 4 "D";
    .port_info 6 /OUTPUT 4 "Q";
    .port_info 7 /OUTPUT 1 "rco";
L_0x7d53af083840 .functor BUFT 1, C4<0000>, C4<0>, C4<0>, C4<0>;
v0x5647d31dc710_0 .net "D", 3 0, L_0x7d53af083840;  1 drivers
v0x5647d31dc810_0 .var "Q", 3 0;
v0x5647d31dc920_0 .net "clock", 0 0, v0x5647d31ec0b0_0;  alias, 1 drivers
v0x5647d31dc9c0_0 .net "clr", 0 0, L_0x5647d31f10f0;  1 drivers
v0x5647d31dca80_0 .net "enp", 0 0, v0x5647d31e6f10_0;  alias, 1 drivers
L_0x7d53af0837f8 .functor BUFT 1, C4<1>, C4<0>, C4<0>, C4<0>;
v0x5647d31dcb90_0 .net "ent", 0 0, L_0x7d53af0837f8;  1 drivers
L_0x7d53af0837b0 .functor BUFT 1, C4<1>, C4<0>, C4<0>, C4<0>;
v0x5647d31dcc50_0 .net "ld", 0 0, L_0x7d53af0837b0;  1 drivers
v0x5647d31dcd10_0 .var "rco", 0 0;
E_0x5647d31dc630 .event anyedge, v0x5647d31dcb90_0, v0x5647d31d7510_0;
E_0x5647d31dc6b0 .event posedge, v0x5647d31dc920_0;
S_0x5647d31dcf20 .scope module, "contador_addr" "contador_163" 7 140, 9 16 0, S_0x5647d31d6d80;
 .timescale -9 -9;
    .port_info 0 /INPUT 1 "clock";
    .port_info 1 /INPUT 1 "clr";
    .port_info 2 /INPUT 1 "ld";
    .port_info 3 /INPUT 1 "ent";
    .port_info 4 /INPUT 1 "enp";
    .port_info 5 /INPUT 4 "D";
    .port_info 6 /OUTPUT 4 "Q";
    .port_info 7 /OUTPUT 1 "rco";
L_0x7d53af083768 .functor BUFT 1, C4<0000>, C4<0>, C4<0>, C4<0>;
v0x5647d31dd2a0_0 .net "D", 3 0, L_0x7d53af083768;  1 drivers
v0x5647d31dd3a0_0 .var "Q", 3 0;
v0x5647d31dd460_0 .net "clock", 0 0, v0x5647d31ec0b0_0;  alias, 1 drivers
v0x5647d31dd500_0 .net "clr", 0 0, L_0x5647d31f0f90;  1 drivers
v0x5647d31dd5a0_0 .net "enp", 0 0, v0x5647d31e6e20_0;  alias, 1 drivers
L_0x7d53af083720 .functor BUFT 1, C4<1>, C4<0>, C4<0>, C4<0>;
v0x5647d31dd690_0 .net "ent", 0 0, L_0x7d53af083720;  1 drivers
L_0x7d53af0836d8 .functor BUFT 1, C4<1>, C4<0>, C4<0>, C4<0>;
v0x5647d31dd730_0 .net "ld", 0 0, L_0x7d53af0836d8;  1 drivers
v0x5647d31dd7f0_0 .var "rco", 0 0;
E_0x5647d31dd220 .event anyedge, v0x5647d31dd690_0, v0x5647d31d8ff0_0;
S_0x5647d31dda00 .scope module, "contador_led" "contador_m" 7 130, 10 20 0, S_0x5647d31d6d80;
 .timescale -9 -9;
    .port_info 0 /INPUT 1 "clock";
    .port_info 1 /INPUT 1 "zera_as";
    .port_info 2 /INPUT 1 "zera_s";
    .port_info 3 /INPUT 1 "conta";
    .port_info 4 /OUTPUT 11 "Q";
    .port_info 5 /OUTPUT 1 "fim";
    .port_info 6 /OUTPUT 1 "meio";
P_0x5647d3199a60 .param/l "M" 0 10 20, +C4<00000000000000000000011111010000>;
P_0x5647d3199aa0 .param/l "N" 0 10 20, +C4<00000000000000000000000000001011>;
v0x5647d31dde30_0 .var "Q", 10 0;
v0x5647d31ddf30_0 .net "clock", 0 0, v0x5647d31ec0b0_0;  alias, 1 drivers
v0x5647d31de040_0 .net "conta", 0 0, v0x5647d31e7160_0;  alias, 1 drivers
v0x5647d31de0e0_0 .var "fim", 0 0;
v0x5647d31de180_0 .var "meio", 0 0;
v0x5647d31de290_0 .net "zera_as", 0 0, v0x5647d31ed200_0;  alias, 1 drivers
v0x5647d31de350_0 .net "zera_s", 0 0, v0x5647d31e8190_0;  alias, 1 drivers
E_0x5647d31ddd50 .event anyedge, v0x5647d31dde30_0;
E_0x5647d31dddd0 .event posedge, v0x5647d31de290_0, v0x5647d31dc920_0;
S_0x5647d31de530 .scope module, "contador_timeout" "contador_m" 7 120, 10 20 0, S_0x5647d31d6d80;
 .timescale -9 -9;
    .port_info 0 /INPUT 1 "clock";
    .port_info 1 /INPUT 1 "zera_as";
    .port_info 2 /INPUT 1 "zera_s";
    .port_info 3 /INPUT 1 "conta";
    .port_info 4 /OUTPUT 13 "Q";
    .port_info 5 /OUTPUT 1 "fim";
    .port_info 6 /OUTPUT 1 "meio";
P_0x5647d3195e40 .param/l "M" 0 10 20, +C4<00000000000000000001001110001000>;
P_0x5647d3195e80 .param/l "N" 0 10 20, +C4<00000000000000000000000000001101>;
v0x5647d31de910_0 .var "Q", 12 0;
v0x5647d31dea10_0 .net "clock", 0 0, v0x5647d31ec0b0_0;  alias, 1 drivers
v0x5647d31dead0_0 .net "conta", 0 0, v0x5647d31e7200_0;  alias, 1 drivers
v0x5647d31deba0_0 .var "fim", 0 0;
v0x5647d31dec40_0 .var "meio", 0 0;
v0x5647d31ded50_0 .net "zera_as", 0 0, v0x5647d31ed200_0;  alias, 1 drivers
v0x5647d31dedf0_0 .net "zera_s", 0 0, v0x5647d31e8280_0;  alias, 1 drivers
E_0x5647d31de890 .event anyedge, v0x5647d31de910_0;
S_0x5647d31defb0 .scope module, "converter_cor" "cores_rgb" 7 177, 11 3 0, S_0x5647d31d6d80;
 .timescale -9 -9;
    .port_info 0 /INPUT 4 "codigo";
    .port_info 1 /OUTPUT 3 "leds_rgb";
v0x5647d31df230_0 .net "codigo", 3 0, L_0x5647d31f1530;  alias, 1 drivers
v0x5647d31df340_0 .var "leds_rgb", 2 0;
E_0x5647d31df1b0 .event anyedge, v0x5647d31daa50_0;
S_0x5647d31df460 .scope module, "detector" "edge_detector" 7 113, 12 21 0, S_0x5647d31d6d80;
 .timescale -9 -9;
    .port_info 0 /INPUT 1 "clock";
    .port_info 1 /INPUT 1 "reset";
    .port_info 2 /INPUT 1 "sinal";
    .port_info 3 /OUTPUT 1 "pulso";
L_0x5647d31f0df0 .functor NOT 1, v0x5647d31df980_0, C4<0>, C4<0>, C4<0>;
L_0x5647d31f0e90 .functor AND 1, L_0x5647d31f0df0, v0x5647d31df8e0_0, C4<1>, C4<1>;
v0x5647d31df670_0 .net *"_ivl_0", 0 0, L_0x5647d31f0df0;  1 drivers
v0x5647d31df750_0 .net "clock", 0 0, v0x5647d31ec0b0_0;  alias, 1 drivers
v0x5647d31df810_0 .net "pulso", 0 0, L_0x5647d31f0e90;  alias, 1 drivers
v0x5647d31df8e0_0 .var "reg0", 0 0;
v0x5647d31df980_0 .var "reg1", 0 0;
v0x5647d31dfa40_0 .net "reset", 0 0, v0x5647d31ed200_0;  alias, 1 drivers
v0x5647d31dfae0_0 .net "sinal", 0 0, L_0x5647d31ed390;  alias, 1 drivers
S_0x5647d31dfc20 .scope module, "memoria" "sync_ram_16x4_file" 7 169, 13 19 0, S_0x5647d31d6d80;
 .timescale -9 -9;
    .port_info 0 /INPUT 1 "clk";
    .port_info 1 /INPUT 1 "we";
    .port_info 2 /INPUT 4 "data";
    .port_info 3 /INPUT 4 "addr";
    .port_info 4 /OUTPUT 4 "q";
P_0x5647d31dfe00 .param/str "BINFILE" 0 13 20, "ram_init.txt";
L_0x5647d31f1530 .functor BUFZ 4, L_0x5647d31f12c0, C4<0000>, C4<0000>, C4<0000>;
v0x5647d31e00c0_0 .net *"_ivl_0", 3 0, L_0x5647d31f12c0;  1 drivers
v0x5647d31e01c0_0 .net *"_ivl_2", 5 0, L_0x5647d31f13c0;  1 drivers
L_0x7d53af083888 .functor BUFT 1, C4<00>, C4<0>, C4<0>, C4<0>;
v0x5647d31e02a0_0 .net *"_ivl_5", 1 0, L_0x7d53af083888;  1 drivers
v0x5647d31e0360_0 .net "addr", 3 0, v0x5647d31dd3a0_0;  alias, 1 drivers
v0x5647d31e0470_0 .var "addr_reg", 3 0;
v0x5647d31e05a0_0 .net "clk", 0 0, v0x5647d31ec0b0_0;  alias, 1 drivers
v0x5647d31e0640_0 .net "data", 3 0, v0x5647d31ebf40_0;  alias, 1 drivers
v0x5647d31e0720_0 .net "q", 3 0, L_0x5647d31f1530;  alias, 1 drivers
v0x5647d31e0830 .array "ram", 15 0, 3 0;
v0x5647d31e08f0_0 .net "we", 0 0, v0x5647d31e7970_0;  alias, 1 drivers
L_0x5647d31f12c0 .array/port v0x5647d31e0830, L_0x5647d31f13c0;
L_0x5647d31f13c0 .concat [ 4 2 0 0], v0x5647d31e0470_0, L_0x7d53af083888;
S_0x5647d31dfec0 .scope begin, "INICIA_RAM" "INICIA_RAM" 13 39, 13 39 0, S_0x5647d31dfc20;
 .timescale -9 -9;
S_0x5647d31e0a50 .scope module, "mux_rgb" "mux2x1_n" 7 186, 14 17 0, S_0x5647d31d6d80;
 .timescale -9 -9;
    .port_info 0 /INPUT 3 "D0";
    .port_info 1 /INPUT 3 "D1";
    .port_info 2 /INPUT 1 "SEL";
    .port_info 3 /OUTPUT 3 "OUT";
P_0x5647d31e0be0 .param/l "BITS" 0 14 18, +C4<00000000000000000000000000000011>;
L_0x7d53af0838d0 .functor BUFT 1, C4<000>, C4<0>, C4<0>, C4<0>;
v0x5647d31e0d00_0 .net "D0", 2 0, L_0x7d53af0838d0;  1 drivers
v0x5647d31e0e00_0 .net "D1", 2 0, v0x5647d31df340_0;  alias, 1 drivers
v0x5647d31e0ec0_0 .var "OUT", 2 0;
v0x5647d31e0f90_0 .net "SEL", 0 0, v0x5647d31e6ce0_0;  alias, 1 drivers
E_0x5647d31e0c80 .event anyedge, v0x5647d31e0f90_0, v0x5647d31e0d00_0, v0x5647d31df340_0;
S_0x5647d31e1100 .scope module, "reg_modo" "registrador_1" 7 74, 15 7 0, S_0x5647d31d6d80;
 .timescale -9 -9;
    .port_info 0 /INPUT 1 "clock";
    .port_info 1 /INPUT 1 "clear";
    .port_info 2 /INPUT 1 "enable";
    .port_info 3 /INPUT 1 "D";
    .port_info 4 /OUTPUT 1 "Q";
v0x5647d31e1360_0 .net "D", 0 0, L_0x5647d31ed4d0;  1 drivers
v0x5647d31e1440_0 .var "IQ", 0 0;
v0x5647d31e1500_0 .net "Q", 0 0, v0x5647d31e1440_0;  alias, 1 drivers
v0x5647d31e15d0_0 .net "clear", 0 0, v0x5647d31e80f0_0;  alias, 1 drivers
v0x5647d31e1690_0 .net "clock", 0 0, v0x5647d31ec0b0_0;  alias, 1 drivers
v0x5647d31e1780_0 .net "enable", 0 0, v0x5647d31e7a60_0;  alias, 1 drivers
E_0x5647d31e12e0 .event posedge, v0x5647d31e15d0_0, v0x5647d31dc920_0;
S_0x5647d31e18e0 .scope module, "reg_timeout_hab" "registrador_1" 7 82, 15 7 0, S_0x5647d31d6d80;
 .timescale -9 -9;
    .port_info 0 /INPUT 1 "clock";
    .port_info 1 /INPUT 1 "clear";
    .port_info 2 /INPUT 1 "enable";
    .port_info 3 /INPUT 1 "D";
    .port_info 4 /OUTPUT 1 "Q";
v0x5647d31e1ac0_0 .net "D", 0 0, L_0x5647d31ed5c0;  1 drivers
v0x5647d31e1ba0_0 .var "IQ", 0 0;
v0x5647d31e1c60_0 .net "Q", 0 0, v0x5647d31e1ba0_0;  alias, 1 drivers
v0x5647d31e1d30_0 .net "clear", 0 0, v0x5647d31e80f0_0;  alias, 1 drivers
v0x5647d31e1e00_0 .net "clock", 0 0, v0x5647d31ec0b0_0;  alias, 1 drivers
v0x5647d31e1ef0_0 .net "enable", 0 0, v0x5647d31e7a60_0;  alias, 1 drivers
S_0x5647d31e2020 .scope module, "registrador" "registrador_4" 7 160, 16 13 0, S_0x5647d31d6d80;
 .timescale -9 -9;
    .port_info 0 /INPUT 1 "clock";
    .port_info 1 /INPUT 1 "clear";
    .port_info 2 /INPUT 1 "enable";
    .port_info 3 /INPUT 4 "D";
    .port_info 4 /OUTPUT 4 "Q";
v0x5647d31e2280_0 .net "D", 3 0, v0x5647d31ebf40_0;  alias, 1 drivers
v0x5647d31e2390_0 .var "IQ", 3 0;
v0x5647d31e2450_0 .net "Q", 3 0, v0x5647d31e2390_0;  alias, 1 drivers
v0x5647d31e2550_0 .net "clear", 0 0, v0x5647d31e7ec0_0;  alias, 1 drivers
v0x5647d31e25f0_0 .net "clock", 0 0, v0x5647d31ec0b0_0;  alias, 1 drivers
v0x5647d31e27f0_0 .net "enable", 0 0, v0x5647d31e7b00_0;  alias, 1 drivers
E_0x5647d31e2200 .event posedge, v0x5647d31e2550_0, v0x5647d31dc920_0;
S_0x5647d31e5690 .scope module, "unidade_controle" "unidade_controle" 5 106, 17 15 0, S_0x5647d31ac8a0;
 .timescale -9 -9;
    .port_info 0 /INPUT 1 "clock";
    .port_info 1 /INPUT 1 "reset";
    .port_info 2 /INPUT 1 "iniciar";
    .port_info 3 /INPUT 1 "fim_jogo";
    .port_info 4 /INPUT 1 "enderecoIgualLimite";
    .port_info 5 /INPUT 1 "jogada";
    .port_info 6 /INPUT 1 "igual";
    .port_info 7 /INPUT 1 "timeout";
    .port_info 8 /INPUT 1 "timeout_habilitado";
    .port_info 9 /INPUT 1 "timeout_led";
    .port_info 10 /INPUT 1 "fim_sequencia";
    .port_info 11 /OUTPUT 1 "zera_endereco";
    .port_info 12 /OUTPUT 1 "conta_endereco";
    .port_info 13 /OUTPUT 1 "zera_limite";
    .port_info 14 /OUTPUT 1 "conta_limite";
    .port_info 15 /OUTPUT 1 "zeraR";
    .port_info 16 /OUTPUT 1 "registrarR";
    .port_info 17 /OUTPUT 1 "registra_modo";
    .port_info 18 /OUTPUT 1 "zera_modo";
    .port_info 19 /OUTPUT 1 "zera_s_timeout";
    .port_info 20 /OUTPUT 1 "enable_timeout";
    .port_info 21 /OUTPUT 1 "conf_leds";
    .port_info 22 /OUTPUT 1 "registra_jogada";
    .port_info 23 /OUTPUT 1 "zera_s_led";
    .port_info 24 /OUTPUT 1 "enable_led";
    .port_info 25 /OUTPUT 1 "acertou";
    .port_info 26 /OUTPUT 1 "errou";
    .port_info 27 /OUTPUT 1 "pronto";
    .port_info 28 /OUTPUT 5 "db_estado";
    .port_info 29 /OUTPUT 1 "db_timeout";
P_0x5647d31e5870 .param/l "adiciona_jogada" 0 17 85, C4<01101>;
P_0x5647d31e58b0 .param/l "atualiza_endereco_nova_jogada" 0 17 89, C4<10001>;
P_0x5647d31e58f0 .param/l "carrega_led" 0 17 74, C4<00010>;
P_0x5647d31e5930 .param/l "comparacao" 0 17 81, C4<01001>;
P_0x5647d31e5970 .param/l "erro_verilog" 0 17 90, C4<10010>;
P_0x5647d31e59b0 .param/l "espera" 0 17 79, C4<00111>;
P_0x5647d31e59f0 .param/l "fim_sequencia_timer" 0 17 88, C4<10000>;
P_0x5647d31e5a30 .param/l "final_acerto" 0 17 83, C4<01011>;
P_0x5647d31e5a70 .param/l "final_erro" 0 17 84, C4<01100>;
P_0x5647d31e5ab0 .param/l "final_timeout" 0 17 87, C4<01111>;
P_0x5647d31e5af0 .param/l "inicial" 0 17 72, C4<00000>;
P_0x5647d31e5b30 .param/l "mostra_apagado" 0 17 77, C4<00101>;
P_0x5647d31e5b70 .param/l "mostra_led" 0 17 75, C4<00011>;
P_0x5647d31e5bb0 .param/l "preparacao" 0 17 73, C4<00001>;
P_0x5647d31e5bf0 .param/l "proxima_rodada" 0 17 86, C4<01110>;
P_0x5647d31e5c30 .param/l "proximo" 0 17 82, C4<01010>;
P_0x5647d31e5c70 .param/l "proximo_led" 0 17 78, C4<00110>;
P_0x5647d31e5cb0 .param/l "registra" 0 17 80, C4<01000>;
P_0x5647d31e5cf0 .param/l "zera_led" 0 17 76, C4<00100>;
v0x5647d31e6990_0 .var "Eatual", 4 0;
v0x5647d31e6a90_0 .var "Eprox", 4 0;
v0x5647d31e6b70_0 .var "acertou", 0 0;
v0x5647d31e6c40_0 .net "clock", 0 0, v0x5647d31ec0b0_0;  alias, 1 drivers
v0x5647d31e6ce0_0 .var "conf_leds", 0 0;
v0x5647d31e6e20_0 .var "conta_endereco", 0 0;
v0x5647d31e6f10_0 .var "conta_limite", 0 0;
v0x5647d31e7000_0 .var "db_estado", 4 0;
v0x5647d31e70c0_0 .var "db_timeout", 0 0;
v0x5647d31e7160_0 .var "enable_led", 0 0;
v0x5647d31e7200_0 .var "enable_timeout", 0 0;
v0x5647d31e72f0_0 .net "enderecoIgualLimite", 0 0, L_0x5647d31ee8b0;  alias, 1 drivers
v0x5647d31e73e0_0 .var "errou", 0 0;
v0x5647d31e74a0_0 .net "fim_jogo", 0 0, L_0x5647d31efa60;  alias, 1 drivers
v0x5647d31e7590_0 .net "fim_sequencia", 0 0, L_0x5647d31f1db0;  alias, 1 drivers
v0x5647d31e7630_0 .net "igual", 0 0, L_0x5647d31f0c40;  alias, 1 drivers
v0x5647d31e7720_0 .net "iniciar", 0 0, v0x5647d31ecda0_0;  alias, 1 drivers
v0x5647d31e77c0_0 .net "jogada", 0 0, L_0x5647d31f0e90;  alias, 1 drivers
v0x5647d31e78b0_0 .var "pronto", 0 0;
v0x5647d31e7970_0 .var "registra_jogada", 0 0;
v0x5647d31e7a60_0 .var "registra_modo", 0 0;
v0x5647d31e7b00_0 .var "registrarR", 0 0;
v0x5647d31e7bf0_0 .net "reset", 0 0, v0x5647d31ed200_0;  alias, 1 drivers
v0x5647d31e7c90_0 .net "timeout", 0 0, v0x5647d31deba0_0;  alias, 1 drivers
v0x5647d31e7d30_0 .net "timeout_habilitado", 0 0, L_0x5647d31f1c40;  alias, 1 drivers
v0x5647d31e7dd0_0 .net "timeout_led", 0 0, v0x5647d31de0e0_0;  alias, 1 drivers
v0x5647d31e7ec0_0 .var "zeraR", 0 0;
v0x5647d31e7fb0_0 .var "zera_endereco", 0 0;
v0x5647d31e8050_0 .var "zera_limite", 0 0;
v0x5647d31e80f0_0 .var "zera_modo", 0 0;
v0x5647d31e8190_0 .var "zera_s_led", 0 0;
v0x5647d31e8280_0 .var "zera_s_timeout", 0 0;
E_0x5647d31e6890 .event anyedge, v0x5647d31e6990_0;
E_0x5647d31e68f0/0 .event anyedge, v0x5647d31e6990_0, v0x5647d31e7720_0, v0x5647d31de0e0_0, v0x5647d31e3cd0_0;
E_0x5647d31e68f0/1 .event anyedge, v0x5647d31deba0_0, v0x5647d31e4cb0_0, v0x5647d31df810_0, v0x5647d31dabf0_0;
E_0x5647d31e68f0/2 .event anyedge, v0x5647d31d9190_0, v0x5647d31d76d0_0;
E_0x5647d31e68f0 .event/or E_0x5647d31e68f0/0, E_0x5647d31e68f0/1, E_0x5647d31e68f0/2;
S_0x5647d31eb910 .scope task, "press_button" "press_button" 4 38, 4 38 0, S_0x5647d31ac520;
 .timescale -9 -9;
v0x5647d31ebac0_0 .var "btn", 3 0;
TD_tb_cenario_vi.press_button ;
    %load/vec4 v0x5647d31ebac0_0;
    %store/vec4 v0x5647d31ebf40_0, 0, 4;
    %delay 2000, 0;
    %pushi/vec4 0, 0, 4;
    %store/vec4 v0x5647d31ebf40_0, 0, 4;
    %delay 2000, 0;
    %end;
S_0x5647d31ebba0 .scope task, "wait_leds" "wait_leds" 4 25, 4 25 0, S_0x5647d31ac520;
 .timescale -9 -9;
v0x5647d31ebd80_0 .var/i "i", 31 0;
v0x5647d31ebe60_0 .var/i "num_leds", 31 0;
TD_tb_cenario_vi.wait_leds ;
    %pushi/vec4 0, 0, 32;
    %store/vec4 v0x5647d31ebd80_0, 0, 32;
T_1.0 ;
    %load/vec4 v0x5647d31ebd80_0;
    %load/vec4 v0x5647d31ebe60_0;
    %cmp/s;
    %jmp/0xz T_1.1, 5;
T_1.2 ;
    %load/vec4 v0x5647d31e6990_0;
    %pushi/vec4 3, 0, 5;
    %cmp/e;
    %flag_get/vec4 4;
    %cmpi/ne 1, 0, 1;
    %jmp/0xz T_1.3, 6;
    %wait E_0x5647d31e6890;
    %jmp T_1.2;
T_1.3 ;
T_1.4 ;
    %load/vec4 v0x5647d31e6990_0;
    %pushi/vec4 5, 0, 5;
    %cmp/e;
    %flag_get/vec4 4;
    %cmpi/ne 1, 0, 1;
    %jmp/0xz T_1.5, 6;
    %wait E_0x5647d31e6890;
    %jmp T_1.4;
T_1.5 ;
    %load/vec4 v0x5647d31ebd80_0;
    %addi 1, 0, 32;
    %store/vec4 v0x5647d31ebd80_0, 0, 32;
    %jmp T_1.0;
T_1.1 ;
T_1.6 ;
    %load/vec4 v0x5647d31e6990_0;
    %cmpi/e 16, 0, 5;
    %flag_get/vec4 4;
    %jmp/1 T_1.8, 4;
    %load/vec4 v0x5647d31e6990_0;
    %pushi/vec4 7, 0, 5;
    %cmp/e;
    %flag_get/vec4 4;
    %or;
T_1.8;
    %cmpi/ne 1, 0, 1;
    %jmp/0xz T_1.7, 6;
    %wait E_0x5647d31e6890;
    %jmp T_1.6;
T_1.7 ;
    %delay 100, 0;
    %end;
    .scope S_0x5647d30fba10;
T_2 ;
    %wait E_0x5647d31c8ff0;
    %load/vec4 v0x5647d319c580_0;
    %dup/vec4;
    %pushi/vec4 0, 0, 5;
    %cmp/u;
    %jmp/1 T_2.0, 6;
    %dup/vec4;
    %pushi/vec4 1, 0, 5;
    %cmp/u;
    %jmp/1 T_2.1, 6;
    %dup/vec4;
    %pushi/vec4 2, 0, 5;
    %cmp/u;
    %jmp/1 T_2.2, 6;
    %dup/vec4;
    %pushi/vec4 3, 0, 5;
    %cmp/u;
    %jmp/1 T_2.3, 6;
    %dup/vec4;
    %pushi/vec4 4, 0, 5;
    %cmp/u;
    %jmp/1 T_2.4, 6;
    %dup/vec4;
    %pushi/vec4 5, 0, 5;
    %cmp/u;
    %jmp/1 T_2.5, 6;
    %dup/vec4;
    %pushi/vec4 6, 0, 5;
    %cmp/u;
    %jmp/1 T_2.6, 6;
    %dup/vec4;
    %pushi/vec4 7, 0, 5;
    %cmp/u;
    %jmp/1 T_2.7, 6;
    %dup/vec4;
    %pushi/vec4 8, 0, 5;
    %cmp/u;
    %jmp/1 T_2.8, 6;
    %dup/vec4;
    %pushi/vec4 9, 0, 5;
    %cmp/u;
    %jmp/1 T_2.9, 6;
    %dup/vec4;
    %pushi/vec4 10, 0, 5;
    %cmp/u;
    %jmp/1 T_2.10, 6;
    %dup/vec4;
    %pushi/vec4 11, 0, 5;
    %cmp/u;
    %jmp/1 T_2.11, 6;
    %dup/vec4;
    %pushi/vec4 12, 0, 5;
    %cmp/u;
    %jmp/1 T_2.12, 6;
    %dup/vec4;
    %pushi/vec4 13, 0, 5;
    %cmp/u;
    %jmp/1 T_2.13, 6;
    %dup/vec4;
    %pushi/vec4 14, 0, 5;
    %cmp/u;
    %jmp/1 T_2.14, 6;
    %dup/vec4;
    %pushi/vec4 15, 0, 5;
    %cmp/u;
    %jmp/1 T_2.15, 6;
    %dup/vec4;
    %pushi/vec4 16, 0, 5;
    %cmp/u;
    %jmp/1 T_2.16, 6;
    %dup/vec4;
    %pushi/vec4 17, 0, 5;
    %cmp/u;
    %jmp/1 T_2.17, 6;
    %dup/vec4;
    %pushi/vec4 18, 0, 5;
    %cmp/u;
    %jmp/1 T_2.18, 6;
    %dup/vec4;
    %pushi/vec4 19, 0, 5;
    %cmp/u;
    %jmp/1 T_2.19, 6;
    %dup/vec4;
    %pushi/vec4 20, 0, 5;
    %cmp/u;
    %jmp/1 T_2.20, 6;
    %dup/vec4;
    %pushi/vec4 21, 0, 5;
    %cmp/u;
    %jmp/1 T_2.21, 6;
    %dup/vec4;
    %pushi/vec4 22, 0, 5;
    %cmp/u;
    %jmp/1 T_2.22, 6;
    %dup/vec4;
    %pushi/vec4 23, 0, 5;
    %cmp/u;
    %jmp/1 T_2.23, 6;
    %dup/vec4;
    %pushi/vec4 24, 0, 5;
    %cmp/u;
    %jmp/1 T_2.24, 6;
    %dup/vec4;
    %pushi/vec4 25, 0, 5;
    %cmp/u;
    %jmp/1 T_2.25, 6;
    %dup/vec4;
    %pushi/vec4 26, 0, 5;
    %cmp/u;
    %jmp/1 T_2.26, 6;
    %dup/vec4;
    %pushi/vec4 27, 0, 5;
    %cmp/u;
    %jmp/1 T_2.27, 6;
    %dup/vec4;
    %pushi/vec4 28, 0, 5;
    %cmp/u;
    %jmp/1 T_2.28, 6;
    %dup/vec4;
    %pushi/vec4 29, 0, 5;
    %cmp/u;
    %jmp/1 T_2.29, 6;
    %dup/vec4;
    %pushi/vec4 30, 0, 5;
    %cmp/u;
    %jmp/1 T_2.30, 6;
    %dup/vec4;
    %pushi/vec4 31, 0, 5;
    %cmp/u;
    %jmp/1 T_2.31, 6;
    %pushi/vec4 127, 0, 7;
    %store/vec4 v0x5647d31a4520_0, 0, 7;
    %jmp T_2.33;
T_2.0 ;
    %pushi/vec4 64, 0, 7;
    %store/vec4 v0x5647d31a4520_0, 0, 7;
    %jmp T_2.33;
T_2.1 ;
    %pushi/vec4 121, 0, 7;
    %store/vec4 v0x5647d31a4520_0, 0, 7;
    %jmp T_2.33;
T_2.2 ;
    %pushi/vec4 36, 0, 7;
    %store/vec4 v0x5647d31a4520_0, 0, 7;
    %jmp T_2.33;
T_2.3 ;
    %pushi/vec4 48, 0, 7;
    %store/vec4 v0x5647d31a4520_0, 0, 7;
    %jmp T_2.33;
T_2.4 ;
    %pushi/vec4 25, 0, 7;
    %store/vec4 v0x5647d31a4520_0, 0, 7;
    %jmp T_2.33;
T_2.5 ;
    %pushi/vec4 18, 0, 7;
    %store/vec4 v0x5647d31a4520_0, 0, 7;
    %jmp T_2.33;
T_2.6 ;
    %pushi/vec4 2, 0, 7;
    %store/vec4 v0x5647d31a4520_0, 0, 7;
    %jmp T_2.33;
T_2.7 ;
    %pushi/vec4 120, 0, 7;
    %store/vec4 v0x5647d31a4520_0, 0, 7;
    %jmp T_2.33;
T_2.8 ;
    %pushi/vec4 0, 0, 7;
    %store/vec4 v0x5647d31a4520_0, 0, 7;
    %jmp T_2.33;
T_2.9 ;
    %pushi/vec4 16, 0, 7;
    %store/vec4 v0x5647d31a4520_0, 0, 7;
    %jmp T_2.33;
T_2.10 ;
    %pushi/vec4 8, 0, 7;
    %store/vec4 v0x5647d31a4520_0, 0, 7;
    %jmp T_2.33;
T_2.11 ;
    %pushi/vec4 3, 0, 7;
    %store/vec4 v0x5647d31a4520_0, 0, 7;
    %jmp T_2.33;
T_2.12 ;
    %pushi/vec4 70, 0, 7;
    %store/vec4 v0x5647d31a4520_0, 0, 7;
    %jmp T_2.33;
T_2.13 ;
    %pushi/vec4 33, 0, 7;
    %store/vec4 v0x5647d31a4520_0, 0, 7;
    %jmp T_2.33;
T_2.14 ;
    %pushi/vec4 6, 0, 7;
    %store/vec4 v0x5647d31a4520_0, 0, 7;
    %jmp T_2.33;
T_2.15 ;
    %pushi/vec4 14, 0, 7;
    %store/vec4 v0x5647d31a4520_0, 0, 7;
    %jmp T_2.33;
T_2.16 ;
    %pushi/vec4 126, 0, 7;
    %store/vec4 v0x5647d31a4520_0, 0, 7;
    %jmp T_2.33;
T_2.17 ;
    %pushi/vec4 125, 0, 7;
    %store/vec4 v0x5647d31a4520_0, 0, 7;
    %jmp T_2.33;
T_2.18 ;
    %pushi/vec4 123, 0, 7;
    %store/vec4 v0x5647d31a4520_0, 0, 7;
    %jmp T_2.33;
T_2.19 ;
    %pushi/vec4 119, 0, 7;
    %store/vec4 v0x5647d31a4520_0, 0, 7;
    %jmp T_2.33;
T_2.20 ;
    %pushi/vec4 111, 0, 7;
    %store/vec4 v0x5647d31a4520_0, 0, 7;
    %jmp T_2.33;
T_2.21 ;
    %pushi/vec4 95, 0, 7;
    %store/vec4 v0x5647d31a4520_0, 0, 7;
    %jmp T_2.33;
T_2.22 ;
    %pushi/vec4 63, 0, 7;
    %store/vec4 v0x5647d31a4520_0, 0, 7;
    %jmp T_2.33;
T_2.23 ;
    %pushi/vec4 124, 0, 7;
    %store/vec4 v0x5647d31a4520_0, 0, 7;
    %jmp T_2.33;
T_2.24 ;
    %pushi/vec4 115, 0, 7;
    %store/vec4 v0x5647d31a4520_0, 0, 7;
    %jmp T_2.33;
T_2.25 ;
    %pushi/vec4 103, 0, 7;
    %store/vec4 v0x5647d31a4520_0, 0, 7;
    %jmp T_2.33;
T_2.26 ;
    %pushi/vec4 79, 0, 7;
    %store/vec4 v0x5647d31a4520_0, 0, 7;
    %jmp T_2.33;
T_2.27 ;
    %pushi/vec4 31, 0, 7;
    %store/vec4 v0x5647d31a4520_0, 0, 7;
    %jmp T_2.33;
T_2.28 ;
    %pushi/vec4 113, 0, 7;
    %store/vec4 v0x5647d31a4520_0, 0, 7;
    %jmp T_2.33;
T_2.29 ;
    %pushi/vec4 99, 0, 7;
    %store/vec4 v0x5647d31a4520_0, 0, 7;
    %jmp T_2.33;
T_2.30 ;
    %pushi/vec4 71, 0, 7;
    %store/vec4 v0x5647d31a4520_0, 0, 7;
    %jmp T_2.33;
T_2.31 ;
    %pushi/vec4 15, 0, 7;
    %store/vec4 v0x5647d31a4520_0, 0, 7;
    %jmp T_2.33;
T_2.33 ;
    %pop/vec4 1;
    %jmp T_2;
    .thread T_2, $push;
    .scope S_0x5647d31c3730;
T_3 ;
    %wait E_0x5647d31c8f20;
    %load/vec4 v0x5647d318f800_0;
    %dup/vec4;
    %pushi/vec4 0, 0, 1;
    %cmp/u;
    %jmp/1 T_3.0, 6;
    %dup/vec4;
    %pushi/vec4 1, 0, 1;
    %cmp/u;
    %jmp/1 T_3.1, 6;
    %pushi/vec4 1, 0, 1;
    %store/vec4 v0x5647d3193480_0, 0, 1;
    %jmp T_3.3;
T_3.0 ;
    %load/vec4 v0x5647d3199b10_0;
    %store/vec4 v0x5647d3193480_0, 0, 1;
    %jmp T_3.3;
T_3.1 ;
    %load/vec4 v0x5647d3195ef0_0;
    %store/vec4 v0x5647d3193480_0, 0, 1;
    %jmp T_3.3;
T_3.3 ;
    %pop/vec4 1;
    %jmp T_3;
    .thread T_3, $push;
    .scope S_0x5647d31e1100;
T_4 ;
    %wait E_0x5647d31e12e0;
    %load/vec4 v0x5647d31e15d0_0;
    %flag_set/vec4 8;
    %jmp/0xz  T_4.0, 8;
    %pushi/vec4 0, 0, 1;
    %assign/vec4 v0x5647d31e1440_0, 0;
    %jmp T_4.1;
T_4.0 ;
    %load/vec4 v0x5647d31e1780_0;
    %flag_set/vec4 8;
    %jmp/0xz  T_4.2, 8;
    %load/vec4 v0x5647d31e1360_0;
    %assign/vec4 v0x5647d31e1440_0, 0;
T_4.2 ;
T_4.1 ;
    %jmp T_4;
    .thread T_4;
    .scope S_0x5647d31e18e0;
T_5 ;
    %wait E_0x5647d31e12e0;
    %load/vec4 v0x5647d31e1d30_0;
    %flag_set/vec4 8;
    %jmp/0xz  T_5.0, 8;
    %pushi/vec4 0, 0, 1;
    %assign/vec4 v0x5647d31e1ba0_0, 0;
    %jmp T_5.1;
T_5.0 ;
    %load/vec4 v0x5647d31e1ef0_0;
    %flag_set/vec4 8;
    %jmp/0xz  T_5.2, 8;
    %load/vec4 v0x5647d31e1ac0_0;
    %assign/vec4 v0x5647d31e1ba0_0, 0;
T_5.2 ;
T_5.1 ;
    %jmp T_5;
    .thread T_5;
    .scope S_0x5647d31df460;
T_6 ;
    %wait E_0x5647d31dddd0;
    %load/vec4 v0x5647d31dfa40_0;
    %flag_set/vec4 8;
    %jmp/0xz  T_6.0, 8;
    %pushi/vec4 0, 0, 1;
    %assign/vec4 v0x5647d31df8e0_0, 0;
    %pushi/vec4 0, 0, 1;
    %assign/vec4 v0x5647d31df980_0, 0;
    %jmp T_6.1;
T_6.0 ;
    %load/vec4 v0x5647d31df750_0;
    %flag_set/vec4 8;
    %jmp/0xz  T_6.2, 8;
    %load/vec4 v0x5647d31dfae0_0;
    %assign/vec4 v0x5647d31df8e0_0, 0;
    %load/vec4 v0x5647d31df8e0_0;
    %assign/vec4 v0x5647d31df980_0, 0;
T_6.2 ;
T_6.1 ;
    %jmp T_6;
    .thread T_6;
    .scope S_0x5647d31de530;
T_7 ;
    %wait E_0x5647d31dddd0;
    %load/vec4 v0x5647d31ded50_0;
    %flag_set/vec4 8;
    %jmp/0xz  T_7.0, 8;
    %pushi/vec4 0, 0, 13;
    %assign/vec4 v0x5647d31de910_0, 0;
    %jmp T_7.1;
T_7.0 ;
    %load/vec4 v0x5647d31dea10_0;
    %flag_set/vec4 8;
    %jmp/0xz  T_7.2, 8;
    %load/vec4 v0x5647d31dedf0_0;
    %flag_set/vec4 8;
    %jmp/0xz  T_7.4, 8;
    %pushi/vec4 0, 0, 13;
    %assign/vec4 v0x5647d31de910_0, 0;
    %jmp T_7.5;
T_7.4 ;
    %load/vec4 v0x5647d31dead0_0;
    %flag_set/vec4 8;
    %jmp/0xz  T_7.6, 8;
    %load/vec4 v0x5647d31de910_0;
    %pad/u 32;
    %cmpi/e 4999, 0, 32;
    %jmp/0xz  T_7.8, 4;
    %pushi/vec4 0, 0, 13;
    %assign/vec4 v0x5647d31de910_0, 0;
    %jmp T_7.9;
T_7.8 ;
    %load/vec4 v0x5647d31de910_0;
    %addi 1, 0, 13;
    %assign/vec4 v0x5647d31de910_0, 0;
T_7.9 ;
T_7.6 ;
T_7.5 ;
T_7.2 ;
T_7.1 ;
    %jmp T_7;
    .thread T_7;
    .scope S_0x5647d31de530;
T_8 ;
    %wait E_0x5647d31de890;
    %load/vec4 v0x5647d31de910_0;
    %pad/u 32;
    %cmpi/e 4999, 0, 32;
    %jmp/0xz  T_8.0, 4;
    %pushi/vec4 1, 0, 1;
    %store/vec4 v0x5647d31deba0_0, 0, 1;
    %jmp T_8.1;
T_8.0 ;
    %pushi/vec4 0, 0, 1;
    %store/vec4 v0x5647d31deba0_0, 0, 1;
T_8.1 ;
    %jmp T_8;
    .thread T_8, $push;
    .scope S_0x5647d31de530;
T_9 ;
    %wait E_0x5647d31de890;
    %load/vec4 v0x5647d31de910_0;
    %pad/u 32;
    %cmpi/e 2499, 0, 32;
    %jmp/0xz  T_9.0, 4;
    %pushi/vec4 1, 0, 1;
    %store/vec4 v0x5647d31dec40_0, 0, 1;
    %jmp T_9.1;
T_9.0 ;
    %pushi/vec4 0, 0, 1;
    %store/vec4 v0x5647d31dec40_0, 0, 1;
T_9.1 ;
    %jmp T_9;
    .thread T_9, $push;
    .scope S_0x5647d31dda00;
T_10 ;
    %wait E_0x5647d31dddd0;
    %load/vec4 v0x5647d31de290_0;
    %flag_set/vec4 8;
    %jmp/0xz  T_10.0, 8;
    %pushi/vec4 0, 0, 11;
    %assign/vec4 v0x5647d31dde30_0, 0;
    %jmp T_10.1;
T_10.0 ;
    %load/vec4 v0x5647d31ddf30_0;
    %flag_set/vec4 8;
    %jmp/0xz  T_10.2, 8;
    %load/vec4 v0x5647d31de350_0;
    %flag_set/vec4 8;
    %jmp/0xz  T_10.4, 8;
    %pushi/vec4 0, 0, 11;
    %assign/vec4 v0x5647d31dde30_0, 0;
    %jmp T_10.5;
T_10.4 ;
    %load/vec4 v0x5647d31de040_0;
    %flag_set/vec4 8;
    %jmp/0xz  T_10.6, 8;
    %load/vec4 v0x5647d31dde30_0;
    %pad/u 32;
    %cmpi/e 1999, 0, 32;
    %jmp/0xz  T_10.8, 4;
    %pushi/vec4 0, 0, 11;
    %assign/vec4 v0x5647d31dde30_0, 0;
    %jmp T_10.9;
T_10.8 ;
    %load/vec4 v0x5647d31dde30_0;
    %addi 1, 0, 11;
    %assign/vec4 v0x5647d31dde30_0, 0;
T_10.9 ;
T_10.6 ;
T_10.5 ;
T_10.2 ;
T_10.1 ;
    %jmp T_10;
    .thread T_10;
    .scope S_0x5647d31dda00;
T_11 ;
    %wait E_0x5647d31ddd50;
    %load/vec4 v0x5647d31dde30_0;
    %pad/u 32;
    %cmpi/e 1999, 0, 32;
    %jmp/0xz  T_11.0, 4;
    %pushi/vec4 1, 0, 1;
    %store/vec4 v0x5647d31de0e0_0, 0, 1;
    %jmp T_11.1;
T_11.0 ;
    %pushi/vec4 0, 0, 1;
    %store/vec4 v0x5647d31de0e0_0, 0, 1;
T_11.1 ;
    %jmp T_11;
    .thread T_11, $push;
    .scope S_0x5647d31dda00;
T_12 ;
    %wait E_0x5647d31ddd50;
    %load/vec4 v0x5647d31dde30_0;
    %pad/u 32;
    %cmpi/e 999, 0, 32;
    %jmp/0xz  T_12.0, 4;
    %pushi/vec4 1, 0, 1;
    %store/vec4 v0x5647d31de180_0, 0, 1;
    %jmp T_12.1;
T_12.0 ;
    %pushi/vec4 0, 0, 1;
    %store/vec4 v0x5647d31de180_0, 0, 1;
T_12.1 ;
    %jmp T_12;
    .thread T_12, $push;
    .scope S_0x5647d31dcf20;
T_13 ;
    %wait E_0x5647d31dc6b0;
    %load/vec4 v0x5647d31dd500_0;
    %inv;
    %flag_set/vec4 8;
    %jmp/0xz  T_13.0, 8;
    %pushi/vec4 0, 0, 4;
    %assign/vec4 v0x5647d31dd3a0_0, 0;
    %jmp T_13.1;
T_13.0 ;
    %load/vec4 v0x5647d31dd730_0;
    %inv;
    %flag_set/vec4 8;
    %jmp/0xz  T_13.2, 8;
    %load/vec4 v0x5647d31dd2a0_0;
    %assign/vec4 v0x5647d31dd3a0_0, 0;
    %jmp T_13.3;
T_13.2 ;
    %load/vec4 v0x5647d31dd690_0;
    %flag_set/vec4 9;
    %flag_get/vec4 9;
    %jmp/0 T_13.6, 9;
    %load/vec4 v0x5647d31dd5a0_0;
    %and;
T_13.6;
    %flag_set/vec4 8;
    %jmp/0xz  T_13.4, 8;
    %load/vec4 v0x5647d31dd3a0_0;
    %addi 1, 0, 4;
    %assign/vec4 v0x5647d31dd3a0_0, 0;
    %jmp T_13.5;
T_13.4 ;
    %load/vec4 v0x5647d31dd3a0_0;
    %assign/vec4 v0x5647d31dd3a0_0, 0;
T_13.5 ;
T_13.3 ;
T_13.1 ;
    %jmp T_13;
    .thread T_13;
    .scope S_0x5647d31dcf20;
T_14 ;
    %wait E_0x5647d31dd220;
    %load/vec4 v0x5647d31dd690_0;
    %flag_set/vec4 9;
    %flag_get/vec4 9;
    %jmp/0 T_14.2, 9;
    %load/vec4 v0x5647d31dd3a0_0;
    %pushi/vec4 15, 0, 4;
    %cmp/e;
    %flag_get/vec4 4;
    %and;
T_14.2;
    %flag_set/vec4 8;
    %jmp/0xz  T_14.0, 8;
    %pushi/vec4 1, 0, 1;
    %store/vec4 v0x5647d31dd7f0_0, 0, 1;
    %jmp T_14.1;
T_14.0 ;
    %pushi/vec4 0, 0, 1;
    %store/vec4 v0x5647d31dd7f0_0, 0, 1;
T_14.1 ;
    %jmp T_14;
    .thread T_14, $push;
    .scope S_0x5647d31dc380;
T_15 ;
    %wait E_0x5647d31dc6b0;
    %load/vec4 v0x5647d31dc9c0_0;
    %inv;
    %flag_set/vec4 8;
    %jmp/0xz  T_15.0, 8;
    %pushi/vec4 0, 0, 4;
    %assign/vec4 v0x5647d31dc810_0, 0;
    %jmp T_15.1;
T_15.0 ;
    %load/vec4 v0x5647d31dcc50_0;
    %inv;
    %flag_set/vec4 8;
    %jmp/0xz  T_15.2, 8;
    %load/vec4 v0x5647d31dc710_0;
    %assign/vec4 v0x5647d31dc810_0, 0;
    %jmp T_15.3;
T_15.2 ;
    %load/vec4 v0x5647d31dcb90_0;
    %flag_set/vec4 9;
    %flag_get/vec4 9;
    %jmp/0 T_15.6, 9;
    %load/vec4 v0x5647d31dca80_0;
    %and;
T_15.6;
    %flag_set/vec4 8;
    %jmp/0xz  T_15.4, 8;
    %load/vec4 v0x5647d31dc810_0;
    %addi 1, 0, 4;
    %assign/vec4 v0x5647d31dc810_0, 0;
    %jmp T_15.5;
T_15.4 ;
    %load/vec4 v0x5647d31dc810_0;
    %assign/vec4 v0x5647d31dc810_0, 0;
T_15.5 ;
T_15.3 ;
T_15.1 ;
    %jmp T_15;
    .thread T_15;
    .scope S_0x5647d31dc380;
T_16 ;
    %wait E_0x5647d31dc630;
    %load/vec4 v0x5647d31dcb90_0;
    %flag_set/vec4 9;
    %flag_get/vec4 9;
    %jmp/0 T_16.2, 9;
    %load/vec4 v0x5647d31dc810_0;
    %pushi/vec4 15, 0, 4;
    %cmp/e;
    %flag_get/vec4 4;
    %and;
T_16.2;
    %flag_set/vec4 8;
    %jmp/0xz  T_16.0, 8;
    %pushi/vec4 1, 0, 1;
    %store/vec4 v0x5647d31dcd10_0, 0, 1;
    %jmp T_16.1;
T_16.0 ;
    %pushi/vec4 0, 0, 1;
    %store/vec4 v0x5647d31dcd10_0, 0, 1;
T_16.1 ;
    %jmp T_16;
    .thread T_16, $push;
    .scope S_0x5647d31e2020;
T_17 ;
    %wait E_0x5647d31e2200;
    %load/vec4 v0x5647d31e2550_0;
    %flag_set/vec4 8;
    %jmp/0xz  T_17.0, 8;
    %pushi/vec4 0, 0, 4;
    %assign/vec4 v0x5647d31e2390_0, 0;
    %jmp T_17.1;
T_17.0 ;
    %load/vec4 v0x5647d31e27f0_0;
    %flag_set/vec4 8;
    %jmp/0xz  T_17.2, 8;
    %load/vec4 v0x5647d31e2280_0;
    %assign/vec4 v0x5647d31e2390_0, 0;
T_17.2 ;
T_17.1 ;
    %jmp T_17;
    .thread T_17;
    .scope S_0x5647d31dfc20;
T_18 ;
    %fork t_1, S_0x5647d31dfec0;
    %jmp t_0;
    .scope S_0x5647d31dfec0;
t_1 ;
    %vpi_call 13 41 "$readmemb", P_0x5647d31dfe00, v0x5647d31e0830 {0 0 0};
    %end;
    .scope S_0x5647d31dfc20;
t_0 %join;
    %end;
    .thread T_18;
    .scope S_0x5647d31dfc20;
T_19 ;
    %wait E_0x5647d31dc6b0;
    %load/vec4 v0x5647d31e08f0_0;
    %flag_set/vec4 8;
    %jmp/0xz  T_19.0, 8;
    %load/vec4 v0x5647d31e0640_0;
    %load/vec4 v0x5647d31e0360_0;
    %pad/u 6;
    %ix/vec4 3;
    %ix/load 4, 0, 0; Constant delay
    %assign/vec4/a/d v0x5647d31e0830, 0, 4;
T_19.0 ;
    %load/vec4 v0x5647d31e0360_0;
    %assign/vec4 v0x5647d31e0470_0, 0;
    %jmp T_19;
    .thread T_19;
    .scope S_0x5647d31defb0;
T_20 ;
    %wait E_0x5647d31df1b0;
    %load/vec4 v0x5647d31df230_0;
    %dup/vec4;
    %pushi/vec4 8, 0, 4;
    %cmp/u;
    %jmp/1 T_20.0, 6;
    %dup/vec4;
    %pushi/vec4 1, 0, 4;
    %cmp/u;
    %jmp/1 T_20.1, 6;
    %dup/vec4;
    %pushi/vec4 2, 0, 4;
    %cmp/u;
    %jmp/1 T_20.2, 6;
    %dup/vec4;
    %pushi/vec4 4, 0, 4;
    %cmp/u;
    %jmp/1 T_20.3, 6;
    %jmp T_20.4;
T_20.0 ;
    %pushi/vec4 2, 0, 3;
    %store/vec4 v0x5647d31df340_0, 0, 3;
    %jmp T_20.4;
T_20.1 ;
    %pushi/vec4 1, 0, 3;
    %store/vec4 v0x5647d31df340_0, 0, 3;
    %jmp T_20.4;
T_20.2 ;
    %pushi/vec4 4, 0, 3;
    %store/vec4 v0x5647d31df340_0, 0, 3;
    %jmp T_20.4;
T_20.3 ;
    %pushi/vec4 3, 0, 3;
    %store/vec4 v0x5647d31df340_0, 0, 3;
    %jmp T_20.4;
T_20.4 ;
    %pop/vec4 1;
    %jmp T_20;
    .thread T_20, $push;
    .scope S_0x5647d31e0a50;
T_21 ;
    %wait E_0x5647d31e0c80;
    %load/vec4 v0x5647d31e0f90_0;
    %dup/vec4;
    %pushi/vec4 0, 0, 1;
    %cmp/u;
    %jmp/1 T_21.0, 6;
    %dup/vec4;
    %pushi/vec4 1, 0, 1;
    %cmp/u;
    %jmp/1 T_21.1, 6;
    %pushi/vec4 7, 0, 3;
    %store/vec4 v0x5647d31e0ec0_0, 0, 3;
    %jmp T_21.3;
T_21.0 ;
    %load/vec4 v0x5647d31e0d00_0;
    %store/vec4 v0x5647d31e0ec0_0, 0, 3;
    %jmp T_21.3;
T_21.1 ;
    %load/vec4 v0x5647d31e0e00_0;
    %store/vec4 v0x5647d31e0ec0_0, 0, 3;
    %jmp T_21.3;
T_21.3 ;
    %pop/vec4 1;
    %jmp T_21;
    .thread T_21, $push;
    .scope S_0x5647d31e5690;
T_22 ;
    %wait E_0x5647d31dddd0;
    %load/vec4 v0x5647d31e7bf0_0;
    %flag_set/vec4 8;
    %jmp/0xz  T_22.0, 8;
    %pushi/vec4 0, 0, 5;
    %assign/vec4 v0x5647d31e6990_0, 0;
    %jmp T_22.1;
T_22.0 ;
    %load/vec4 v0x5647d31e6a90_0;
    %assign/vec4 v0x5647d31e6990_0, 0;
T_22.1 ;
    %jmp T_22;
    .thread T_22;
    .scope S_0x5647d31e5690;
T_23 ;
    %wait E_0x5647d31e68f0;
    %load/vec4 v0x5647d31e6990_0;
    %dup/vec4;
    %pushi/vec4 0, 0, 5;
    %cmp/u;
    %jmp/1 T_23.0, 6;
    %dup/vec4;
    %pushi/vec4 1, 0, 5;
    %cmp/u;
    %jmp/1 T_23.1, 6;
    %dup/vec4;
    %pushi/vec4 2, 0, 5;
    %cmp/u;
    %jmp/1 T_23.2, 6;
    %dup/vec4;
    %pushi/vec4 3, 0, 5;
    %cmp/u;
    %jmp/1 T_23.3, 6;
    %dup/vec4;
    %pushi/vec4 4, 0, 5;
    %cmp/u;
    %jmp/1 T_23.4, 6;
    %dup/vec4;
    %pushi/vec4 5, 0, 5;
    %cmp/u;
    %jmp/1 T_23.5, 6;
    %dup/vec4;
    %pushi/vec4 6, 0, 5;
    %cmp/u;
    %jmp/1 T_23.6, 6;
    %dup/vec4;
    %pushi/vec4 7, 0, 5;
    %cmp/u;
    %jmp/1 T_23.7, 6;
    %dup/vec4;
    %pushi/vec4 8, 0, 5;
    %cmp/u;
    %jmp/1 T_23.8, 6;
    %dup/vec4;
    %pushi/vec4 9, 0, 5;
    %cmp/u;
    %jmp/1 T_23.9, 6;
    %dup/vec4;
    %pushi/vec4 13, 0, 5;
    %cmp/u;
    %jmp/1 T_23.10, 6;
    %dup/vec4;
    %pushi/vec4 10, 0, 5;
    %cmp/u;
    %jmp/1 T_23.11, 6;
    %dup/vec4;
    %pushi/vec4 14, 0, 5;
    %cmp/u;
    %jmp/1 T_23.12, 6;
    %dup/vec4;
    %pushi/vec4 11, 0, 5;
    %cmp/u;
    %jmp/1 T_23.13, 6;
    %dup/vec4;
    %pushi/vec4 12, 0, 5;
    %cmp/u;
    %jmp/1 T_23.14, 6;
    %dup/vec4;
    %pushi/vec4 15, 0, 5;
    %cmp/u;
    %jmp/1 T_23.15, 6;
    %dup/vec4;
    %pushi/vec4 16, 0, 5;
    %cmp/u;
    %jmp/1 T_23.16, 6;
    %dup/vec4;
    %pushi/vec4 17, 0, 5;
    %cmp/u;
    %jmp/1 T_23.17, 6;
    %pushi/vec4 18, 0, 5;
    %store/vec4 v0x5647d31e6a90_0, 0, 5;
    %jmp T_23.19;
T_23.0 ;
    %load/vec4 v0x5647d31e7720_0;
    %flag_set/vec4 8;
    %jmp/0 T_23.20, 8;
    %pushi/vec4 1, 0, 5;
    %jmp/1 T_23.21, 8;
T_23.20 ; End of true expr.
    %pushi/vec4 0, 0, 5;
    %jmp/0 T_23.21, 8;
 ; End of false expr.
    %blend;
T_23.21;
    %store/vec4 v0x5647d31e6a90_0, 0, 5;
    %jmp T_23.19;
T_23.1 ;
    %pushi/vec4 2, 0, 5;
    %store/vec4 v0x5647d31e6a90_0, 0, 5;
    %jmp T_23.19;
T_23.2 ;
    %pushi/vec4 3, 0, 5;
    %store/vec4 v0x5647d31e6a90_0, 0, 5;
    %jmp T_23.19;
T_23.3 ;
    %load/vec4 v0x5647d31e7dd0_0;
    %flag_set/vec4 8;
    %jmp/0 T_23.22, 8;
    %pushi/vec4 4, 0, 5;
    %jmp/1 T_23.23, 8;
T_23.22 ; End of true expr.
    %pushi/vec4 3, 0, 5;
    %jmp/0 T_23.23, 8;
 ; End of false expr.
    %blend;
T_23.23;
    %store/vec4 v0x5647d31e6a90_0, 0, 5;
    %jmp T_23.19;
T_23.4 ;
    %pushi/vec4 5, 0, 5;
    %store/vec4 v0x5647d31e6a90_0, 0, 5;
    %jmp T_23.19;
T_23.5 ;
    %load/vec4 v0x5647d31e7590_0;
    %flag_set/vec4 8;
    %jmp/0 T_23.24, 8;
    %pushi/vec4 16, 0, 5;
    %jmp/1 T_23.25, 8;
T_23.24 ; End of true expr.
    %pushi/vec4 6, 0, 5;
    %jmp/0 T_23.25, 8;
 ; End of false expr.
    %blend;
T_23.25;
    %store/vec4 v0x5647d31e6a90_0, 0, 5;
    %jmp T_23.19;
T_23.6 ;
    %pushi/vec4 2, 0, 5;
    %store/vec4 v0x5647d31e6a90_0, 0, 5;
    %jmp T_23.19;
T_23.7 ;
    %load/vec4 v0x5647d31e7c90_0;
    %flag_set/vec4 9;
    %flag_get/vec4 9;
    %jmp/0 T_23.28, 9;
    %load/vec4 v0x5647d31e7d30_0;
    %and;
T_23.28;
    %flag_set/vec4 8;
    %jmp/0xz  T_23.26, 8;
    %pushi/vec4 15, 0, 5;
    %store/vec4 v0x5647d31e6a90_0, 0, 5;
    %jmp T_23.27;
T_23.26 ;
    %load/vec4 v0x5647d31e77c0_0;
    %flag_set/vec4 8;
    %jmp/0 T_23.29, 8;
    %pushi/vec4 8, 0, 5;
    %jmp/1 T_23.30, 8;
T_23.29 ; End of true expr.
    %pushi/vec4 7, 0, 5;
    %jmp/0 T_23.30, 8;
 ; End of false expr.
    %blend;
T_23.30;
    %store/vec4 v0x5647d31e6a90_0, 0, 5;
T_23.27 ;
    %jmp T_23.19;
T_23.8 ;
    %pushi/vec4 9, 0, 5;
    %store/vec4 v0x5647d31e6a90_0, 0, 5;
    %jmp T_23.19;
T_23.9 ;
    %load/vec4 v0x5647d31e7630_0;
    %nor/r;
    %flag_set/vec4 8;
    %jmp/0xz  T_23.31, 8;
    %pushi/vec4 12, 0, 5;
    %store/vec4 v0x5647d31e6a90_0, 0, 5;
    %jmp T_23.32;
T_23.31 ;
    %load/vec4 v0x5647d31e72f0_0;
    %flag_set/vec4 8;
    %jmp/0xz  T_23.33, 8;
    %load/vec4 v0x5647d31e74a0_0;
    %flag_set/vec4 8;
    %jmp/0 T_23.35, 8;
    %pushi/vec4 11, 0, 5;
    %jmp/1 T_23.36, 8;
T_23.35 ; End of true expr.
    %pushi/vec4 17, 0, 5;
    %jmp/0 T_23.36, 8;
 ; End of false expr.
    %blend;
T_23.36;
    %store/vec4 v0x5647d31e6a90_0, 0, 5;
    %jmp T_23.34;
T_23.33 ;
    %pushi/vec4 10, 0, 5;
    %store/vec4 v0x5647d31e6a90_0, 0, 5;
T_23.34 ;
T_23.32 ;
    %jmp T_23.19;
T_23.10 ;
    %load/vec4 v0x5647d31e77c0_0;
    %flag_set/vec4 8;
    %jmp/0 T_23.37, 8;
    %pushi/vec4 14, 0, 5;
    %jmp/1 T_23.38, 8;
T_23.37 ; End of true expr.
    %pushi/vec4 13, 0, 5;
    %jmp/0 T_23.38, 8;
 ; End of false expr.
    %blend;
T_23.38;
    %store/vec4 v0x5647d31e6a90_0, 0, 5;
    %jmp T_23.19;
T_23.11 ;
    %pushi/vec4 7, 0, 5;
    %store/vec4 v0x5647d31e6a90_0, 0, 5;
    %jmp T_23.19;
T_23.12 ;
    %pushi/vec4 2, 0, 5;
    %store/vec4 v0x5647d31e6a90_0, 0, 5;
    %jmp T_23.19;
T_23.13 ;
    %load/vec4 v0x5647d31e7720_0;
    %flag_set/vec4 8;
    %jmp/0 T_23.39, 8;
    %pushi/vec4 1, 0, 5;
    %jmp/1 T_23.40, 8;
T_23.39 ; End of true expr.
    %pushi/vec4 11, 0, 5;
    %jmp/0 T_23.40, 8;
 ; End of false expr.
    %blend;
T_23.40;
    %store/vec4 v0x5647d31e6a90_0, 0, 5;
    %jmp T_23.19;
T_23.14 ;
    %load/vec4 v0x5647d31e7720_0;
    %flag_set/vec4 8;
    %jmp/0 T_23.41, 8;
    %pushi/vec4 1, 0, 5;
    %jmp/1 T_23.42, 8;
T_23.41 ; End of true expr.
    %pushi/vec4 12, 0, 5;
    %jmp/0 T_23.42, 8;
 ; End of false expr.
    %blend;
T_23.42;
    %store/vec4 v0x5647d31e6a90_0, 0, 5;
    %jmp T_23.19;
T_23.15 ;
    %load/vec4 v0x5647d31e7720_0;
    %flag_set/vec4 8;
    %jmp/0 T_23.43, 8;
    %pushi/vec4 1, 0, 5;
    %jmp/1 T_23.44, 8;
T_23.43 ; End of true expr.
    %pushi/vec4 15, 0, 5;
    %jmp/0 T_23.44, 8;
 ; End of false expr.
    %blend;
T_23.44;
    %store/vec4 v0x5647d31e6a90_0, 0, 5;
    %jmp T_23.19;
T_23.16 ;
    %pushi/vec4 7, 0, 5;
    %store/vec4 v0x5647d31e6a90_0, 0, 5;
    %jmp T_23.19;
T_23.17 ;
    %pushi/vec4 13, 0, 5;
    %store/vec4 v0x5647d31e6a90_0, 0, 5;
    %jmp T_23.19;
T_23.19 ;
    %pop/vec4 1;
    %jmp T_23;
    .thread T_23, $push;
    .scope S_0x5647d31e5690;
T_24 ;
    %wait E_0x5647d31e6890;
    %load/vec4 v0x5647d31e6990_0;
    %cmpi/e 1, 0, 5;
    %jmp/1 T_24.1, 4;
    %flag_mov 8, 4;
    %load/vec4 v0x5647d31e6990_0;
    %cmpi/e 14, 0, 5;
    %flag_or 4, 8;
T_24.1;
    %flag_get/vec4 4;
    %jmp/1 T_24.0, 4;
    %load/vec4 v0x5647d31e6990_0;
    %pushi/vec4 16, 0, 5;
    %cmp/e;
    %flag_get/vec4 4;
    %or;
T_24.0;
    %store/vec4 v0x5647d31e7fb0_0, 0, 1;
    %load/vec4 v0x5647d31e6990_0;
    %cmpi/e 10, 0, 5;
    %jmp/1 T_24.3, 4;
    %flag_mov 8, 4;
    %load/vec4 v0x5647d31e6990_0;
    %cmpi/e 6, 0, 5;
    %flag_or 4, 8;
T_24.3;
    %flag_get/vec4 4;
    %jmp/1 T_24.2, 4;
    %load/vec4 v0x5647d31e6990_0;
    %pushi/vec4 17, 0, 5;
    %cmp/e;
    %flag_get/vec4 4;
    %or;
T_24.2;
    %store/vec4 v0x5647d31e6e20_0, 0, 1;
    %load/vec4 v0x5647d31e6990_0;
    %pushi/vec4 1, 0, 5;
    %cmp/e;
    %flag_get/vec4 4;
    %store/vec4 v0x5647d31e8050_0, 0, 1;
    %load/vec4 v0x5647d31e6990_0;
    %pushi/vec4 14, 0, 5;
    %cmp/e;
    %flag_get/vec4 4;
    %store/vec4 v0x5647d31e6f10_0, 0, 1;
    %load/vec4 v0x5647d31e6990_0;
    %cmpi/e 1, 0, 5;
    %flag_get/vec4 4;
    %jmp/1 T_24.4, 4;
    %load/vec4 v0x5647d31e6990_0;
    %pushi/vec4 14, 0, 5;
    %cmp/e;
    %flag_get/vec4 4;
    %or;
T_24.4;
    %store/vec4 v0x5647d31e7ec0_0, 0, 1;
    %load/vec4 v0x5647d31e6990_0;
    %pushi/vec4 8, 0, 5;
    %cmp/e;
    %flag_get/vec4 4;
    %store/vec4 v0x5647d31e7b00_0, 0, 1;
    %load/vec4 v0x5647d31e6990_0;
    %pushi/vec4 0, 0, 5;
    %cmp/e;
    %flag_get/vec4 4;
    %store/vec4 v0x5647d31e80f0_0, 0, 1;
    %load/vec4 v0x5647d31e6990_0;
    %pushi/vec4 1, 0, 5;
    %cmp/e;
    %flag_get/vec4 4;
    %store/vec4 v0x5647d31e7a60_0, 0, 1;
    %load/vec4 v0x5647d31e6990_0;
    %cmpi/e 1, 0, 5;
    %jmp/1 T_24.7, 4;
    %flag_mov 8, 4;
    %load/vec4 v0x5647d31e6990_0;
    %cmpi/e 10, 0, 5;
    %flag_or 4, 8;
T_24.7;
    %jmp/1 T_24.6, 4;
    %flag_mov 8, 4;
    %load/vec4 v0x5647d31e6990_0;
    %cmpi/e 14, 0, 5;
    %flag_or 4, 8;
T_24.6;
    %flag_get/vec4 4;
    %jmp/1 T_24.5, 4;
    %load/vec4 v0x5647d31e6990_0;
    %pushi/vec4 0, 0, 5;
    %cmp/e;
    %flag_get/vec4 4;
    %or;
T_24.5;
    %store/vec4 v0x5647d31e8280_0, 0, 1;
    %load/vec4 v0x5647d31e6990_0;
    %cmpi/e 7, 0, 5;
    %flag_get/vec4 4;
    %jmp/1 T_24.8, 4;
    %load/vec4 v0x5647d31e6990_0;
    %pushi/vec4 13, 0, 5;
    %cmp/e;
    %flag_get/vec4 4;
    %or;
T_24.8;
    %store/vec4 v0x5647d31e7200_0, 0, 1;
    %load/vec4 v0x5647d31e6990_0;
    %pushi/vec4 11, 0, 5;
    %cmp/e;
    %flag_get/vec4 4;
    %store/vec4 v0x5647d31e6b70_0, 0, 1;
    %load/vec4 v0x5647d31e6990_0;
    %cmpi/e 12, 0, 5;
    %flag_get/vec4 4;
    %jmp/1 T_24.9, 4;
    %load/vec4 v0x5647d31e6990_0;
    %pushi/vec4 15, 0, 5;
    %cmp/e;
    %flag_get/vec4 4;
    %or;
T_24.9;
    %store/vec4 v0x5647d31e73e0_0, 0, 1;
    %load/vec4 v0x5647d31e6990_0;
    %cmpi/e 15, 0, 5;
    %jmp/1 T_24.11, 4;
    %flag_mov 8, 4;
    %load/vec4 v0x5647d31e6990_0;
    %cmpi/e 11, 0, 5;
    %flag_or 4, 8;
T_24.11;
    %flag_get/vec4 4;
    %jmp/1 T_24.10, 4;
    %load/vec4 v0x5647d31e6990_0;
    %pushi/vec4 12, 0, 5;
    %cmp/e;
    %flag_get/vec4 4;
    %or;
T_24.10;
    %store/vec4 v0x5647d31e78b0_0, 0, 1;
    %load/vec4 v0x5647d31e6990_0;
    %pushi/vec4 13, 0, 5;
    %cmp/e;
    %flag_get/vec4 4;
    %store/vec4 v0x5647d31e7970_0, 0, 1;
    %load/vec4 v0x5647d31e6990_0;
    %cmpi/e 2, 0, 5;
    %flag_get/vec4 4;
    %jmp/1 T_24.12, 4;
    %load/vec4 v0x5647d31e6990_0;
    %pushi/vec4 4, 0, 5;
    %cmp/e;
    %flag_get/vec4 4;
    %or;
T_24.12;
    %store/vec4 v0x5647d31e8190_0, 0, 1;
    %load/vec4 v0x5647d31e6990_0;
    %cmpi/e 3, 0, 5;
    %flag_get/vec4 4;
    %jmp/1 T_24.13, 4;
    %load/vec4 v0x5647d31e6990_0;
    %pushi/vec4 5, 0, 5;
    %cmp/e;
    %flag_get/vec4 4;
    %or;
T_24.13;
    %store/vec4 v0x5647d31e7160_0, 0, 1;
    %load/vec4 v0x5647d31e6990_0;
    %pushi/vec4 3, 0, 5;
    %cmp/e;
    %flag_get/vec4 4;
    %store/vec4 v0x5647d31e6ce0_0, 0, 1;
    %load/vec4 v0x5647d31e6990_0;
    %store/vec4 v0x5647d31e7000_0, 0, 5;
    %load/vec4 v0x5647d31e6990_0;
    %pushi/vec4 15, 0, 5;
    %cmp/e;
    %flag_get/vec4 4;
    %store/vec4 v0x5647d31e70c0_0, 0, 1;
    %jmp T_24;
    .thread T_24, $push;
    .scope S_0x5647d31acc20;
T_25 ;
    %wait E_0x5647d31c90c0;
    %load/vec4 v0x5647d31d5ed0_0;
    %dup/vec4;
    %pushi/vec4 0, 0, 5;
    %cmp/u;
    %jmp/1 T_25.0, 6;
    %dup/vec4;
    %pushi/vec4 1, 0, 5;
    %cmp/u;
    %jmp/1 T_25.1, 6;
    %dup/vec4;
    %pushi/vec4 2, 0, 5;
    %cmp/u;
    %jmp/1 T_25.2, 6;
    %dup/vec4;
    %pushi/vec4 3, 0, 5;
    %cmp/u;
    %jmp/1 T_25.3, 6;
    %dup/vec4;
    %pushi/vec4 4, 0, 5;
    %cmp/u;
    %jmp/1 T_25.4, 6;
    %dup/vec4;
    %pushi/vec4 5, 0, 5;
    %cmp/u;
    %jmp/1 T_25.5, 6;
    %dup/vec4;
    %pushi/vec4 6, 0, 5;
    %cmp/u;
    %jmp/1 T_25.6, 6;
    %dup/vec4;
    %pushi/vec4 7, 0, 5;
    %cmp/u;
    %jmp/1 T_25.7, 6;
    %dup/vec4;
    %pushi/vec4 8, 0, 5;
    %cmp/u;
    %jmp/1 T_25.8, 6;
    %dup/vec4;
    %pushi/vec4 9, 0, 5;
    %cmp/u;
    %jmp/1 T_25.9, 6;
    %dup/vec4;
    %pushi/vec4 10, 0, 5;
    %cmp/u;
    %jmp/1 T_25.10, 6;
    %dup/vec4;
    %pushi/vec4 11, 0, 5;
    %cmp/u;
    %jmp/1 T_25.11, 6;
    %dup/vec4;
    %pushi/vec4 12, 0, 5;
    %cmp/u;
    %jmp/1 T_25.12, 6;
    %dup/vec4;
    %pushi/vec4 13, 0, 5;
    %cmp/u;
    %jmp/1 T_25.13, 6;
    %dup/vec4;
    %pushi/vec4 14, 0, 5;
    %cmp/u;
    %jmp/1 T_25.14, 6;
    %dup/vec4;
    %pushi/vec4 15, 0, 5;
    %cmp/u;
    %jmp/1 T_25.15, 6;
    %dup/vec4;
    %pushi/vec4 16, 0, 5;
    %cmp/u;
    %jmp/1 T_25.16, 6;
    %dup/vec4;
    %pushi/vec4 17, 0, 5;
    %cmp/u;
    %jmp/1 T_25.17, 6;
    %dup/vec4;
    %pushi/vec4 18, 0, 5;
    %cmp/u;
    %jmp/1 T_25.18, 6;
    %dup/vec4;
    %pushi/vec4 19, 0, 5;
    %cmp/u;
    %jmp/1 T_25.19, 6;
    %dup/vec4;
    %pushi/vec4 20, 0, 5;
    %cmp/u;
    %jmp/1 T_25.20, 6;
    %dup/vec4;
    %pushi/vec4 21, 0, 5;
    %cmp/u;
    %jmp/1 T_25.21, 6;
    %pushi/vec4 127, 0, 7;
    %store/vec4 v0x5647d318cd90_0, 0, 7;
    %jmp T_25.23;
T_25.0 ;
    %pushi/vec4 64, 0, 7;
    %store/vec4 v0x5647d318cd90_0, 0, 7;
    %jmp T_25.23;
T_25.1 ;
    %pushi/vec4 121, 0, 7;
    %store/vec4 v0x5647d318cd90_0, 0, 7;
    %jmp T_25.23;
T_25.2 ;
    %pushi/vec4 36, 0, 7;
    %store/vec4 v0x5647d318cd90_0, 0, 7;
    %jmp T_25.23;
T_25.3 ;
    %pushi/vec4 48, 0, 7;
    %store/vec4 v0x5647d318cd90_0, 0, 7;
    %jmp T_25.23;
T_25.4 ;
    %pushi/vec4 25, 0, 7;
    %store/vec4 v0x5647d318cd90_0, 0, 7;
    %jmp T_25.23;
T_25.5 ;
    %pushi/vec4 18, 0, 7;
    %store/vec4 v0x5647d318cd90_0, 0, 7;
    %jmp T_25.23;
T_25.6 ;
    %pushi/vec4 2, 0, 7;
    %store/vec4 v0x5647d318cd90_0, 0, 7;
    %jmp T_25.23;
T_25.7 ;
    %pushi/vec4 120, 0, 7;
    %store/vec4 v0x5647d318cd90_0, 0, 7;
    %jmp T_25.23;
T_25.8 ;
    %pushi/vec4 0, 0, 7;
    %store/vec4 v0x5647d318cd90_0, 0, 7;
    %jmp T_25.23;
T_25.9 ;
    %pushi/vec4 16, 0, 7;
    %store/vec4 v0x5647d318cd90_0, 0, 7;
    %jmp T_25.23;
T_25.10 ;
    %pushi/vec4 8, 0, 7;
    %store/vec4 v0x5647d318cd90_0, 0, 7;
    %jmp T_25.23;
T_25.11 ;
    %pushi/vec4 3, 0, 7;
    %store/vec4 v0x5647d318cd90_0, 0, 7;
    %jmp T_25.23;
T_25.12 ;
    %pushi/vec4 70, 0, 7;
    %store/vec4 v0x5647d318cd90_0, 0, 7;
    %jmp T_25.23;
T_25.13 ;
    %pushi/vec4 33, 0, 7;
    %store/vec4 v0x5647d318cd90_0, 0, 7;
    %jmp T_25.23;
T_25.14 ;
    %pushi/vec4 6, 0, 7;
    %store/vec4 v0x5647d318cd90_0, 0, 7;
    %jmp T_25.23;
T_25.15 ;
    %pushi/vec4 14, 0, 7;
    %store/vec4 v0x5647d318cd90_0, 0, 7;
    %jmp T_25.23;
T_25.16 ;
    %pushi/vec4 126, 0, 7;
    %store/vec4 v0x5647d318cd90_0, 0, 7;
    %jmp T_25.23;
T_25.17 ;
    %pushi/vec4 125, 0, 7;
    %store/vec4 v0x5647d318cd90_0, 0, 7;
    %jmp T_25.23;
T_25.18 ;
    %pushi/vec4 123, 0, 7;
    %store/vec4 v0x5647d318cd90_0, 0, 7;
    %jmp T_25.23;
T_25.19 ;
    %pushi/vec4 119, 0, 7;
    %store/vec4 v0x5647d318cd90_0, 0, 7;
    %jmp T_25.23;
T_25.20 ;
    %pushi/vec4 111, 0, 7;
    %store/vec4 v0x5647d318cd90_0, 0, 7;
    %jmp T_25.23;
T_25.21 ;
    %pushi/vec4 95, 0, 7;
    %store/vec4 v0x5647d318cd90_0, 0, 7;
    %jmp T_25.23;
T_25.23 ;
    %pop/vec4 1;
    %jmp T_25;
    .thread T_25, $push;
    .scope S_0x5647d31acfa0;
T_26 ;
    %wait E_0x5647d31d60a0;
    %load/vec4 v0x5647d31d6220_0;
    %dup/vec4;
    %pushi/vec4 0, 0, 5;
    %cmp/u;
    %jmp/1 T_26.0, 6;
    %dup/vec4;
    %pushi/vec4 1, 0, 5;
    %cmp/u;
    %jmp/1 T_26.1, 6;
    %dup/vec4;
    %pushi/vec4 2, 0, 5;
    %cmp/u;
    %jmp/1 T_26.2, 6;
    %dup/vec4;
    %pushi/vec4 3, 0, 5;
    %cmp/u;
    %jmp/1 T_26.3, 6;
    %dup/vec4;
    %pushi/vec4 4, 0, 5;
    %cmp/u;
    %jmp/1 T_26.4, 6;
    %dup/vec4;
    %pushi/vec4 5, 0, 5;
    %cmp/u;
    %jmp/1 T_26.5, 6;
    %dup/vec4;
    %pushi/vec4 6, 0, 5;
    %cmp/u;
    %jmp/1 T_26.6, 6;
    %dup/vec4;
    %pushi/vec4 7, 0, 5;
    %cmp/u;
    %jmp/1 T_26.7, 6;
    %dup/vec4;
    %pushi/vec4 8, 0, 5;
    %cmp/u;
    %jmp/1 T_26.8, 6;
    %dup/vec4;
    %pushi/vec4 9, 0, 5;
    %cmp/u;
    %jmp/1 T_26.9, 6;
    %dup/vec4;
    %pushi/vec4 10, 0, 5;
    %cmp/u;
    %jmp/1 T_26.10, 6;
    %dup/vec4;
    %pushi/vec4 11, 0, 5;
    %cmp/u;
    %jmp/1 T_26.11, 6;
    %dup/vec4;
    %pushi/vec4 12, 0, 5;
    %cmp/u;
    %jmp/1 T_26.12, 6;
    %dup/vec4;
    %pushi/vec4 13, 0, 5;
    %cmp/u;
    %jmp/1 T_26.13, 6;
    %dup/vec4;
    %pushi/vec4 14, 0, 5;
    %cmp/u;
    %jmp/1 T_26.14, 6;
    %dup/vec4;
    %pushi/vec4 15, 0, 5;
    %cmp/u;
    %jmp/1 T_26.15, 6;
    %dup/vec4;
    %pushi/vec4 16, 0, 5;
    %cmp/u;
    %jmp/1 T_26.16, 6;
    %dup/vec4;
    %pushi/vec4 17, 0, 5;
    %cmp/u;
    %jmp/1 T_26.17, 6;
    %dup/vec4;
    %pushi/vec4 18, 0, 5;
    %cmp/u;
    %jmp/1 T_26.18, 6;
    %dup/vec4;
    %pushi/vec4 19, 0, 5;
    %cmp/u;
    %jmp/1 T_26.19, 6;
    %dup/vec4;
    %pushi/vec4 20, 0, 5;
    %cmp/u;
    %jmp/1 T_26.20, 6;
    %dup/vec4;
    %pushi/vec4 21, 0, 5;
    %cmp/u;
    %jmp/1 T_26.21, 6;
    %pushi/vec4 127, 0, 7;
    %store/vec4 v0x5647d31d6120_0, 0, 7;
    %jmp T_26.23;
T_26.0 ;
    %pushi/vec4 64, 0, 7;
    %store/vec4 v0x5647d31d6120_0, 0, 7;
    %jmp T_26.23;
T_26.1 ;
    %pushi/vec4 121, 0, 7;
    %store/vec4 v0x5647d31d6120_0, 0, 7;
    %jmp T_26.23;
T_26.2 ;
    %pushi/vec4 36, 0, 7;
    %store/vec4 v0x5647d31d6120_0, 0, 7;
    %jmp T_26.23;
T_26.3 ;
    %pushi/vec4 48, 0, 7;
    %store/vec4 v0x5647d31d6120_0, 0, 7;
    %jmp T_26.23;
T_26.4 ;
    %pushi/vec4 25, 0, 7;
    %store/vec4 v0x5647d31d6120_0, 0, 7;
    %jmp T_26.23;
T_26.5 ;
    %pushi/vec4 18, 0, 7;
    %store/vec4 v0x5647d31d6120_0, 0, 7;
    %jmp T_26.23;
T_26.6 ;
    %pushi/vec4 2, 0, 7;
    %store/vec4 v0x5647d31d6120_0, 0, 7;
    %jmp T_26.23;
T_26.7 ;
    %pushi/vec4 120, 0, 7;
    %store/vec4 v0x5647d31d6120_0, 0, 7;
    %jmp T_26.23;
T_26.8 ;
    %pushi/vec4 0, 0, 7;
    %store/vec4 v0x5647d31d6120_0, 0, 7;
    %jmp T_26.23;
T_26.9 ;
    %pushi/vec4 16, 0, 7;
    %store/vec4 v0x5647d31d6120_0, 0, 7;
    %jmp T_26.23;
T_26.10 ;
    %pushi/vec4 8, 0, 7;
    %store/vec4 v0x5647d31d6120_0, 0, 7;
    %jmp T_26.23;
T_26.11 ;
    %pushi/vec4 3, 0, 7;
    %store/vec4 v0x5647d31d6120_0, 0, 7;
    %jmp T_26.23;
T_26.12 ;
    %pushi/vec4 70, 0, 7;
    %store/vec4 v0x5647d31d6120_0, 0, 7;
    %jmp T_26.23;
T_26.13 ;
    %pushi/vec4 33, 0, 7;
    %store/vec4 v0x5647d31d6120_0, 0, 7;
    %jmp T_26.23;
T_26.14 ;
    %pushi/vec4 6, 0, 7;
    %store/vec4 v0x5647d31d6120_0, 0, 7;
    %jmp T_26.23;
T_26.15 ;
    %pushi/vec4 14, 0, 7;
    %store/vec4 v0x5647d31d6120_0, 0, 7;
    %jmp T_26.23;
T_26.16 ;
    %pushi/vec4 126, 0, 7;
    %store/vec4 v0x5647d31d6120_0, 0, 7;
    %jmp T_26.23;
T_26.17 ;
    %pushi/vec4 125, 0, 7;
    %store/vec4 v0x5647d31d6120_0, 0, 7;
    %jmp T_26.23;
T_26.18 ;
    %pushi/vec4 123, 0, 7;
    %store/vec4 v0x5647d31d6120_0, 0, 7;
    %jmp T_26.23;
T_26.19 ;
    %pushi/vec4 119, 0, 7;
    %store/vec4 v0x5647d31d6120_0, 0, 7;
    %jmp T_26.23;
T_26.20 ;
    %pushi/vec4 111, 0, 7;
    %store/vec4 v0x5647d31d6120_0, 0, 7;
    %jmp T_26.23;
T_26.21 ;
    %pushi/vec4 95, 0, 7;
    %store/vec4 v0x5647d31d6120_0, 0, 7;
    %jmp T_26.23;
T_26.23 ;
    %pop/vec4 1;
    %jmp T_26;
    .thread T_26, $push;
    .scope S_0x5647d31ad320;
T_27 ;
    %wait E_0x5647d31d63f0;
    %load/vec4 v0x5647d31d6550_0;
    %dup/vec4;
    %pushi/vec4 0, 0, 5;
    %cmp/u;
    %jmp/1 T_27.0, 6;
    %dup/vec4;
    %pushi/vec4 1, 0, 5;
    %cmp/u;
    %jmp/1 T_27.1, 6;
    %dup/vec4;
    %pushi/vec4 2, 0, 5;
    %cmp/u;
    %jmp/1 T_27.2, 6;
    %dup/vec4;
    %pushi/vec4 3, 0, 5;
    %cmp/u;
    %jmp/1 T_27.3, 6;
    %dup/vec4;
    %pushi/vec4 4, 0, 5;
    %cmp/u;
    %jmp/1 T_27.4, 6;
    %dup/vec4;
    %pushi/vec4 5, 0, 5;
    %cmp/u;
    %jmp/1 T_27.5, 6;
    %dup/vec4;
    %pushi/vec4 6, 0, 5;
    %cmp/u;
    %jmp/1 T_27.6, 6;
    %dup/vec4;
    %pushi/vec4 7, 0, 5;
    %cmp/u;
    %jmp/1 T_27.7, 6;
    %dup/vec4;
    %pushi/vec4 8, 0, 5;
    %cmp/u;
    %jmp/1 T_27.8, 6;
    %dup/vec4;
    %pushi/vec4 9, 0, 5;
    %cmp/u;
    %jmp/1 T_27.9, 6;
    %dup/vec4;
    %pushi/vec4 10, 0, 5;
    %cmp/u;
    %jmp/1 T_27.10, 6;
    %dup/vec4;
    %pushi/vec4 11, 0, 5;
    %cmp/u;
    %jmp/1 T_27.11, 6;
    %dup/vec4;
    %pushi/vec4 12, 0, 5;
    %cmp/u;
    %jmp/1 T_27.12, 6;
    %dup/vec4;
    %pushi/vec4 13, 0, 5;
    %cmp/u;
    %jmp/1 T_27.13, 6;
    %dup/vec4;
    %pushi/vec4 14, 0, 5;
    %cmp/u;
    %jmp/1 T_27.14, 6;
    %dup/vec4;
    %pushi/vec4 15, 0, 5;
    %cmp/u;
    %jmp/1 T_27.15, 6;
    %dup/vec4;
    %pushi/vec4 16, 0, 5;
    %cmp/u;
    %jmp/1 T_27.16, 6;
    %dup/vec4;
    %pushi/vec4 17, 0, 5;
    %cmp/u;
    %jmp/1 T_27.17, 6;
    %dup/vec4;
    %pushi/vec4 18, 0, 5;
    %cmp/u;
    %jmp/1 T_27.18, 6;
    %dup/vec4;
    %pushi/vec4 19, 0, 5;
    %cmp/u;
    %jmp/1 T_27.19, 6;
    %dup/vec4;
    %pushi/vec4 20, 0, 5;
    %cmp/u;
    %jmp/1 T_27.20, 6;
    %dup/vec4;
    %pushi/vec4 21, 0, 5;
    %cmp/u;
    %jmp/1 T_27.21, 6;
    %pushi/vec4 127, 0, 7;
    %store/vec4 v0x5647d31d6450_0, 0, 7;
    %jmp T_27.23;
T_27.0 ;
    %pushi/vec4 64, 0, 7;
    %store/vec4 v0x5647d31d6450_0, 0, 7;
    %jmp T_27.23;
T_27.1 ;
    %pushi/vec4 121, 0, 7;
    %store/vec4 v0x5647d31d6450_0, 0, 7;
    %jmp T_27.23;
T_27.2 ;
    %pushi/vec4 36, 0, 7;
    %store/vec4 v0x5647d31d6450_0, 0, 7;
    %jmp T_27.23;
T_27.3 ;
    %pushi/vec4 48, 0, 7;
    %store/vec4 v0x5647d31d6450_0, 0, 7;
    %jmp T_27.23;
T_27.4 ;
    %pushi/vec4 25, 0, 7;
    %store/vec4 v0x5647d31d6450_0, 0, 7;
    %jmp T_27.23;
T_27.5 ;
    %pushi/vec4 18, 0, 7;
    %store/vec4 v0x5647d31d6450_0, 0, 7;
    %jmp T_27.23;
T_27.6 ;
    %pushi/vec4 2, 0, 7;
    %store/vec4 v0x5647d31d6450_0, 0, 7;
    %jmp T_27.23;
T_27.7 ;
    %pushi/vec4 120, 0, 7;
    %store/vec4 v0x5647d31d6450_0, 0, 7;
    %jmp T_27.23;
T_27.8 ;
    %pushi/vec4 0, 0, 7;
    %store/vec4 v0x5647d31d6450_0, 0, 7;
    %jmp T_27.23;
T_27.9 ;
    %pushi/vec4 16, 0, 7;
    %store/vec4 v0x5647d31d6450_0, 0, 7;
    %jmp T_27.23;
T_27.10 ;
    %pushi/vec4 8, 0, 7;
    %store/vec4 v0x5647d31d6450_0, 0, 7;
    %jmp T_27.23;
T_27.11 ;
    %pushi/vec4 3, 0, 7;
    %store/vec4 v0x5647d31d6450_0, 0, 7;
    %jmp T_27.23;
T_27.12 ;
    %pushi/vec4 70, 0, 7;
    %store/vec4 v0x5647d31d6450_0, 0, 7;
    %jmp T_27.23;
T_27.13 ;
    %pushi/vec4 33, 0, 7;
    %store/vec4 v0x5647d31d6450_0, 0, 7;
    %jmp T_27.23;
T_27.14 ;
    %pushi/vec4 6, 0, 7;
    %store/vec4 v0x5647d31d6450_0, 0, 7;
    %jmp T_27.23;
T_27.15 ;
    %pushi/vec4 14, 0, 7;
    %store/vec4 v0x5647d31d6450_0, 0, 7;
    %jmp T_27.23;
T_27.16 ;
    %pushi/vec4 126, 0, 7;
    %store/vec4 v0x5647d31d6450_0, 0, 7;
    %jmp T_27.23;
T_27.17 ;
    %pushi/vec4 125, 0, 7;
    %store/vec4 v0x5647d31d6450_0, 0, 7;
    %jmp T_27.23;
T_27.18 ;
    %pushi/vec4 123, 0, 7;
    %store/vec4 v0x5647d31d6450_0, 0, 7;
    %jmp T_27.23;
T_27.19 ;
    %pushi/vec4 119, 0, 7;
    %store/vec4 v0x5647d31d6450_0, 0, 7;
    %jmp T_27.23;
T_27.20 ;
    %pushi/vec4 111, 0, 7;
    %store/vec4 v0x5647d31d6450_0, 0, 7;
    %jmp T_27.23;
T_27.21 ;
    %pushi/vec4 95, 0, 7;
    %store/vec4 v0x5647d31d6450_0, 0, 7;
    %jmp T_27.23;
T_27.23 ;
    %pop/vec4 1;
    %jmp T_27;
    .thread T_27, $push;
    .scope S_0x5647d31c3030;
T_28 ;
    %wait E_0x5647d31d6720;
    %load/vec4 v0x5647d31d68a0_0;
    %dup/vec4;
    %pushi/vec4 0, 0, 5;
    %cmp/u;
    %jmp/1 T_28.0, 6;
    %dup/vec4;
    %pushi/vec4 1, 0, 5;
    %cmp/u;
    %jmp/1 T_28.1, 6;
    %dup/vec4;
    %pushi/vec4 2, 0, 5;
    %cmp/u;
    %jmp/1 T_28.2, 6;
    %dup/vec4;
    %pushi/vec4 3, 0, 5;
    %cmp/u;
    %jmp/1 T_28.3, 6;
    %dup/vec4;
    %pushi/vec4 4, 0, 5;
    %cmp/u;
    %jmp/1 T_28.4, 6;
    %dup/vec4;
    %pushi/vec4 5, 0, 5;
    %cmp/u;
    %jmp/1 T_28.5, 6;
    %dup/vec4;
    %pushi/vec4 6, 0, 5;
    %cmp/u;
    %jmp/1 T_28.6, 6;
    %dup/vec4;
    %pushi/vec4 7, 0, 5;
    %cmp/u;
    %jmp/1 T_28.7, 6;
    %dup/vec4;
    %pushi/vec4 8, 0, 5;
    %cmp/u;
    %jmp/1 T_28.8, 6;
    %dup/vec4;
    %pushi/vec4 9, 0, 5;
    %cmp/u;
    %jmp/1 T_28.9, 6;
    %dup/vec4;
    %pushi/vec4 10, 0, 5;
    %cmp/u;
    %jmp/1 T_28.10, 6;
    %dup/vec4;
    %pushi/vec4 11, 0, 5;
    %cmp/u;
    %jmp/1 T_28.11, 6;
    %dup/vec4;
    %pushi/vec4 12, 0, 5;
    %cmp/u;
    %jmp/1 T_28.12, 6;
    %dup/vec4;
    %pushi/vec4 13, 0, 5;
    %cmp/u;
    %jmp/1 T_28.13, 6;
    %dup/vec4;
    %pushi/vec4 14, 0, 5;
    %cmp/u;
    %jmp/1 T_28.14, 6;
    %dup/vec4;
    %pushi/vec4 15, 0, 5;
    %cmp/u;
    %jmp/1 T_28.15, 6;
    %dup/vec4;
    %pushi/vec4 16, 0, 5;
    %cmp/u;
    %jmp/1 T_28.16, 6;
    %dup/vec4;
    %pushi/vec4 17, 0, 5;
    %cmp/u;
    %jmp/1 T_28.17, 6;
    %dup/vec4;
    %pushi/vec4 18, 0, 5;
    %cmp/u;
    %jmp/1 T_28.18, 6;
    %dup/vec4;
    %pushi/vec4 19, 0, 5;
    %cmp/u;
    %jmp/1 T_28.19, 6;
    %dup/vec4;
    %pushi/vec4 20, 0, 5;
    %cmp/u;
    %jmp/1 T_28.20, 6;
    %dup/vec4;
    %pushi/vec4 21, 0, 5;
    %cmp/u;
    %jmp/1 T_28.21, 6;
    %pushi/vec4 127, 0, 7;
    %store/vec4 v0x5647d31d67a0_0, 0, 7;
    %jmp T_28.23;
T_28.0 ;
    %pushi/vec4 64, 0, 7;
    %store/vec4 v0x5647d31d67a0_0, 0, 7;
    %jmp T_28.23;
T_28.1 ;
    %pushi/vec4 121, 0, 7;
    %store/vec4 v0x5647d31d67a0_0, 0, 7;
    %jmp T_28.23;
T_28.2 ;
    %pushi/vec4 36, 0, 7;
    %store/vec4 v0x5647d31d67a0_0, 0, 7;
    %jmp T_28.23;
T_28.3 ;
    %pushi/vec4 48, 0, 7;
    %store/vec4 v0x5647d31d67a0_0, 0, 7;
    %jmp T_28.23;
T_28.4 ;
    %pushi/vec4 25, 0, 7;
    %store/vec4 v0x5647d31d67a0_0, 0, 7;
    %jmp T_28.23;
T_28.5 ;
    %pushi/vec4 18, 0, 7;
    %store/vec4 v0x5647d31d67a0_0, 0, 7;
    %jmp T_28.23;
T_28.6 ;
    %pushi/vec4 2, 0, 7;
    %store/vec4 v0x5647d31d67a0_0, 0, 7;
    %jmp T_28.23;
T_28.7 ;
    %pushi/vec4 120, 0, 7;
    %store/vec4 v0x5647d31d67a0_0, 0, 7;
    %jmp T_28.23;
T_28.8 ;
    %pushi/vec4 0, 0, 7;
    %store/vec4 v0x5647d31d67a0_0, 0, 7;
    %jmp T_28.23;
T_28.9 ;
    %pushi/vec4 16, 0, 7;
    %store/vec4 v0x5647d31d67a0_0, 0, 7;
    %jmp T_28.23;
T_28.10 ;
    %pushi/vec4 8, 0, 7;
    %store/vec4 v0x5647d31d67a0_0, 0, 7;
    %jmp T_28.23;
T_28.11 ;
    %pushi/vec4 3, 0, 7;
    %store/vec4 v0x5647d31d67a0_0, 0, 7;
    %jmp T_28.23;
T_28.12 ;
    %pushi/vec4 70, 0, 7;
    %store/vec4 v0x5647d31d67a0_0, 0, 7;
    %jmp T_28.23;
T_28.13 ;
    %pushi/vec4 33, 0, 7;
    %store/vec4 v0x5647d31d67a0_0, 0, 7;
    %jmp T_28.23;
T_28.14 ;
    %pushi/vec4 6, 0, 7;
    %store/vec4 v0x5647d31d67a0_0, 0, 7;
    %jmp T_28.23;
T_28.15 ;
    %pushi/vec4 14, 0, 7;
    %store/vec4 v0x5647d31d67a0_0, 0, 7;
    %jmp T_28.23;
T_28.16 ;
    %pushi/vec4 126, 0, 7;
    %store/vec4 v0x5647d31d67a0_0, 0, 7;
    %jmp T_28.23;
T_28.17 ;
    %pushi/vec4 125, 0, 7;
    %store/vec4 v0x5647d31d67a0_0, 0, 7;
    %jmp T_28.23;
T_28.18 ;
    %pushi/vec4 123, 0, 7;
    %store/vec4 v0x5647d31d67a0_0, 0, 7;
    %jmp T_28.23;
T_28.19 ;
    %pushi/vec4 119, 0, 7;
    %store/vec4 v0x5647d31d67a0_0, 0, 7;
    %jmp T_28.23;
T_28.20 ;
    %pushi/vec4 111, 0, 7;
    %store/vec4 v0x5647d31d67a0_0, 0, 7;
    %jmp T_28.23;
T_28.21 ;
    %pushi/vec4 95, 0, 7;
    %store/vec4 v0x5647d31d67a0_0, 0, 7;
    %jmp T_28.23;
T_28.23 ;
    %pop/vec4 1;
    %jmp T_28;
    .thread T_28, $push;
    .scope S_0x5647d31c33b0;
T_29 ;
    %wait E_0x5647d31d6ac0;
    %load/vec4 v0x5647d31d6c40_0;
    %dup/vec4;
    %pushi/vec4 0, 0, 5;
    %cmp/u;
    %jmp/1 T_29.0, 6;
    %dup/vec4;
    %pushi/vec4 1, 0, 5;
    %cmp/u;
    %jmp/1 T_29.1, 6;
    %dup/vec4;
    %pushi/vec4 2, 0, 5;
    %cmp/u;
    %jmp/1 T_29.2, 6;
    %dup/vec4;
    %pushi/vec4 3, 0, 5;
    %cmp/u;
    %jmp/1 T_29.3, 6;
    %dup/vec4;
    %pushi/vec4 4, 0, 5;
    %cmp/u;
    %jmp/1 T_29.4, 6;
    %dup/vec4;
    %pushi/vec4 5, 0, 5;
    %cmp/u;
    %jmp/1 T_29.5, 6;
    %dup/vec4;
    %pushi/vec4 6, 0, 5;
    %cmp/u;
    %jmp/1 T_29.6, 6;
    %dup/vec4;
    %pushi/vec4 7, 0, 5;
    %cmp/u;
    %jmp/1 T_29.7, 6;
    %dup/vec4;
    %pushi/vec4 8, 0, 5;
    %cmp/u;
    %jmp/1 T_29.8, 6;
    %dup/vec4;
    %pushi/vec4 9, 0, 5;
    %cmp/u;
    %jmp/1 T_29.9, 6;
    %dup/vec4;
    %pushi/vec4 10, 0, 5;
    %cmp/u;
    %jmp/1 T_29.10, 6;
    %dup/vec4;
    %pushi/vec4 11, 0, 5;
    %cmp/u;
    %jmp/1 T_29.11, 6;
    %dup/vec4;
    %pushi/vec4 12, 0, 5;
    %cmp/u;
    %jmp/1 T_29.12, 6;
    %dup/vec4;
    %pushi/vec4 13, 0, 5;
    %cmp/u;
    %jmp/1 T_29.13, 6;
    %dup/vec4;
    %pushi/vec4 14, 0, 5;
    %cmp/u;
    %jmp/1 T_29.14, 6;
    %dup/vec4;
    %pushi/vec4 15, 0, 5;
    %cmp/u;
    %jmp/1 T_29.15, 6;
    %dup/vec4;
    %pushi/vec4 16, 0, 5;
    %cmp/u;
    %jmp/1 T_29.16, 6;
    %dup/vec4;
    %pushi/vec4 17, 0, 5;
    %cmp/u;
    %jmp/1 T_29.17, 6;
    %dup/vec4;
    %pushi/vec4 18, 0, 5;
    %cmp/u;
    %jmp/1 T_29.18, 6;
    %dup/vec4;
    %pushi/vec4 19, 0, 5;
    %cmp/u;
    %jmp/1 T_29.19, 6;
    %dup/vec4;
    %pushi/vec4 20, 0, 5;
    %cmp/u;
    %jmp/1 T_29.20, 6;
    %dup/vec4;
    %pushi/vec4 21, 0, 5;
    %cmp/u;
    %jmp/1 T_29.21, 6;
    %pushi/vec4 127, 0, 7;
    %store/vec4 v0x5647d31d6b40_0, 0, 7;
    %jmp T_29.23;
T_29.0 ;
    %pushi/vec4 64, 0, 7;
    %store/vec4 v0x5647d31d6b40_0, 0, 7;
    %jmp T_29.23;
T_29.1 ;
    %pushi/vec4 121, 0, 7;
    %store/vec4 v0x5647d31d6b40_0, 0, 7;
    %jmp T_29.23;
T_29.2 ;
    %pushi/vec4 36, 0, 7;
    %store/vec4 v0x5647d31d6b40_0, 0, 7;
    %jmp T_29.23;
T_29.3 ;
    %pushi/vec4 48, 0, 7;
    %store/vec4 v0x5647d31d6b40_0, 0, 7;
    %jmp T_29.23;
T_29.4 ;
    %pushi/vec4 25, 0, 7;
    %store/vec4 v0x5647d31d6b40_0, 0, 7;
    %jmp T_29.23;
T_29.5 ;
    %pushi/vec4 18, 0, 7;
    %store/vec4 v0x5647d31d6b40_0, 0, 7;
    %jmp T_29.23;
T_29.6 ;
    %pushi/vec4 2, 0, 7;
    %store/vec4 v0x5647d31d6b40_0, 0, 7;
    %jmp T_29.23;
T_29.7 ;
    %pushi/vec4 120, 0, 7;
    %store/vec4 v0x5647d31d6b40_0, 0, 7;
    %jmp T_29.23;
T_29.8 ;
    %pushi/vec4 0, 0, 7;
    %store/vec4 v0x5647d31d6b40_0, 0, 7;
    %jmp T_29.23;
T_29.9 ;
    %pushi/vec4 16, 0, 7;
    %store/vec4 v0x5647d31d6b40_0, 0, 7;
    %jmp T_29.23;
T_29.10 ;
    %pushi/vec4 8, 0, 7;
    %store/vec4 v0x5647d31d6b40_0, 0, 7;
    %jmp T_29.23;
T_29.11 ;
    %pushi/vec4 3, 0, 7;
    %store/vec4 v0x5647d31d6b40_0, 0, 7;
    %jmp T_29.23;
T_29.12 ;
    %pushi/vec4 70, 0, 7;
    %store/vec4 v0x5647d31d6b40_0, 0, 7;
    %jmp T_29.23;
T_29.13 ;
    %pushi/vec4 33, 0, 7;
    %store/vec4 v0x5647d31d6b40_0, 0, 7;
    %jmp T_29.23;
T_29.14 ;
    %pushi/vec4 6, 0, 7;
    %store/vec4 v0x5647d31d6b40_0, 0, 7;
    %jmp T_29.23;
T_29.15 ;
    %pushi/vec4 14, 0, 7;
    %store/vec4 v0x5647d31d6b40_0, 0, 7;
    %jmp T_29.23;
T_29.16 ;
    %pushi/vec4 126, 0, 7;
    %store/vec4 v0x5647d31d6b40_0, 0, 7;
    %jmp T_29.23;
T_29.17 ;
    %pushi/vec4 125, 0, 7;
    %store/vec4 v0x5647d31d6b40_0, 0, 7;
    %jmp T_29.23;
T_29.18 ;
    %pushi/vec4 123, 0, 7;
    %store/vec4 v0x5647d31d6b40_0, 0, 7;
    %jmp T_29.23;
T_29.19 ;
    %pushi/vec4 119, 0, 7;
    %store/vec4 v0x5647d31d6b40_0, 0, 7;
    %jmp T_29.23;
T_29.20 ;
    %pushi/vec4 111, 0, 7;
    %store/vec4 v0x5647d31d6b40_0, 0, 7;
    %jmp T_29.23;
T_29.21 ;
    %pushi/vec4 95, 0, 7;
    %store/vec4 v0x5647d31d6b40_0, 0, 7;
    %jmp T_29.23;
T_29.23 ;
    %pop/vec4 1;
    %jmp T_29;
    .thread T_29, $push;
    .scope S_0x5647d31ac520;
T_30 ;
    %delay 500, 0;
    %load/vec4 v0x5647d31ec0b0_0;
    %inv;
    %store/vec4 v0x5647d31ec0b0_0, 0, 1;
    %jmp T_30;
    .thread T_30;
    .scope S_0x5647d31ac520;
T_31 ;
    %pushi/vec4 0, 0, 1;
    %store/vec4 v0x5647d31ec0b0_0, 0, 1;
    %pushi/vec4 0, 0, 1;
    %store/vec4 v0x5647d31ed200_0, 0, 1;
    %pushi/vec4 0, 0, 1;
    %store/vec4 v0x5647d31ecda0_0, 0, 1;
    %pushi/vec4 0, 0, 4;
    %store/vec4 v0x5647d31ebf40_0, 0, 4;
    %pushi/vec4 0, 0, 2;
    %store/vec4 v0x5647d31ec170_0, 0, 2;
    %delay 10, 0;
    %pushi/vec4 1, 0, 1;
    %store/vec4 v0x5647d31ed200_0, 0, 1;
    %delay 40, 0;
    %pushi/vec4 0, 0, 1;
    %store/vec4 v0x5647d31ed200_0, 0, 1;
    %delay 40, 0;
    %vpi_call 4 53 "$display", ">>> CENARIO vi: Dois jogos seguidos SEM reset entre eles" {0 0 0};
    %pushi/vec4 0, 0, 2;
    %store/vec4 v0x5647d31ec170_0, 0, 2;
    %pushi/vec4 1, 0, 1;
    %store/vec4 v0x5647d31ecda0_0, 0, 1;
    %delay 2000, 0;
    %pushi/vec4 0, 0, 1;
    %store/vec4 v0x5647d31ecda0_0, 0, 1;
    %pushi/vec4 1, 0, 32;
    %store/vec4 v0x5647d31ebe60_0, 0, 32;
    %fork TD_tb_cenario_vi.wait_leds, S_0x5647d31ebba0;
    %join;
    %pushi/vec4 15, 0, 4;
    %store/vec4 v0x5647d31ebac0_0, 0, 4;
    %fork TD_tb_cenario_vi.press_button, S_0x5647d31eb910;
    %join;
T_31.0 ;
    %load/vec4 v0x5647d31ed020_0;
    %cmpi/ne 1, 0, 1;
    %jmp/0xz T_31.1, 6;
    %wait E_0x5647d31c9140;
    %jmp T_31.0;
T_31.1 ;
    %delay 5000, 0;
    %vpi_call 4 64 "$display", ">>> Iniciando Jogo 2 apenas com botao jogar..." {0 0 0};
    %pushi/vec4 1, 0, 1;
    %store/vec4 v0x5647d31ecda0_0, 0, 1;
    %delay 2000, 0;
    %pushi/vec4 0, 0, 1;
    %store/vec4 v0x5647d31ecda0_0, 0, 1;
T_31.2 ;
    %load/vec4 v0x5647d31e6990_0;
    %cmpi/e 1, 0, 5;
    %flag_get/vec4 4;
    %jmp/1 T_31.4, 4;
    %load/vec4 v0x5647d31e6990_0;
    %pushi/vec4 2, 0, 5;
    %cmp/e;
    %flag_get/vec4 4;
    %or;
T_31.4;
    %cmpi/ne 1, 0, 1;
    %jmp/0xz T_31.3, 6;
    %wait E_0x5647d31e6890;
    %jmp T_31.2;
T_31.3 ;
    %vpi_call 4 69 "$display", ">>> Jogo 2 iniciou corretamente!" {0 0 0};
    %pushi/vec4 1, 0, 32;
    %store/vec4 v0x5647d31ebe60_0, 0, 32;
    %fork TD_tb_cenario_vi.wait_leds, S_0x5647d31ebba0;
    %join;
    %pushi/vec4 1, 0, 4;
    %store/vec4 v0x5647d31ebac0_0, 0, 4;
    %fork TD_tb_cenario_vi.press_button, S_0x5647d31eb910;
    %join;
    %delay 5000, 0;
    %load/vec4 v0x5647d31e6990_0;
    %cmpi/ne 12, 0, 5;
    %flag_get/vec4 4;
    %jmp/0 T_31.7, 4;
    %load/vec4 v0x5647d31e6990_0;
    %pushi/vec4 15, 0, 5;
    %cmp/ne;
    %flag_get/vec4 4;
    %and;
T_31.7;
    %flag_set/vec4 8;
    %jmp/0xz  T_31.5, 8;
    %vpi_call 4 76 "$display", ">>> Sucesso: Jogo fluiu normalmente. Estado atual: %b", v0x5647d31e6990_0 {0 0 0};
    %jmp T_31.6;
T_31.5 ;
    %vpi_call 4 78 "$display", ">>> FALHA: Jogo travado ou em erro. Estado atual: %b", v0x5647d31e6990_0 {0 0 0};
T_31.6 ;
    %vpi_call 4 80 "$stop" {0 0 0};
    %end;
    .thread T_31;
# The file index is used to find the file name in the following table.
:file_names 18;
    "N/A";
    "<interactive>";
    "estado7seg.v";
    "mux2x1.v";
    "tb_cenario_vi.v";
    "jogo_desafio_memoria.v";
    "hexa7seg.v";
    "fluxo_dados.v";
    "comparador_85.v";
    "contador_163.v";
    "contador_m.v";
    "cores_rgb.v";
    "edge_detector.v";
    "sync_ram_16x4_file.v";
    "mux2x1_n.v";
    "registrador_1.v";
    "registrador_4.v";
    "unidade_controle.v";
