#! /usr/bin/vvp
:ivl_version "12.0 (stable)";
:ivl_delay_selection "TYPICAL";
:vpi_time_precision - 9;
:vpi_module "/usr/lib/x86_64-linux-gnu/ivl/system.vpi";
:vpi_module "/usr/lib/x86_64-linux-gnu/ivl/vhdl_sys.vpi";
:vpi_module "/usr/lib/x86_64-linux-gnu/ivl/vhdl_textio.vpi";
:vpi_module "/usr/lib/x86_64-linux-gnu/ivl/v2005_math.vpi";
:vpi_module "/usr/lib/x86_64-linux-gnu/ivl/va_math.vpi";
S_0x55c3b74c7270 .scope module, "mux2x1" "mux2x1" 2 18;
 .timescale 0 0;
    .port_info 0 /INPUT 1 "D0";
    .port_info 1 /INPUT 1 "D1";
    .port_info 2 /INPUT 1 "SEL";
    .port_info 3 /OUTPUT 1 "OUT";
o0x7096092e6018 .functor BUFZ 1, C4<z>; HiZ drive
v0x55c3b7562fa0_0 .net "D0", 0 0, o0x7096092e6018;  0 drivers
o0x7096092e6048 .functor BUFZ 1, C4<z>; HiZ drive
v0x55c3b755b000_0 .net "D1", 0 0, o0x7096092e6048;  0 drivers
v0x55c3b7558590_0 .var "OUT", 0 0;
o0x7096092e60a8 .functor BUFZ 1, C4<z>; HiZ drive
v0x55c3b7554970_0 .net "SEL", 0 0, o0x7096092e60a8;  0 drivers
E_0x55c3b750afd0 .event anyedge, v0x55c3b7554970_0, v0x55c3b7562fa0_0, v0x55c3b755b000_0;
S_0x55c3b7581fa0 .scope module, "tb_cenario_vii" "tb_cenario_vii" 3 3;
 .timescale -9 -9;
v0x55c3b75a8f70_0 .var "botoes", 3 0;
v0x55c3b75a90e0_0 .var "clock", 0 0;
v0x55c3b75a91a0_0 .var "configuracao", 1 0;
v0x55c3b75a9240_0 .net "db_clock", 0 0, L_0x55c3b75afc60;  1 drivers
v0x55c3b75a92e0_0 .net "db_configuracao", 0 0, L_0x55c3b75aebd0;  1 drivers
v0x55c3b75a9420_0 .net "db_contagem", 6 0, L_0x55c3b75af500;  1 drivers
v0x55c3b75a94c0_0 .net "db_enderecoIgualLimite", 0 0, L_0x55c3b75afa90;  1 drivers
v0x55c3b75a9560_0 .net "db_escrita", 0 0, L_0x55c3b75aecb0;  1 drivers
v0x55c3b75a9650_0 .net "db_estado", 6 0, L_0x55c3b75af940;  1 drivers
v0x55c3b75a9780_0 .net "db_igual", 0 0, L_0x55c3b75afb50;  1 drivers
v0x55c3b75a9820_0 .net "db_iniciar", 0 0, L_0x55c3b75af440;  1 drivers
v0x55c3b75a98f0_0 .net "db_jogadafeita", 6 0, L_0x55c3b75af720;  1 drivers
v0x55c3b75a99c0_0 .net "db_limite_rodada", 6 0, L_0x55c3b75af830;  1 drivers
v0x55c3b75a9a90_0 .net "db_memoria", 6 0, L_0x55c3b75af610;  1 drivers
v0x55c3b75a9b60_0 .net "db_modo", 0 0, L_0x55c3b75afd20;  1 drivers
v0x55c3b75a9c30_0 .net "db_timeout", 0 0, L_0x55c3b75afe40;  1 drivers
v0x55c3b75a9d00_0 .net "ganhou", 0 0, v0x55c3b75a3e60_0;  1 drivers
v0x55c3b75a9da0_0 .var "jogar", 0 0;
v0x55c3b75a9e90_0 .net "leds", 3 0, L_0x55c3b75ae5f0;  1 drivers
v0x55c3b75a9f80_0 .net "leds_rgb", 2 0, v0x55c3b759e1b0_0;  1 drivers
v0x55c3b75aa020_0 .net "perdeu", 0 0, v0x55c3b75a46d0_0;  1 drivers
v0x55c3b75aa110_0 .net "pronto", 0 0, v0x55c3b75a4ba0_0;  1 drivers
v0x55c3b75aa200_0 .var "reset", 0 0;
v0x55c3b75aa2a0_0 .net "timeout", 0 0, v0x55c3b75a43b0_0;  1 drivers
S_0x55c3b756afa0 .scope module, "dut" "jogo_desafio_memoria" 3 15, 4 18 0, S_0x55c3b7581fa0;
 .timescale 0 0;
    .port_info 0 /INPUT 1 "clock";
    .port_info 1 /INPUT 1 "reset";
    .port_info 2 /INPUT 1 "jogar";
    .port_info 3 /INPUT 2 "configuracao";
    .port_info 4 /INPUT 4 "botoes";
    .port_info 5 /OUTPUT 3 "leds_rgb";
    .port_info 6 /OUTPUT 1 "ganhou";
    .port_info 7 /OUTPUT 1 "perdeu";
    .port_info 8 /OUTPUT 1 "pronto";
    .port_info 9 /OUTPUT 1 "timeout";
    .port_info 10 /OUTPUT 4 "leds";
    .port_info 11 /OUTPUT 1 "db_igual";
    .port_info 12 /OUTPUT 7 "db_contagem";
    .port_info 13 /OUTPUT 7 "db_memoria";
    .port_info 14 /OUTPUT 7 "db_estado";
    .port_info 15 /OUTPUT 7 "db_jogadafeita";
    .port_info 16 /OUTPUT 1 "db_clock";
    .port_info 17 /OUTPUT 1 "db_iniciar";
    .port_info 18 /OUTPUT 1 "db_enderecoIgualLimite";
    .port_info 19 /OUTPUT 1 "db_timeout";
    .port_info 20 /OUTPUT 1 "db_modo";
    .port_info 21 /OUTPUT 1 "db_configuracao";
    .port_info 22 /OUTPUT 1 "db_escrita";
    .port_info 23 /OUTPUT 7 "db_limite_rodada";
L_0x55c3b75af440 .functor BUFZ 1, v0x55c3b75a9da0_0, C4<0>, C4<0>, C4<0>;
L_0x55c3b75af500 .functor BUFZ 7, v0x55c3b7551f00_0, C4<0000000>, C4<0000000>, C4<0000000>;
L_0x55c3b75af610 .functor BUFZ 7, v0x55c3b754b810_0, C4<0000000>, C4<0000000>, C4<0000000>;
L_0x55c3b75af720 .functor BUFZ 7, v0x55c3b7593900_0, C4<0000000>, C4<0000000>, C4<0000000>;
L_0x55c3b75af830 .functor BUFZ 7, v0x55c3b7593c50_0, C4<0000000>, C4<0000000>, C4<0000000>;
L_0x55c3b75af940 .functor BUFZ 7, v0x55c3b7593ff0_0, C4<0000000>, C4<0000000>, C4<0000000>;
L_0x55c3b75afa90 .functor BUFZ 1, L_0x55c3b75ab8b0, C4<0>, C4<0>, C4<0>;
L_0x55c3b75afb50 .functor BUFZ 1, L_0x55c3b75adc40, C4<0>, C4<0>, C4<0>;
L_0x55c3b75afc60 .functor BUFZ 1, v0x55c3b75a90e0_0, C4<0>, C4<0>, C4<0>;
L_0x55c3b75afd20 .functor BUFZ 1, L_0x55c3b75aeb60, C4<0>, C4<0>, C4<0>;
L_0x55c3b75afe40 .functor BUFZ 1, v0x55c3b75a43b0_0, C4<0>, C4<0>, C4<0>;
L_0x70960929d918 .functor BUFT 1, C4<0>, C4<0>, C4<0>, C4<0>;
v0x55c3b75a59c0_0 .net/2u *"_ivl_0", 0 0, L_0x70960929d918;  1 drivers
L_0x70960929d9f0 .functor BUFT 1, C4<0>, C4<0>, C4<0>, C4<0>;
v0x55c3b75a5ac0_0 .net/2u *"_ivl_12", 0 0, L_0x70960929d9f0;  1 drivers
L_0x70960929d960 .functor BUFT 1, C4<0>, C4<0>, C4<0>, C4<0>;
v0x55c3b75a5ba0_0 .net/2u *"_ivl_4", 0 0, L_0x70960929d960;  1 drivers
L_0x70960929d9a8 .functor BUFT 1, C4<0>, C4<0>, C4<0>, C4<0>;
v0x55c3b75a5c60_0 .net/2u *"_ivl_8", 0 0, L_0x70960929d9a8;  1 drivers
v0x55c3b75a5d40_0 .net "botoes", 3 0, v0x55c3b75a8f70_0;  1 drivers
v0x55c3b75a5e50_0 .net "clock", 0 0, v0x55c3b75a90e0_0;  1 drivers
v0x55c3b75a5ef0_0 .net "conf_leds", 0 0, v0x55c3b75a3fd0_0;  1 drivers
v0x55c3b75a5f90_0 .net "configuracao", 1 0, v0x55c3b75a91a0_0;  1 drivers
v0x55c3b75a6050_0 .net "conta_endereco", 0 0, v0x55c3b75a4110_0;  1 drivers
v0x55c3b75a60f0_0 .net "conta_limite", 0 0, v0x55c3b75a4200_0;  1 drivers
v0x55c3b75a6190_0 .net "db_clock", 0 0, L_0x55c3b75afc60;  alias, 1 drivers
v0x55c3b75a6230_0 .net "db_configuracao", 0 0, L_0x55c3b75aebd0;  alias, 1 drivers
v0x55c3b75a62d0_0 .net "db_contagem", 6 0, L_0x55c3b75af500;  alias, 1 drivers
v0x55c3b75a6390_0 .net "db_enderecoIgualLimite", 0 0, L_0x55c3b75afa90;  alias, 1 drivers
v0x55c3b75a6450_0 .net "db_escrita", 0 0, L_0x55c3b75aecb0;  alias, 1 drivers
v0x55c3b75a64f0_0 .net "db_estado", 6 0, L_0x55c3b75af940;  alias, 1 drivers
v0x55c3b75a65b0_0 .net "db_igual", 0 0, L_0x55c3b75afb50;  alias, 1 drivers
v0x55c3b75a6780_0 .net "db_iniciar", 0 0, L_0x55c3b75af440;  alias, 1 drivers
v0x55c3b75a6840_0 .net "db_jogadafeita", 6 0, L_0x55c3b75af720;  alias, 1 drivers
v0x55c3b75a6920_0 .net "db_limite_rodada", 6 0, L_0x55c3b75af830;  alias, 1 drivers
v0x55c3b75a6a00_0 .net "db_memoria", 6 0, L_0x55c3b75af610;  alias, 1 drivers
v0x55c3b75a6ae0_0 .net "db_modo", 0 0, L_0x55c3b75afd20;  alias, 1 drivers
v0x55c3b75a6ba0_0 .net "db_timeout", 0 0, L_0x55c3b75afe40;  alias, 1 drivers
v0x55c3b75a6c60_0 .net "enable_led", 0 0, v0x55c3b75a4450_0;  1 drivers
v0x55c3b75a6d00_0 .net "enable_timeout", 0 0, v0x55c3b75a44f0_0;  1 drivers
v0x55c3b75a6da0_0 .net "enderecoIgualLimite", 0 0, L_0x55c3b75ab8b0;  1 drivers
v0x55c3b75a6e40_0 .net "fim_jogo", 0 0, L_0x55c3b75aca60;  1 drivers
v0x55c3b75a6ee0_0 .net "fim_sequencia", 0 0, L_0x55c3b75aedb0;  1 drivers
v0x55c3b75a6f80_0 .net "ganhou", 0 0, v0x55c3b75a3e60_0;  alias, 1 drivers
v0x55c3b75a7020_0 .net "hexa0", 6 0, v0x55c3b7551f00_0;  1 drivers
v0x55c3b75a70c0_0 .net "hexa1", 6 0, v0x55c3b754b810_0;  1 drivers
v0x55c3b75a7160_0 .net "hexa2", 6 0, v0x55c3b7593900_0;  1 drivers
v0x55c3b75a7200_0 .net "hexa3", 6 0, v0x55c3b7593c50_0;  1 drivers
v0x55c3b75a74b0_0 .net "hexa5", 6 0, v0x55c3b7593ff0_0;  1 drivers
v0x55c3b75a7550_0 .net "igual", 0 0, L_0x55c3b75adc40;  1 drivers
v0x55c3b75a75f0_0 .net "jogada_feita", 0 0, L_0x55c3b75ade90;  1 drivers
v0x55c3b75a7690_0 .net "jogar", 0 0, v0x55c3b75a9da0_0;  1 drivers
v0x55c3b75a7730_0 .net "leds", 3 0, L_0x55c3b75ae5f0;  alias, 1 drivers
v0x55c3b75a77d0_0 .net "leds_rgb", 2 0, v0x55c3b759e1b0_0;  alias, 1 drivers
v0x55c3b75a78c0_0 .net "perdeu", 0 0, v0x55c3b75a46d0_0;  alias, 1 drivers
v0x55c3b75a7960_0 .net "pronto", 0 0, v0x55c3b75a4ba0_0;  alias, 1 drivers
v0x55c3b75a7a00_0 .net "registraR", 0 0, v0x55c3b75a4df0_0;  1 drivers
v0x55c3b75a7aa0_0 .net "registra_jogada", 0 0, v0x55c3b75a4c60_0;  1 drivers
v0x55c3b75a7b40_0 .net "registra_modo", 0 0, v0x55c3b75a4d50_0;  1 drivers
v0x55c3b75a7be0_0 .net "reset", 0 0, v0x55c3b75aa200_0;  1 drivers
v0x55c3b75a7c80_0 .net "s_contagem", 3 0, L_0x55c3b75ae7b0;  1 drivers
v0x55c3b75a7d20_0 .net "s_estado", 4 0, v0x55c3b75a42f0_0;  1 drivers
v0x55c3b75a7dc0_0 .net "s_jogada", 3 0, L_0x55c3b75ae870;  1 drivers
v0x55c3b75a7e60_0 .net "s_limite", 3 0, L_0x55c3b75aea40;  1 drivers
v0x55c3b75a7f30_0 .net "s_memoria", 3 0, L_0x55c3b75ae980;  1 drivers
v0x55c3b75a8000_0 .net "s_modo", 0 0, L_0x55c3b75aeb60;  1 drivers
v0x55c3b75a80d0_0 .net "s_pulso_timeout", 0 0, v0x55c3b759be90_0;  1 drivers
v0x55c3b75a8170_0 .net "s_timeout_habilitado", 0 0, L_0x55c3b75aec40;  1 drivers
v0x55c3b75a8260_0 .net "tem_jogada", 0 0, L_0x55c3b75545c0;  1 drivers
v0x55c3b75a8300_0 .net "timeout", 0 0, v0x55c3b75a43b0_0;  alias, 1 drivers
v0x55c3b75a83d0_0 .net "timeout_led", 0 0, v0x55c3b759b3d0_0;  1 drivers
v0x55c3b75a8470_0 .net "zeraR", 0 0, v0x55c3b75a51b0_0;  1 drivers
v0x55c3b75a8510_0 .net "zera_endereco", 0 0, v0x55c3b75a52a0_0;  1 drivers
v0x55c3b75a8600_0 .net "zera_limite", 0 0, v0x55c3b75a5340_0;  1 drivers
v0x55c3b75a86f0_0 .net "zera_modo", 0 0, v0x55c3b75a53e0_0;  1 drivers
v0x55c3b75a8790_0 .net "zera_s_led", 0 0, v0x55c3b75a5480_0;  1 drivers
v0x55c3b75a8830_0 .net "zera_s_timeout", 0 0, v0x55c3b75a5570_0;  1 drivers
L_0x55c3b75af140 .concat [ 4 1 0 0], L_0x55c3b75ae7b0, L_0x70960929d918;
L_0x55c3b75af1e0 .concat [ 4 1 0 0], L_0x55c3b75ae980, L_0x70960929d960;
L_0x55c3b75af280 .concat [ 4 1 0 0], L_0x55c3b75ae870, L_0x70960929d9a8;
L_0x55c3b75af320 .concat [ 4 1 0 0], L_0x55c3b75aea40, L_0x70960929d9f0;
S_0x55c3b756b320 .scope module, "HEX0" "hexa7seg" 4 139, 5 23 0, S_0x55c3b756afa0;
 .timescale 0 0;
    .port_info 0 /INPUT 5 "hexa";
    .port_info 1 /OUTPUT 7 "display";
v0x55c3b7551f00_0 .var "display", 6 0;
v0x55c3b754e280_0 .net "hexa", 4 0, L_0x55c3b75af140;  1 drivers
E_0x55c3b750ba80 .event anyedge, v0x55c3b754e280_0;
S_0x55c3b756b6a0 .scope module, "HEX1" "hexa7seg" 4 140, 5 23 0, S_0x55c3b756afa0;
 .timescale 0 0;
    .port_info 0 /INPUT 5 "hexa";
    .port_info 1 /OUTPUT 7 "display";
v0x55c3b754b810_0 .var "display", 6 0;
v0x55c3b7593710_0 .net "hexa", 4 0, L_0x55c3b75af1e0;  1 drivers
E_0x55c3b7586120 .event anyedge, v0x55c3b7593710_0;
S_0x55c3b756ba20 .scope module, "HEX2" "hexa7seg" 4 141, 5 23 0, S_0x55c3b756afa0;
 .timescale 0 0;
    .port_info 0 /INPUT 5 "hexa";
    .port_info 1 /OUTPUT 7 "display";
v0x55c3b7593900_0 .var "display", 6 0;
v0x55c3b7593a00_0 .net "hexa", 4 0, L_0x55c3b75af280;  1 drivers
E_0x55c3b75938a0 .event anyedge, v0x55c3b7593a00_0;
S_0x55c3b756bda0 .scope module, "HEX3" "hexa7seg" 4 142, 5 23 0, S_0x55c3b756afa0;
 .timescale 0 0;
    .port_info 0 /INPUT 5 "hexa";
    .port_info 1 /OUTPUT 7 "display";
v0x55c3b7593c50_0 .var "display", 6 0;
v0x55c3b7593d50_0 .net "hexa", 4 0, L_0x55c3b75af320;  1 drivers
E_0x55c3b7593bd0 .event anyedge, v0x55c3b7593d50_0;
S_0x55c3b75818a0 .scope module, "HEX5" "hexa7seg" 4 143, 5 23 0, S_0x55c3b756afa0;
 .timescale 0 0;
    .port_info 0 /INPUT 5 "hexa";
    .port_info 1 /OUTPUT 7 "display";
v0x55c3b7593ff0_0 .var "display", 6 0;
v0x55c3b75940f0_0 .net "hexa", 4 0, v0x55c3b75a42f0_0;  alias, 1 drivers
E_0x55c3b7593f70 .event anyedge, v0x55c3b75940f0_0;
S_0x55c3b7581c20 .scope module, "fluxo_dados" "fluxo_dados" 4 66, 6 8 0, S_0x55c3b756afa0;
 .timescale 0 0;
    .port_info 0 /INPUT 1 "clock";
    .port_info 1 /INPUT 1 "reset";
    .port_info 2 /INPUT 1 "zera_endereco";
    .port_info 3 /INPUT 1 "conta_endereco";
    .port_info 4 /INPUT 1 "zera_limite";
    .port_info 5 /INPUT 1 "conta_limite";
    .port_info 6 /INPUT 1 "zeraR";
    .port_info 7 /INPUT 1 "registrarR";
    .port_info 8 /INPUT 1 "zera_s_timeout";
    .port_info 9 /INPUT 1 "enable_timeout";
    .port_info 10 /INPUT 1 "registra_modo";
    .port_info 11 /INPUT 1 "zera_modo";
    .port_info 12 /INPUT 1 "conf_leds";
    .port_info 13 /INPUT 1 "registra_jogada";
    .port_info 14 /INPUT 1 "zera_s_led";
    .port_info 15 /INPUT 1 "enable_led";
    .port_info 16 /INPUT 4 "botoes";
    .port_info 17 /INPUT 2 "configuracao";
    .port_info 18 /OUTPUT 1 "igual";
    .port_info 19 /OUTPUT 1 "fim_jogo";
    .port_info 20 /OUTPUT 1 "enderecoIgualLimite";
    .port_info 21 /OUTPUT 1 "jogada_feita";
    .port_info 22 /OUTPUT 1 "timeout";
    .port_info 23 /OUTPUT 1 "timeout_led";
    .port_info 24 /OUTPUT 1 "fim_sequencia";
    .port_info 25 /OUTPUT 1 "timeout_habilitado";
    .port_info 26 /OUTPUT 3 "rgb";
    .port_info 27 /OUTPUT 4 "leds";
    .port_info 28 /OUTPUT 1 "db_tem_jogada";
    .port_info 29 /OUTPUT 1 "db_enable_timeout";
    .port_info 30 /OUTPUT 4 "db_contagem";
    .port_info 31 /OUTPUT 4 "db_memoria";
    .port_info 32 /OUTPUT 4 "db_limite";
    .port_info 33 /OUTPUT 4 "db_jogada";
    .port_info 34 /OUTPUT 1 "db_modo";
    .port_info 35 /OUTPUT 1 "db_configuracao";
    .port_info 36 /OUTPUT 1 "db_escrita";
L_0x55c3b75545c0 .functor BUFZ 1, L_0x55c3b75aa390, C4<0>, C4<0>, C4<0>;
L_0x55c3b7551b50 .functor BUFZ 1, v0x55c3b75a44f0_0, C4<0>, C4<0>, C4<0>;
L_0x70960929d018 .functor BUFT 1, C4<0>, C4<0>, C4<0>, C4<0>;
L_0x55c3b75aa6f0 .functor XNOR 1, v0x55c3b759e730_0, L_0x70960929d018, C4<0>, C4<0>;
L_0x55c3b75adf90 .functor NOT 1, v0x55c3b75a52a0_0, C4<0>, C4<0>, C4<0>;
L_0x55c3b75ae0f0 .functor NOT 1, v0x55c3b75a5340_0, C4<0>, C4<0>, C4<0>;
L_0x55c3b75ae5f0 .functor BUFZ 4, L_0x55c3b75ae530, C4<0000>, C4<0000>, C4<0000>;
L_0x55c3b75ae7b0 .functor BUFZ 4, v0x55c3b759a690_0, C4<0000>, C4<0000>, C4<0000>;
L_0x55c3b75ae870 .functor BUFZ 4, v0x55c3b759f680_0, C4<0000>, C4<0000>, C4<0000>;
L_0x55c3b75ae980 .functor BUFZ 4, L_0x55c3b75ae530, C4<0000>, C4<0000>, C4<0000>;
L_0x55c3b75aea40 .functor BUFZ 4, v0x55c3b7599b00_0, C4<0000>, C4<0000>, C4<0000>;
L_0x55c3b75aeb60 .functor BUFZ 1, v0x55c3b759e730_0, C4<0>, C4<0>, C4<0>;
L_0x55c3b75aebd0 .functor BUFZ 1, v0x55c3b759ee90_0, C4<0>, C4<0>, C4<0>;
L_0x55c3b75aecb0 .functor BUFZ 1, v0x55c3b75a4c60_0, C4<0>, C4<0>, C4<0>;
L_0x55c3b75aedb0 .functor BUFZ 1, L_0x55c3b75ab8b0, C4<0>, C4<0>, C4<0>;
L_0x55c3b75aec40 .functor BUFZ 1, v0x55c3b759ee90_0, C4<0>, C4<0>, C4<0>;
v0x55c3b759fc40_0 .net/2u *"_ivl_10", 0 0, L_0x70960929d018;  1 drivers
v0x55c3b759fd40_0 .net *"_ivl_12", 0 0, L_0x55c3b75aa6f0;  1 drivers
L_0x70960929d060 .functor BUFT 1, C4<1111>, C4<0>, C4<0>, C4<0>;
v0x55c3b759fe00_0 .net/2u *"_ivl_14", 3 0, L_0x70960929d060;  1 drivers
L_0x70960929d0a8 .functor BUFT 1, C4<0011>, C4<0>, C4<0>, C4<0>;
v0x55c3b759fec0_0 .net/2u *"_ivl_16", 3 0, L_0x70960929d0a8;  1 drivers
v0x55c3b759ffa0_0 .net "botoes", 3 0, v0x55c3b75a8f70_0;  alias, 1 drivers
v0x55c3b75a0100_0 .net "clock", 0 0, v0x55c3b75a90e0_0;  alias, 1 drivers
v0x55c3b75a01a0_0 .net "conf_leds", 0 0, v0x55c3b75a3fd0_0;  alias, 1 drivers
v0x55c3b75a0240_0 .net "configuracao", 1 0, v0x55c3b75a91a0_0;  alias, 1 drivers
v0x55c3b75a0300_0 .net "conta_endereco", 0 0, v0x55c3b75a4110_0;  alias, 1 drivers
v0x55c3b75a03a0_0 .net "conta_limite", 0 0, v0x55c3b75a4200_0;  alias, 1 drivers
v0x55c3b75a0470_0 .net "db_configuracao", 0 0, L_0x55c3b75aebd0;  alias, 1 drivers
v0x55c3b75a0510_0 .net "db_contagem", 3 0, L_0x55c3b75ae7b0;  alias, 1 drivers
v0x55c3b75a05d0_0 .net "db_enable_timeout", 0 0, L_0x55c3b7551b50;  1 drivers
v0x55c3b75a0690_0 .net "db_escrita", 0 0, L_0x55c3b75aecb0;  alias, 1 drivers
v0x55c3b75a0750_0 .net "db_jogada", 3 0, L_0x55c3b75ae870;  alias, 1 drivers
v0x55c3b75a0830_0 .net "db_limite", 3 0, L_0x55c3b75aea40;  alias, 1 drivers
v0x55c3b75a0910_0 .net "db_memoria", 3 0, L_0x55c3b75ae980;  alias, 1 drivers
v0x55c3b75a0b00_0 .net "db_modo", 0 0, L_0x55c3b75aeb60;  alias, 1 drivers
v0x55c3b75a0bc0_0 .net "db_tem_jogada", 0 0, L_0x55c3b75545c0;  alias, 1 drivers
v0x55c3b75a0c80_0 .net "enable_led", 0 0, v0x55c3b75a4450_0;  alias, 1 drivers
v0x55c3b75a0d50_0 .net "enable_timeout", 0 0, v0x55c3b75a44f0_0;  alias, 1 drivers
v0x55c3b75a0e20_0 .net "enderecoIgualLimite", 0 0, L_0x55c3b75ab8b0;  alias, 1 drivers
v0x55c3b75a0ef0_0 .net "fim_jogo", 0 0, L_0x55c3b75aca60;  alias, 1 drivers
v0x55c3b75a0fc0_0 .net "fim_sequencia", 0 0, L_0x55c3b75aedb0;  alias, 1 drivers
v0x55c3b75a1060_0 .net "igual", 0 0, L_0x55c3b75adc40;  alias, 1 drivers
v0x55c3b75a1130_0 .net "jogada_feita", 0 0, L_0x55c3b75ade90;  alias, 1 drivers
v0x55c3b75a1200_0 .net "leds", 3 0, L_0x55c3b75ae5f0;  alias, 1 drivers
v0x55c3b75a12a0_0 .net "registra_jogada", 0 0, v0x55c3b75a4c60_0;  alias, 1 drivers
v0x55c3b75a1370_0 .net "registra_modo", 0 0, v0x55c3b75a4d50_0;  alias, 1 drivers
v0x55c3b75a1410_0 .net "registrarR", 0 0, v0x55c3b75a4df0_0;  alias, 1 drivers
v0x55c3b75a14b0_0 .net "reset", 0 0, v0x55c3b75aa200_0;  alias, 1 drivers
v0x55c3b75a1550_0 .net "rgb", 2 0, v0x55c3b759e1b0_0;  alias, 1 drivers
v0x55c3b75a1620_0 .net "s_botoes", 3 0, v0x55c3b759f680_0;  1 drivers
v0x55c3b75a1920_0 .net "s_dado", 3 0, L_0x55c3b75ae530;  1 drivers
v0x55c3b75a19c0_0 .net "s_endereco", 3 0, v0x55c3b759a690_0;  1 drivers
v0x55c3b75a1a60_0 .net "s_jogo_limite", 3 0, L_0x55c3b75aa760;  1 drivers
v0x55c3b75a1b00_0 .net "s_limite", 3 0, v0x55c3b7599b00_0;  1 drivers
v0x55c3b75a1ba0_0 .net "s_modo", 0 0, v0x55c3b759e730_0;  1 drivers
v0x55c3b75a1c70_0 .net "s_rgb", 2 0, v0x55c3b759c630_0;  1 drivers
v0x55c3b75a1d60_0 .net "s_tem_jogada", 0 0, L_0x55c3b75aa390;  1 drivers
v0x55c3b75a1e00_0 .net "s_timeout_habilitado", 0 0, v0x55c3b759ee90_0;  1 drivers
v0x55c3b75a1ed0_0 .net "timeout", 0 0, v0x55c3b759be90_0;  alias, 1 drivers
v0x55c3b75a1fa0_0 .net "timeout_habilitado", 0 0, L_0x55c3b75aec40;  alias, 1 drivers
v0x55c3b75a2040_0 .net "timeout_led", 0 0, v0x55c3b759b3d0_0;  alias, 1 drivers
v0x55c3b75a2110_0 .net "zeraR", 0 0, v0x55c3b75a51b0_0;  alias, 1 drivers
v0x55c3b75a21e0_0 .net "zera_endereco", 0 0, v0x55c3b75a52a0_0;  alias, 1 drivers
v0x55c3b75a2280_0 .net "zera_limite", 0 0, v0x55c3b75a5340_0;  alias, 1 drivers
v0x55c3b75a2320_0 .net "zera_modo", 0 0, v0x55c3b75a53e0_0;  alias, 1 drivers
v0x55c3b75a2410_0 .net "zera_s_led", 0 0, v0x55c3b75a5480_0;  alias, 1 drivers
v0x55c3b75a24b0_0 .net "zera_s_timeout", 0 0, v0x55c3b75a5570_0;  alias, 1 drivers
L_0x55c3b75aa390 .reduce/or v0x55c3b75a8f70_0;
L_0x55c3b75aa4d0 .part v0x55c3b75a91a0_0, 0, 1;
L_0x55c3b75aa5c0 .part v0x55c3b75a91a0_0, 1, 1;
L_0x55c3b75aa760 .functor MUXZ 4, L_0x70960929d0a8, L_0x70960929d060, L_0x55c3b75aa6f0, C4<>;
S_0x55c3b7594600 .scope module, "compFimJogo" "comparador_85" 6 100, 7 16 0, S_0x55c3b7581c20;
 .timescale 0 0;
    .port_info 0 /INPUT 1 "ALBi";
    .port_info 1 /INPUT 1 "AGBi";
    .port_info 2 /INPUT 1 "AEBi";
    .port_info 3 /INPUT 4 "A";
    .port_info 4 /INPUT 4 "B";
    .port_info 5 /OUTPUT 1 "ALBo";
    .port_info 6 /OUTPUT 1 "AGBo";
    .port_info 7 /OUTPUT 1 "AEBo";
L_0x55c3b75abb90 .functor NOT 5, L_0x55c3b75aba70, C4<00000>, C4<00000>, C4<00000>;
L_0x55c3b75abe10 .functor NOT 1, L_0x55c3b75ac040, C4<0>, C4<0>, C4<0>;
L_0x55c3b75ac490 .functor NOT 5, L_0x55c3b75ac3f0, C4<00000>, C4<00000>, C4<00000>;
L_0x55c3b75ac5f0 .functor NOT 1, L_0x55c3b75ac840, C4<0>, C4<0>, C4<0>;
L_0x70960929d498 .functor BUFT 1, C4<1>, C4<0>, C4<0>, C4<0>;
L_0x55c3b75aca60 .functor AND 1, L_0x55c3b75ac9c0, L_0x70960929d498, C4<1>, C4<1>;
v0x55c3b7594830_0 .net "A", 3 0, v0x55c3b7599b00_0;  alias, 1 drivers
v0x55c3b7594930_0 .net "AEBi", 0 0, L_0x70960929d498;  1 drivers
v0x55c3b75949f0_0 .net "AEBo", 0 0, L_0x55c3b75aca60;  alias, 1 drivers
L_0x70960929d450 .functor BUFT 1, C4<0>, C4<0>, C4<0>, C4<0>;
v0x55c3b7594a90_0 .net "AGBi", 0 0, L_0x70960929d450;  1 drivers
v0x55c3b7594b50_0 .net "AGBo", 0 0, L_0x55c3b75ac5f0;  1 drivers
L_0x70960929d408 .functor BUFT 1, C4<0>, C4<0>, C4<0>, C4<0>;
v0x55c3b7594c60_0 .net "ALBi", 0 0, L_0x70960929d408;  1 drivers
v0x55c3b7594d20_0 .net "ALBo", 0 0, L_0x55c3b75abe10;  1 drivers
v0x55c3b7594de0_0 .net "B", 3 0, L_0x55c3b75aa760;  alias, 1 drivers
v0x55c3b7594ec0_0 .net "CSG", 4 0, L_0x55c3b75ac750;  1 drivers
v0x55c3b7594fa0_0 .net "CSL", 4 0, L_0x55c3b75abf20;  1 drivers
v0x55c3b7595080_0 .net *"_ivl_0", 4 0, L_0x55c3b75aba70;  1 drivers
v0x55c3b7595160_0 .net *"_ivl_10", 4 0, L_0x55c3b75abd70;  1 drivers
L_0x70960929dac8 .functor BUFT 1, C4<00000>, C4<0>, C4<0>, C4<0>;
v0x55c3b7595240_0 .net *"_ivl_12", 4 0, L_0x70960929dac8;  1 drivers
v0x55c3b7595320_0 .net *"_ivl_19", 0 0, L_0x55c3b75ac040;  1 drivers
v0x55c3b7595400_0 .net *"_ivl_22", 4 0, L_0x55c3b75ac180;  1 drivers
L_0x70960929d378 .functor BUFT 1, C4<0>, C4<0>, C4<0>, C4<0>;
v0x55c3b75954e0_0 .net *"_ivl_25", 0 0, L_0x70960929d378;  1 drivers
v0x55c3b75955c0_0 .net *"_ivl_26", 4 0, L_0x55c3b75ac3f0;  1 drivers
L_0x70960929d3c0 .functor BUFT 1, C4<0>, C4<0>, C4<0>, C4<0>;
v0x55c3b75956a0_0 .net *"_ivl_29", 0 0, L_0x70960929d3c0;  1 drivers
L_0x70960929d2e8 .functor BUFT 1, C4<0>, C4<0>, C4<0>, C4<0>;
v0x55c3b7595780_0 .net *"_ivl_3", 0 0, L_0x70960929d2e8;  1 drivers
v0x55c3b7595860_0 .net *"_ivl_30", 4 0, L_0x55c3b75ac490;  1 drivers
v0x55c3b7595940_0 .net *"_ivl_32", 4 0, L_0x55c3b75ac550;  1 drivers
L_0x70960929db10 .functor BUFT 1, C4<00000>, C4<0>, C4<0>, C4<0>;
v0x55c3b7595a20_0 .net *"_ivl_34", 4 0, L_0x70960929db10;  1 drivers
v0x55c3b7595b00_0 .net *"_ivl_4", 4 0, L_0x55c3b75abb90;  1 drivers
v0x55c3b7595be0_0 .net *"_ivl_41", 0 0, L_0x55c3b75ac840;  1 drivers
v0x55c3b7595cc0_0 .net *"_ivl_44", 0 0, L_0x55c3b75ac9c0;  1 drivers
v0x55c3b7595d80_0 .net *"_ivl_6", 4 0, L_0x55c3b75abc50;  1 drivers
L_0x70960929d330 .functor BUFT 1, C4<0>, C4<0>, C4<0>, C4<0>;
v0x55c3b7595e60_0 .net *"_ivl_9", 0 0, L_0x70960929d330;  1 drivers
L_0x55c3b75aba70 .concat [ 4 1 0 0], v0x55c3b7599b00_0, L_0x70960929d2e8;
L_0x55c3b75abc50 .concat [ 4 1 0 0], L_0x55c3b75aa760, L_0x70960929d330;
L_0x55c3b75abd70 .arith/sum 5, L_0x55c3b75abb90, L_0x55c3b75abc50;
L_0x55c3b75abf20 .arith/sum 5, L_0x55c3b75abd70, L_0x70960929dac8;
L_0x55c3b75ac040 .part L_0x55c3b75abf20, 4, 1;
L_0x55c3b75ac180 .concat [ 4 1 0 0], v0x55c3b7599b00_0, L_0x70960929d378;
L_0x55c3b75ac3f0 .concat [ 4 1 0 0], L_0x55c3b75aa760, L_0x70960929d3c0;
L_0x55c3b75ac550 .arith/sum 5, L_0x55c3b75ac180, L_0x55c3b75ac490;
L_0x55c3b75ac750 .arith/sum 5, L_0x55c3b75ac550, L_0x70960929db10;
L_0x55c3b75ac840 .part L_0x55c3b75ac750, 4, 1;
L_0x55c3b75ac9c0 .cmp/eq 4, v0x55c3b7599b00_0, L_0x55c3b75aa760;
S_0x55c3b7596040 .scope module, "compFimRodada" "comparador_85" 6 93, 7 16 0, S_0x55c3b7581c20;
 .timescale 0 0;
    .port_info 0 /INPUT 1 "ALBi";
    .port_info 1 /INPUT 1 "AGBi";
    .port_info 2 /INPUT 1 "AEBi";
    .port_info 3 /INPUT 4 "A";
    .port_info 4 /INPUT 4 "B";
    .port_info 5 /OUTPUT 1 "ALBo";
    .port_info 6 /OUTPUT 1 "AGBo";
    .port_info 7 /OUTPUT 1 "AEBo";
L_0x55c3b75aaa70 .functor NOT 5, L_0x55c3b75aa940, C4<00000>, C4<00000>, C4<00000>;
L_0x55c3b75aad50 .functor NOT 1, L_0x55c3b75aaf80, C4<0>, C4<0>, C4<0>;
L_0x55c3b75ab2e0 .functor NOT 5, L_0x55c3b75ab1f0, C4<00000>, C4<00000>, C4<00000>;
L_0x55c3b75ab440 .functor NOT 1, L_0x55c3b75ab690, C4<0>, C4<0>, C4<0>;
L_0x70960929d2a0 .functor BUFT 1, C4<1>, C4<0>, C4<0>, C4<0>;
L_0x55c3b75ab8b0 .functor AND 1, L_0x55c3b75ab810, L_0x70960929d2a0, C4<1>, C4<1>;
v0x55c3b7596310_0 .net "A", 3 0, v0x55c3b759a690_0;  alias, 1 drivers
v0x55c3b75963f0_0 .net "AEBi", 0 0, L_0x70960929d2a0;  1 drivers
v0x55c3b75964b0_0 .net "AEBo", 0 0, L_0x55c3b75ab8b0;  alias, 1 drivers
L_0x70960929d258 .functor BUFT 1, C4<0>, C4<0>, C4<0>, C4<0>;
v0x55c3b7596550_0 .net "AGBi", 0 0, L_0x70960929d258;  1 drivers
v0x55c3b7596610_0 .net "AGBo", 0 0, L_0x55c3b75ab440;  1 drivers
L_0x70960929d210 .functor BUFT 1, C4<0>, C4<0>, C4<0>, C4<0>;
v0x55c3b7596720_0 .net "ALBi", 0 0, L_0x70960929d210;  1 drivers
v0x55c3b75967e0_0 .net "ALBo", 0 0, L_0x55c3b75aad50;  1 drivers
v0x55c3b75968a0_0 .net "B", 3 0, v0x55c3b7599b00_0;  alias, 1 drivers
v0x55c3b7596960_0 .net "CSG", 4 0, L_0x55c3b75ab5a0;  1 drivers
v0x55c3b7596a20_0 .net "CSL", 4 0, L_0x55c3b75aae60;  1 drivers
v0x55c3b7596b00_0 .net *"_ivl_0", 4 0, L_0x55c3b75aa940;  1 drivers
v0x55c3b7596be0_0 .net *"_ivl_10", 4 0, L_0x55c3b75aacb0;  1 drivers
L_0x70960929da38 .functor BUFT 1, C4<00000>, C4<0>, C4<0>, C4<0>;
v0x55c3b7596cc0_0 .net *"_ivl_12", 4 0, L_0x70960929da38;  1 drivers
v0x55c3b7596da0_0 .net *"_ivl_19", 0 0, L_0x55c3b75aaf80;  1 drivers
v0x55c3b7596e80_0 .net *"_ivl_22", 4 0, L_0x55c3b75ab0c0;  1 drivers
L_0x70960929d180 .functor BUFT 1, C4<0>, C4<0>, C4<0>, C4<0>;
v0x55c3b7596f60_0 .net *"_ivl_25", 0 0, L_0x70960929d180;  1 drivers
v0x55c3b7597040_0 .net *"_ivl_26", 4 0, L_0x55c3b75ab1f0;  1 drivers
L_0x70960929d1c8 .functor BUFT 1, C4<0>, C4<0>, C4<0>, C4<0>;
v0x55c3b7597120_0 .net *"_ivl_29", 0 0, L_0x70960929d1c8;  1 drivers
L_0x70960929d0f0 .functor BUFT 1, C4<0>, C4<0>, C4<0>, C4<0>;
v0x55c3b7597200_0 .net *"_ivl_3", 0 0, L_0x70960929d0f0;  1 drivers
v0x55c3b75972e0_0 .net *"_ivl_30", 4 0, L_0x55c3b75ab2e0;  1 drivers
v0x55c3b75973c0_0 .net *"_ivl_32", 4 0, L_0x55c3b75ab3a0;  1 drivers
L_0x70960929da80 .functor BUFT 1, C4<00000>, C4<0>, C4<0>, C4<0>;
v0x55c3b75974a0_0 .net *"_ivl_34", 4 0, L_0x70960929da80;  1 drivers
v0x55c3b7597580_0 .net *"_ivl_4", 4 0, L_0x55c3b75aaa70;  1 drivers
v0x55c3b7597660_0 .net *"_ivl_41", 0 0, L_0x55c3b75ab690;  1 drivers
v0x55c3b7597740_0 .net *"_ivl_44", 0 0, L_0x55c3b75ab810;  1 drivers
v0x55c3b7597800_0 .net *"_ivl_6", 4 0, L_0x55c3b75aab30;  1 drivers
L_0x70960929d138 .functor BUFT 1, C4<0>, C4<0>, C4<0>, C4<0>;
v0x55c3b75978e0_0 .net *"_ivl_9", 0 0, L_0x70960929d138;  1 drivers
L_0x55c3b75aa940 .concat [ 4 1 0 0], v0x55c3b759a690_0, L_0x70960929d0f0;
L_0x55c3b75aab30 .concat [ 4 1 0 0], v0x55c3b7599b00_0, L_0x70960929d138;
L_0x55c3b75aacb0 .arith/sum 5, L_0x55c3b75aaa70, L_0x55c3b75aab30;
L_0x55c3b75aae60 .arith/sum 5, L_0x55c3b75aacb0, L_0x70960929da38;
L_0x55c3b75aaf80 .part L_0x55c3b75aae60, 4, 1;
L_0x55c3b75ab0c0 .concat [ 4 1 0 0], v0x55c3b759a690_0, L_0x70960929d180;
L_0x55c3b75ab1f0 .concat [ 4 1 0 0], v0x55c3b7599b00_0, L_0x70960929d1c8;
L_0x55c3b75ab3a0 .arith/sum 5, L_0x55c3b75ab0c0, L_0x55c3b75ab2e0;
L_0x55c3b75ab5a0 .arith/sum 5, L_0x55c3b75ab3a0, L_0x70960929da80;
L_0x55c3b75ab690 .part L_0x55c3b75ab5a0, 4, 1;
L_0x55c3b75ab810 .cmp/eq 4, v0x55c3b759a690_0, v0x55c3b7599b00_0;
S_0x55c3b7597ac0 .scope module, "comparador" "comparador_85" 6 107, 7 16 0, S_0x55c3b7581c20;
 .timescale 0 0;
    .port_info 0 /INPUT 1 "ALBi";
    .port_info 1 /INPUT 1 "AGBi";
    .port_info 2 /INPUT 1 "AEBi";
    .port_info 3 /INPUT 4 "A";
    .port_info 4 /INPUT 4 "B";
    .port_info 5 /OUTPUT 1 "ALBo";
    .port_info 6 /OUTPUT 1 "AGBo";
    .port_info 7 /OUTPUT 1 "AEBo";
L_0x55c3b75acdf0 .functor NOT 5, L_0x55c3b75acd20, C4<00000>, C4<00000>, C4<00000>;
L_0x55c3b75ad070 .functor NOT 1, L_0x55c3b75ad2a0, C4<0>, C4<0>, C4<0>;
L_0x55c3b75ad670 .functor NOT 5, L_0x55c3b75ad540, C4<00000>, C4<00000>, C4<00000>;
L_0x55c3b75ad7d0 .functor NOT 1, L_0x55c3b75ada20, C4<0>, C4<0>, C4<0>;
L_0x70960929d690 .functor BUFT 1, C4<1>, C4<0>, C4<0>, C4<0>;
L_0x55c3b75adc40 .functor AND 1, L_0x55c3b75adba0, L_0x70960929d690, C4<1>, C4<1>;
v0x55c3b7597d70_0 .net "A", 3 0, L_0x55c3b75ae530;  alias, 1 drivers
v0x55c3b7597e50_0 .net "AEBi", 0 0, L_0x70960929d690;  1 drivers
v0x55c3b7597f10_0 .net "AEBo", 0 0, L_0x55c3b75adc40;  alias, 1 drivers
L_0x70960929d648 .functor BUFT 1, C4<0>, C4<0>, C4<0>, C4<0>;
v0x55c3b7597fb0_0 .net "AGBi", 0 0, L_0x70960929d648;  1 drivers
v0x55c3b7598070_0 .net "AGBo", 0 0, L_0x55c3b75ad7d0;  1 drivers
L_0x70960929d600 .functor BUFT 1, C4<0>, C4<0>, C4<0>, C4<0>;
v0x55c3b7598180_0 .net "ALBi", 0 0, L_0x70960929d600;  1 drivers
v0x55c3b7598240_0 .net "ALBo", 0 0, L_0x55c3b75ad070;  1 drivers
v0x55c3b7598300_0 .net "B", 3 0, v0x55c3b759f680_0;  alias, 1 drivers
v0x55c3b75983e0_0 .net "CSG", 4 0, L_0x55c3b75ad930;  1 drivers
v0x55c3b75984c0_0 .net "CSL", 4 0, L_0x55c3b75ad180;  1 drivers
v0x55c3b75985a0_0 .net *"_ivl_0", 4 0, L_0x55c3b75acd20;  1 drivers
v0x55c3b7598680_0 .net *"_ivl_10", 4 0, L_0x55c3b75acfd0;  1 drivers
L_0x70960929db58 .functor BUFT 1, C4<00000>, C4<0>, C4<0>, C4<0>;
v0x55c3b7598760_0 .net *"_ivl_12", 4 0, L_0x70960929db58;  1 drivers
v0x55c3b7598840_0 .net *"_ivl_19", 0 0, L_0x55c3b75ad2a0;  1 drivers
v0x55c3b7598920_0 .net *"_ivl_22", 4 0, L_0x55c3b75ad3e0;  1 drivers
L_0x70960929d570 .functor BUFT 1, C4<0>, C4<0>, C4<0>, C4<0>;
v0x55c3b7598a00_0 .net *"_ivl_25", 0 0, L_0x70960929d570;  1 drivers
v0x55c3b7598ae0_0 .net *"_ivl_26", 4 0, L_0x55c3b75ad540;  1 drivers
L_0x70960929d5b8 .functor BUFT 1, C4<0>, C4<0>, C4<0>, C4<0>;
v0x55c3b7598cd0_0 .net *"_ivl_29", 0 0, L_0x70960929d5b8;  1 drivers
L_0x70960929d4e0 .functor BUFT 1, C4<0>, C4<0>, C4<0>, C4<0>;
v0x55c3b7598db0_0 .net *"_ivl_3", 0 0, L_0x70960929d4e0;  1 drivers
v0x55c3b7598e90_0 .net *"_ivl_30", 4 0, L_0x55c3b75ad670;  1 drivers
v0x55c3b7598f70_0 .net *"_ivl_32", 4 0, L_0x55c3b75ad730;  1 drivers
L_0x70960929dba0 .functor BUFT 1, C4<00000>, C4<0>, C4<0>, C4<0>;
v0x55c3b7599050_0 .net *"_ivl_34", 4 0, L_0x70960929dba0;  1 drivers
v0x55c3b7599130_0 .net *"_ivl_4", 4 0, L_0x55c3b75acdf0;  1 drivers
v0x55c3b7599210_0 .net *"_ivl_41", 0 0, L_0x55c3b75ada20;  1 drivers
v0x55c3b75992f0_0 .net *"_ivl_44", 0 0, L_0x55c3b75adba0;  1 drivers
v0x55c3b75993b0_0 .net *"_ivl_6", 4 0, L_0x55c3b75aceb0;  1 drivers
L_0x70960929d528 .functor BUFT 1, C4<0>, C4<0>, C4<0>, C4<0>;
v0x55c3b7599490_0 .net *"_ivl_9", 0 0, L_0x70960929d528;  1 drivers
L_0x55c3b75acd20 .concat [ 4 1 0 0], L_0x55c3b75ae530, L_0x70960929d4e0;
L_0x55c3b75aceb0 .concat [ 4 1 0 0], v0x55c3b759f680_0, L_0x70960929d528;
L_0x55c3b75acfd0 .arith/sum 5, L_0x55c3b75acdf0, L_0x55c3b75aceb0;
L_0x55c3b75ad180 .arith/sum 5, L_0x55c3b75acfd0, L_0x70960929db58;
L_0x55c3b75ad2a0 .part L_0x55c3b75ad180, 4, 1;
L_0x55c3b75ad3e0 .concat [ 4 1 0 0], L_0x55c3b75ae530, L_0x70960929d570;
L_0x55c3b75ad540 .concat [ 4 1 0 0], v0x55c3b759f680_0, L_0x70960929d5b8;
L_0x55c3b75ad730 .arith/sum 5, L_0x55c3b75ad3e0, L_0x55c3b75ad670;
L_0x55c3b75ad930 .arith/sum 5, L_0x55c3b75ad730, L_0x70960929dba0;
L_0x55c3b75ada20 .part L_0x55c3b75ad930, 4, 1;
L_0x55c3b75adba0 .cmp/eq 4, L_0x55c3b75ae530, v0x55c3b759f680_0;
S_0x55c3b7599670 .scope module, "contLmt" "contador_163" 6 150, 8 16 0, S_0x55c3b7581c20;
 .timescale 0 0;
    .port_info 0 /INPUT 1 "clock";
    .port_info 1 /INPUT 1 "clr";
    .port_info 2 /INPUT 1 "ld";
    .port_info 3 /INPUT 1 "ent";
    .port_info 4 /INPUT 1 "enp";
    .port_info 5 /INPUT 4 "D";
    .port_info 6 /OUTPUT 4 "Q";
    .port_info 7 /OUTPUT 1 "rco";
L_0x70960929d840 .functor BUFT 1, C4<0000>, C4<0>, C4<0>, C4<0>;
v0x55c3b7599a00_0 .net "D", 3 0, L_0x70960929d840;  1 drivers
v0x55c3b7599b00_0 .var "Q", 3 0;
v0x55c3b7599c10_0 .net "clock", 0 0, v0x55c3b75a90e0_0;  alias, 1 drivers
v0x55c3b7599cb0_0 .net "clr", 0 0, L_0x55c3b75ae0f0;  1 drivers
v0x55c3b7599d70_0 .net "enp", 0 0, v0x55c3b75a4200_0;  alias, 1 drivers
L_0x70960929d7f8 .functor BUFT 1, C4<1>, C4<0>, C4<0>, C4<0>;
v0x55c3b7599e80_0 .net "ent", 0 0, L_0x70960929d7f8;  1 drivers
L_0x70960929d7b0 .functor BUFT 1, C4<1>, C4<0>, C4<0>, C4<0>;
v0x55c3b7599f40_0 .net "ld", 0 0, L_0x70960929d7b0;  1 drivers
v0x55c3b759a000_0 .var "rco", 0 0;
E_0x55c3b7599920 .event anyedge, v0x55c3b7599e80_0, v0x55c3b7594830_0;
E_0x55c3b75999a0 .event posedge, v0x55c3b7599c10_0;
S_0x55c3b759a210 .scope module, "contador_addr" "contador_163" 6 140, 8 16 0, S_0x55c3b7581c20;
 .timescale 0 0;
    .port_info 0 /INPUT 1 "clock";
    .port_info 1 /INPUT 1 "clr";
    .port_info 2 /INPUT 1 "ld";
    .port_info 3 /INPUT 1 "ent";
    .port_info 4 /INPUT 1 "enp";
    .port_info 5 /INPUT 4 "D";
    .port_info 6 /OUTPUT 4 "Q";
    .port_info 7 /OUTPUT 1 "rco";
L_0x70960929d768 .functor BUFT 1, C4<0000>, C4<0>, C4<0>, C4<0>;
v0x55c3b759a590_0 .net "D", 3 0, L_0x70960929d768;  1 drivers
v0x55c3b759a690_0 .var "Q", 3 0;
v0x55c3b759a750_0 .net "clock", 0 0, v0x55c3b75a90e0_0;  alias, 1 drivers
v0x55c3b759a7f0_0 .net "clr", 0 0, L_0x55c3b75adf90;  1 drivers
v0x55c3b759a890_0 .net "enp", 0 0, v0x55c3b75a4110_0;  alias, 1 drivers
L_0x70960929d720 .functor BUFT 1, C4<1>, C4<0>, C4<0>, C4<0>;
v0x55c3b759a980_0 .net "ent", 0 0, L_0x70960929d720;  1 drivers
L_0x70960929d6d8 .functor BUFT 1, C4<1>, C4<0>, C4<0>, C4<0>;
v0x55c3b759aa20_0 .net "ld", 0 0, L_0x70960929d6d8;  1 drivers
v0x55c3b759aae0_0 .var "rco", 0 0;
E_0x55c3b759a510 .event anyedge, v0x55c3b759a980_0, v0x55c3b7596310_0;
S_0x55c3b759acf0 .scope module, "contador_led" "contador_m" 6 130, 9 20 0, S_0x55c3b7581c20;
 .timescale 0 0;
    .port_info 0 /INPUT 1 "clock";
    .port_info 1 /INPUT 1 "zera_as";
    .port_info 2 /INPUT 1 "zera_s";
    .port_info 3 /INPUT 1 "conta";
    .port_info 4 /OUTPUT 11 "Q";
    .port_info 5 /OUTPUT 1 "fim";
    .port_info 6 /OUTPUT 1 "meio";
P_0x55c3b75584e0 .param/l "M" 0 9 20, +C4<00000000000000000000011111010000>;
P_0x55c3b7558520 .param/l "N" 0 9 20, +C4<00000000000000000000000000001011>;
v0x55c3b759b120_0 .var "Q", 10 0;
v0x55c3b759b220_0 .net "clock", 0 0, v0x55c3b75a90e0_0;  alias, 1 drivers
v0x55c3b759b330_0 .net "conta", 0 0, v0x55c3b75a4450_0;  alias, 1 drivers
v0x55c3b759b3d0_0 .var "fim", 0 0;
v0x55c3b759b470_0 .var "meio", 0 0;
v0x55c3b759b580_0 .net "zera_as", 0 0, v0x55c3b75aa200_0;  alias, 1 drivers
v0x55c3b759b640_0 .net "zera_s", 0 0, v0x55c3b75a5480_0;  alias, 1 drivers
E_0x55c3b759b040 .event anyedge, v0x55c3b759b120_0;
E_0x55c3b759b0c0 .event posedge, v0x55c3b759b580_0, v0x55c3b7599c10_0;
S_0x55c3b759b820 .scope module, "contador_timeout" "contador_m" 6 120, 9 20 0, S_0x55c3b7581c20;
 .timescale 0 0;
    .port_info 0 /INPUT 1 "clock";
    .port_info 1 /INPUT 1 "zera_as";
    .port_info 2 /INPUT 1 "zera_s";
    .port_info 3 /INPUT 1 "conta";
    .port_info 4 /OUTPUT 13 "Q";
    .port_info 5 /OUTPUT 1 "fim";
    .port_info 6 /OUTPUT 1 "meio";
P_0x55c3b75548c0 .param/l "M" 0 9 20, +C4<00000000000000000001001110001000>;
P_0x55c3b7554900 .param/l "N" 0 9 20, +C4<00000000000000000000000000001101>;
v0x55c3b759bc00_0 .var "Q", 12 0;
v0x55c3b759bd00_0 .net "clock", 0 0, v0x55c3b75a90e0_0;  alias, 1 drivers
v0x55c3b759bdc0_0 .net "conta", 0 0, v0x55c3b75a44f0_0;  alias, 1 drivers
v0x55c3b759be90_0 .var "fim", 0 0;
v0x55c3b759bf30_0 .var "meio", 0 0;
v0x55c3b759c040_0 .net "zera_as", 0 0, v0x55c3b75aa200_0;  alias, 1 drivers
v0x55c3b759c0e0_0 .net "zera_s", 0 0, v0x55c3b75a5570_0;  alias, 1 drivers
E_0x55c3b759bb80 .event anyedge, v0x55c3b759bc00_0;
S_0x55c3b759c2a0 .scope module, "converter_cor" "cores_rgb" 6 177, 10 3 0, S_0x55c3b7581c20;
 .timescale 0 0;
    .port_info 0 /INPUT 4 "codigo";
    .port_info 1 /OUTPUT 3 "leds_rgb";
v0x55c3b759c520_0 .net "codigo", 3 0, L_0x55c3b75ae530;  alias, 1 drivers
v0x55c3b759c630_0 .var "leds_rgb", 2 0;
E_0x55c3b759c4a0 .event anyedge, v0x55c3b7597d70_0;
S_0x55c3b759c750 .scope module, "detector" "edge_detector" 6 113, 11 21 0, S_0x55c3b7581c20;
 .timescale 0 0;
    .port_info 0 /INPUT 1 "clock";
    .port_info 1 /INPUT 1 "reset";
    .port_info 2 /INPUT 1 "sinal";
    .port_info 3 /OUTPUT 1 "pulso";
L_0x55c3b75addf0 .functor NOT 1, v0x55c3b759cc70_0, C4<0>, C4<0>, C4<0>;
L_0x55c3b75ade90 .functor AND 1, L_0x55c3b75addf0, v0x55c3b759cbd0_0, C4<1>, C4<1>;
v0x55c3b759c960_0 .net *"_ivl_0", 0 0, L_0x55c3b75addf0;  1 drivers
v0x55c3b759ca40_0 .net "clock", 0 0, v0x55c3b75a90e0_0;  alias, 1 drivers
v0x55c3b759cb00_0 .net "pulso", 0 0, L_0x55c3b75ade90;  alias, 1 drivers
v0x55c3b759cbd0_0 .var "reg0", 0 0;
v0x55c3b759cc70_0 .var "reg1", 0 0;
v0x55c3b759cd30_0 .net "reset", 0 0, v0x55c3b75aa200_0;  alias, 1 drivers
v0x55c3b759cdd0_0 .net "sinal", 0 0, L_0x55c3b75aa390;  alias, 1 drivers
S_0x55c3b759cf10 .scope module, "memoria" "sync_ram_16x4_file" 6 169, 12 19 0, S_0x55c3b7581c20;
 .timescale 0 0;
    .port_info 0 /INPUT 1 "clk";
    .port_info 1 /INPUT 1 "we";
    .port_info 2 /INPUT 4 "data";
    .port_info 3 /INPUT 4 "addr";
    .port_info 4 /OUTPUT 4 "q";
P_0x55c3b759d0f0 .param/str "BINFILE" 0 12 20, "ram_init.txt";
L_0x55c3b75ae530 .functor BUFZ 4, L_0x55c3b75ae2c0, C4<0000>, C4<0000>, C4<0000>;
v0x55c3b759d3b0_0 .net *"_ivl_0", 3 0, L_0x55c3b75ae2c0;  1 drivers
v0x55c3b759d4b0_0 .net *"_ivl_2", 5 0, L_0x55c3b75ae3c0;  1 drivers
L_0x70960929d888 .functor BUFT 1, C4<00>, C4<0>, C4<0>, C4<0>;
v0x55c3b759d590_0 .net *"_ivl_5", 1 0, L_0x70960929d888;  1 drivers
v0x55c3b759d650_0 .net "addr", 3 0, v0x55c3b759a690_0;  alias, 1 drivers
v0x55c3b759d760_0 .var "addr_reg", 3 0;
v0x55c3b759d890_0 .net "clk", 0 0, v0x55c3b75a90e0_0;  alias, 1 drivers
v0x55c3b759d930_0 .net "data", 3 0, v0x55c3b75a8f70_0;  alias, 1 drivers
v0x55c3b759da10_0 .net "q", 3 0, L_0x55c3b75ae530;  alias, 1 drivers
v0x55c3b759db20 .array "ram", 15 0, 3 0;
v0x55c3b759dbe0_0 .net "we", 0 0, v0x55c3b75a4c60_0;  alias, 1 drivers
L_0x55c3b75ae2c0 .array/port v0x55c3b759db20, L_0x55c3b75ae3c0;
L_0x55c3b75ae3c0 .concat [ 4 2 0 0], v0x55c3b759d760_0, L_0x70960929d888;
S_0x55c3b759d1b0 .scope begin, "INICIA_RAM" "INICIA_RAM" 12 39, 12 39 0, S_0x55c3b759cf10;
 .timescale 0 0;
S_0x55c3b759dd40 .scope module, "mux_rgb" "mux2x1_n" 6 186, 13 17 0, S_0x55c3b7581c20;
 .timescale 0 0;
    .port_info 0 /INPUT 3 "D0";
    .port_info 1 /INPUT 3 "D1";
    .port_info 2 /INPUT 1 "SEL";
    .port_info 3 /OUTPUT 3 "OUT";
P_0x55c3b759ded0 .param/l "BITS" 0 13 18, +C4<00000000000000000000000000000011>;
L_0x70960929d8d0 .functor BUFT 1, C4<000>, C4<0>, C4<0>, C4<0>;
v0x55c3b759dff0_0 .net "D0", 2 0, L_0x70960929d8d0;  1 drivers
v0x55c3b759e0f0_0 .net "D1", 2 0, v0x55c3b759c630_0;  alias, 1 drivers
v0x55c3b759e1b0_0 .var "OUT", 2 0;
v0x55c3b759e280_0 .net "SEL", 0 0, v0x55c3b75a3fd0_0;  alias, 1 drivers
E_0x55c3b759df70 .event anyedge, v0x55c3b759e280_0, v0x55c3b759dff0_0, v0x55c3b759c630_0;
S_0x55c3b759e3f0 .scope module, "reg_modo" "registrador_1" 6 74, 14 7 0, S_0x55c3b7581c20;
 .timescale 0 0;
    .port_info 0 /INPUT 1 "clock";
    .port_info 1 /INPUT 1 "clear";
    .port_info 2 /INPUT 1 "enable";
    .port_info 3 /INPUT 1 "D";
    .port_info 4 /OUTPUT 1 "Q";
v0x55c3b759e650_0 .net "D", 0 0, L_0x55c3b75aa4d0;  1 drivers
v0x55c3b759e730_0 .var "IQ", 0 0;
v0x55c3b759e7f0_0 .net "Q", 0 0, v0x55c3b759e730_0;  alias, 1 drivers
v0x55c3b759e8c0_0 .net "clear", 0 0, v0x55c3b75a53e0_0;  alias, 1 drivers
v0x55c3b759e980_0 .net "clock", 0 0, v0x55c3b75a90e0_0;  alias, 1 drivers
v0x55c3b759ea70_0 .net "enable", 0 0, v0x55c3b75a4d50_0;  alias, 1 drivers
E_0x55c3b759e5d0 .event posedge, v0x55c3b759e8c0_0, v0x55c3b7599c10_0;
S_0x55c3b759ebd0 .scope module, "reg_timeout_hab" "registrador_1" 6 82, 14 7 0, S_0x55c3b7581c20;
 .timescale 0 0;
    .port_info 0 /INPUT 1 "clock";
    .port_info 1 /INPUT 1 "clear";
    .port_info 2 /INPUT 1 "enable";
    .port_info 3 /INPUT 1 "D";
    .port_info 4 /OUTPUT 1 "Q";
v0x55c3b759edb0_0 .net "D", 0 0, L_0x55c3b75aa5c0;  1 drivers
v0x55c3b759ee90_0 .var "IQ", 0 0;
v0x55c3b759ef50_0 .net "Q", 0 0, v0x55c3b759ee90_0;  alias, 1 drivers
v0x55c3b759f020_0 .net "clear", 0 0, v0x55c3b75a53e0_0;  alias, 1 drivers
v0x55c3b759f0f0_0 .net "clock", 0 0, v0x55c3b75a90e0_0;  alias, 1 drivers
v0x55c3b759f1e0_0 .net "enable", 0 0, v0x55c3b75a4d50_0;  alias, 1 drivers
S_0x55c3b759f310 .scope module, "registrador" "registrador_4" 6 160, 15 13 0, S_0x55c3b7581c20;
 .timescale 0 0;
    .port_info 0 /INPUT 1 "clock";
    .port_info 1 /INPUT 1 "clear";
    .port_info 2 /INPUT 1 "enable";
    .port_info 3 /INPUT 4 "D";
    .port_info 4 /OUTPUT 4 "Q";
v0x55c3b759f570_0 .net "D", 3 0, v0x55c3b75a8f70_0;  alias, 1 drivers
v0x55c3b759f680_0 .var "IQ", 3 0;
v0x55c3b759f740_0 .net "Q", 3 0, v0x55c3b759f680_0;  alias, 1 drivers
v0x55c3b759f840_0 .net "clear", 0 0, v0x55c3b75a51b0_0;  alias, 1 drivers
v0x55c3b759f8e0_0 .net "clock", 0 0, v0x55c3b75a90e0_0;  alias, 1 drivers
v0x55c3b759fae0_0 .net "enable", 0 0, v0x55c3b75a4df0_0;  alias, 1 drivers
E_0x55c3b759f4f0 .event posedge, v0x55c3b759f840_0, v0x55c3b7599c10_0;
S_0x55c3b75a2980 .scope module, "unidade_controle" "unidade_controle" 4 106, 16 15 0, S_0x55c3b756afa0;
 .timescale 0 0;
    .port_info 0 /INPUT 1 "clock";
    .port_info 1 /INPUT 1 "reset";
    .port_info 2 /INPUT 1 "iniciar";
    .port_info 3 /INPUT 1 "fim_jogo";
    .port_info 4 /INPUT 1 "enderecoIgualLimite";
    .port_info 5 /INPUT 1 "jogada";
    .port_info 6 /INPUT 1 "igual";
    .port_info 7 /INPUT 1 "timeout";
    .port_info 8 /INPUT 1 "timeout_habilitado";
    .port_info 9 /INPUT 1 "timeout_led";
    .port_info 10 /INPUT 1 "fim_sequencia";
    .port_info 11 /OUTPUT 1 "zera_endereco";
    .port_info 12 /OUTPUT 1 "conta_endereco";
    .port_info 13 /OUTPUT 1 "zera_limite";
    .port_info 14 /OUTPUT 1 "conta_limite";
    .port_info 15 /OUTPUT 1 "zeraR";
    .port_info 16 /OUTPUT 1 "registrarR";
    .port_info 17 /OUTPUT 1 "registra_modo";
    .port_info 18 /OUTPUT 1 "zera_modo";
    .port_info 19 /OUTPUT 1 "zera_s_timeout";
    .port_info 20 /OUTPUT 1 "enable_timeout";
    .port_info 21 /OUTPUT 1 "conf_leds";
    .port_info 22 /OUTPUT 1 "registra_jogada";
    .port_info 23 /OUTPUT 1 "zera_s_led";
    .port_info 24 /OUTPUT 1 "enable_led";
    .port_info 25 /OUTPUT 1 "acertou";
    .port_info 26 /OUTPUT 1 "errou";
    .port_info 27 /OUTPUT 1 "pronto";
    .port_info 28 /OUTPUT 5 "db_estado";
    .port_info 29 /OUTPUT 1 "db_timeout";
P_0x55c3b75a2b60 .param/l "adiciona_jogada" 0 16 85, C4<01101>;
P_0x55c3b75a2ba0 .param/l "atualiza_endereco_nova_jogada" 0 16 89, C4<10001>;
P_0x55c3b75a2be0 .param/l "carrega_led" 0 16 74, C4<00010>;
P_0x55c3b75a2c20 .param/l "comparacao" 0 16 81, C4<01001>;
P_0x55c3b75a2c60 .param/l "erro_verilog" 0 16 90, C4<10010>;
P_0x55c3b75a2ca0 .param/l "espera" 0 16 79, C4<00111>;
P_0x55c3b75a2ce0 .param/l "fim_sequencia_timer" 0 16 88, C4<10000>;
P_0x55c3b75a2d20 .param/l "final_acerto" 0 16 83, C4<01011>;
P_0x55c3b75a2d60 .param/l "final_erro" 0 16 84, C4<01100>;
P_0x55c3b75a2da0 .param/l "final_timeout" 0 16 87, C4<01111>;
P_0x55c3b75a2de0 .param/l "inicial" 0 16 72, C4<00000>;
P_0x55c3b75a2e20 .param/l "mostra_apagado" 0 16 77, C4<00101>;
P_0x55c3b75a2e60 .param/l "mostra_led" 0 16 75, C4<00011>;
P_0x55c3b75a2ea0 .param/l "preparacao" 0 16 73, C4<00001>;
P_0x55c3b75a2ee0 .param/l "proxima_rodada" 0 16 86, C4<01110>;
P_0x55c3b75a2f20 .param/l "proximo" 0 16 82, C4<01010>;
P_0x55c3b75a2f60 .param/l "proximo_led" 0 16 78, C4<00110>;
P_0x55c3b75a2fa0 .param/l "registra" 0 16 80, C4<01000>;
P_0x55c3b75a2fe0 .param/l "zera_led" 0 16 76, C4<00100>;
v0x55c3b75a3c80_0 .var "Eatual", 4 0;
v0x55c3b75a3d80_0 .var "Eprox", 4 0;
v0x55c3b75a3e60_0 .var "acertou", 0 0;
v0x55c3b75a3f30_0 .net "clock", 0 0, v0x55c3b75a90e0_0;  alias, 1 drivers
v0x55c3b75a3fd0_0 .var "conf_leds", 0 0;
v0x55c3b75a4110_0 .var "conta_endereco", 0 0;
v0x55c3b75a4200_0 .var "conta_limite", 0 0;
v0x55c3b75a42f0_0 .var "db_estado", 4 0;
v0x55c3b75a43b0_0 .var "db_timeout", 0 0;
v0x55c3b75a4450_0 .var "enable_led", 0 0;
v0x55c3b75a44f0_0 .var "enable_timeout", 0 0;
v0x55c3b75a45e0_0 .net "enderecoIgualLimite", 0 0, L_0x55c3b75ab8b0;  alias, 1 drivers
v0x55c3b75a46d0_0 .var "errou", 0 0;
v0x55c3b75a4790_0 .net "fim_jogo", 0 0, L_0x55c3b75aca60;  alias, 1 drivers
v0x55c3b75a4880_0 .net "fim_sequencia", 0 0, L_0x55c3b75aedb0;  alias, 1 drivers
v0x55c3b75a4920_0 .net "igual", 0 0, L_0x55c3b75adc40;  alias, 1 drivers
v0x55c3b75a4a10_0 .net "iniciar", 0 0, v0x55c3b75a9da0_0;  alias, 1 drivers
v0x55c3b75a4ab0_0 .net "jogada", 0 0, L_0x55c3b75ade90;  alias, 1 drivers
v0x55c3b75a4ba0_0 .var "pronto", 0 0;
v0x55c3b75a4c60_0 .var "registra_jogada", 0 0;
v0x55c3b75a4d50_0 .var "registra_modo", 0 0;
v0x55c3b75a4df0_0 .var "registrarR", 0 0;
v0x55c3b75a4ee0_0 .net "reset", 0 0, v0x55c3b75aa200_0;  alias, 1 drivers
v0x55c3b75a4f80_0 .net "timeout", 0 0, v0x55c3b759be90_0;  alias, 1 drivers
v0x55c3b75a5020_0 .net "timeout_habilitado", 0 0, L_0x55c3b75aec40;  alias, 1 drivers
v0x55c3b75a50c0_0 .net "timeout_led", 0 0, v0x55c3b759b3d0_0;  alias, 1 drivers
v0x55c3b75a51b0_0 .var "zeraR", 0 0;
v0x55c3b75a52a0_0 .var "zera_endereco", 0 0;
v0x55c3b75a5340_0 .var "zera_limite", 0 0;
v0x55c3b75a53e0_0 .var "zera_modo", 0 0;
v0x55c3b75a5480_0 .var "zera_s_led", 0 0;
v0x55c3b75a5570_0 .var "zera_s_timeout", 0 0;
E_0x55c3b75a3b80 .event anyedge, v0x55c3b75a3c80_0;
E_0x55c3b75a3be0/0 .event anyedge, v0x55c3b75a3c80_0, v0x55c3b75a4a10_0, v0x55c3b759b3d0_0, v0x55c3b75a0fc0_0;
E_0x55c3b75a3be0/1 .event anyedge, v0x55c3b759be90_0, v0x55c3b75a1fa0_0, v0x55c3b759cb00_0, v0x55c3b7597f10_0;
E_0x55c3b75a3be0/2 .event anyedge, v0x55c3b75964b0_0, v0x55c3b75949f0_0;
E_0x55c3b75a3be0 .event/or E_0x55c3b75a3be0/0, E_0x55c3b75a3be0/1, E_0x55c3b75a3be0/2;
S_0x55c3b75a8c00 .scope task, "wait_leds" "wait_leds" 3 25, 3 25 0, S_0x55c3b7581fa0;
 .timescale -9 -9;
v0x55c3b75a8db0_0 .var/i "i", 31 0;
v0x55c3b75a8e90_0 .var/i "num_leds", 31 0;
TD_tb_cenario_vii.wait_leds ;
    %pushi/vec4 0, 0, 32;
    %store/vec4 v0x55c3b75a8db0_0, 0, 32;
T_0.0 ;
    %load/vec4 v0x55c3b75a8db0_0;
    %load/vec4 v0x55c3b75a8e90_0;
    %cmp/s;
    %jmp/0xz T_0.1, 5;
T_0.2 ;
    %load/vec4 v0x55c3b75a3c80_0;
    %pushi/vec4 3, 0, 5;
    %cmp/e;
    %flag_get/vec4 4;
    %cmpi/ne 1, 0, 1;
    %jmp/0xz T_0.3, 6;
    %wait E_0x55c3b75a3b80;
    %jmp T_0.2;
T_0.3 ;
T_0.4 ;
    %load/vec4 v0x55c3b75a3c80_0;
    %pushi/vec4 5, 0, 5;
    %cmp/e;
    %flag_get/vec4 4;
    %cmpi/ne 1, 0, 1;
    %jmp/0xz T_0.5, 6;
    %wait E_0x55c3b75a3b80;
    %jmp T_0.4;
T_0.5 ;
    %load/vec4 v0x55c3b75a8db0_0;
    %addi 1, 0, 32;
    %store/vec4 v0x55c3b75a8db0_0, 0, 32;
    %jmp T_0.0;
T_0.1 ;
T_0.6 ;
    %load/vec4 v0x55c3b75a3c80_0;
    %pushi/vec4 7, 0, 5;
    %cmp/e;
    %flag_get/vec4 4;
    %cmpi/ne 1, 0, 1;
    %jmp/0xz T_0.7, 6;
    %wait E_0x55c3b75a3b80;
    %jmp T_0.6;
T_0.7 ;
    %delay 100, 0;
    %end;
    .scope S_0x55c3b74c7270;
T_1 ;
    %wait E_0x55c3b750afd0;
    %load/vec4 v0x55c3b7554970_0;
    %dup/vec4;
    %pushi/vec4 0, 0, 1;
    %cmp/u;
    %jmp/1 T_1.0, 6;
    %dup/vec4;
    %pushi/vec4 1, 0, 1;
    %cmp/u;
    %jmp/1 T_1.1, 6;
    %pushi/vec4 1, 0, 1;
    %store/vec4 v0x55c3b7558590_0, 0, 1;
    %jmp T_1.3;
T_1.0 ;
    %load/vec4 v0x55c3b7562fa0_0;
    %store/vec4 v0x55c3b7558590_0, 0, 1;
    %jmp T_1.3;
T_1.1 ;
    %load/vec4 v0x55c3b755b000_0;
    %store/vec4 v0x55c3b7558590_0, 0, 1;
    %jmp T_1.3;
T_1.3 ;
    %pop/vec4 1;
    %jmp T_1;
    .thread T_1, $push;
    .scope S_0x55c3b759e3f0;
T_2 ;
    %wait E_0x55c3b759e5d0;
    %load/vec4 v0x55c3b759e8c0_0;
    %flag_set/vec4 8;
    %jmp/0xz  T_2.0, 8;
    %pushi/vec4 0, 0, 1;
    %assign/vec4 v0x55c3b759e730_0, 0;
    %jmp T_2.1;
T_2.0 ;
    %load/vec4 v0x55c3b759ea70_0;
    %flag_set/vec4 8;
    %jmp/0xz  T_2.2, 8;
    %load/vec4 v0x55c3b759e650_0;
    %assign/vec4 v0x55c3b759e730_0, 0;
T_2.2 ;
T_2.1 ;
    %jmp T_2;
    .thread T_2;
    .scope S_0x55c3b759ebd0;
T_3 ;
    %wait E_0x55c3b759e5d0;
    %load/vec4 v0x55c3b759f020_0;
    %flag_set/vec4 8;
    %jmp/0xz  T_3.0, 8;
    %pushi/vec4 0, 0, 1;
    %assign/vec4 v0x55c3b759ee90_0, 0;
    %jmp T_3.1;
T_3.0 ;
    %load/vec4 v0x55c3b759f1e0_0;
    %flag_set/vec4 8;
    %jmp/0xz  T_3.2, 8;
    %load/vec4 v0x55c3b759edb0_0;
    %assign/vec4 v0x55c3b759ee90_0, 0;
T_3.2 ;
T_3.1 ;
    %jmp T_3;
    .thread T_3;
    .scope S_0x55c3b759c750;
T_4 ;
    %wait E_0x55c3b759b0c0;
    %load/vec4 v0x55c3b759cd30_0;
    %flag_set/vec4 8;
    %jmp/0xz  T_4.0, 8;
    %pushi/vec4 0, 0, 1;
    %assign/vec4 v0x55c3b759cbd0_0, 0;
    %pushi/vec4 0, 0, 1;
    %assign/vec4 v0x55c3b759cc70_0, 0;
    %jmp T_4.1;
T_4.0 ;
    %load/vec4 v0x55c3b759ca40_0;
    %flag_set/vec4 8;
    %jmp/0xz  T_4.2, 8;
    %load/vec4 v0x55c3b759cdd0_0;
    %assign/vec4 v0x55c3b759cbd0_0, 0;
    %load/vec4 v0x55c3b759cbd0_0;
    %assign/vec4 v0x55c3b759cc70_0, 0;
T_4.2 ;
T_4.1 ;
    %jmp T_4;
    .thread T_4;
    .scope S_0x55c3b759b820;
T_5 ;
    %wait E_0x55c3b759b0c0;
    %load/vec4 v0x55c3b759c040_0;
    %flag_set/vec4 8;
    %jmp/0xz  T_5.0, 8;
    %pushi/vec4 0, 0, 13;
    %assign/vec4 v0x55c3b759bc00_0, 0;
    %jmp T_5.1;
T_5.0 ;
    %load/vec4 v0x55c3b759bd00_0;
    %flag_set/vec4 8;
    %jmp/0xz  T_5.2, 8;
    %load/vec4 v0x55c3b759c0e0_0;
    %flag_set/vec4 8;
    %jmp/0xz  T_5.4, 8;
    %pushi/vec4 0, 0, 13;
    %assign/vec4 v0x55c3b759bc00_0, 0;
    %jmp T_5.5;
T_5.4 ;
    %load/vec4 v0x55c3b759bdc0_0;
    %flag_set/vec4 8;
    %jmp/0xz  T_5.6, 8;
    %load/vec4 v0x55c3b759bc00_0;
    %pad/u 32;
    %cmpi/e 4999, 0, 32;
    %jmp/0xz  T_5.8, 4;
    %pushi/vec4 0, 0, 13;
    %assign/vec4 v0x55c3b759bc00_0, 0;
    %jmp T_5.9;
T_5.8 ;
    %load/vec4 v0x55c3b759bc00_0;
    %addi 1, 0, 13;
    %assign/vec4 v0x55c3b759bc00_0, 0;
T_5.9 ;
T_5.6 ;
T_5.5 ;
T_5.2 ;
T_5.1 ;
    %jmp T_5;
    .thread T_5;
    .scope S_0x55c3b759b820;
T_6 ;
    %wait E_0x55c3b759bb80;
    %load/vec4 v0x55c3b759bc00_0;
    %pad/u 32;
    %cmpi/e 4999, 0, 32;
    %jmp/0xz  T_6.0, 4;
    %pushi/vec4 1, 0, 1;
    %store/vec4 v0x55c3b759be90_0, 0, 1;
    %jmp T_6.1;
T_6.0 ;
    %pushi/vec4 0, 0, 1;
    %store/vec4 v0x55c3b759be90_0, 0, 1;
T_6.1 ;
    %jmp T_6;
    .thread T_6, $push;
    .scope S_0x55c3b759b820;
T_7 ;
    %wait E_0x55c3b759bb80;
    %load/vec4 v0x55c3b759bc00_0;
    %pad/u 32;
    %cmpi/e 2499, 0, 32;
    %jmp/0xz  T_7.0, 4;
    %pushi/vec4 1, 0, 1;
    %store/vec4 v0x55c3b759bf30_0, 0, 1;
    %jmp T_7.1;
T_7.0 ;
    %pushi/vec4 0, 0, 1;
    %store/vec4 v0x55c3b759bf30_0, 0, 1;
T_7.1 ;
    %jmp T_7;
    .thread T_7, $push;
    .scope S_0x55c3b759acf0;
T_8 ;
    %wait E_0x55c3b759b0c0;
    %load/vec4 v0x55c3b759b580_0;
    %flag_set/vec4 8;
    %jmp/0xz  T_8.0, 8;
    %pushi/vec4 0, 0, 11;
    %assign/vec4 v0x55c3b759b120_0, 0;
    %jmp T_8.1;
T_8.0 ;
    %load/vec4 v0x55c3b759b220_0;
    %flag_set/vec4 8;
    %jmp/0xz  T_8.2, 8;
    %load/vec4 v0x55c3b759b640_0;
    %flag_set/vec4 8;
    %jmp/0xz  T_8.4, 8;
    %pushi/vec4 0, 0, 11;
    %assign/vec4 v0x55c3b759b120_0, 0;
    %jmp T_8.5;
T_8.4 ;
    %load/vec4 v0x55c3b759b330_0;
    %flag_set/vec4 8;
    %jmp/0xz  T_8.6, 8;
    %load/vec4 v0x55c3b759b120_0;
    %pad/u 32;
    %cmpi/e 1999, 0, 32;
    %jmp/0xz  T_8.8, 4;
    %pushi/vec4 0, 0, 11;
    %assign/vec4 v0x55c3b759b120_0, 0;
    %jmp T_8.9;
T_8.8 ;
    %load/vec4 v0x55c3b759b120_0;
    %addi 1, 0, 11;
    %assign/vec4 v0x55c3b759b120_0, 0;
T_8.9 ;
T_8.6 ;
T_8.5 ;
T_8.2 ;
T_8.1 ;
    %jmp T_8;
    .thread T_8;
    .scope S_0x55c3b759acf0;
T_9 ;
    %wait E_0x55c3b759b040;
    %load/vec4 v0x55c3b759b120_0;
    %pad/u 32;
    %cmpi/e 1999, 0, 32;
    %jmp/0xz  T_9.0, 4;
    %pushi/vec4 1, 0, 1;
    %store/vec4 v0x55c3b759b3d0_0, 0, 1;
    %jmp T_9.1;
T_9.0 ;
    %pushi/vec4 0, 0, 1;
    %store/vec4 v0x55c3b759b3d0_0, 0, 1;
T_9.1 ;
    %jmp T_9;
    .thread T_9, $push;
    .scope S_0x55c3b759acf0;
T_10 ;
    %wait E_0x55c3b759b040;
    %load/vec4 v0x55c3b759b120_0;
    %pad/u 32;
    %cmpi/e 999, 0, 32;
    %jmp/0xz  T_10.0, 4;
    %pushi/vec4 1, 0, 1;
    %store/vec4 v0x55c3b759b470_0, 0, 1;
    %jmp T_10.1;
T_10.0 ;
    %pushi/vec4 0, 0, 1;
    %store/vec4 v0x55c3b759b470_0, 0, 1;
T_10.1 ;
    %jmp T_10;
    .thread T_10, $push;
    .scope S_0x55c3b759a210;
T_11 ;
    %wait E_0x55c3b75999a0;
    %load/vec4 v0x55c3b759a7f0_0;
    %inv;
    %flag_set/vec4 8;
    %jmp/0xz  T_11.0, 8;
    %pushi/vec4 0, 0, 4;
    %assign/vec4 v0x55c3b759a690_0, 0;
    %jmp T_11.1;
T_11.0 ;
    %load/vec4 v0x55c3b759aa20_0;
    %inv;
    %flag_set/vec4 8;
    %jmp/0xz  T_11.2, 8;
    %load/vec4 v0x55c3b759a590_0;
    %assign/vec4 v0x55c3b759a690_0, 0;
    %jmp T_11.3;
T_11.2 ;
    %load/vec4 v0x55c3b759a980_0;
    %flag_set/vec4 9;
    %flag_get/vec4 9;
    %jmp/0 T_11.6, 9;
    %load/vec4 v0x55c3b759a890_0;
    %and;
T_11.6;
    %flag_set/vec4 8;
    %jmp/0xz  T_11.4, 8;
    %load/vec4 v0x55c3b759a690_0;
    %addi 1, 0, 4;
    %assign/vec4 v0x55c3b759a690_0, 0;
    %jmp T_11.5;
T_11.4 ;
    %load/vec4 v0x55c3b759a690_0;
    %assign/vec4 v0x55c3b759a690_0, 0;
T_11.5 ;
T_11.3 ;
T_11.1 ;
    %jmp T_11;
    .thread T_11;
    .scope S_0x55c3b759a210;
T_12 ;
    %wait E_0x55c3b759a510;
    %load/vec4 v0x55c3b759a980_0;
    %flag_set/vec4 9;
    %flag_get/vec4 9;
    %jmp/0 T_12.2, 9;
    %load/vec4 v0x55c3b759a690_0;
    %pushi/vec4 15, 0, 4;
    %cmp/e;
    %flag_get/vec4 4;
    %and;
T_12.2;
    %flag_set/vec4 8;
    %jmp/0xz  T_12.0, 8;
    %pushi/vec4 1, 0, 1;
    %store/vec4 v0x55c3b759aae0_0, 0, 1;
    %jmp T_12.1;
T_12.0 ;
    %pushi/vec4 0, 0, 1;
    %store/vec4 v0x55c3b759aae0_0, 0, 1;
T_12.1 ;
    %jmp T_12;
    .thread T_12, $push;
    .scope S_0x55c3b7599670;
T_13 ;
    %wait E_0x55c3b75999a0;
    %load/vec4 v0x55c3b7599cb0_0;
    %inv;
    %flag_set/vec4 8;
    %jmp/0xz  T_13.0, 8;
    %pushi/vec4 0, 0, 4;
    %assign/vec4 v0x55c3b7599b00_0, 0;
    %jmp T_13.1;
T_13.0 ;
    %load/vec4 v0x55c3b7599f40_0;
    %inv;
    %flag_set/vec4 8;
    %jmp/0xz  T_13.2, 8;
    %load/vec4 v0x55c3b7599a00_0;
    %assign/vec4 v0x55c3b7599b00_0, 0;
    %jmp T_13.3;
T_13.2 ;
    %load/vec4 v0x55c3b7599e80_0;
    %flag_set/vec4 9;
    %flag_get/vec4 9;
    %jmp/0 T_13.6, 9;
    %load/vec4 v0x55c3b7599d70_0;
    %and;
T_13.6;
    %flag_set/vec4 8;
    %jmp/0xz  T_13.4, 8;
    %load/vec4 v0x55c3b7599b00_0;
    %addi 1, 0, 4;
    %assign/vec4 v0x55c3b7599b00_0, 0;
    %jmp T_13.5;
T_13.4 ;
    %load/vec4 v0x55c3b7599b00_0;
    %assign/vec4 v0x55c3b7599b00_0, 0;
T_13.5 ;
T_13.3 ;
T_13.1 ;
    %jmp T_13;
    .thread T_13;
    .scope S_0x55c3b7599670;
T_14 ;
    %wait E_0x55c3b7599920;
    %load/vec4 v0x55c3b7599e80_0;
    %flag_set/vec4 9;
    %flag_get/vec4 9;
    %jmp/0 T_14.2, 9;
    %load/vec4 v0x55c3b7599b00_0;
    %pushi/vec4 15, 0, 4;
    %cmp/e;
    %flag_get/vec4 4;
    %and;
T_14.2;
    %flag_set/vec4 8;
    %jmp/0xz  T_14.0, 8;
    %pushi/vec4 1, 0, 1;
    %store/vec4 v0x55c3b759a000_0, 0, 1;
    %jmp T_14.1;
T_14.0 ;
    %pushi/vec4 0, 0, 1;
    %store/vec4 v0x55c3b759a000_0, 0, 1;
T_14.1 ;
    %jmp T_14;
    .thread T_14, $push;
    .scope S_0x55c3b759f310;
T_15 ;
    %wait E_0x55c3b759f4f0;
    %load/vec4 v0x55c3b759f840_0;
    %flag_set/vec4 8;
    %jmp/0xz  T_15.0, 8;
    %pushi/vec4 0, 0, 4;
    %assign/vec4 v0x55c3b759f680_0, 0;
    %jmp T_15.1;
T_15.0 ;
    %load/vec4 v0x55c3b759fae0_0;
    %flag_set/vec4 8;
    %jmp/0xz  T_15.2, 8;
    %load/vec4 v0x55c3b759f570_0;
    %assign/vec4 v0x55c3b759f680_0, 0;
T_15.2 ;
T_15.1 ;
    %jmp T_15;
    .thread T_15;
    .scope S_0x55c3b759cf10;
T_16 ;
    %fork t_1, S_0x55c3b759d1b0;
    %jmp t_0;
    .scope S_0x55c3b759d1b0;
t_1 ;
    %vpi_call 12 41 "$readmemb", P_0x55c3b759d0f0, v0x55c3b759db20 {0 0 0};
    %end;
    .scope S_0x55c3b759cf10;
t_0 %join;
    %end;
    .thread T_16;
    .scope S_0x55c3b759cf10;
T_17 ;
    %wait E_0x55c3b75999a0;
    %load/vec4 v0x55c3b759dbe0_0;
    %flag_set/vec4 8;
    %jmp/0xz  T_17.0, 8;
    %load/vec4 v0x55c3b759d930_0;
    %load/vec4 v0x55c3b759d650_0;
    %pad/u 6;
    %ix/vec4 3;
    %ix/load 4, 0, 0; Constant delay
    %assign/vec4/a/d v0x55c3b759db20, 0, 4;
T_17.0 ;
    %load/vec4 v0x55c3b759d650_0;
    %assign/vec4 v0x55c3b759d760_0, 0;
    %jmp T_17;
    .thread T_17;
    .scope S_0x55c3b759c2a0;
T_18 ;
    %wait E_0x55c3b759c4a0;
    %load/vec4 v0x55c3b759c520_0;
    %dup/vec4;
    %pushi/vec4 8, 0, 4;
    %cmp/u;
    %jmp/1 T_18.0, 6;
    %dup/vec4;
    %pushi/vec4 1, 0, 4;
    %cmp/u;
    %jmp/1 T_18.1, 6;
    %dup/vec4;
    %pushi/vec4 2, 0, 4;
    %cmp/u;
    %jmp/1 T_18.2, 6;
    %dup/vec4;
    %pushi/vec4 4, 0, 4;
    %cmp/u;
    %jmp/1 T_18.3, 6;
    %jmp T_18.4;
T_18.0 ;
    %pushi/vec4 2, 0, 3;
    %store/vec4 v0x55c3b759c630_0, 0, 3;
    %jmp T_18.4;
T_18.1 ;
    %pushi/vec4 1, 0, 3;
    %store/vec4 v0x55c3b759c630_0, 0, 3;
    %jmp T_18.4;
T_18.2 ;
    %pushi/vec4 4, 0, 3;
    %store/vec4 v0x55c3b759c630_0, 0, 3;
    %jmp T_18.4;
T_18.3 ;
    %pushi/vec4 3, 0, 3;
    %store/vec4 v0x55c3b759c630_0, 0, 3;
    %jmp T_18.4;
T_18.4 ;
    %pop/vec4 1;
    %jmp T_18;
    .thread T_18, $push;
    .scope S_0x55c3b759dd40;
T_19 ;
    %wait E_0x55c3b759df70;
    %load/vec4 v0x55c3b759e280_0;
    %dup/vec4;
    %pushi/vec4 0, 0, 1;
    %cmp/u;
    %jmp/1 T_19.0, 6;
    %dup/vec4;
    %pushi/vec4 1, 0, 1;
    %cmp/u;
    %jmp/1 T_19.1, 6;
    %pushi/vec4 7, 0, 3;
    %store/vec4 v0x55c3b759e1b0_0, 0, 3;
    %jmp T_19.3;
T_19.0 ;
    %load/vec4 v0x55c3b759dff0_0;
    %store/vec4 v0x55c3b759e1b0_0, 0, 3;
    %jmp T_19.3;
T_19.1 ;
    %load/vec4 v0x55c3b759e0f0_0;
    %store/vec4 v0x55c3b759e1b0_0, 0, 3;
    %jmp T_19.3;
T_19.3 ;
    %pop/vec4 1;
    %jmp T_19;
    .thread T_19, $push;
    .scope S_0x55c3b75a2980;
T_20 ;
    %wait E_0x55c3b759b0c0;
    %load/vec4 v0x55c3b75a4ee0_0;
    %flag_set/vec4 8;
    %jmp/0xz  T_20.0, 8;
    %pushi/vec4 0, 0, 5;
    %assign/vec4 v0x55c3b75a3c80_0, 0;
    %jmp T_20.1;
T_20.0 ;
    %load/vec4 v0x55c3b75a3d80_0;
    %assign/vec4 v0x55c3b75a3c80_0, 0;
T_20.1 ;
    %jmp T_20;
    .thread T_20;
    .scope S_0x55c3b75a2980;
T_21 ;
    %wait E_0x55c3b75a3be0;
    %load/vec4 v0x55c3b75a3c80_0;
    %dup/vec4;
    %pushi/vec4 0, 0, 5;
    %cmp/u;
    %jmp/1 T_21.0, 6;
    %dup/vec4;
    %pushi/vec4 1, 0, 5;
    %cmp/u;
    %jmp/1 T_21.1, 6;
    %dup/vec4;
    %pushi/vec4 2, 0, 5;
    %cmp/u;
    %jmp/1 T_21.2, 6;
    %dup/vec4;
    %pushi/vec4 3, 0, 5;
    %cmp/u;
    %jmp/1 T_21.3, 6;
    %dup/vec4;
    %pushi/vec4 4, 0, 5;
    %cmp/u;
    %jmp/1 T_21.4, 6;
    %dup/vec4;
    %pushi/vec4 5, 0, 5;
    %cmp/u;
    %jmp/1 T_21.5, 6;
    %dup/vec4;
    %pushi/vec4 6, 0, 5;
    %cmp/u;
    %jmp/1 T_21.6, 6;
    %dup/vec4;
    %pushi/vec4 7, 0, 5;
    %cmp/u;
    %jmp/1 T_21.7, 6;
    %dup/vec4;
    %pushi/vec4 8, 0, 5;
    %cmp/u;
    %jmp/1 T_21.8, 6;
    %dup/vec4;
    %pushi/vec4 9, 0, 5;
    %cmp/u;
    %jmp/1 T_21.9, 6;
    %dup/vec4;
    %pushi/vec4 13, 0, 5;
    %cmp/u;
    %jmp/1 T_21.10, 6;
    %dup/vec4;
    %pushi/vec4 10, 0, 5;
    %cmp/u;
    %jmp/1 T_21.11, 6;
    %dup/vec4;
    %pushi/vec4 14, 0, 5;
    %cmp/u;
    %jmp/1 T_21.12, 6;
    %dup/vec4;
    %pushi/vec4 11, 0, 5;
    %cmp/u;
    %jmp/1 T_21.13, 6;
    %dup/vec4;
    %pushi/vec4 12, 0, 5;
    %cmp/u;
    %jmp/1 T_21.14, 6;
    %dup/vec4;
    %pushi/vec4 15, 0, 5;
    %cmp/u;
    %jmp/1 T_21.15, 6;
    %dup/vec4;
    %pushi/vec4 16, 0, 5;
    %cmp/u;
    %jmp/1 T_21.16, 6;
    %dup/vec4;
    %pushi/vec4 17, 0, 5;
    %cmp/u;
    %jmp/1 T_21.17, 6;
    %pushi/vec4 18, 0, 5;
    %store/vec4 v0x55c3b75a3d80_0, 0, 5;
    %jmp T_21.19;
T_21.0 ;
    %load/vec4 v0x55c3b75a4a10_0;
    %flag_set/vec4 8;
    %jmp/0 T_21.20, 8;
    %pushi/vec4 1, 0, 5;
    %jmp/1 T_21.21, 8;
T_21.20 ; End of true expr.
    %pushi/vec4 0, 0, 5;
    %jmp/0 T_21.21, 8;
 ; End of false expr.
    %blend;
T_21.21;
    %store/vec4 v0x55c3b75a3d80_0, 0, 5;
    %jmp T_21.19;
T_21.1 ;
    %pushi/vec4 2, 0, 5;
    %store/vec4 v0x55c3b75a3d80_0, 0, 5;
    %jmp T_21.19;
T_21.2 ;
    %pushi/vec4 3, 0, 5;
    %store/vec4 v0x55c3b75a3d80_0, 0, 5;
    %jmp T_21.19;
T_21.3 ;
    %load/vec4 v0x55c3b75a50c0_0;
    %flag_set/vec4 8;
    %jmp/0 T_21.22, 8;
    %pushi/vec4 4, 0, 5;
    %jmp/1 T_21.23, 8;
T_21.22 ; End of true expr.
    %pushi/vec4 3, 0, 5;
    %jmp/0 T_21.23, 8;
 ; End of false expr.
    %blend;
T_21.23;
    %store/vec4 v0x55c3b75a3d80_0, 0, 5;
    %jmp T_21.19;
T_21.4 ;
    %pushi/vec4 5, 0, 5;
    %store/vec4 v0x55c3b75a3d80_0, 0, 5;
    %jmp T_21.19;
T_21.5 ;
    %load/vec4 v0x55c3b75a4880_0;
    %flag_set/vec4 8;
    %jmp/0 T_21.24, 8;
    %pushi/vec4 16, 0, 5;
    %jmp/1 T_21.25, 8;
T_21.24 ; End of true expr.
    %pushi/vec4 6, 0, 5;
    %jmp/0 T_21.25, 8;
 ; End of false expr.
    %blend;
T_21.25;
    %store/vec4 v0x55c3b75a3d80_0, 0, 5;
    %jmp T_21.19;
T_21.6 ;
    %pushi/vec4 2, 0, 5;
    %store/vec4 v0x55c3b75a3d80_0, 0, 5;
    %jmp T_21.19;
T_21.7 ;
    %load/vec4 v0x55c3b75a4f80_0;
    %flag_set/vec4 9;
    %flag_get/vec4 9;
    %jmp/0 T_21.28, 9;
    %load/vec4 v0x55c3b75a5020_0;
    %and;
T_21.28;
    %flag_set/vec4 8;
    %jmp/0xz  T_21.26, 8;
    %pushi/vec4 15, 0, 5;
    %store/vec4 v0x55c3b75a3d80_0, 0, 5;
    %jmp T_21.27;
T_21.26 ;
    %load/vec4 v0x55c3b75a4ab0_0;
    %flag_set/vec4 8;
    %jmp/0 T_21.29, 8;
    %pushi/vec4 8, 0, 5;
    %jmp/1 T_21.30, 8;
T_21.29 ; End of true expr.
    %pushi/vec4 7, 0, 5;
    %jmp/0 T_21.30, 8;
 ; End of false expr.
    %blend;
T_21.30;
    %store/vec4 v0x55c3b75a3d80_0, 0, 5;
T_21.27 ;
    %jmp T_21.19;
T_21.8 ;
    %pushi/vec4 9, 0, 5;
    %store/vec4 v0x55c3b75a3d80_0, 0, 5;
    %jmp T_21.19;
T_21.9 ;
    %load/vec4 v0x55c3b75a4920_0;
    %nor/r;
    %flag_set/vec4 8;
    %jmp/0xz  T_21.31, 8;
    %pushi/vec4 12, 0, 5;
    %store/vec4 v0x55c3b75a3d80_0, 0, 5;
    %jmp T_21.32;
T_21.31 ;
    %load/vec4 v0x55c3b75a45e0_0;
    %flag_set/vec4 8;
    %jmp/0xz  T_21.33, 8;
    %load/vec4 v0x55c3b75a4790_0;
    %flag_set/vec4 8;
    %jmp/0 T_21.35, 8;
    %pushi/vec4 11, 0, 5;
    %jmp/1 T_21.36, 8;
T_21.35 ; End of true expr.
    %pushi/vec4 17, 0, 5;
    %jmp/0 T_21.36, 8;
 ; End of false expr.
    %blend;
T_21.36;
    %store/vec4 v0x55c3b75a3d80_0, 0, 5;
    %jmp T_21.34;
T_21.33 ;
    %pushi/vec4 10, 0, 5;
    %store/vec4 v0x55c3b75a3d80_0, 0, 5;
T_21.34 ;
T_21.32 ;
    %jmp T_21.19;
T_21.10 ;
    %load/vec4 v0x55c3b75a4ab0_0;
    %flag_set/vec4 8;
    %jmp/0 T_21.37, 8;
    %pushi/vec4 14, 0, 5;
    %jmp/1 T_21.38, 8;
T_21.37 ; End of true expr.
    %pushi/vec4 13, 0, 5;
    %jmp/0 T_21.38, 8;
 ; End of false expr.
    %blend;
T_21.38;
    %store/vec4 v0x55c3b75a3d80_0, 0, 5;
    %jmp T_21.19;
T_21.11 ;
    %pushi/vec4 7, 0, 5;
    %store/vec4 v0x55c3b75a3d80_0, 0, 5;
    %jmp T_21.19;
T_21.12 ;
    %pushi/vec4 2, 0, 5;
    %store/vec4 v0x55c3b75a3d80_0, 0, 5;
    %jmp T_21.19;
T_21.13 ;
    %load/vec4 v0x55c3b75a4a10_0;
    %flag_set/vec4 8;
    %jmp/0 T_21.39, 8;
    %pushi/vec4 1, 0, 5;
    %jmp/1 T_21.40, 8;
T_21.39 ; End of true expr.
    %pushi/vec4 11, 0, 5;
    %jmp/0 T_21.40, 8;
 ; End of false expr.
    %blend;
T_21.40;
    %store/vec4 v0x55c3b75a3d80_0, 0, 5;
    %jmp T_21.19;
T_21.14 ;
    %load/vec4 v0x55c3b75a4a10_0;
    %flag_set/vec4 8;
    %jmp/0 T_21.41, 8;
    %pushi/vec4 1, 0, 5;
    %jmp/1 T_21.42, 8;
T_21.41 ; End of true expr.
    %pushi/vec4 12, 0, 5;
    %jmp/0 T_21.42, 8;
 ; End of false expr.
    %blend;
T_21.42;
    %store/vec4 v0x55c3b75a3d80_0, 0, 5;
    %jmp T_21.19;
T_21.15 ;
    %load/vec4 v0x55c3b75a4a10_0;
    %flag_set/vec4 8;
    %jmp/0 T_21.43, 8;
    %pushi/vec4 1, 0, 5;
    %jmp/1 T_21.44, 8;
T_21.43 ; End of true expr.
    %pushi/vec4 15, 0, 5;
    %jmp/0 T_21.44, 8;
 ; End of false expr.
    %blend;
T_21.44;
    %store/vec4 v0x55c3b75a3d80_0, 0, 5;
    %jmp T_21.19;
T_21.16 ;
    %pushi/vec4 7, 0, 5;
    %store/vec4 v0x55c3b75a3d80_0, 0, 5;
    %jmp T_21.19;
T_21.17 ;
    %pushi/vec4 13, 0, 5;
    %store/vec4 v0x55c3b75a3d80_0, 0, 5;
    %jmp T_21.19;
T_21.19 ;
    %pop/vec4 1;
    %jmp T_21;
    .thread T_21, $push;
    .scope S_0x55c3b75a2980;
T_22 ;
    %wait E_0x55c3b75a3b80;
    %load/vec4 v0x55c3b75a3c80_0;
    %cmpi/e 1, 0, 5;
    %jmp/1 T_22.1, 4;
    %flag_mov 8, 4;
    %load/vec4 v0x55c3b75a3c80_0;
    %cmpi/e 14, 0, 5;
    %flag_or 4, 8;
T_22.1;
    %flag_get/vec4 4;
    %jmp/1 T_22.0, 4;
    %load/vec4 v0x55c3b75a3c80_0;
    %pushi/vec4 16, 0, 5;
    %cmp/e;
    %flag_get/vec4 4;
    %or;
T_22.0;
    %store/vec4 v0x55c3b75a52a0_0, 0, 1;
    %load/vec4 v0x55c3b75a3c80_0;
    %cmpi/e 10, 0, 5;
    %jmp/1 T_22.3, 4;
    %flag_mov 8, 4;
    %load/vec4 v0x55c3b75a3c80_0;
    %cmpi/e 6, 0, 5;
    %flag_or 4, 8;
T_22.3;
    %flag_get/vec4 4;
    %jmp/1 T_22.2, 4;
    %load/vec4 v0x55c3b75a3c80_0;
    %pushi/vec4 17, 0, 5;
    %cmp/e;
    %flag_get/vec4 4;
    %or;
T_22.2;
    %store/vec4 v0x55c3b75a4110_0, 0, 1;
    %load/vec4 v0x55c3b75a3c80_0;
    %pushi/vec4 1, 0, 5;
    %cmp/e;
    %flag_get/vec4 4;
    %store/vec4 v0x55c3b75a5340_0, 0, 1;
    %load/vec4 v0x55c3b75a3c80_0;
    %pushi/vec4 14, 0, 5;
    %cmp/e;
    %flag_get/vec4 4;
    %store/vec4 v0x55c3b75a4200_0, 0, 1;
    %load/vec4 v0x55c3b75a3c80_0;
    %cmpi/e 1, 0, 5;
    %flag_get/vec4 4;
    %jmp/1 T_22.4, 4;
    %load/vec4 v0x55c3b75a3c80_0;
    %pushi/vec4 14, 0, 5;
    %cmp/e;
    %flag_get/vec4 4;
    %or;
T_22.4;
    %store/vec4 v0x55c3b75a51b0_0, 0, 1;
    %load/vec4 v0x55c3b75a3c80_0;
    %pushi/vec4 8, 0, 5;
    %cmp/e;
    %flag_get/vec4 4;
    %store/vec4 v0x55c3b75a4df0_0, 0, 1;
    %load/vec4 v0x55c3b75a3c80_0;
    %pushi/vec4 0, 0, 5;
    %cmp/e;
    %flag_get/vec4 4;
    %store/vec4 v0x55c3b75a53e0_0, 0, 1;
    %load/vec4 v0x55c3b75a3c80_0;
    %pushi/vec4 1, 0, 5;
    %cmp/e;
    %flag_get/vec4 4;
    %store/vec4 v0x55c3b75a4d50_0, 0, 1;
    %load/vec4 v0x55c3b75a3c80_0;
    %cmpi/e 1, 0, 5;
    %jmp/1 T_22.7, 4;
    %flag_mov 8, 4;
    %load/vec4 v0x55c3b75a3c80_0;
    %cmpi/e 10, 0, 5;
    %flag_or 4, 8;
T_22.7;
    %jmp/1 T_22.6, 4;
    %flag_mov 8, 4;
    %load/vec4 v0x55c3b75a3c80_0;
    %cmpi/e 14, 0, 5;
    %flag_or 4, 8;
T_22.6;
    %flag_get/vec4 4;
    %jmp/1 T_22.5, 4;
    %load/vec4 v0x55c3b75a3c80_0;
    %pushi/vec4 0, 0, 5;
    %cmp/e;
    %flag_get/vec4 4;
    %or;
T_22.5;
    %store/vec4 v0x55c3b75a5570_0, 0, 1;
    %load/vec4 v0x55c3b75a3c80_0;
    %cmpi/e 7, 0, 5;
    %flag_get/vec4 4;
    %jmp/1 T_22.8, 4;
    %load/vec4 v0x55c3b75a3c80_0;
    %pushi/vec4 13, 0, 5;
    %cmp/e;
    %flag_get/vec4 4;
    %or;
T_22.8;
    %store/vec4 v0x55c3b75a44f0_0, 0, 1;
    %load/vec4 v0x55c3b75a3c80_0;
    %pushi/vec4 11, 0, 5;
    %cmp/e;
    %flag_get/vec4 4;
    %store/vec4 v0x55c3b75a3e60_0, 0, 1;
    %load/vec4 v0x55c3b75a3c80_0;
    %cmpi/e 12, 0, 5;
    %flag_get/vec4 4;
    %jmp/1 T_22.9, 4;
    %load/vec4 v0x55c3b75a3c80_0;
    %pushi/vec4 15, 0, 5;
    %cmp/e;
    %flag_get/vec4 4;
    %or;
T_22.9;
    %store/vec4 v0x55c3b75a46d0_0, 0, 1;
    %load/vec4 v0x55c3b75a3c80_0;
    %cmpi/e 15, 0, 5;
    %jmp/1 T_22.11, 4;
    %flag_mov 8, 4;
    %load/vec4 v0x55c3b75a3c80_0;
    %cmpi/e 11, 0, 5;
    %flag_or 4, 8;
T_22.11;
    %flag_get/vec4 4;
    %jmp/1 T_22.10, 4;
    %load/vec4 v0x55c3b75a3c80_0;
    %pushi/vec4 12, 0, 5;
    %cmp/e;
    %flag_get/vec4 4;
    %or;
T_22.10;
    %store/vec4 v0x55c3b75a4ba0_0, 0, 1;
    %load/vec4 v0x55c3b75a3c80_0;
    %pushi/vec4 13, 0, 5;
    %cmp/e;
    %flag_get/vec4 4;
    %store/vec4 v0x55c3b75a4c60_0, 0, 1;
    %load/vec4 v0x55c3b75a3c80_0;
    %cmpi/e 2, 0, 5;
    %flag_get/vec4 4;
    %jmp/1 T_22.12, 4;
    %load/vec4 v0x55c3b75a3c80_0;
    %pushi/vec4 4, 0, 5;
    %cmp/e;
    %flag_get/vec4 4;
    %or;
T_22.12;
    %store/vec4 v0x55c3b75a5480_0, 0, 1;
    %load/vec4 v0x55c3b75a3c80_0;
    %cmpi/e 3, 0, 5;
    %flag_get/vec4 4;
    %jmp/1 T_22.13, 4;
    %load/vec4 v0x55c3b75a3c80_0;
    %pushi/vec4 5, 0, 5;
    %cmp/e;
    %flag_get/vec4 4;
    %or;
T_22.13;
    %store/vec4 v0x55c3b75a4450_0, 0, 1;
    %load/vec4 v0x55c3b75a3c80_0;
    %pushi/vec4 3, 0, 5;
    %cmp/e;
    %flag_get/vec4 4;
    %store/vec4 v0x55c3b75a3fd0_0, 0, 1;
    %load/vec4 v0x55c3b75a3c80_0;
    %store/vec4 v0x55c3b75a42f0_0, 0, 5;
    %load/vec4 v0x55c3b75a3c80_0;
    %pushi/vec4 15, 0, 5;
    %cmp/e;
    %flag_get/vec4 4;
    %store/vec4 v0x55c3b75a43b0_0, 0, 1;
    %jmp T_22;
    .thread T_22, $push;
    .scope S_0x55c3b756b320;
T_23 ;
    %wait E_0x55c3b750ba80;
    %load/vec4 v0x55c3b754e280_0;
    %dup/vec4;
    %pushi/vec4 0, 0, 5;
    %cmp/u;
    %jmp/1 T_23.0, 6;
    %dup/vec4;
    %pushi/vec4 1, 0, 5;
    %cmp/u;
    %jmp/1 T_23.1, 6;
    %dup/vec4;
    %pushi/vec4 2, 0, 5;
    %cmp/u;
    %jmp/1 T_23.2, 6;
    %dup/vec4;
    %pushi/vec4 3, 0, 5;
    %cmp/u;
    %jmp/1 T_23.3, 6;
    %dup/vec4;
    %pushi/vec4 4, 0, 5;
    %cmp/u;
    %jmp/1 T_23.4, 6;
    %dup/vec4;
    %pushi/vec4 5, 0, 5;
    %cmp/u;
    %jmp/1 T_23.5, 6;
    %dup/vec4;
    %pushi/vec4 6, 0, 5;
    %cmp/u;
    %jmp/1 T_23.6, 6;
    %dup/vec4;
    %pushi/vec4 7, 0, 5;
    %cmp/u;
    %jmp/1 T_23.7, 6;
    %dup/vec4;
    %pushi/vec4 8, 0, 5;
    %cmp/u;
    %jmp/1 T_23.8, 6;
    %dup/vec4;
    %pushi/vec4 9, 0, 5;
    %cmp/u;
    %jmp/1 T_23.9, 6;
    %dup/vec4;
    %pushi/vec4 10, 0, 5;
    %cmp/u;
    %jmp/1 T_23.10, 6;
    %dup/vec4;
    %pushi/vec4 11, 0, 5;
    %cmp/u;
    %jmp/1 T_23.11, 6;
    %dup/vec4;
    %pushi/vec4 12, 0, 5;
    %cmp/u;
    %jmp/1 T_23.12, 6;
    %dup/vec4;
    %pushi/vec4 13, 0, 5;
    %cmp/u;
    %jmp/1 T_23.13, 6;
    %dup/vec4;
    %pushi/vec4 14, 0, 5;
    %cmp/u;
    %jmp/1 T_23.14, 6;
    %dup/vec4;
    %pushi/vec4 15, 0, 5;
    %cmp/u;
    %jmp/1 T_23.15, 6;
    %dup/vec4;
    %pushi/vec4 16, 0, 5;
    %cmp/u;
    %jmp/1 T_23.16, 6;
    %dup/vec4;
    %pushi/vec4 17, 0, 5;
    %cmp/u;
    %jmp/1 T_23.17, 6;
    %dup/vec4;
    %pushi/vec4 18, 0, 5;
    %cmp/u;
    %jmp/1 T_23.18, 6;
    %dup/vec4;
    %pushi/vec4 19, 0, 5;
    %cmp/u;
    %jmp/1 T_23.19, 6;
    %dup/vec4;
    %pushi/vec4 20, 0, 5;
    %cmp/u;
    %jmp/1 T_23.20, 6;
    %dup/vec4;
    %pushi/vec4 21, 0, 5;
    %cmp/u;
    %jmp/1 T_23.21, 6;
    %pushi/vec4 127, 0, 7;
    %store/vec4 v0x55c3b7551f00_0, 0, 7;
    %jmp T_23.23;
T_23.0 ;
    %pushi/vec4 64, 0, 7;
    %store/vec4 v0x55c3b7551f00_0, 0, 7;
    %jmp T_23.23;
T_23.1 ;
    %pushi/vec4 121, 0, 7;
    %store/vec4 v0x55c3b7551f00_0, 0, 7;
    %jmp T_23.23;
T_23.2 ;
    %pushi/vec4 36, 0, 7;
    %store/vec4 v0x55c3b7551f00_0, 0, 7;
    %jmp T_23.23;
T_23.3 ;
    %pushi/vec4 48, 0, 7;
    %store/vec4 v0x55c3b7551f00_0, 0, 7;
    %jmp T_23.23;
T_23.4 ;
    %pushi/vec4 25, 0, 7;
    %store/vec4 v0x55c3b7551f00_0, 0, 7;
    %jmp T_23.23;
T_23.5 ;
    %pushi/vec4 18, 0, 7;
    %store/vec4 v0x55c3b7551f00_0, 0, 7;
    %jmp T_23.23;
T_23.6 ;
    %pushi/vec4 2, 0, 7;
    %store/vec4 v0x55c3b7551f00_0, 0, 7;
    %jmp T_23.23;
T_23.7 ;
    %pushi/vec4 120, 0, 7;
    %store/vec4 v0x55c3b7551f00_0, 0, 7;
    %jmp T_23.23;
T_23.8 ;
    %pushi/vec4 0, 0, 7;
    %store/vec4 v0x55c3b7551f00_0, 0, 7;
    %jmp T_23.23;
T_23.9 ;
    %pushi/vec4 16, 0, 7;
    %store/vec4 v0x55c3b7551f00_0, 0, 7;
    %jmp T_23.23;
T_23.10 ;
    %pushi/vec4 8, 0, 7;
    %store/vec4 v0x55c3b7551f00_0, 0, 7;
    %jmp T_23.23;
T_23.11 ;
    %pushi/vec4 3, 0, 7;
    %store/vec4 v0x55c3b7551f00_0, 0, 7;
    %jmp T_23.23;
T_23.12 ;
    %pushi/vec4 70, 0, 7;
    %store/vec4 v0x55c3b7551f00_0, 0, 7;
    %jmp T_23.23;
T_23.13 ;
    %pushi/vec4 33, 0, 7;
    %store/vec4 v0x55c3b7551f00_0, 0, 7;
    %jmp T_23.23;
T_23.14 ;
    %pushi/vec4 6, 0, 7;
    %store/vec4 v0x55c3b7551f00_0, 0, 7;
    %jmp T_23.23;
T_23.15 ;
    %pushi/vec4 14, 0, 7;
    %store/vec4 v0x55c3b7551f00_0, 0, 7;
    %jmp T_23.23;
T_23.16 ;
    %pushi/vec4 126, 0, 7;
    %store/vec4 v0x55c3b7551f00_0, 0, 7;
    %jmp T_23.23;
T_23.17 ;
    %pushi/vec4 125, 0, 7;
    %store/vec4 v0x55c3b7551f00_0, 0, 7;
    %jmp T_23.23;
T_23.18 ;
    %pushi/vec4 123, 0, 7;
    %store/vec4 v0x55c3b7551f00_0, 0, 7;
    %jmp T_23.23;
T_23.19 ;
    %pushi/vec4 119, 0, 7;
    %store/vec4 v0x55c3b7551f00_0, 0, 7;
    %jmp T_23.23;
T_23.20 ;
    %pushi/vec4 111, 0, 7;
    %store/vec4 v0x55c3b7551f00_0, 0, 7;
    %jmp T_23.23;
T_23.21 ;
    %pushi/vec4 95, 0, 7;
    %store/vec4 v0x55c3b7551f00_0, 0, 7;
    %jmp T_23.23;
T_23.23 ;
    %pop/vec4 1;
    %jmp T_23;
    .thread T_23, $push;
    .scope S_0x55c3b756b6a0;
T_24 ;
    %wait E_0x55c3b7586120;
    %load/vec4 v0x55c3b7593710_0;
    %dup/vec4;
    %pushi/vec4 0, 0, 5;
    %cmp/u;
    %jmp/1 T_24.0, 6;
    %dup/vec4;
    %pushi/vec4 1, 0, 5;
    %cmp/u;
    %jmp/1 T_24.1, 6;
    %dup/vec4;
    %pushi/vec4 2, 0, 5;
    %cmp/u;
    %jmp/1 T_24.2, 6;
    %dup/vec4;
    %pushi/vec4 3, 0, 5;
    %cmp/u;
    %jmp/1 T_24.3, 6;
    %dup/vec4;
    %pushi/vec4 4, 0, 5;
    %cmp/u;
    %jmp/1 T_24.4, 6;
    %dup/vec4;
    %pushi/vec4 5, 0, 5;
    %cmp/u;
    %jmp/1 T_24.5, 6;
    %dup/vec4;
    %pushi/vec4 6, 0, 5;
    %cmp/u;
    %jmp/1 T_24.6, 6;
    %dup/vec4;
    %pushi/vec4 7, 0, 5;
    %cmp/u;
    %jmp/1 T_24.7, 6;
    %dup/vec4;
    %pushi/vec4 8, 0, 5;
    %cmp/u;
    %jmp/1 T_24.8, 6;
    %dup/vec4;
    %pushi/vec4 9, 0, 5;
    %cmp/u;
    %jmp/1 T_24.9, 6;
    %dup/vec4;
    %pushi/vec4 10, 0, 5;
    %cmp/u;
    %jmp/1 T_24.10, 6;
    %dup/vec4;
    %pushi/vec4 11, 0, 5;
    %cmp/u;
    %jmp/1 T_24.11, 6;
    %dup/vec4;
    %pushi/vec4 12, 0, 5;
    %cmp/u;
    %jmp/1 T_24.12, 6;
    %dup/vec4;
    %pushi/vec4 13, 0, 5;
    %cmp/u;
    %jmp/1 T_24.13, 6;
    %dup/vec4;
    %pushi/vec4 14, 0, 5;
    %cmp/u;
    %jmp/1 T_24.14, 6;
    %dup/vec4;
    %pushi/vec4 15, 0, 5;
    %cmp/u;
    %jmp/1 T_24.15, 6;
    %dup/vec4;
    %pushi/vec4 16, 0, 5;
    %cmp/u;
    %jmp/1 T_24.16, 6;
    %dup/vec4;
    %pushi/vec4 17, 0, 5;
    %cmp/u;
    %jmp/1 T_24.17, 6;
    %dup/vec4;
    %pushi/vec4 18, 0, 5;
    %cmp/u;
    %jmp/1 T_24.18, 6;
    %dup/vec4;
    %pushi/vec4 19, 0, 5;
    %cmp/u;
    %jmp/1 T_24.19, 6;
    %dup/vec4;
    %pushi/vec4 20, 0, 5;
    %cmp/u;
    %jmp/1 T_24.20, 6;
    %dup/vec4;
    %pushi/vec4 21, 0, 5;
    %cmp/u;
    %jmp/1 T_24.21, 6;
    %pushi/vec4 127, 0, 7;
    %store/vec4 v0x55c3b754b810_0, 0, 7;
    %jmp T_24.23;
T_24.0 ;
    %pushi/vec4 64, 0, 7;
    %store/vec4 v0x55c3b754b810_0, 0, 7;
    %jmp T_24.23;
T_24.1 ;
    %pushi/vec4 121, 0, 7;
    %store/vec4 v0x55c3b754b810_0, 0, 7;
    %jmp T_24.23;
T_24.2 ;
    %pushi/vec4 36, 0, 7;
    %store/vec4 v0x55c3b754b810_0, 0, 7;
    %jmp T_24.23;
T_24.3 ;
    %pushi/vec4 48, 0, 7;
    %store/vec4 v0x55c3b754b810_0, 0, 7;
    %jmp T_24.23;
T_24.4 ;
    %pushi/vec4 25, 0, 7;
    %store/vec4 v0x55c3b754b810_0, 0, 7;
    %jmp T_24.23;
T_24.5 ;
    %pushi/vec4 18, 0, 7;
    %store/vec4 v0x55c3b754b810_0, 0, 7;
    %jmp T_24.23;
T_24.6 ;
    %pushi/vec4 2, 0, 7;
    %store/vec4 v0x55c3b754b810_0, 0, 7;
    %jmp T_24.23;
T_24.7 ;
    %pushi/vec4 120, 0, 7;
    %store/vec4 v0x55c3b754b810_0, 0, 7;
    %jmp T_24.23;
T_24.8 ;
    %pushi/vec4 0, 0, 7;
    %store/vec4 v0x55c3b754b810_0, 0, 7;
    %jmp T_24.23;
T_24.9 ;
    %pushi/vec4 16, 0, 7;
    %store/vec4 v0x55c3b754b810_0, 0, 7;
    %jmp T_24.23;
T_24.10 ;
    %pushi/vec4 8, 0, 7;
    %store/vec4 v0x55c3b754b810_0, 0, 7;
    %jmp T_24.23;
T_24.11 ;
    %pushi/vec4 3, 0, 7;
    %store/vec4 v0x55c3b754b810_0, 0, 7;
    %jmp T_24.23;
T_24.12 ;
    %pushi/vec4 70, 0, 7;
    %store/vec4 v0x55c3b754b810_0, 0, 7;
    %jmp T_24.23;
T_24.13 ;
    %pushi/vec4 33, 0, 7;
    %store/vec4 v0x55c3b754b810_0, 0, 7;
    %jmp T_24.23;
T_24.14 ;
    %pushi/vec4 6, 0, 7;
    %store/vec4 v0x55c3b754b810_0, 0, 7;
    %jmp T_24.23;
T_24.15 ;
    %pushi/vec4 14, 0, 7;
    %store/vec4 v0x55c3b754b810_0, 0, 7;
    %jmp T_24.23;
T_24.16 ;
    %pushi/vec4 126, 0, 7;
    %store/vec4 v0x55c3b754b810_0, 0, 7;
    %jmp T_24.23;
T_24.17 ;
    %pushi/vec4 125, 0, 7;
    %store/vec4 v0x55c3b754b810_0, 0, 7;
    %jmp T_24.23;
T_24.18 ;
    %pushi/vec4 123, 0, 7;
    %store/vec4 v0x55c3b754b810_0, 0, 7;
    %jmp T_24.23;
T_24.19 ;
    %pushi/vec4 119, 0, 7;
    %store/vec4 v0x55c3b754b810_0, 0, 7;
    %jmp T_24.23;
T_24.20 ;
    %pushi/vec4 111, 0, 7;
    %store/vec4 v0x55c3b754b810_0, 0, 7;
    %jmp T_24.23;
T_24.21 ;
    %pushi/vec4 95, 0, 7;
    %store/vec4 v0x55c3b754b810_0, 0, 7;
    %jmp T_24.23;
T_24.23 ;
    %pop/vec4 1;
    %jmp T_24;
    .thread T_24, $push;
    .scope S_0x55c3b756ba20;
T_25 ;
    %wait E_0x55c3b75938a0;
    %load/vec4 v0x55c3b7593a00_0;
    %dup/vec4;
    %pushi/vec4 0, 0, 5;
    %cmp/u;
    %jmp/1 T_25.0, 6;
    %dup/vec4;
    %pushi/vec4 1, 0, 5;
    %cmp/u;
    %jmp/1 T_25.1, 6;
    %dup/vec4;
    %pushi/vec4 2, 0, 5;
    %cmp/u;
    %jmp/1 T_25.2, 6;
    %dup/vec4;
    %pushi/vec4 3, 0, 5;
    %cmp/u;
    %jmp/1 T_25.3, 6;
    %dup/vec4;
    %pushi/vec4 4, 0, 5;
    %cmp/u;
    %jmp/1 T_25.4, 6;
    %dup/vec4;
    %pushi/vec4 5, 0, 5;
    %cmp/u;
    %jmp/1 T_25.5, 6;
    %dup/vec4;
    %pushi/vec4 6, 0, 5;
    %cmp/u;
    %jmp/1 T_25.6, 6;
    %dup/vec4;
    %pushi/vec4 7, 0, 5;
    %cmp/u;
    %jmp/1 T_25.7, 6;
    %dup/vec4;
    %pushi/vec4 8, 0, 5;
    %cmp/u;
    %jmp/1 T_25.8, 6;
    %dup/vec4;
    %pushi/vec4 9, 0, 5;
    %cmp/u;
    %jmp/1 T_25.9, 6;
    %dup/vec4;
    %pushi/vec4 10, 0, 5;
    %cmp/u;
    %jmp/1 T_25.10, 6;
    %dup/vec4;
    %pushi/vec4 11, 0, 5;
    %cmp/u;
    %jmp/1 T_25.11, 6;
    %dup/vec4;
    %pushi/vec4 12, 0, 5;
    %cmp/u;
    %jmp/1 T_25.12, 6;
    %dup/vec4;
    %pushi/vec4 13, 0, 5;
    %cmp/u;
    %jmp/1 T_25.13, 6;
    %dup/vec4;
    %pushi/vec4 14, 0, 5;
    %cmp/u;
    %jmp/1 T_25.14, 6;
    %dup/vec4;
    %pushi/vec4 15, 0, 5;
    %cmp/u;
    %jmp/1 T_25.15, 6;
    %dup/vec4;
    %pushi/vec4 16, 0, 5;
    %cmp/u;
    %jmp/1 T_25.16, 6;
    %dup/vec4;
    %pushi/vec4 17, 0, 5;
    %cmp/u;
    %jmp/1 T_25.17, 6;
    %dup/vec4;
    %pushi/vec4 18, 0, 5;
    %cmp/u;
    %jmp/1 T_25.18, 6;
    %dup/vec4;
    %pushi/vec4 19, 0, 5;
    %cmp/u;
    %jmp/1 T_25.19, 6;
    %dup/vec4;
    %pushi/vec4 20, 0, 5;
    %cmp/u;
    %jmp/1 T_25.20, 6;
    %dup/vec4;
    %pushi/vec4 21, 0, 5;
    %cmp/u;
    %jmp/1 T_25.21, 6;
    %pushi/vec4 127, 0, 7;
    %store/vec4 v0x55c3b7593900_0, 0, 7;
    %jmp T_25.23;
T_25.0 ;
    %pushi/vec4 64, 0, 7;
    %store/vec4 v0x55c3b7593900_0, 0, 7;
    %jmp T_25.23;
T_25.1 ;
    %pushi/vec4 121, 0, 7;
    %store/vec4 v0x55c3b7593900_0, 0, 7;
    %jmp T_25.23;
T_25.2 ;
    %pushi/vec4 36, 0, 7;
    %store/vec4 v0x55c3b7593900_0, 0, 7;
    %jmp T_25.23;
T_25.3 ;
    %pushi/vec4 48, 0, 7;
    %store/vec4 v0x55c3b7593900_0, 0, 7;
    %jmp T_25.23;
T_25.4 ;
    %pushi/vec4 25, 0, 7;
    %store/vec4 v0x55c3b7593900_0, 0, 7;
    %jmp T_25.23;
T_25.5 ;
    %pushi/vec4 18, 0, 7;
    %store/vec4 v0x55c3b7593900_0, 0, 7;
    %jmp T_25.23;
T_25.6 ;
    %pushi/vec4 2, 0, 7;
    %store/vec4 v0x55c3b7593900_0, 0, 7;
    %jmp T_25.23;
T_25.7 ;
    %pushi/vec4 120, 0, 7;
    %store/vec4 v0x55c3b7593900_0, 0, 7;
    %jmp T_25.23;
T_25.8 ;
    %pushi/vec4 0, 0, 7;
    %store/vec4 v0x55c3b7593900_0, 0, 7;
    %jmp T_25.23;
T_25.9 ;
    %pushi/vec4 16, 0, 7;
    %store/vec4 v0x55c3b7593900_0, 0, 7;
    %jmp T_25.23;
T_25.10 ;
    %pushi/vec4 8, 0, 7;
    %store/vec4 v0x55c3b7593900_0, 0, 7;
    %jmp T_25.23;
T_25.11 ;
    %pushi/vec4 3, 0, 7;
    %store/vec4 v0x55c3b7593900_0, 0, 7;
    %jmp T_25.23;
T_25.12 ;
    %pushi/vec4 70, 0, 7;
    %store/vec4 v0x55c3b7593900_0, 0, 7;
    %jmp T_25.23;
T_25.13 ;
    %pushi/vec4 33, 0, 7;
    %store/vec4 v0x55c3b7593900_0, 0, 7;
    %jmp T_25.23;
T_25.14 ;
    %pushi/vec4 6, 0, 7;
    %store/vec4 v0x55c3b7593900_0, 0, 7;
    %jmp T_25.23;
T_25.15 ;
    %pushi/vec4 14, 0, 7;
    %store/vec4 v0x55c3b7593900_0, 0, 7;
    %jmp T_25.23;
T_25.16 ;
    %pushi/vec4 126, 0, 7;
    %store/vec4 v0x55c3b7593900_0, 0, 7;
    %jmp T_25.23;
T_25.17 ;
    %pushi/vec4 125, 0, 7;
    %store/vec4 v0x55c3b7593900_0, 0, 7;
    %jmp T_25.23;
T_25.18 ;
    %pushi/vec4 123, 0, 7;
    %store/vec4 v0x55c3b7593900_0, 0, 7;
    %jmp T_25.23;
T_25.19 ;
    %pushi/vec4 119, 0, 7;
    %store/vec4 v0x55c3b7593900_0, 0, 7;
    %jmp T_25.23;
T_25.20 ;
    %pushi/vec4 111, 0, 7;
    %store/vec4 v0x55c3b7593900_0, 0, 7;
    %jmp T_25.23;
T_25.21 ;
    %pushi/vec4 95, 0, 7;
    %store/vec4 v0x55c3b7593900_0, 0, 7;
    %jmp T_25.23;
T_25.23 ;
    %pop/vec4 1;
    %jmp T_25;
    .thread T_25, $push;
    .scope S_0x55c3b756bda0;
T_26 ;
    %wait E_0x55c3b7593bd0;
    %load/vec4 v0x55c3b7593d50_0;
    %dup/vec4;
    %pushi/vec4 0, 0, 5;
    %cmp/u;
    %jmp/1 T_26.0, 6;
    %dup/vec4;
    %pushi/vec4 1, 0, 5;
    %cmp/u;
    %jmp/1 T_26.1, 6;
    %dup/vec4;
    %pushi/vec4 2, 0, 5;
    %cmp/u;
    %jmp/1 T_26.2, 6;
    %dup/vec4;
    %pushi/vec4 3, 0, 5;
    %cmp/u;
    %jmp/1 T_26.3, 6;
    %dup/vec4;
    %pushi/vec4 4, 0, 5;
    %cmp/u;
    %jmp/1 T_26.4, 6;
    %dup/vec4;
    %pushi/vec4 5, 0, 5;
    %cmp/u;
    %jmp/1 T_26.5, 6;
    %dup/vec4;
    %pushi/vec4 6, 0, 5;
    %cmp/u;
    %jmp/1 T_26.6, 6;
    %dup/vec4;
    %pushi/vec4 7, 0, 5;
    %cmp/u;
    %jmp/1 T_26.7, 6;
    %dup/vec4;
    %pushi/vec4 8, 0, 5;
    %cmp/u;
    %jmp/1 T_26.8, 6;
    %dup/vec4;
    %pushi/vec4 9, 0, 5;
    %cmp/u;
    %jmp/1 T_26.9, 6;
    %dup/vec4;
    %pushi/vec4 10, 0, 5;
    %cmp/u;
    %jmp/1 T_26.10, 6;
    %dup/vec4;
    %pushi/vec4 11, 0, 5;
    %cmp/u;
    %jmp/1 T_26.11, 6;
    %dup/vec4;
    %pushi/vec4 12, 0, 5;
    %cmp/u;
    %jmp/1 T_26.12, 6;
    %dup/vec4;
    %pushi/vec4 13, 0, 5;
    %cmp/u;
    %jmp/1 T_26.13, 6;
    %dup/vec4;
    %pushi/vec4 14, 0, 5;
    %cmp/u;
    %jmp/1 T_26.14, 6;
    %dup/vec4;
    %pushi/vec4 15, 0, 5;
    %cmp/u;
    %jmp/1 T_26.15, 6;
    %dup/vec4;
    %pushi/vec4 16, 0, 5;
    %cmp/u;
    %jmp/1 T_26.16, 6;
    %dup/vec4;
    %pushi/vec4 17, 0, 5;
    %cmp/u;
    %jmp/1 T_26.17, 6;
    %dup/vec4;
    %pushi/vec4 18, 0, 5;
    %cmp/u;
    %jmp/1 T_26.18, 6;
    %dup/vec4;
    %pushi/vec4 19, 0, 5;
    %cmp/u;
    %jmp/1 T_26.19, 6;
    %dup/vec4;
    %pushi/vec4 20, 0, 5;
    %cmp/u;
    %jmp/1 T_26.20, 6;
    %dup/vec4;
    %pushi/vec4 21, 0, 5;
    %cmp/u;
    %jmp/1 T_26.21, 6;
    %pushi/vec4 127, 0, 7;
    %store/vec4 v0x55c3b7593c50_0, 0, 7;
    %jmp T_26.23;
T_26.0 ;
    %pushi/vec4 64, 0, 7;
    %store/vec4 v0x55c3b7593c50_0, 0, 7;
    %jmp T_26.23;
T_26.1 ;
    %pushi/vec4 121, 0, 7;
    %store/vec4 v0x55c3b7593c50_0, 0, 7;
    %jmp T_26.23;
T_26.2 ;
    %pushi/vec4 36, 0, 7;
    %store/vec4 v0x55c3b7593c50_0, 0, 7;
    %jmp T_26.23;
T_26.3 ;
    %pushi/vec4 48, 0, 7;
    %store/vec4 v0x55c3b7593c50_0, 0, 7;
    %jmp T_26.23;
T_26.4 ;
    %pushi/vec4 25, 0, 7;
    %store/vec4 v0x55c3b7593c50_0, 0, 7;
    %jmp T_26.23;
T_26.5 ;
    %pushi/vec4 18, 0, 7;
    %store/vec4 v0x55c3b7593c50_0, 0, 7;
    %jmp T_26.23;
T_26.6 ;
    %pushi/vec4 2, 0, 7;
    %store/vec4 v0x55c3b7593c50_0, 0, 7;
    %jmp T_26.23;
T_26.7 ;
    %pushi/vec4 120, 0, 7;
    %store/vec4 v0x55c3b7593c50_0, 0, 7;
    %jmp T_26.23;
T_26.8 ;
    %pushi/vec4 0, 0, 7;
    %store/vec4 v0x55c3b7593c50_0, 0, 7;
    %jmp T_26.23;
T_26.9 ;
    %pushi/vec4 16, 0, 7;
    %store/vec4 v0x55c3b7593c50_0, 0, 7;
    %jmp T_26.23;
T_26.10 ;
    %pushi/vec4 8, 0, 7;
    %store/vec4 v0x55c3b7593c50_0, 0, 7;
    %jmp T_26.23;
T_26.11 ;
    %pushi/vec4 3, 0, 7;
    %store/vec4 v0x55c3b7593c50_0, 0, 7;
    %jmp T_26.23;
T_26.12 ;
    %pushi/vec4 70, 0, 7;
    %store/vec4 v0x55c3b7593c50_0, 0, 7;
    %jmp T_26.23;
T_26.13 ;
    %pushi/vec4 33, 0, 7;
    %store/vec4 v0x55c3b7593c50_0, 0, 7;
    %jmp T_26.23;
T_26.14 ;
    %pushi/vec4 6, 0, 7;
    %store/vec4 v0x55c3b7593c50_0, 0, 7;
    %jmp T_26.23;
T_26.15 ;
    %pushi/vec4 14, 0, 7;
    %store/vec4 v0x55c3b7593c50_0, 0, 7;
    %jmp T_26.23;
T_26.16 ;
    %pushi/vec4 126, 0, 7;
    %store/vec4 v0x55c3b7593c50_0, 0, 7;
    %jmp T_26.23;
T_26.17 ;
    %pushi/vec4 125, 0, 7;
    %store/vec4 v0x55c3b7593c50_0, 0, 7;
    %jmp T_26.23;
T_26.18 ;
    %pushi/vec4 123, 0, 7;
    %store/vec4 v0x55c3b7593c50_0, 0, 7;
    %jmp T_26.23;
T_26.19 ;
    %pushi/vec4 119, 0, 7;
    %store/vec4 v0x55c3b7593c50_0, 0, 7;
    %jmp T_26.23;
T_26.20 ;
    %pushi/vec4 111, 0, 7;
    %store/vec4 v0x55c3b7593c50_0, 0, 7;
    %jmp T_26.23;
T_26.21 ;
    %pushi/vec4 95, 0, 7;
    %store/vec4 v0x55c3b7593c50_0, 0, 7;
    %jmp T_26.23;
T_26.23 ;
    %pop/vec4 1;
    %jmp T_26;
    .thread T_26, $push;
    .scope S_0x55c3b75818a0;
T_27 ;
    %wait E_0x55c3b7593f70;
    %load/vec4 v0x55c3b75940f0_0;
    %dup/vec4;
    %pushi/vec4 0, 0, 5;
    %cmp/u;
    %jmp/1 T_27.0, 6;
    %dup/vec4;
    %pushi/vec4 1, 0, 5;
    %cmp/u;
    %jmp/1 T_27.1, 6;
    %dup/vec4;
    %pushi/vec4 2, 0, 5;
    %cmp/u;
    %jmp/1 T_27.2, 6;
    %dup/vec4;
    %pushi/vec4 3, 0, 5;
    %cmp/u;
    %jmp/1 T_27.3, 6;
    %dup/vec4;
    %pushi/vec4 4, 0, 5;
    %cmp/u;
    %jmp/1 T_27.4, 6;
    %dup/vec4;
    %pushi/vec4 5, 0, 5;
    %cmp/u;
    %jmp/1 T_27.5, 6;
    %dup/vec4;
    %pushi/vec4 6, 0, 5;
    %cmp/u;
    %jmp/1 T_27.6, 6;
    %dup/vec4;
    %pushi/vec4 7, 0, 5;
    %cmp/u;
    %jmp/1 T_27.7, 6;
    %dup/vec4;
    %pushi/vec4 8, 0, 5;
    %cmp/u;
    %jmp/1 T_27.8, 6;
    %dup/vec4;
    %pushi/vec4 9, 0, 5;
    %cmp/u;
    %jmp/1 T_27.9, 6;
    %dup/vec4;
    %pushi/vec4 10, 0, 5;
    %cmp/u;
    %jmp/1 T_27.10, 6;
    %dup/vec4;
    %pushi/vec4 11, 0, 5;
    %cmp/u;
    %jmp/1 T_27.11, 6;
    %dup/vec4;
    %pushi/vec4 12, 0, 5;
    %cmp/u;
    %jmp/1 T_27.12, 6;
    %dup/vec4;
    %pushi/vec4 13, 0, 5;
    %cmp/u;
    %jmp/1 T_27.13, 6;
    %dup/vec4;
    %pushi/vec4 14, 0, 5;
    %cmp/u;
    %jmp/1 T_27.14, 6;
    %dup/vec4;
    %pushi/vec4 15, 0, 5;
    %cmp/u;
    %jmp/1 T_27.15, 6;
    %dup/vec4;
    %pushi/vec4 16, 0, 5;
    %cmp/u;
    %jmp/1 T_27.16, 6;
    %dup/vec4;
    %pushi/vec4 17, 0, 5;
    %cmp/u;
    %jmp/1 T_27.17, 6;
    %dup/vec4;
    %pushi/vec4 18, 0, 5;
    %cmp/u;
    %jmp/1 T_27.18, 6;
    %dup/vec4;
    %pushi/vec4 19, 0, 5;
    %cmp/u;
    %jmp/1 T_27.19, 6;
    %dup/vec4;
    %pushi/vec4 20, 0, 5;
    %cmp/u;
    %jmp/1 T_27.20, 6;
    %dup/vec4;
    %pushi/vec4 21, 0, 5;
    %cmp/u;
    %jmp/1 T_27.21, 6;
    %pushi/vec4 127, 0, 7;
    %store/vec4 v0x55c3b7593ff0_0, 0, 7;
    %jmp T_27.23;
T_27.0 ;
    %pushi/vec4 64, 0, 7;
    %store/vec4 v0x55c3b7593ff0_0, 0, 7;
    %jmp T_27.23;
T_27.1 ;
    %pushi/vec4 121, 0, 7;
    %store/vec4 v0x55c3b7593ff0_0, 0, 7;
    %jmp T_27.23;
T_27.2 ;
    %pushi/vec4 36, 0, 7;
    %store/vec4 v0x55c3b7593ff0_0, 0, 7;
    %jmp T_27.23;
T_27.3 ;
    %pushi/vec4 48, 0, 7;
    %store/vec4 v0x55c3b7593ff0_0, 0, 7;
    %jmp T_27.23;
T_27.4 ;
    %pushi/vec4 25, 0, 7;
    %store/vec4 v0x55c3b7593ff0_0, 0, 7;
    %jmp T_27.23;
T_27.5 ;
    %pushi/vec4 18, 0, 7;
    %store/vec4 v0x55c3b7593ff0_0, 0, 7;
    %jmp T_27.23;
T_27.6 ;
    %pushi/vec4 2, 0, 7;
    %store/vec4 v0x55c3b7593ff0_0, 0, 7;
    %jmp T_27.23;
T_27.7 ;
    %pushi/vec4 120, 0, 7;
    %store/vec4 v0x55c3b7593ff0_0, 0, 7;
    %jmp T_27.23;
T_27.8 ;
    %pushi/vec4 0, 0, 7;
    %store/vec4 v0x55c3b7593ff0_0, 0, 7;
    %jmp T_27.23;
T_27.9 ;
    %pushi/vec4 16, 0, 7;
    %store/vec4 v0x55c3b7593ff0_0, 0, 7;
    %jmp T_27.23;
T_27.10 ;
    %pushi/vec4 8, 0, 7;
    %store/vec4 v0x55c3b7593ff0_0, 0, 7;
    %jmp T_27.23;
T_27.11 ;
    %pushi/vec4 3, 0, 7;
    %store/vec4 v0x55c3b7593ff0_0, 0, 7;
    %jmp T_27.23;
T_27.12 ;
    %pushi/vec4 70, 0, 7;
    %store/vec4 v0x55c3b7593ff0_0, 0, 7;
    %jmp T_27.23;
T_27.13 ;
    %pushi/vec4 33, 0, 7;
    %store/vec4 v0x55c3b7593ff0_0, 0, 7;
    %jmp T_27.23;
T_27.14 ;
    %pushi/vec4 6, 0, 7;
    %store/vec4 v0x55c3b7593ff0_0, 0, 7;
    %jmp T_27.23;
T_27.15 ;
    %pushi/vec4 14, 0, 7;
    %store/vec4 v0x55c3b7593ff0_0, 0, 7;
    %jmp T_27.23;
T_27.16 ;
    %pushi/vec4 126, 0, 7;
    %store/vec4 v0x55c3b7593ff0_0, 0, 7;
    %jmp T_27.23;
T_27.17 ;
    %pushi/vec4 125, 0, 7;
    %store/vec4 v0x55c3b7593ff0_0, 0, 7;
    %jmp T_27.23;
T_27.18 ;
    %pushi/vec4 123, 0, 7;
    %store/vec4 v0x55c3b7593ff0_0, 0, 7;
    %jmp T_27.23;
T_27.19 ;
    %pushi/vec4 119, 0, 7;
    %store/vec4 v0x55c3b7593ff0_0, 0, 7;
    %jmp T_27.23;
T_27.20 ;
    %pushi/vec4 111, 0, 7;
    %store/vec4 v0x55c3b7593ff0_0, 0, 7;
    %jmp T_27.23;
T_27.21 ;
    %pushi/vec4 95, 0, 7;
    %store/vec4 v0x55c3b7593ff0_0, 0, 7;
    %jmp T_27.23;
T_27.23 ;
    %pop/vec4 1;
    %jmp T_27;
    .thread T_27, $push;
    .scope S_0x55c3b7581fa0;
T_28 ;
    %delay 500, 0;
    %load/vec4 v0x55c3b75a90e0_0;
    %inv;
    %store/vec4 v0x55c3b75a90e0_0, 0, 1;
    %jmp T_28;
    .thread T_28;
    .scope S_0x55c3b7581fa0;
T_29 ;
    %pushi/vec4 0, 0, 1;
    %store/vec4 v0x55c3b75a90e0_0, 0, 1;
    %pushi/vec4 0, 0, 1;
    %store/vec4 v0x55c3b75aa200_0, 0, 1;
    %pushi/vec4 0, 0, 1;
    %store/vec4 v0x55c3b75a9da0_0, 0, 1;
    %pushi/vec4 0, 0, 4;
    %store/vec4 v0x55c3b75a8f70_0, 0, 4;
    %delay 10, 0;
    %pushi/vec4 1, 0, 1;
    %store/vec4 v0x55c3b75aa200_0, 0, 1;
    %delay 40, 0;
    %pushi/vec4 0, 0, 1;
    %store/vec4 v0x55c3b75aa200_0, 0, 1;
    %delay 40, 0;
    %vpi_call 3 43 "$display", ">>> CENARIO vii: Mudanca de config durante o jogo" {0 0 0};
    %pushi/vec4 1, 0, 2;
    %store/vec4 v0x55c3b75a91a0_0, 0, 2;
    %pushi/vec4 1, 0, 1;
    %store/vec4 v0x55c3b75a9da0_0, 0, 1;
    %delay 2000, 0;
    %pushi/vec4 0, 0, 1;
    %store/vec4 v0x55c3b75a9da0_0, 0, 1;
    %pushi/vec4 1, 0, 32;
    %store/vec4 v0x55c3b75a8e90_0, 0, 32;
    %fork TD_tb_cenario_vii.wait_leds, S_0x55c3b75a8c00;
    %join;
    %vpi_call 3 54 "$display", "Mudando config de %b para 01...", v0x55c3b75a91a0_0 {0 0 0};
    %pushi/vec4 0, 0, 2;
    %store/vec4 v0x55c3b75a91a0_0, 0, 2;
    %delay 100, 0;
    %load/vec4 v0x55c3b75a9b60_0;
    %cmpi/e 1, 0, 1;
    %jmp/0xz  T_29.0, 4;
    %vpi_call 3 60 "$display", ">>> SUCESSO: O modo interno manteve-se 1 (Demo), ignorando a troca externa." {0 0 0};
    %jmp T_29.1;
T_29.0 ;
    %vpi_call 3 62 "$display", ">>> FALHA: O modo interno mudou indevidamente!" {0 0 0};
T_29.1 ;
    %vpi_call 3 64 "$stop" {0 0 0};
    %end;
    .thread T_29;
# The file index is used to find the file name in the following table.
:file_names 17;
    "N/A";
    "<interactive>";
    "mux2x1.v";
    "tb_cenario_vii.v";
    "jogo_desafio_memoria.v";
    "hexa7seg.v";
    "fluxo_dados.v";
    "comparador_85.v";
    "contador_163.v";
    "contador_m.v";
    "cores_rgb.v";
    "edge_detector.v";
    "sync_ram_16x4_file.v";
    "mux2x1_n.v";
    "registrador_1.v";
    "registrador_4.v";
    "unidade_controle.v";
