#! /usr/bin/vvp
:ivl_version "12.0 (stable)";
:ivl_delay_selection "TYPICAL";
:vpi_time_precision + 0;
:vpi_module "/usr/lib/x86_64-linux-gnu/ivl/system.vpi";
:vpi_module "/usr/lib/x86_64-linux-gnu/ivl/vhdl_sys.vpi";
:vpi_module "/usr/lib/x86_64-linux-gnu/ivl/vhdl_textio.vpi";
:vpi_module "/usr/lib/x86_64-linux-gnu/ivl/v2005_math.vpi";
:vpi_module "/usr/lib/x86_64-linux-gnu/ivl/va_math.vpi";
S_0x55b564b564b0 .scope module, "tb_bin2bcd" "tb_bin2bcd" 2 1;
 .timescale 0 0;
v0x55b564b6baa0_0 .net "bcd", 15 0, v0x55b564b6b580_0;  1 drivers
v0x55b564b6bb60_0 .var "bin", 13 0;
S_0x55b564b56640 .scope module, "uut" "bin2bcd" 2 6, 3 1 0, S_0x55b564b564b0;
 .timescale 0 0;
    .port_info 0 /INPUT 14 "bin";
    .port_info 1 /OUTPUT 16 "bcd";
P_0x55b564b40220 .param/l "NUMBCDS" 0 3 2, +C4<00000000000000000000000000000100>;
P_0x55b564b40260 .param/l "NUMBIN" 0 3 3, +C4<00000000000000000000000000001110>;
v0x55b564b19490_0 .var "bc", 15 0;
v0x55b564b6b580_0 .var "bcd", 15 0;
v0x55b564b6b660_0 .net "bin", 13 0, v0x55b564b6bb60_0;  1 drivers
v0x55b564b6b750_0 .var "bn", 13 0;
v0x55b564b6b830_0 .var/i "i", 31 0;
v0x55b564b6b960_0 .var/i "j", 31 0;
E_0x55b564b531c0 .event anyedge, v0x55b564b6b660_0;
    .scope S_0x55b564b56640;
T_0 ;
    %wait E_0x55b564b531c0;
    %pushi/vec4 0, 0, 16;
    %store/vec4 v0x55b564b19490_0, 0, 16;
    %load/vec4 v0x55b564b6b660_0;
    %store/vec4 v0x55b564b6b750_0, 0, 14;
    %pushi/vec4 0, 0, 32;
    %store/vec4 v0x55b564b6b830_0, 0, 32;
T_0.0 ;
    %load/vec4 v0x55b564b6b830_0;
    %cmpi/s 14, 0, 32;
    %jmp/0xz T_0.1, 5;
    %pushi/vec4 0, 0, 32;
    %store/vec4 v0x55b564b6b960_0, 0, 32;
T_0.2 ;
    %load/vec4 v0x55b564b6b960_0;
    %cmpi/s 4, 0, 32;
    %jmp/0xz T_0.3, 5;
    %load/vec4 v0x55b564b19490_0;
    %load/vec4 v0x55b564b6b960_0;
    %muli 4, 0, 32;
    %part/s 4;
    %pad/u 32;
    %cmpi/u 4, 0, 32;
    %flag_or 5, 4; GT is !LE
    %flag_inv 5;
    %jmp/0xz  T_0.4, 5;
    %load/vec4 v0x55b564b19490_0;
    %load/vec4 v0x55b564b6b960_0;
    %muli 4, 0, 32;
    %part/s 4;
    %addi 3, 0, 4;
    %load/vec4 v0x55b564b6b960_0;
    %muli 4, 0, 32;
    %ix/vec4/s 4;
    %store/vec4 v0x55b564b19490_0, 4, 4;
T_0.4 ;
    %load/vec4 v0x55b564b6b960_0;
    %addi 1, 0, 32;
    %store/vec4 v0x55b564b6b960_0, 0, 32;
    %jmp T_0.2;
T_0.3 ;
    %load/vec4 v0x55b564b19490_0;
    %ix/load 4, 1, 0;
    %flag_set/imm 4, 0;
    %shiftl 4;
    %store/vec4 v0x55b564b19490_0, 0, 16;
    %load/vec4 v0x55b564b6b750_0;
    %parti/s 1, 13, 5;
    %ix/load 4, 0, 0;
    %flag_set/imm 4, 0;
    %store/vec4 v0x55b564b19490_0, 4, 1;
    %load/vec4 v0x55b564b6b750_0;
    %ix/load 4, 1, 0;
    %flag_set/imm 4, 0;
    %shiftl 4;
    %store/vec4 v0x55b564b6b750_0, 0, 14;
    %load/vec4 v0x55b564b19490_0;
    %store/vec4 v0x55b564b6b580_0, 0, 16;
    %load/vec4 v0x55b564b6b830_0;
    %addi 1, 0, 32;
    %store/vec4 v0x55b564b6b830_0, 0, 32;
    %jmp T_0.0;
T_0.1 ;
    %jmp T_0;
    .thread T_0, $push;
    .scope S_0x55b564b564b0;
T_1 ;
    %pushi/vec4 0, 0, 14;
    %store/vec4 v0x55b564b6bb60_0, 0, 14;
    %delay 10, 0;
    %vpi_call 2 15 "$display", "bin: %h, bcd: %h", v0x55b564b6bb60_0, v0x55b564b6baa0_0 {0 0 0};
    %pushi/vec4 10, 0, 14;
    %store/vec4 v0x55b564b6bb60_0, 0, 14;
    %delay 10, 0;
    %vpi_call 2 20 "$display", "bin: %h, bcd: %h", v0x55b564b6bb60_0, v0x55b564b6baa0_0 {0 0 0};
    %pushi/vec4 255, 0, 14;
    %store/vec4 v0x55b564b6bb60_0, 0, 14;
    %delay 10, 0;
    %vpi_call 2 25 "$display", "bin: %h, bcd: %h", v0x55b564b6bb60_0, v0x55b564b6baa0_0 {0 0 0};
    %pushi/vec4 9999, 0, 14;
    %store/vec4 v0x55b564b6bb60_0, 0, 14;
    %delay 10, 0;
    %vpi_call 2 30 "$display", "bin: %h, bcd: %h", v0x55b564b6bb60_0, v0x55b564b6baa0_0 {0 0 0};
    %pushi/vec4 16383, 0, 14;
    %store/vec4 v0x55b564b6bb60_0, 0, 14;
    %delay 10, 0;
    %vpi_call 2 35 "$display", "bin: %h, bcd: %h", v0x55b564b6bb60_0, v0x55b564b6baa0_0 {0 0 0};
    %vpi_call 2 37 "$finish" {0 0 0};
    %end;
    .thread T_1;
# The file index is used to find the file name in the following table.
:file_names 4;
    "N/A";
    "<interactive>";
    "bin2bcd_tb.v";
    "bin2bcd.v";
