#! /usr/bin/vvp
:ivl_version "12.0 (stable)";
:ivl_delay_selection "TYPICAL";
:vpi_time_precision - 9;
:vpi_module "/usr/lib/x86_64-linux-gnu/ivl/system.vpi";
:vpi_module "/usr/lib/x86_64-linux-gnu/ivl/vhdl_sys.vpi";
:vpi_module "/usr/lib/x86_64-linux-gnu/ivl/vhdl_textio.vpi";
:vpi_module "/usr/lib/x86_64-linux-gnu/ivl/v2005_math.vpi";
:vpi_module "/usr/lib/x86_64-linux-gnu/ivl/va_math.vpi";
S_0x5c41bb51e8a0 .scope module, "circuito_tb" "circuito_tb" 2 15;
 .timescale -9 -9;
P_0x5c41bb4b3cc0 .param/l "CLOCK_PERIOD" 0 2 42, +C4<00000000000000000000000000010100>;
v0x5c41bb53ff30_0 .net "acertou", 0 0, v0x5c41bb53b180_0;  1 drivers
v0x5c41bb540040_0 .var "chaves", 3 0;
v0x5c41bb540100_0 .var "clock", 0 0;
v0x5c41bb5401a0_0 .net "db_contagem", 6 0, L_0x5c41bb542e10;  1 drivers
v0x5c41bb540240_0 .net "db_enderecoIgualLimite", 0 0, L_0x5c41bb5432e0;  1 drivers
v0x5c41bb540330_0 .net "db_estado", 6 0, L_0x5c41bb543190;  1 drivers
v0x5c41bb5403d0_0 .net "db_igual", 0 0, L_0x5c41bb5433a0;  1 drivers
v0x5c41bb540470_0 .net "db_limite_view", 6 0, L_0x5c41bb543080;  1 drivers
v0x5c41bb540510_0 .net "db_memoria", 6 0, L_0x5c41bb542e80;  1 drivers
v0x5c41bb5405b0_0 .net "db_modo", 0 0, L_0x5c41bb5436d0;  1 drivers
v0x5c41bb540650_0 .net "db_timeout", 0 0, v0x5c41bb53b5e0_0;  1 drivers
v0x5c41bb5406f0_0 .net "errou", 0 0, v0x5c41bb53b7c0_0;  1 drivers
v0x5c41bb5407e0 .array "gabarito", 15 0, 3 0;
v0x5c41bb540880_0 .var "iniciar", 0 0;
v0x5c41bb540970_0 .net "leds", 3 0, L_0x5c41bb543520;  1 drivers
v0x5c41bb540a10_0 .var "modo", 0 0;
v0x5c41bb540ab0_0 .net "pronto", 0 0, v0x5c41bb53bb80_0;  1 drivers
v0x5c41bb540ba0_0 .var "reset", 0 0;
v0x5c41bb540c40_0 .net "timeout", 0 0, v0x5c41bb5362a0_0;  1 drivers
S_0x5c41bb50daa0 .scope module, "dut" "circuito_jogo_sequencias" 2 45, 3 1 0, S_0x5c41bb51e8a0;
 .timescale 0 0;
    .port_info 0 /INPUT 1 "clock";
    .port_info 1 /INPUT 1 "reset";
    .port_info 2 /INPUT 1 "jogar";
    .port_info 3 /INPUT 1 "modo";
    .port_info 4 /INPUT 4 "botoes";
    .port_info 5 /OUTPUT 4 "leds";
    .port_info 6 /OUTPUT 1 "pronto";
    .port_info 7 /OUTPUT 1 "ganhou";
    .port_info 8 /OUTPUT 1 "perdeu";
    .port_info 9 /OUTPUT 1 "timeout";
    .port_info 10 /OUTPUT 1 "db_igual";
    .port_info 11 /OUTPUT 7 "db_contagem";
    .port_info 12 /OUTPUT 7 "db_memoria";
    .port_info 13 /OUTPUT 7 "db_estado";
    .port_info 14 /OUTPUT 7 "db_jogadafeita";
    .port_info 15 /OUTPUT 1 "db_clock";
    .port_info 16 /OUTPUT 1 "db_iniciar";
    .port_info 17 /OUTPUT 1 "db_enderecoIgualLimite";
    .port_info 18 /OUTPUT 1 "db_timeout";
    .port_info 19 /OUTPUT 1 "db_modo";
    .port_info 20 /OUTPUT 7 "db_limite_view";
L_0x5c41bb542d70 .functor BUFZ 1, v0x5c41bb540880_0, C4<0>, C4<0>, C4<0>;
L_0x5c41bb542e10 .functor BUFZ 7, v0x5c41bb4fc390_0, C4<0000000>, C4<0000000>, C4<0000000>;
L_0x5c41bb542e80 .functor BUFZ 7, v0x5c41bb4ed6c0_0, C4<0000000>, C4<0000000>, C4<0000000>;
L_0x5c41bb542f90 .functor BUFZ 7, v0x5c41bb4f23b0_0, C4<0000000>, C4<0000000>, C4<0000000>;
L_0x5c41bb543080 .functor BUFZ 7, v0x5c41bb4f5140_0, C4<0000000>, C4<0000000>, C4<0000000>;
L_0x5c41bb543190 .functor BUFZ 7, v0x5c41bb532650_0, C4<0000000>, C4<0000000>, C4<0000000>;
L_0x5c41bb5432e0 .functor BUFZ 1, L_0x5c41bb540da0, C4<0>, C4<0>, C4<0>;
L_0x5c41bb5433a0 .functor BUFZ 1, L_0x5c41bb542670, C4<0>, C4<0>, C4<0>;
L_0x5c41bb5434b0 .functor BUFZ 1, v0x5c41bb540100_0, C4<0>, C4<0>, C4<0>;
L_0x5c41bb543520 .functor BUFZ 4, L_0x5c41bb542a50, C4<0000>, C4<0000>, C4<0000>;
L_0x5c41bb5436d0 .functor BUFZ 1, L_0x5c41bb542b90, C4<0>, C4<0>, C4<0>;
v0x5c41bb53c770_0 .net "botoes", 3 0, v0x5c41bb540040_0;  1 drivers
v0x5c41bb53c8a0_0 .net "clock", 0 0, v0x5c41bb540100_0;  1 drivers
v0x5c41bb53c960_0 .net "conta_endereco", 0 0, v0x5c41bb53b2f0_0;  1 drivers
v0x5c41bb53ca00_0 .net "conta_limite", 0 0, v0x5c41bb53b430_0;  1 drivers
v0x5c41bb53caa0_0 .net "db_clock", 0 0, L_0x5c41bb5434b0;  1 drivers
v0x5c41bb53cb90_0 .net "db_contagem", 6 0, L_0x5c41bb542e10;  alias, 1 drivers
v0x5c41bb53cc50_0 .net "db_enderecoIgualLimite", 0 0, L_0x5c41bb5432e0;  alias, 1 drivers
v0x5c41bb53cd10_0 .net "db_estado", 6 0, L_0x5c41bb543190;  alias, 1 drivers
v0x5c41bb53cdf0_0 .net "db_igual", 0 0, L_0x5c41bb5433a0;  alias, 1 drivers
v0x5c41bb53ceb0_0 .net "db_iniciar", 0 0, L_0x5c41bb542d70;  1 drivers
v0x5c41bb53cf70_0 .net "db_jogadafeita", 6 0, L_0x5c41bb542f90;  1 drivers
v0x5c41bb53d050_0 .net "db_limite_view", 6 0, L_0x5c41bb543080;  alias, 1 drivers
v0x5c41bb53d130_0 .net "db_memoria", 6 0, L_0x5c41bb542e80;  alias, 1 drivers
v0x5c41bb53d210_0 .net "db_modo", 0 0, L_0x5c41bb5436d0;  alias, 1 drivers
v0x5c41bb53d2d0_0 .net "db_timeout", 0 0, v0x5c41bb53b5e0_0;  alias, 1 drivers
v0x5c41bb53d370_0 .net "enable_timeout", 0 0, v0x5c41bb53b680_0;  1 drivers
v0x5c41bb53d410_0 .net "enderecoIgualLimite", 0 0, L_0x5c41bb540da0;  1 drivers
v0x5c41bb53d5c0_0 .net "fim_jogo", 0 0, L_0x5c41bb541120;  1 drivers
v0x5c41bb53d6b0_0 .net "ganhou", 0 0, v0x5c41bb53b180_0;  alias, 1 drivers
v0x5c41bb53d750_0 .net "hexa0", 6 0, v0x5c41bb4fc390_0;  1 drivers
v0x5c41bb53d7f0_0 .net "hexa1", 6 0, v0x5c41bb4ed6c0_0;  1 drivers
v0x5c41bb53d890_0 .net "hexa2", 6 0, v0x5c41bb4f23b0_0;  1 drivers
v0x5c41bb53d930_0 .net "hexa3", 6 0, v0x5c41bb4f5140_0;  1 drivers
v0x5c41bb53d9d0_0 .net "hexa5", 6 0, v0x5c41bb532650_0;  1 drivers
v0x5c41bb53da70_0 .net "igual", 0 0, L_0x5c41bb542670;  1 drivers
v0x5c41bb53db10_0 .net "jogada_feita", 0 0, L_0x5c41bb541320;  1 drivers
v0x5c41bb53dbb0_0 .net "jogar", 0 0, v0x5c41bb540880_0;  1 drivers
v0x5c41bb53dc50_0 .net "leds", 3 0, L_0x5c41bb543520;  alias, 1 drivers
v0x5c41bb53dcf0_0 .net "modo", 0 0, v0x5c41bb540a10_0;  1 drivers
v0x5c41bb53dde0_0 .net "perdeu", 0 0, v0x5c41bb53b7c0_0;  alias, 1 drivers
v0x5c41bb53de80_0 .net "pronto", 0 0, v0x5c41bb53bb80_0;  alias, 1 drivers
v0x5c41bb53df20_0 .net "registraR", 0 0, v0x5c41bb53be40_0;  1 drivers
v0x5c41bb53dfc0_0 .net "registra_modo", 0 0, v0x5c41bb53bc40_0;  1 drivers
v0x5c41bb53e270_0 .net "reset", 0 0, v0x5c41bb540ba0_0;  1 drivers
v0x5c41bb53e310_0 .net "s_contagem", 3 0, L_0x5c41bb542890;  1 drivers
v0x5c41bb53e3b0_0 .net "s_estado", 3 0, v0x5c41bb53b520_0;  1 drivers
v0x5c41bb53e4a0_0 .net "s_jogada", 3 0, L_0x5c41bb5429e0;  1 drivers
v0x5c41bb53e590_0 .net "s_limite", 3 0, L_0x5c41bb542b20;  1 drivers
v0x5c41bb53e6a0_0 .net "s_memoria", 3 0, L_0x5c41bb542a50;  1 drivers
v0x5c41bb53e7b0_0 .net "s_modo", 0 0, L_0x5c41bb542b90;  1 drivers
v0x5c41bb53e850_0 .net "tem_jogada", 0 0, L_0x5c41bb4fc230;  1 drivers
v0x5c41bb53e8f0_0 .net "timeout", 0 0, v0x5c41bb5362a0_0;  alias, 1 drivers
v0x5c41bb53e990_0 .net "zeraR", 0 0, v0x5c41bb53c0c0_0;  1 drivers
v0x5c41bb53ea30_0 .net "zera_endereco", 0 0, v0x5c41bb53c1b0_0;  1 drivers
v0x5c41bb53eb20_0 .net "zera_limite", 0 0, v0x5c41bb53c250_0;  1 drivers
v0x5c41bb53ec10_0 .net "zera_modo", 0 0, v0x5c41bb53c2f0_0;  1 drivers
v0x5c41bb53ecb0_0 .net "zera_s_timeout", 0 0, v0x5c41bb53c3e0_0;  1 drivers
S_0x5c41bb50de20 .scope module, "HEX0" "hexa7seg" 3 88, 4 23 0, S_0x5c41bb50daa0;
 .timescale 0 0;
    .port_info 0 /INPUT 4 "hexa";
    .port_info 1 /OUTPUT 7 "display";
v0x5c41bb4fc390_0 .var "display", 6 0;
v0x5c41bb4ed5c0_0 .net "hexa", 3 0, L_0x5c41bb542890;  alias, 1 drivers
E_0x5c41bb48bb90 .event anyedge, v0x5c41bb4ed5c0_0;
S_0x5c41bb50e1a0 .scope module, "HEX1" "hexa7seg" 3 89, 4 23 0, S_0x5c41bb50daa0;
 .timescale 0 0;
    .port_info 0 /INPUT 4 "hexa";
    .port_info 1 /OUTPUT 7 "display";
v0x5c41bb4ed6c0_0 .var "display", 6 0;
v0x5c41bb4ef080_0 .net "hexa", 3 0, L_0x5c41bb542a50;  alias, 1 drivers
E_0x5c41bb4724f0 .event anyedge, v0x5c41bb4ef080_0;
S_0x5c41bb50e520 .scope module, "HEX2" "hexa7seg" 3 90, 4 23 0, S_0x5c41bb50daa0;
 .timescale 0 0;
    .port_info 0 /INPUT 4 "hexa";
    .port_info 1 /OUTPUT 7 "display";
v0x5c41bb4f23b0_0 .var "display", 6 0;
v0x5c41bb4f7a90_0 .net "hexa", 3 0, L_0x5c41bb5429e0;  alias, 1 drivers
E_0x5c41bb51e3c0 .event anyedge, v0x5c41bb4f7a90_0;
S_0x5c41bb50e8a0 .scope module, "HEX3" "hexa7seg" 3 91, 4 23 0, S_0x5c41bb50daa0;
 .timescale 0 0;
    .port_info 0 /INPUT 4 "hexa";
    .port_info 1 /OUTPUT 7 "display";
v0x5c41bb4f5140_0 .var "display", 6 0;
v0x5c41bb5323b0_0 .net "hexa", 3 0, L_0x5c41bb542b20;  alias, 1 drivers
E_0x5c41bb5322d0 .event anyedge, v0x5c41bb5323b0_0;
S_0x5c41bb50cca0 .scope module, "HEX5" "hexa7seg" 3 92, 4 23 0, S_0x5c41bb50daa0;
 .timescale 0 0;
    .port_info 0 /INPUT 4 "hexa";
    .port_info 1 /OUTPUT 7 "display";
v0x5c41bb532650_0 .var "display", 6 0;
v0x5c41bb532750_0 .net "hexa", 3 0, v0x5c41bb53b520_0;  alias, 1 drivers
E_0x5c41bb5325d0 .event anyedge, v0x5c41bb532750_0;
S_0x5c41bb50d020 .scope module, "fluxo_dados" "fluxo_dados" 3 33, 5 1 0, S_0x5c41bb50daa0;
 .timescale 0 0;
    .port_info 0 /INPUT 1 "clock";
    .port_info 1 /INPUT 1 "zera_endereco";
    .port_info 2 /INPUT 1 "conta_endereco";
    .port_info 3 /INPUT 1 "zera_limite";
    .port_info 4 /INPUT 1 "conta_limite";
    .port_info 5 /INPUT 1 "zeraR";
    .port_info 6 /INPUT 1 "reset";
    .port_info 7 /INPUT 1 "registrarR";
    .port_info 8 /INPUT 1 "zera_s_timeout";
    .port_info 9 /INPUT 1 "enable_timeout";
    .port_info 10 /INPUT 4 "botoes";
    .port_info 11 /INPUT 1 "modo";
    .port_info 12 /INPUT 1 "registra_modo";
    .port_info 13 /INPUT 1 "zera_modo";
    .port_info 14 /OUTPUT 1 "igual";
    .port_info 15 /OUTPUT 1 "fim_jogo";
    .port_info 16 /OUTPUT 1 "enderecoIgualLimite";
    .port_info 17 /OUTPUT 1 "jogada_feita";
    .port_info 18 /OUTPUT 1 "db_tem_jogada";
    .port_info 19 /OUTPUT 1 "db_enable_timeout";
    .port_info 20 /OUTPUT 4 "db_contagem";
    .port_info 21 /OUTPUT 4 "db_memoria";
    .port_info 22 /OUTPUT 4 "db_limite";
    .port_info 23 /OUTPUT 1 "timeout";
    .port_info 24 /OUTPUT 4 "db_jogada";
    .port_info 25 /OUTPUT 1 "db_modo";
    .port_info 26 /OUTPUT 1 "chavesIgualMemoria";
L_0x5c41bb4fc230 .functor BUFZ 1, L_0x5c41bb540ce0, C4<0>, C4<0>, C4<0>;
L_0x5c41bb4ed4a0 .functor BUFZ 1, v0x5c41bb53b680_0, C4<0>, C4<0>, C4<0>;
L_0x5c41bb4f2290 .functor AND 1, L_0x5c41bb540e90, L_0x5c41bb540da0, C4<1>, C4<1>;
L_0x5c41bb4f76e0 .functor AND 1, L_0x5c41bb540fd0, L_0x5c41bb540da0, C4<1>, C4<1>;
L_0x7d5df4ca60a8 .functor BUFT 1, C4<0>, C4<0>, C4<0>, C4<0>;
L_0x5c41bb4f4e20 .functor XNOR 1, v0x5c41bb5376f0_0, L_0x7d5df4ca60a8, C4<0>, C4<0>;
L_0x5c41bb541420 .functor NOT 1, v0x5c41bb53c1b0_0, C4<0>, C4<0>, C4<0>;
L_0x5c41bb541520 .functor NOT 1, v0x5c41bb53c250_0, C4<0>, C4<0>, C4<0>;
L_0x5c41bb542890 .functor BUFZ 4, v0x5c41bb534b10_0, C4<0000>, C4<0000>, C4<0000>;
L_0x5c41bb5429e0 .functor BUFZ 4, v0x5c41bb537ef0_0, C4<0000>, C4<0000>, C4<0000>;
L_0x5c41bb542a50 .functor BUFZ 4, v0x5c41bb5372f0_0, C4<0000>, C4<0000>, C4<0000>;
L_0x5c41bb542b20 .functor BUFZ 4, v0x5c41bb535600_0, C4<0000>, C4<0000>, C4<0000>;
L_0x5c41bb542b90 .functor BUFZ 1, v0x5c41bb5376f0_0, C4<0>, C4<0>, C4<0>;
L_0x5c41bb542d00 .functor BUFZ 1, L_0x5c41bb542670, C4<0>, C4<0>, C4<0>;
v0x5c41bb5383c0_0 .net *"_ivl_10", 0 0, L_0x5c41bb540e90;  1 drivers
L_0x7d5df4ca6060 .functor BUFT 1, C4<0011>, C4<0>, C4<0>, C4<0>;
v0x5c41bb5384a0_0 .net/2u *"_ivl_14", 3 0, L_0x7d5df4ca6060;  1 drivers
v0x5c41bb538580_0 .net *"_ivl_16", 0 0, L_0x5c41bb540fd0;  1 drivers
v0x5c41bb538620_0 .net/2u *"_ivl_20", 0 0, L_0x7d5df4ca60a8;  1 drivers
v0x5c41bb538700_0 .net *"_ivl_22", 0 0, L_0x5c41bb4f4e20;  1 drivers
L_0x7d5df4ca6018 .functor BUFT 1, C4<1111>, C4<0>, C4<0>, C4<0>;
v0x5c41bb538810_0 .net/2u *"_ivl_8", 3 0, L_0x7d5df4ca6018;  1 drivers
v0x5c41bb5388f0_0 .net "botoes", 3 0, v0x5c41bb540040_0;  alias, 1 drivers
v0x5c41bb5389b0_0 .net "chavesIgualMemoria", 0 0, L_0x5c41bb542d00;  1 drivers
v0x5c41bb538a50_0 .net "clock", 0 0, v0x5c41bb540100_0;  alias, 1 drivers
v0x5c41bb538af0_0 .net "conta_endereco", 0 0, v0x5c41bb53b2f0_0;  alias, 1 drivers
v0x5c41bb538bc0_0 .net "conta_limite", 0 0, v0x5c41bb53b430_0;  alias, 1 drivers
v0x5c41bb538c90_0 .net "db_contagem", 3 0, L_0x5c41bb542890;  alias, 1 drivers
v0x5c41bb538d60_0 .net "db_enable_timeout", 0 0, L_0x5c41bb4ed4a0;  1 drivers
v0x5c41bb538e00_0 .net "db_jogada", 3 0, L_0x5c41bb5429e0;  alias, 1 drivers
v0x5c41bb538ed0_0 .net "db_limite", 3 0, L_0x5c41bb542b20;  alias, 1 drivers
v0x5c41bb538fa0_0 .net "db_memoria", 3 0, L_0x5c41bb542a50;  alias, 1 drivers
v0x5c41bb539070_0 .net "db_modo", 0 0, L_0x5c41bb542b90;  alias, 1 drivers
v0x5c41bb539110_0 .net "db_tem_jogada", 0 0, L_0x5c41bb4fc230;  alias, 1 drivers
v0x5c41bb5391d0_0 .net "enable_timeout", 0 0, v0x5c41bb53b680_0;  alias, 1 drivers
v0x5c41bb5392a0_0 .net "enderecoIgualLimite", 0 0, L_0x5c41bb540da0;  alias, 1 drivers
v0x5c41bb539340_0 .net "fim_jogo", 0 0, L_0x5c41bb541120;  alias, 1 drivers
v0x5c41bb539400_0 .net "igual", 0 0, L_0x5c41bb542670;  alias, 1 drivers
v0x5c41bb5394d0_0 .net "jogada_feita", 0 0, L_0x5c41bb541320;  alias, 1 drivers
v0x5c41bb5395a0_0 .net "modo", 0 0, v0x5c41bb540a10_0;  alias, 1 drivers
v0x5c41bb539670_0 .net "registra_modo", 0 0, v0x5c41bb53bc40_0;  alias, 1 drivers
v0x5c41bb539740_0 .net "registrarR", 0 0, v0x5c41bb53be40_0;  alias, 1 drivers
v0x5c41bb539810_0 .net "reset", 0 0, v0x5c41bb540ba0_0;  alias, 1 drivers
v0x5c41bb5398b0_0 .net "s_botoes", 3 0, v0x5c41bb537ef0_0;  1 drivers
v0x5c41bb5399a0_0 .net "s_dado", 3 0, v0x5c41bb5372f0_0;  1 drivers
v0x5c41bb539a90_0 .net "s_endereco", 3 0, v0x5c41bb534b10_0;  1 drivers
v0x5c41bb539b80_0 .net "s_fim_total_16", 0 0, L_0x5c41bb4f2290;  1 drivers
v0x5c41bb539c20_0 .net "s_fim_total_4", 0 0, L_0x5c41bb4f76e0;  1 drivers
v0x5c41bb539cc0_0 .net "s_limite", 3 0, v0x5c41bb535600_0;  1 drivers
v0x5c41bb539d80_0 .net "s_modo", 0 0, v0x5c41bb5376f0_0;  1 drivers
v0x5c41bb539e20_0 .net "s_tem_jogada", 0 0, L_0x5c41bb540ce0;  1 drivers
v0x5c41bb539ec0_0 .net "timeout", 0 0, v0x5c41bb5362a0_0;  alias, 1 drivers
v0x5c41bb539f60_0 .net "zeraR", 0 0, v0x5c41bb53c0c0_0;  alias, 1 drivers
v0x5c41bb53a030_0 .net "zera_endereco", 0 0, v0x5c41bb53c1b0_0;  alias, 1 drivers
v0x5c41bb53a0d0_0 .net "zera_limite", 0 0, v0x5c41bb53c250_0;  alias, 1 drivers
v0x5c41bb53a170_0 .net "zera_modo", 0 0, v0x5c41bb53c2f0_0;  alias, 1 drivers
v0x5c41bb53a240_0 .net "zera_s_timeout", 0 0, v0x5c41bb53c3e0_0;  alias, 1 drivers
L_0x5c41bb540ce0 .reduce/or v0x5c41bb540040_0;
L_0x5c41bb540da0 .cmp/eq 4, v0x5c41bb534b10_0, v0x5c41bb535600_0;
L_0x5c41bb540e90 .cmp/eq 4, v0x5c41bb535600_0, L_0x7d5df4ca6018;
L_0x5c41bb540fd0 .cmp/eq 4, v0x5c41bb535600_0, L_0x7d5df4ca6060;
L_0x5c41bb541120 .functor MUXZ 1, L_0x5c41bb4f76e0, L_0x5c41bb4f2290, L_0x5c41bb4f4e20, C4<>;
S_0x5c41bb532b70 .scope module, "comparador" "comparador_85" 5 105, 6 16 0, S_0x5c41bb50d020;
 .timescale 0 0;
    .port_info 0 /INPUT 1 "ALBi";
    .port_info 1 /INPUT 1 "AGBi";
    .port_info 2 /INPUT 1 "AEBi";
    .port_info 3 /INPUT 4 "A";
    .port_info 4 /INPUT 4 "B";
    .port_info 5 /OUTPUT 1 "ALBo";
    .port_info 6 /OUTPUT 1 "AGBo";
    .port_info 7 /OUTPUT 1 "AEBo";
L_0x5c41bb5417e0 .functor NOT 5, L_0x5c41bb5416e0, C4<00000>, C4<00000>, C4<00000>;
L_0x5c41bb541a60 .functor NOT 1, L_0x5c41bb541c90, C4<0>, C4<0>, C4<0>;
L_0x5c41bb5420a0 .functor NOT 5, L_0x5c41bb541f70, C4<00000>, C4<00000>, C4<00000>;
L_0x5c41bb542200 .functor NOT 1, L_0x5c41bb542450, C4<0>, C4<0>, C4<0>;
L_0x7d5df4ca6450 .functor BUFT 1, C4<1>, C4<0>, C4<0>, C4<0>;
L_0x5c41bb542670 .functor AND 1, L_0x5c41bb5425d0, L_0x7d5df4ca6450, C4<1>, C4<1>;
v0x5c41bb532e70_0 .net "A", 3 0, v0x5c41bb5372f0_0;  alias, 1 drivers
v0x5c41bb532f70_0 .net "AEBi", 0 0, L_0x7d5df4ca6450;  1 drivers
v0x5c41bb533030_0 .net "AEBo", 0 0, L_0x5c41bb542670;  alias, 1 drivers
L_0x7d5df4ca6408 .functor BUFT 1, C4<0>, C4<0>, C4<0>, C4<0>;
v0x5c41bb5330d0_0 .net "AGBi", 0 0, L_0x7d5df4ca6408;  1 drivers
v0x5c41bb533190_0 .net "AGBo", 0 0, L_0x5c41bb542200;  1 drivers
L_0x7d5df4ca63c0 .functor BUFT 1, C4<0>, C4<0>, C4<0>, C4<0>;
v0x5c41bb5332a0_0 .net "ALBi", 0 0, L_0x7d5df4ca63c0;  1 drivers
v0x5c41bb533360_0 .net "ALBo", 0 0, L_0x5c41bb541a60;  1 drivers
v0x5c41bb533420_0 .net "B", 3 0, v0x5c41bb537ef0_0;  alias, 1 drivers
v0x5c41bb533500_0 .net "CSG", 4 0, L_0x5c41bb542360;  1 drivers
v0x5c41bb5335e0_0 .net "CSL", 4 0, L_0x5c41bb541b70;  1 drivers
v0x5c41bb5336c0_0 .net *"_ivl_0", 4 0, L_0x5c41bb5416e0;  1 drivers
v0x5c41bb5337a0_0 .net *"_ivl_10", 4 0, L_0x5c41bb5419c0;  1 drivers
L_0x7d5df4ca6498 .functor BUFT 1, C4<00000>, C4<0>, C4<0>, C4<0>;
v0x5c41bb533880_0 .net *"_ivl_12", 4 0, L_0x7d5df4ca6498;  1 drivers
v0x5c41bb533960_0 .net *"_ivl_19", 0 0, L_0x5c41bb541c90;  1 drivers
v0x5c41bb533a40_0 .net *"_ivl_22", 4 0, L_0x5c41bb541dd0;  1 drivers
L_0x7d5df4ca6330 .functor BUFT 1, C4<0>, C4<0>, C4<0>, C4<0>;
v0x5c41bb533b20_0 .net *"_ivl_25", 0 0, L_0x7d5df4ca6330;  1 drivers
v0x5c41bb533c00_0 .net *"_ivl_26", 4 0, L_0x5c41bb541f70;  1 drivers
L_0x7d5df4ca6378 .functor BUFT 1, C4<0>, C4<0>, C4<0>, C4<0>;
v0x5c41bb533ce0_0 .net *"_ivl_29", 0 0, L_0x7d5df4ca6378;  1 drivers
L_0x7d5df4ca62a0 .functor BUFT 1, C4<0>, C4<0>, C4<0>, C4<0>;
v0x5c41bb533dc0_0 .net *"_ivl_3", 0 0, L_0x7d5df4ca62a0;  1 drivers
v0x5c41bb533ea0_0 .net *"_ivl_30", 4 0, L_0x5c41bb5420a0;  1 drivers
v0x5c41bb533f80_0 .net *"_ivl_32", 4 0, L_0x5c41bb542160;  1 drivers
L_0x7d5df4ca64e0 .functor BUFT 1, C4<00000>, C4<0>, C4<0>, C4<0>;
v0x5c41bb534060_0 .net *"_ivl_34", 4 0, L_0x7d5df4ca64e0;  1 drivers
v0x5c41bb534140_0 .net *"_ivl_4", 4 0, L_0x5c41bb5417e0;  1 drivers
v0x5c41bb534220_0 .net *"_ivl_41", 0 0, L_0x5c41bb542450;  1 drivers
v0x5c41bb534300_0 .net *"_ivl_44", 0 0, L_0x5c41bb5425d0;  1 drivers
v0x5c41bb5343c0_0 .net *"_ivl_6", 4 0, L_0x5c41bb5418a0;  1 drivers
L_0x7d5df4ca62e8 .functor BUFT 1, C4<0>, C4<0>, C4<0>, C4<0>;
v0x5c41bb5344a0_0 .net *"_ivl_9", 0 0, L_0x7d5df4ca62e8;  1 drivers
L_0x5c41bb5416e0 .concat [ 4 1 0 0], v0x5c41bb5372f0_0, L_0x7d5df4ca62a0;
L_0x5c41bb5418a0 .concat [ 4 1 0 0], v0x5c41bb537ef0_0, L_0x7d5df4ca62e8;
L_0x5c41bb5419c0 .arith/sum 5, L_0x5c41bb5417e0, L_0x5c41bb5418a0;
L_0x5c41bb541b70 .arith/sum 5, L_0x5c41bb5419c0, L_0x7d5df4ca6498;
L_0x5c41bb541c90 .part L_0x5c41bb541b70, 4, 1;
L_0x5c41bb541dd0 .concat [ 4 1 0 0], v0x5c41bb5372f0_0, L_0x7d5df4ca6330;
L_0x5c41bb541f70 .concat [ 4 1 0 0], v0x5c41bb537ef0_0, L_0x7d5df4ca6378;
L_0x5c41bb542160 .arith/sum 5, L_0x5c41bb541dd0, L_0x5c41bb5420a0;
L_0x5c41bb542360 .arith/sum 5, L_0x5c41bb542160, L_0x7d5df4ca64e0;
L_0x5c41bb542450 .part L_0x5c41bb542360, 4, 1;
L_0x5c41bb5425d0 .cmp/eq 4, v0x5c41bb5372f0_0, v0x5c41bb537ef0_0;
S_0x5c41bb534680 .scope module, "contador_addr" "contador_163" 5 82, 7 16 0, S_0x5c41bb50d020;
 .timescale 0 0;
    .port_info 0 /INPUT 1 "clock";
    .port_info 1 /INPUT 1 "clr";
    .port_info 2 /INPUT 1 "ld";
    .port_info 3 /INPUT 1 "ent";
    .port_info 4 /INPUT 1 "enp";
    .port_info 5 /INPUT 4 "D";
    .port_info 6 /OUTPUT 4 "Q";
    .port_info 7 /OUTPUT 1 "rco";
L_0x7d5df4ca6180 .functor BUFT 1, C4<0000>, C4<0>, C4<0>, C4<0>;
v0x5c41bb534a10_0 .net "D", 3 0, L_0x7d5df4ca6180;  1 drivers
v0x5c41bb534b10_0 .var "Q", 3 0;
v0x5c41bb534bf0_0 .net "clock", 0 0, v0x5c41bb540100_0;  alias, 1 drivers
v0x5c41bb534c90_0 .net "clr", 0 0, L_0x5c41bb541420;  1 drivers
v0x5c41bb534d50_0 .net "enp", 0 0, v0x5c41bb53b2f0_0;  alias, 1 drivers
L_0x7d5df4ca6138 .functor BUFT 1, C4<1>, C4<0>, C4<0>, C4<0>;
v0x5c41bb534e60_0 .net "ent", 0 0, L_0x7d5df4ca6138;  1 drivers
L_0x7d5df4ca60f0 .functor BUFT 1, C4<1>, C4<0>, C4<0>, C4<0>;
v0x5c41bb534f20_0 .net "ld", 0 0, L_0x7d5df4ca60f0;  1 drivers
v0x5c41bb534fe0_0 .var "rco", 0 0;
E_0x5c41bb534950 .event anyedge, v0x5c41bb534e60_0, v0x5c41bb534b10_0;
E_0x5c41bb5349b0 .event posedge, v0x5c41bb534bf0_0;
S_0x5c41bb5351f0 .scope module, "contador_limit" "contador_163" 5 94, 7 16 0, S_0x5c41bb50d020;
 .timescale 0 0;
    .port_info 0 /INPUT 1 "clock";
    .port_info 1 /INPUT 1 "clr";
    .port_info 2 /INPUT 1 "ld";
    .port_info 3 /INPUT 1 "ent";
    .port_info 4 /INPUT 1 "enp";
    .port_info 5 /INPUT 4 "D";
    .port_info 6 /OUTPUT 4 "Q";
    .port_info 7 /OUTPUT 1 "rco";
L_0x7d5df4ca6258 .functor BUFT 1, C4<0000>, C4<0>, C4<0>, C4<0>;
v0x5c41bb535500_0 .net "D", 3 0, L_0x7d5df4ca6258;  1 drivers
v0x5c41bb535600_0 .var "Q", 3 0;
v0x5c41bb5356e0_0 .net "clock", 0 0, v0x5c41bb540100_0;  alias, 1 drivers
v0x5c41bb535780_0 .net "clr", 0 0, L_0x5c41bb541520;  1 drivers
v0x5c41bb535820_0 .net "enp", 0 0, v0x5c41bb53b430_0;  alias, 1 drivers
L_0x7d5df4ca6210 .functor BUFT 1, C4<1>, C4<0>, C4<0>, C4<0>;
v0x5c41bb535910_0 .net "ent", 0 0, L_0x7d5df4ca6210;  1 drivers
L_0x7d5df4ca61c8 .functor BUFT 1, C4<1>, C4<0>, C4<0>, C4<0>;
v0x5c41bb5359d0_0 .net "ld", 0 0, L_0x7d5df4ca61c8;  1 drivers
v0x5c41bb535a90_0 .var "rco", 0 0;
E_0x5c41bb5354a0 .event anyedge, v0x5c41bb535910_0, v0x5c41bb535600_0;
S_0x5c41bb535ca0 .scope module, "contador_timeout" "contador_m" 5 71, 8 20 0, S_0x5c41bb50d020;
 .timescale 0 0;
    .port_info 0 /INPUT 1 "clock";
    .port_info 1 /INPUT 1 "zera_as";
    .port_info 2 /INPUT 1 "zera_s";
    .port_info 3 /INPUT 1 "conta";
    .port_info 4 /OUTPUT 13 "Q";
    .port_info 5 /OUTPUT 1 "fim";
    .port_info 6 /OUTPUT 1 "meio";
P_0x5c41bb4ef450 .param/l "M" 0 8 20, +C4<00000000000000000000101110111000>;
P_0x5c41bb4ef490 .param/l "N" 0 8 20, +C4<00000000000000000000000000001101>;
v0x5c41bb535ff0_0 .var "Q", 12 0;
v0x5c41bb5360f0_0 .net "clock", 0 0, v0x5c41bb540100_0;  alias, 1 drivers
v0x5c41bb536200_0 .net "conta", 0 0, v0x5c41bb53b680_0;  alias, 1 drivers
v0x5c41bb5362a0_0 .var "fim", 0 0;
v0x5c41bb536340_0 .var "meio", 0 0;
v0x5c41bb536450_0 .net "zera_as", 0 0, v0x5c41bb540ba0_0;  alias, 1 drivers
v0x5c41bb536510_0 .net "zera_s", 0 0, v0x5c41bb53c3e0_0;  alias, 1 drivers
E_0x5c41bb535f10 .event anyedge, v0x5c41bb535ff0_0;
E_0x5c41bb535f90 .event posedge, v0x5c41bb536450_0, v0x5c41bb534bf0_0;
S_0x5c41bb5366f0 .scope module, "detector" "edge_detector" 5 61, 9 21 0, S_0x5c41bb50d020;
 .timescale 0 0;
    .port_info 0 /INPUT 1 "clock";
    .port_info 1 /INPUT 1 "reset";
    .port_info 2 /INPUT 1 "sinal";
    .port_info 3 /OUTPUT 1 "pulso";
L_0x5c41bb5412b0 .functor NOT 1, v0x5c41bb536c20_0, C4<0>, C4<0>, C4<0>;
L_0x5c41bb541320 .functor AND 1, L_0x5c41bb5412b0, v0x5c41bb536b80_0, C4<1>, C4<1>;
v0x5c41bb536920_0 .net *"_ivl_0", 0 0, L_0x5c41bb5412b0;  1 drivers
v0x5c41bb536a20_0 .net "clock", 0 0, v0x5c41bb540100_0;  alias, 1 drivers
v0x5c41bb536ae0_0 .net "pulso", 0 0, L_0x5c41bb541320;  alias, 1 drivers
v0x5c41bb536b80_0 .var "reg0", 0 0;
v0x5c41bb536c20_0 .var "reg1", 0 0;
v0x5c41bb536d30_0 .net "reset", 0 0, v0x5c41bb540ba0_0;  alias, 1 drivers
v0x5c41bb536dd0_0 .net "sinal", 0 0, L_0x5c41bb540ce0;  alias, 1 drivers
S_0x5c41bb536f20 .scope module, "memoria" "sync_rom_16x4" 5 120, 10 13 0, S_0x5c41bb50d020;
 .timescale 0 0;
    .port_info 0 /INPUT 1 "clock";
    .port_info 1 /INPUT 4 "address";
    .port_info 2 /OUTPUT 4 "data_out";
v0x5c41bb537170_0 .net "address", 3 0, v0x5c41bb534b10_0;  alias, 1 drivers
v0x5c41bb537250_0 .net "clock", 0 0, v0x5c41bb540100_0;  alias, 1 drivers
v0x5c41bb5372f0_0 .var "data_out", 3 0;
S_0x5c41bb537430 .scope module, "reg_modo" "registrador_1" 5 44, 11 7 0, S_0x5c41bb50d020;
 .timescale 0 0;
    .port_info 0 /INPUT 1 "clock";
    .port_info 1 /INPUT 1 "clear";
    .port_info 2 /INPUT 1 "enable";
    .port_info 3 /INPUT 1 "D";
    .port_info 4 /OUTPUT 1 "Q";
v0x5c41bb537610_0 .net "D", 0 0, v0x5c41bb540a10_0;  alias, 1 drivers
v0x5c41bb5376f0_0 .var "IQ", 0 0;
v0x5c41bb5377b0_0 .net "Q", 0 0, v0x5c41bb5376f0_0;  alias, 1 drivers
v0x5c41bb537880_0 .net "clear", 0 0, v0x5c41bb53c2f0_0;  alias, 1 drivers
v0x5c41bb537940_0 .net "clock", 0 0, v0x5c41bb540100_0;  alias, 1 drivers
v0x5c41bb537a30_0 .net "enable", 0 0, v0x5c41bb53bc40_0;  alias, 1 drivers
E_0x5c41bb535ed0 .event posedge, v0x5c41bb537880_0, v0x5c41bb534bf0_0;
S_0x5c41bb537b90 .scope module, "registrador" "registrador_4" 5 112, 12 13 0, S_0x5c41bb50d020;
 .timescale 0 0;
    .port_info 0 /INPUT 1 "clock";
    .port_info 1 /INPUT 1 "clear";
    .port_info 2 /INPUT 1 "enable";
    .port_info 3 /INPUT 4 "D";
    .port_info 4 /OUTPUT 4 "Q";
v0x5c41bb537df0_0 .net "D", 3 0, v0x5c41bb540040_0;  alias, 1 drivers
v0x5c41bb537ef0_0 .var "IQ", 3 0;
v0x5c41bb537fd0_0 .net "Q", 3 0, v0x5c41bb537ef0_0;  alias, 1 drivers
v0x5c41bb5380d0_0 .net "clear", 0 0, v0x5c41bb53c0c0_0;  alias, 1 drivers
v0x5c41bb538170_0 .net "clock", 0 0, v0x5c41bb540100_0;  alias, 1 drivers
v0x5c41bb538260_0 .net "enable", 0 0, v0x5c41bb53be40_0;  alias, 1 drivers
E_0x5c41bb537d70 .event posedge, v0x5c41bb5380d0_0, v0x5c41bb534bf0_0;
S_0x5c41bb53a5d0 .scope module, "unidade_controle" "unidade_controle" 3 62, 13 1 0, S_0x5c41bb50daa0;
 .timescale 0 0;
    .port_info 0 /INPUT 1 "clock";
    .port_info 1 /INPUT 1 "reset";
    .port_info 2 /INPUT 1 "iniciar";
    .port_info 3 /INPUT 1 "fim_jogo";
    .port_info 4 /INPUT 1 "enderecoIgualLimite";
    .port_info 5 /INPUT 1 "jogada";
    .port_info 6 /INPUT 1 "igual";
    .port_info 7 /INPUT 1 "timeout";
    .port_info 8 /OUTPUT 1 "zera_endereco";
    .port_info 9 /OUTPUT 1 "conta_endereco";
    .port_info 10 /OUTPUT 1 "zera_limite";
    .port_info 11 /OUTPUT 1 "conta_limite";
    .port_info 12 /OUTPUT 1 "zeraR";
    .port_info 13 /OUTPUT 1 "registrarR";
    .port_info 14 /OUTPUT 1 "registra_modo";
    .port_info 15 /OUTPUT 1 "zera_modo";
    .port_info 16 /OUTPUT 1 "acertou";
    .port_info 17 /OUTPUT 1 "errou";
    .port_info 18 /OUTPUT 1 "pronto";
    .port_info 19 /OUTPUT 4 "db_estado";
    .port_info 20 /OUTPUT 1 "db_timeout";
    .port_info 21 /OUTPUT 1 "zera_s_timeout";
    .port_info 22 /OUTPUT 1 "enable_timeout";
P_0x5c41bb53a7b0 .param/l "comparacao" 0 13 34, C4<0100>;
P_0x5c41bb53a7f0 .param/l "espera" 0 13 32, C4<0010>;
P_0x5c41bb53a830 .param/l "final_acerto" 0 13 36, C4<0110>;
P_0x5c41bb53a870 .param/l "final_erro" 0 13 37, C4<0111>;
P_0x5c41bb53a8b0 .param/l "final_timeout" 0 13 39, C4<1111>;
P_0x5c41bb53a8f0 .param/l "inicial" 0 13 30, C4<0000>;
P_0x5c41bb53a930 .param/l "preparacao" 0 13 31, C4<0001>;
P_0x5c41bb53a970 .param/l "proxima_rodada" 0 13 38, C4<1000>;
P_0x5c41bb53a9b0 .param/l "proximo" 0 13 35, C4<0101>;
P_0x5c41bb53a9f0 .param/l "registra" 0 13 33, C4<0011>;
v0x5c41bb53afa0_0 .var "Eatual", 3 0;
v0x5c41bb53b0a0_0 .var "Eprox", 3 0;
v0x5c41bb53b180_0 .var "acertou", 0 0;
v0x5c41bb53b250_0 .net "clock", 0 0, v0x5c41bb540100_0;  alias, 1 drivers
v0x5c41bb53b2f0_0 .var "conta_endereco", 0 0;
v0x5c41bb53b430_0 .var "conta_limite", 0 0;
v0x5c41bb53b520_0 .var "db_estado", 3 0;
v0x5c41bb53b5e0_0 .var "db_timeout", 0 0;
v0x5c41bb53b680_0 .var "enable_timeout", 0 0;
v0x5c41bb53b720_0 .net "enderecoIgualLimite", 0 0, L_0x5c41bb540da0;  alias, 1 drivers
v0x5c41bb53b7c0_0 .var "errou", 0 0;
v0x5c41bb53b860_0 .net "fim_jogo", 0 0, L_0x5c41bb541120;  alias, 1 drivers
v0x5c41bb53b900_0 .net "igual", 0 0, L_0x5c41bb542670;  alias, 1 drivers
v0x5c41bb53b9f0_0 .net "iniciar", 0 0, v0x5c41bb540880_0;  alias, 1 drivers
v0x5c41bb53ba90_0 .net "jogada", 0 0, L_0x5c41bb541320;  alias, 1 drivers
v0x5c41bb53bb80_0 .var "pronto", 0 0;
v0x5c41bb53bc40_0 .var "registra_modo", 0 0;
v0x5c41bb53be40_0 .var "registrarR", 0 0;
v0x5c41bb53bf30_0 .net "reset", 0 0, v0x5c41bb540ba0_0;  alias, 1 drivers
v0x5c41bb53bfd0_0 .net "timeout", 0 0, v0x5c41bb5362a0_0;  alias, 1 drivers
v0x5c41bb53c0c0_0 .var "zeraR", 0 0;
v0x5c41bb53c1b0_0 .var "zera_endereco", 0 0;
v0x5c41bb53c250_0 .var "zera_limite", 0 0;
v0x5c41bb53c2f0_0 .var "zera_modo", 0 0;
v0x5c41bb53c3e0_0 .var "zera_s_timeout", 0 0;
E_0x5c41bb53aec0 .event anyedge, v0x5c41bb53afa0_0;
E_0x5c41bb53af20/0 .event anyedge, v0x5c41bb53afa0_0, v0x5c41bb53b9f0_0, v0x5c41bb5362a0_0, v0x5c41bb536ae0_0;
E_0x5c41bb53af20/1 .event anyedge, v0x5c41bb533030_0, v0x5c41bb5392a0_0, v0x5c41bb539340_0;
E_0x5c41bb53af20 .event/or E_0x5c41bb53af20/0, E_0x5c41bb53af20/1;
S_0x5c41bb53f060 .scope task, "iniciar_novo_jogo" "iniciar_novo_jogo" 2 103, 2 103 0, S_0x5c41bb51e8a0;
 .timescale -9 -9;
v0x5c41bb53f2c0_0 .var "modo_jogo", 0 0;
E_0x5c41bb53f260 .event negedge, v0x5c41bb534bf0_0;
TD_circuito_tb.iniciar_novo_jogo ;
    %wait E_0x5c41bb53f260;
    %load/vec4 v0x5c41bb53f2c0_0;
    %store/vec4 v0x5c41bb540a10_0, 0, 1;
    %pushi/vec4 1, 0, 1;
    %store/vec4 v0x5c41bb540880_0, 0, 1;
    %delay 100, 0;
    %pushi/vec4 0, 0, 1;
    %store/vec4 v0x5c41bb540880_0, 0, 1;
    %delay 200, 0;
    %end;
S_0x5c41bb53f3a0 .scope task, "jogar_nivel_k" "jogar_nivel_k" 2 130, 2 130 0, S_0x5c41bb51e8a0;
 .timescale -9 -9;
v0x5c41bb53f580_0 .var/i "i", 31 0;
v0x5c41bb53f660_0 .var/i "k", 31 0;
TD_circuito_tb.jogar_nivel_k ;
    %load/vec4 v0x5c41bb53f660_0;
    %addi 1, 0, 32;
    %load/vec4 v0x5c41bb53f660_0;
    %addi 1, 0, 32;
    %vpi_call 2 134 "$display", "    ... Jogando nivel %0d (sequencia de %0d itens) ...", S<1,vec4,s32>, S<0,vec4,s32> {2 0 0};
    %pushi/vec4 0, 0, 32;
    %store/vec4 v0x5c41bb53f580_0, 0, 32;
T_1.0 ;
    %load/vec4 v0x5c41bb53f580_0;
    %load/vec4 v0x5c41bb53f660_0;
    %cmp/s;
    %flag_or 5, 4;
    %jmp/0xz T_1.1, 5;
    %load/vec4 v0x5c41bb5406f0_0;
    %flag_set/vec4 8;
    %jmp/0xz  T_1.2, 8;
    %vpi_call 2 143 "$display", "    [FALHA] Perdeu prematuramente no indice %0d do nivel %0d", v0x5c41bb53f580_0, v0x5c41bb53f660_0 {0 0 0};
    %load/vec4 v0x5c41bb53f660_0;
    %addi 1, 0, 32;
    %store/vec4 v0x5c41bb53f580_0, 0, 32;
    %jmp T_1.3;
T_1.2 ;
    %ix/getv/s 4, v0x5c41bb53f580_0;
    %load/vec4a v0x5c41bb5407e0, 4;
    %store/vec4 v0x5c41bb53fc50_0, 0, 4;
    %fork TD_circuito_tb.pressiona_chave, S_0x5c41bb53fa20;
    %join;
T_1.3 ;
    %load/vec4 v0x5c41bb53f580_0;
    %addi 1, 0, 32;
    %store/vec4 v0x5c41bb53f580_0, 0, 32;
    %jmp T_1.0;
T_1.1 ;
    %end;
S_0x5c41bb53f740 .scope begin, "jogo_demo" "jogo_demo" 2 175, 2 175 0, S_0x5c41bb51e8a0;
 .timescale -9 -9;
v0x5c41bb53f920_0 .var/i "nivel", 31 0;
S_0x5c41bb53fa20 .scope task, "pressiona_chave" "pressiona_chave" 2 88, 2 88 0, S_0x5c41bb51e8a0;
 .timescale -9 -9;
v0x5c41bb53fc50_0 .var "valor", 3 0;
TD_circuito_tb.pressiona_chave ;
    %wait E_0x5c41bb53f260;
    %delay 100, 0;
    %load/vec4 v0x5c41bb53fc50_0;
    %store/vec4 v0x5c41bb540040_0, 0, 4;
    %delay 200, 0;
    %pushi/vec4 0, 0, 4;
    %store/vec4 v0x5c41bb540040_0, 0, 4;
    %delay 400, 0;
    %end;
S_0x5c41bb53fd50 .scope task, "reset_sistema" "reset_sistema" 2 75, 2 75 0, S_0x5c41bb51e8a0;
 .timescale -9 -9;
TD_circuito_tb.reset_sistema ;
    %wait E_0x5c41bb53f260;
    %pushi/vec4 1, 0, 1;
    %store/vec4 v0x5c41bb540ba0_0, 0, 1;
    %pushi/vec4 0, 0, 1;
    %store/vec4 v0x5c41bb540880_0, 0, 1;
    %pushi/vec4 0, 0, 4;
    %store/vec4 v0x5c41bb540040_0, 0, 4;
    %delay 100, 0;
    %pushi/vec4 0, 0, 1;
    %store/vec4 v0x5c41bb540ba0_0, 0, 1;
    %delay 100, 0;
    %end;
    .scope S_0x5c41bb537430;
T_4 ;
    %wait E_0x5c41bb535ed0;
    %load/vec4 v0x5c41bb537880_0;
    %flag_set/vec4 8;
    %jmp/0xz  T_4.0, 8;
    %pushi/vec4 0, 0, 1;
    %assign/vec4 v0x5c41bb5376f0_0, 0;
    %jmp T_4.1;
T_4.0 ;
    %load/vec4 v0x5c41bb537a30_0;
    %flag_set/vec4 8;
    %jmp/0xz  T_4.2, 8;
    %load/vec4 v0x5c41bb537610_0;
    %assign/vec4 v0x5c41bb5376f0_0, 0;
T_4.2 ;
T_4.1 ;
    %jmp T_4;
    .thread T_4;
    .scope S_0x5c41bb5366f0;
T_5 ;
    %wait E_0x5c41bb535f90;
    %load/vec4 v0x5c41bb536d30_0;
    %flag_set/vec4 8;
    %jmp/0xz  T_5.0, 8;
    %pushi/vec4 0, 0, 1;
    %assign/vec4 v0x5c41bb536b80_0, 0;
    %pushi/vec4 0, 0, 1;
    %assign/vec4 v0x5c41bb536c20_0, 0;
    %jmp T_5.1;
T_5.0 ;
    %load/vec4 v0x5c41bb536a20_0;
    %flag_set/vec4 8;
    %jmp/0xz  T_5.2, 8;
    %load/vec4 v0x5c41bb536dd0_0;
    %assign/vec4 v0x5c41bb536b80_0, 0;
    %load/vec4 v0x5c41bb536b80_0;
    %assign/vec4 v0x5c41bb536c20_0, 0;
T_5.2 ;
T_5.1 ;
    %jmp T_5;
    .thread T_5;
    .scope S_0x5c41bb535ca0;
T_6 ;
    %wait E_0x5c41bb535f90;
    %load/vec4 v0x5c41bb536450_0;
    %flag_set/vec4 8;
    %jmp/0xz  T_6.0, 8;
    %pushi/vec4 0, 0, 13;
    %assign/vec4 v0x5c41bb535ff0_0, 0;
    %jmp T_6.1;
T_6.0 ;
    %load/vec4 v0x5c41bb5360f0_0;
    %flag_set/vec4 8;
    %jmp/0xz  T_6.2, 8;
    %load/vec4 v0x5c41bb536510_0;
    %flag_set/vec4 8;
    %jmp/0xz  T_6.4, 8;
    %pushi/vec4 0, 0, 13;
    %assign/vec4 v0x5c41bb535ff0_0, 0;
    %jmp T_6.5;
T_6.4 ;
    %load/vec4 v0x5c41bb536200_0;
    %flag_set/vec4 8;
    %jmp/0xz  T_6.6, 8;
    %load/vec4 v0x5c41bb535ff0_0;
    %pad/u 32;
    %cmpi/e 2999, 0, 32;
    %jmp/0xz  T_6.8, 4;
    %pushi/vec4 0, 0, 13;
    %assign/vec4 v0x5c41bb535ff0_0, 0;
    %jmp T_6.9;
T_6.8 ;
    %load/vec4 v0x5c41bb535ff0_0;
    %addi 1, 0, 13;
    %assign/vec4 v0x5c41bb535ff0_0, 0;
T_6.9 ;
T_6.6 ;
T_6.5 ;
T_6.2 ;
T_6.1 ;
    %jmp T_6;
    .thread T_6;
    .scope S_0x5c41bb535ca0;
T_7 ;
    %wait E_0x5c41bb535f10;
    %load/vec4 v0x5c41bb535ff0_0;
    %pad/u 32;
    %cmpi/e 2999, 0, 32;
    %jmp/0xz  T_7.0, 4;
    %pushi/vec4 1, 0, 1;
    %store/vec4 v0x5c41bb5362a0_0, 0, 1;
    %jmp T_7.1;
T_7.0 ;
    %pushi/vec4 0, 0, 1;
    %store/vec4 v0x5c41bb5362a0_0, 0, 1;
T_7.1 ;
    %jmp T_7;
    .thread T_7, $push;
    .scope S_0x5c41bb535ca0;
T_8 ;
    %wait E_0x5c41bb535f10;
    %load/vec4 v0x5c41bb535ff0_0;
    %pad/u 32;
    %cmpi/e 1499, 0, 32;
    %jmp/0xz  T_8.0, 4;
    %pushi/vec4 1, 0, 1;
    %store/vec4 v0x5c41bb536340_0, 0, 1;
    %jmp T_8.1;
T_8.0 ;
    %pushi/vec4 0, 0, 1;
    %store/vec4 v0x5c41bb536340_0, 0, 1;
T_8.1 ;
    %jmp T_8;
    .thread T_8, $push;
    .scope S_0x5c41bb534680;
T_9 ;
    %wait E_0x5c41bb5349b0;
    %load/vec4 v0x5c41bb534c90_0;
    %inv;
    %flag_set/vec4 8;
    %jmp/0xz  T_9.0, 8;
    %pushi/vec4 0, 0, 4;
    %assign/vec4 v0x5c41bb534b10_0, 0;
    %jmp T_9.1;
T_9.0 ;
    %load/vec4 v0x5c41bb534f20_0;
    %inv;
    %flag_set/vec4 8;
    %jmp/0xz  T_9.2, 8;
    %load/vec4 v0x5c41bb534a10_0;
    %assign/vec4 v0x5c41bb534b10_0, 0;
    %jmp T_9.3;
T_9.2 ;
    %load/vec4 v0x5c41bb534e60_0;
    %flag_set/vec4 9;
    %flag_get/vec4 9;
    %jmp/0 T_9.6, 9;
    %load/vec4 v0x5c41bb534d50_0;
    %and;
T_9.6;
    %flag_set/vec4 8;
    %jmp/0xz  T_9.4, 8;
    %load/vec4 v0x5c41bb534b10_0;
    %addi 1, 0, 4;
    %assign/vec4 v0x5c41bb534b10_0, 0;
    %jmp T_9.5;
T_9.4 ;
    %load/vec4 v0x5c41bb534b10_0;
    %assign/vec4 v0x5c41bb534b10_0, 0;
T_9.5 ;
T_9.3 ;
T_9.1 ;
    %jmp T_9;
    .thread T_9;
    .scope S_0x5c41bb534680;
T_10 ;
    %wait E_0x5c41bb534950;
    %load/vec4 v0x5c41bb534e60_0;
    %flag_set/vec4 9;
    %flag_get/vec4 9;
    %jmp/0 T_10.2, 9;
    %load/vec4 v0x5c41bb534b10_0;
    %pushi/vec4 15, 0, 4;
    %cmp/e;
    %flag_get/vec4 4;
    %and;
T_10.2;
    %flag_set/vec4 8;
    %jmp/0xz  T_10.0, 8;
    %pushi/vec4 1, 0, 1;
    %store/vec4 v0x5c41bb534fe0_0, 0, 1;
    %jmp T_10.1;
T_10.0 ;
    %pushi/vec4 0, 0, 1;
    %store/vec4 v0x5c41bb534fe0_0, 0, 1;
T_10.1 ;
    %jmp T_10;
    .thread T_10, $push;
    .scope S_0x5c41bb5351f0;
T_11 ;
    %wait E_0x5c41bb5349b0;
    %load/vec4 v0x5c41bb535780_0;
    %inv;
    %flag_set/vec4 8;
    %jmp/0xz  T_11.0, 8;
    %pushi/vec4 0, 0, 4;
    %assign/vec4 v0x5c41bb535600_0, 0;
    %jmp T_11.1;
T_11.0 ;
    %load/vec4 v0x5c41bb5359d0_0;
    %inv;
    %flag_set/vec4 8;
    %jmp/0xz  T_11.2, 8;
    %load/vec4 v0x5c41bb535500_0;
    %assign/vec4 v0x5c41bb535600_0, 0;
    %jmp T_11.3;
T_11.2 ;
    %load/vec4 v0x5c41bb535910_0;
    %flag_set/vec4 9;
    %flag_get/vec4 9;
    %jmp/0 T_11.6, 9;
    %load/vec4 v0x5c41bb535820_0;
    %and;
T_11.6;
    %flag_set/vec4 8;
    %jmp/0xz  T_11.4, 8;
    %load/vec4 v0x5c41bb535600_0;
    %addi 1, 0, 4;
    %assign/vec4 v0x5c41bb535600_0, 0;
    %jmp T_11.5;
T_11.4 ;
    %load/vec4 v0x5c41bb535600_0;
    %assign/vec4 v0x5c41bb535600_0, 0;
T_11.5 ;
T_11.3 ;
T_11.1 ;
    %jmp T_11;
    .thread T_11;
    .scope S_0x5c41bb5351f0;
T_12 ;
    %wait E_0x5c41bb5354a0;
    %load/vec4 v0x5c41bb535910_0;
    %flag_set/vec4 9;
    %flag_get/vec4 9;
    %jmp/0 T_12.2, 9;
    %load/vec4 v0x5c41bb535600_0;
    %pushi/vec4 15, 0, 4;
    %cmp/e;
    %flag_get/vec4 4;
    %and;
T_12.2;
    %flag_set/vec4 8;
    %jmp/0xz  T_12.0, 8;
    %pushi/vec4 1, 0, 1;
    %store/vec4 v0x5c41bb535a90_0, 0, 1;
    %jmp T_12.1;
T_12.0 ;
    %pushi/vec4 0, 0, 1;
    %store/vec4 v0x5c41bb535a90_0, 0, 1;
T_12.1 ;
    %jmp T_12;
    .thread T_12, $push;
    .scope S_0x5c41bb537b90;
T_13 ;
    %wait E_0x5c41bb537d70;
    %load/vec4 v0x5c41bb5380d0_0;
    %flag_set/vec4 8;
    %jmp/0xz  T_13.0, 8;
    %pushi/vec4 0, 0, 4;
    %assign/vec4 v0x5c41bb537ef0_0, 0;
    %jmp T_13.1;
T_13.0 ;
    %load/vec4 v0x5c41bb538260_0;
    %flag_set/vec4 8;
    %jmp/0xz  T_13.2, 8;
    %load/vec4 v0x5c41bb537df0_0;
    %assign/vec4 v0x5c41bb537ef0_0, 0;
T_13.2 ;
T_13.1 ;
    %jmp T_13;
    .thread T_13;
    .scope S_0x5c41bb536f20;
T_14 ;
    %wait E_0x5c41bb5349b0;
    %load/vec4 v0x5c41bb537170_0;
    %dup/vec4;
    %pushi/vec4 0, 0, 4;
    %cmp/u;
    %jmp/1 T_14.0, 6;
    %dup/vec4;
    %pushi/vec4 1, 0, 4;
    %cmp/u;
    %jmp/1 T_14.1, 6;
    %dup/vec4;
    %pushi/vec4 2, 0, 4;
    %cmp/u;
    %jmp/1 T_14.2, 6;
    %dup/vec4;
    %pushi/vec4 3, 0, 4;
    %cmp/u;
    %jmp/1 T_14.3, 6;
    %dup/vec4;
    %pushi/vec4 4, 0, 4;
    %cmp/u;
    %jmp/1 T_14.4, 6;
    %dup/vec4;
    %pushi/vec4 5, 0, 4;
    %cmp/u;
    %jmp/1 T_14.5, 6;
    %dup/vec4;
    %pushi/vec4 6, 0, 4;
    %cmp/u;
    %jmp/1 T_14.6, 6;
    %dup/vec4;
    %pushi/vec4 7, 0, 4;
    %cmp/u;
    %jmp/1 T_14.7, 6;
    %dup/vec4;
    %pushi/vec4 8, 0, 4;
    %cmp/u;
    %jmp/1 T_14.8, 6;
    %dup/vec4;
    %pushi/vec4 9, 0, 4;
    %cmp/u;
    %jmp/1 T_14.9, 6;
    %dup/vec4;
    %pushi/vec4 10, 0, 4;
    %cmp/u;
    %jmp/1 T_14.10, 6;
    %dup/vec4;
    %pushi/vec4 11, 0, 4;
    %cmp/u;
    %jmp/1 T_14.11, 6;
    %dup/vec4;
    %pushi/vec4 12, 0, 4;
    %cmp/u;
    %jmp/1 T_14.12, 6;
    %dup/vec4;
    %pushi/vec4 13, 0, 4;
    %cmp/u;
    %jmp/1 T_14.13, 6;
    %dup/vec4;
    %pushi/vec4 14, 0, 4;
    %cmp/u;
    %jmp/1 T_14.14, 6;
    %dup/vec4;
    %pushi/vec4 15, 0, 4;
    %cmp/u;
    %jmp/1 T_14.15, 6;
    %jmp T_14.16;
T_14.0 ;
    %pushi/vec4 1, 0, 4;
    %store/vec4 v0x5c41bb5372f0_0, 0, 4;
    %jmp T_14.16;
T_14.1 ;
    %pushi/vec4 2, 0, 4;
    %store/vec4 v0x5c41bb5372f0_0, 0, 4;
    %jmp T_14.16;
T_14.2 ;
    %pushi/vec4 4, 0, 4;
    %store/vec4 v0x5c41bb5372f0_0, 0, 4;
    %jmp T_14.16;
T_14.3 ;
    %pushi/vec4 8, 0, 4;
    %store/vec4 v0x5c41bb5372f0_0, 0, 4;
    %jmp T_14.16;
T_14.4 ;
    %pushi/vec4 4, 0, 4;
    %store/vec4 v0x5c41bb5372f0_0, 0, 4;
    %jmp T_14.16;
T_14.5 ;
    %pushi/vec4 2, 0, 4;
    %store/vec4 v0x5c41bb5372f0_0, 0, 4;
    %jmp T_14.16;
T_14.6 ;
    %pushi/vec4 1, 0, 4;
    %store/vec4 v0x5c41bb5372f0_0, 0, 4;
    %jmp T_14.16;
T_14.7 ;
    %pushi/vec4 1, 0, 4;
    %store/vec4 v0x5c41bb5372f0_0, 0, 4;
    %jmp T_14.16;
T_14.8 ;
    %pushi/vec4 2, 0, 4;
    %store/vec4 v0x5c41bb5372f0_0, 0, 4;
    %jmp T_14.16;
T_14.9 ;
    %pushi/vec4 2, 0, 4;
    %store/vec4 v0x5c41bb5372f0_0, 0, 4;
    %jmp T_14.16;
T_14.10 ;
    %pushi/vec4 4, 0, 4;
    %store/vec4 v0x5c41bb5372f0_0, 0, 4;
    %jmp T_14.16;
T_14.11 ;
    %pushi/vec4 4, 0, 4;
    %store/vec4 v0x5c41bb5372f0_0, 0, 4;
    %jmp T_14.16;
T_14.12 ;
    %pushi/vec4 8, 0, 4;
    %store/vec4 v0x5c41bb5372f0_0, 0, 4;
    %jmp T_14.16;
T_14.13 ;
    %pushi/vec4 8, 0, 4;
    %store/vec4 v0x5c41bb5372f0_0, 0, 4;
    %jmp T_14.16;
T_14.14 ;
    %pushi/vec4 1, 0, 4;
    %store/vec4 v0x5c41bb5372f0_0, 0, 4;
    %jmp T_14.16;
T_14.15 ;
    %pushi/vec4 4, 0, 4;
    %store/vec4 v0x5c41bb5372f0_0, 0, 4;
    %jmp T_14.16;
T_14.16 ;
    %pop/vec4 1;
    %jmp T_14;
    .thread T_14;
    .scope S_0x5c41bb53a5d0;
T_15 ;
    %wait E_0x5c41bb535f90;
    %load/vec4 v0x5c41bb53bf30_0;
    %flag_set/vec4 8;
    %jmp/0xz  T_15.0, 8;
    %pushi/vec4 0, 0, 4;
    %assign/vec4 v0x5c41bb53afa0_0, 0;
    %jmp T_15.1;
T_15.0 ;
    %load/vec4 v0x5c41bb53b0a0_0;
    %assign/vec4 v0x5c41bb53afa0_0, 0;
T_15.1 ;
    %jmp T_15;
    .thread T_15;
    .scope S_0x5c41bb53a5d0;
T_16 ;
    %wait E_0x5c41bb53af20;
    %load/vec4 v0x5c41bb53afa0_0;
    %dup/vec4;
    %pushi/vec4 0, 0, 4;
    %cmp/u;
    %jmp/1 T_16.0, 6;
    %dup/vec4;
    %pushi/vec4 1, 0, 4;
    %cmp/u;
    %jmp/1 T_16.1, 6;
    %dup/vec4;
    %pushi/vec4 2, 0, 4;
    %cmp/u;
    %jmp/1 T_16.2, 6;
    %dup/vec4;
    %pushi/vec4 3, 0, 4;
    %cmp/u;
    %jmp/1 T_16.3, 6;
    %dup/vec4;
    %pushi/vec4 4, 0, 4;
    %cmp/u;
    %jmp/1 T_16.4, 6;
    %dup/vec4;
    %pushi/vec4 5, 0, 4;
    %cmp/u;
    %jmp/1 T_16.5, 6;
    %dup/vec4;
    %pushi/vec4 8, 0, 4;
    %cmp/u;
    %jmp/1 T_16.6, 6;
    %dup/vec4;
    %pushi/vec4 6, 0, 4;
    %cmp/u;
    %jmp/1 T_16.7, 6;
    %dup/vec4;
    %pushi/vec4 7, 0, 4;
    %cmp/u;
    %jmp/1 T_16.8, 6;
    %dup/vec4;
    %pushi/vec4 15, 0, 4;
    %cmp/u;
    %jmp/1 T_16.9, 6;
    %pushi/vec4 0, 0, 4;
    %store/vec4 v0x5c41bb53b0a0_0, 0, 4;
    %jmp T_16.11;
T_16.0 ;
    %load/vec4 v0x5c41bb53b9f0_0;
    %flag_set/vec4 8;
    %jmp/0 T_16.12, 8;
    %pushi/vec4 1, 0, 4;
    %jmp/1 T_16.13, 8;
T_16.12 ; End of true expr.
    %pushi/vec4 0, 0, 4;
    %jmp/0 T_16.13, 8;
 ; End of false expr.
    %blend;
T_16.13;
    %store/vec4 v0x5c41bb53b0a0_0, 0, 4;
    %jmp T_16.11;
T_16.1 ;
    %pushi/vec4 2, 0, 4;
    %store/vec4 v0x5c41bb53b0a0_0, 0, 4;
    %jmp T_16.11;
T_16.2 ;
    %load/vec4 v0x5c41bb53bfd0_0;
    %flag_set/vec4 8;
    %jmp/0xz  T_16.14, 8;
    %pushi/vec4 15, 0, 4;
    %store/vec4 v0x5c41bb53b0a0_0, 0, 4;
    %jmp T_16.15;
T_16.14 ;
    %load/vec4 v0x5c41bb53ba90_0;
    %flag_set/vec4 8;
    %jmp/0 T_16.16, 8;
    %pushi/vec4 3, 0, 4;
    %jmp/1 T_16.17, 8;
T_16.16 ; End of true expr.
    %pushi/vec4 2, 0, 4;
    %jmp/0 T_16.17, 8;
 ; End of false expr.
    %blend;
T_16.17;
    %store/vec4 v0x5c41bb53b0a0_0, 0, 4;
T_16.15 ;
    %jmp T_16.11;
T_16.3 ;
    %pushi/vec4 4, 0, 4;
    %store/vec4 v0x5c41bb53b0a0_0, 0, 4;
    %jmp T_16.11;
T_16.4 ;
    %load/vec4 v0x5c41bb53b900_0;
    %nor/r;
    %flag_set/vec4 8;
    %jmp/0xz  T_16.18, 8;
    %pushi/vec4 7, 0, 4;
    %store/vec4 v0x5c41bb53b0a0_0, 0, 4;
    %jmp T_16.19;
T_16.18 ;
    %load/vec4 v0x5c41bb53b720_0;
    %flag_set/vec4 8;
    %jmp/0xz  T_16.20, 8;
    %load/vec4 v0x5c41bb53b860_0;
    %flag_set/vec4 8;
    %jmp/0xz  T_16.22, 8;
    %pushi/vec4 6, 0, 4;
    %store/vec4 v0x5c41bb53b0a0_0, 0, 4;
    %jmp T_16.23;
T_16.22 ;
    %pushi/vec4 8, 0, 4;
    %store/vec4 v0x5c41bb53b0a0_0, 0, 4;
T_16.23 ;
    %jmp T_16.21;
T_16.20 ;
    %pushi/vec4 5, 0, 4;
    %store/vec4 v0x5c41bb53b0a0_0, 0, 4;
T_16.21 ;
T_16.19 ;
    %jmp T_16.11;
T_16.5 ;
    %pushi/vec4 2, 0, 4;
    %store/vec4 v0x5c41bb53b0a0_0, 0, 4;
    %jmp T_16.11;
T_16.6 ;
    %pushi/vec4 2, 0, 4;
    %store/vec4 v0x5c41bb53b0a0_0, 0, 4;
    %jmp T_16.11;
T_16.7 ;
    %load/vec4 v0x5c41bb53b9f0_0;
    %flag_set/vec4 8;
    %jmp/0 T_16.24, 8;
    %pushi/vec4 1, 0, 4;
    %jmp/1 T_16.25, 8;
T_16.24 ; End of true expr.
    %pushi/vec4 6, 0, 4;
    %jmp/0 T_16.25, 8;
 ; End of false expr.
    %blend;
T_16.25;
    %store/vec4 v0x5c41bb53b0a0_0, 0, 4;
    %jmp T_16.11;
T_16.8 ;
    %load/vec4 v0x5c41bb53b9f0_0;
    %flag_set/vec4 8;
    %jmp/0 T_16.26, 8;
    %pushi/vec4 1, 0, 4;
    %jmp/1 T_16.27, 8;
T_16.26 ; End of true expr.
    %pushi/vec4 7, 0, 4;
    %jmp/0 T_16.27, 8;
 ; End of false expr.
    %blend;
T_16.27;
    %store/vec4 v0x5c41bb53b0a0_0, 0, 4;
    %jmp T_16.11;
T_16.9 ;
    %load/vec4 v0x5c41bb53b9f0_0;
    %flag_set/vec4 8;
    %jmp/0 T_16.28, 8;
    %pushi/vec4 1, 0, 4;
    %jmp/1 T_16.29, 8;
T_16.28 ; End of true expr.
    %pushi/vec4 15, 0, 4;
    %jmp/0 T_16.29, 8;
 ; End of false expr.
    %blend;
T_16.29;
    %store/vec4 v0x5c41bb53b0a0_0, 0, 4;
    %jmp T_16.11;
T_16.11 ;
    %pop/vec4 1;
    %jmp T_16;
    .thread T_16, $push;
    .scope S_0x5c41bb53a5d0;
T_17 ;
    %wait E_0x5c41bb53aec0;
    %load/vec4 v0x5c41bb53afa0_0;
    %cmpi/e 1, 0, 4;
    %flag_get/vec4 4;
    %jmp/1 T_17.0, 4;
    %load/vec4 v0x5c41bb53afa0_0;
    %pushi/vec4 8, 0, 4;
    %cmp/e;
    %flag_get/vec4 4;
    %or;
T_17.0;
    %store/vec4 v0x5c41bb53c1b0_0, 0, 1;
    %load/vec4 v0x5c41bb53afa0_0;
    %pushi/vec4 5, 0, 4;
    %cmp/e;
    %flag_get/vec4 4;
    %store/vec4 v0x5c41bb53b2f0_0, 0, 1;
    %load/vec4 v0x5c41bb53afa0_0;
    %pushi/vec4 1, 0, 4;
    %cmp/e;
    %flag_get/vec4 4;
    %store/vec4 v0x5c41bb53c250_0, 0, 1;
    %load/vec4 v0x5c41bb53afa0_0;
    %pushi/vec4 8, 0, 4;
    %cmp/e;
    %flag_get/vec4 4;
    %store/vec4 v0x5c41bb53b430_0, 0, 1;
    %load/vec4 v0x5c41bb53afa0_0;
    %cmpi/e 1, 0, 4;
    %jmp/1 T_17.2, 4;
    %flag_mov 8, 4;
    %load/vec4 v0x5c41bb53afa0_0;
    %cmpi/e 8, 0, 4;
    %flag_or 4, 8;
T_17.2;
    %flag_get/vec4 4;
    %jmp/1 T_17.1, 4;
    %load/vec4 v0x5c41bb53afa0_0;
    %pushi/vec4 5, 0, 4;
    %cmp/e;
    %flag_get/vec4 4;
    %or;
T_17.1;
    %store/vec4 v0x5c41bb53c0c0_0, 0, 1;
    %load/vec4 v0x5c41bb53afa0_0;
    %pushi/vec4 3, 0, 4;
    %cmp/e;
    %flag_get/vec4 4;
    %store/vec4 v0x5c41bb53be40_0, 0, 1;
    %load/vec4 v0x5c41bb53afa0_0;
    %pushi/vec4 0, 0, 4;
    %cmp/e;
    %flag_get/vec4 4;
    %store/vec4 v0x5c41bb53c2f0_0, 0, 1;
    %load/vec4 v0x5c41bb53afa0_0;
    %pushi/vec4 1, 0, 4;
    %cmp/e;
    %flag_get/vec4 4;
    %store/vec4 v0x5c41bb53bc40_0, 0, 1;
    %load/vec4 v0x5c41bb53afa0_0;
    %cmpi/e 1, 0, 4;
    %jmp/1 T_17.5, 4;
    %flag_mov 8, 4;
    %load/vec4 v0x5c41bb53afa0_0;
    %cmpi/e 5, 0, 4;
    %flag_or 4, 8;
T_17.5;
    %jmp/1 T_17.4, 4;
    %flag_mov 8, 4;
    %load/vec4 v0x5c41bb53afa0_0;
    %cmpi/e 8, 0, 4;
    %flag_or 4, 8;
T_17.4;
    %flag_get/vec4 4;
    %jmp/1 T_17.3, 4;
    %load/vec4 v0x5c41bb53afa0_0;
    %pushi/vec4 0, 0, 4;
    %cmp/e;
    %flag_get/vec4 4;
    %or;
T_17.3;
    %store/vec4 v0x5c41bb53c3e0_0, 0, 1;
    %load/vec4 v0x5c41bb53afa0_0;
    %pushi/vec4 2, 0, 4;
    %cmp/e;
    %flag_get/vec4 4;
    %store/vec4 v0x5c41bb53b680_0, 0, 1;
    %load/vec4 v0x5c41bb53afa0_0;
    %pushi/vec4 6, 0, 4;
    %cmp/e;
    %flag_get/vec4 4;
    %store/vec4 v0x5c41bb53b180_0, 0, 1;
    %load/vec4 v0x5c41bb53afa0_0;
    %pushi/vec4 7, 0, 4;
    %cmp/e;
    %flag_get/vec4 4;
    %store/vec4 v0x5c41bb53b7c0_0, 0, 1;
    %load/vec4 v0x5c41bb53afa0_0;
    %cmpi/e 15, 0, 4;
    %jmp/1 T_17.7, 4;
    %flag_mov 8, 4;
    %load/vec4 v0x5c41bb53afa0_0;
    %cmpi/e 6, 0, 4;
    %flag_or 4, 8;
T_17.7;
    %flag_get/vec4 4;
    %jmp/1 T_17.6, 4;
    %load/vec4 v0x5c41bb53afa0_0;
    %pushi/vec4 7, 0, 4;
    %cmp/e;
    %flag_get/vec4 4;
    %or;
T_17.6;
    %store/vec4 v0x5c41bb53bb80_0, 0, 1;
    %load/vec4 v0x5c41bb53afa0_0;
    %store/vec4 v0x5c41bb53b520_0, 0, 4;
    %load/vec4 v0x5c41bb53afa0_0;
    %pushi/vec4 15, 0, 4;
    %cmp/e;
    %flag_get/vec4 4;
    %store/vec4 v0x5c41bb53b5e0_0, 0, 1;
    %jmp T_17;
    .thread T_17, $push;
    .scope S_0x5c41bb50de20;
T_18 ;
    %wait E_0x5c41bb48bb90;
    %load/vec4 v0x5c41bb4ed5c0_0;
    %dup/vec4;
    %pushi/vec4 0, 0, 4;
    %cmp/u;
    %jmp/1 T_18.0, 6;
    %dup/vec4;
    %pushi/vec4 1, 0, 4;
    %cmp/u;
    %jmp/1 T_18.1, 6;
    %dup/vec4;
    %pushi/vec4 2, 0, 4;
    %cmp/u;
    %jmp/1 T_18.2, 6;
    %dup/vec4;
    %pushi/vec4 3, 0, 4;
    %cmp/u;
    %jmp/1 T_18.3, 6;
    %dup/vec4;
    %pushi/vec4 4, 0, 4;
    %cmp/u;
    %jmp/1 T_18.4, 6;
    %dup/vec4;
    %pushi/vec4 5, 0, 4;
    %cmp/u;
    %jmp/1 T_18.5, 6;
    %dup/vec4;
    %pushi/vec4 6, 0, 4;
    %cmp/u;
    %jmp/1 T_18.6, 6;
    %dup/vec4;
    %pushi/vec4 7, 0, 4;
    %cmp/u;
    %jmp/1 T_18.7, 6;
    %dup/vec4;
    %pushi/vec4 8, 0, 4;
    %cmp/u;
    %jmp/1 T_18.8, 6;
    %dup/vec4;
    %pushi/vec4 9, 0, 4;
    %cmp/u;
    %jmp/1 T_18.9, 6;
    %dup/vec4;
    %pushi/vec4 10, 0, 4;
    %cmp/u;
    %jmp/1 T_18.10, 6;
    %dup/vec4;
    %pushi/vec4 11, 0, 4;
    %cmp/u;
    %jmp/1 T_18.11, 6;
    %dup/vec4;
    %pushi/vec4 12, 0, 4;
    %cmp/u;
    %jmp/1 T_18.12, 6;
    %dup/vec4;
    %pushi/vec4 13, 0, 4;
    %cmp/u;
    %jmp/1 T_18.13, 6;
    %dup/vec4;
    %pushi/vec4 14, 0, 4;
    %cmp/u;
    %jmp/1 T_18.14, 6;
    %dup/vec4;
    %pushi/vec4 15, 0, 4;
    %cmp/u;
    %jmp/1 T_18.15, 6;
    %pushi/vec4 127, 0, 7;
    %store/vec4 v0x5c41bb4fc390_0, 0, 7;
    %jmp T_18.17;
T_18.0 ;
    %pushi/vec4 64, 0, 7;
    %store/vec4 v0x5c41bb4fc390_0, 0, 7;
    %jmp T_18.17;
T_18.1 ;
    %pushi/vec4 121, 0, 7;
    %store/vec4 v0x5c41bb4fc390_0, 0, 7;
    %jmp T_18.17;
T_18.2 ;
    %pushi/vec4 36, 0, 7;
    %store/vec4 v0x5c41bb4fc390_0, 0, 7;
    %jmp T_18.17;
T_18.3 ;
    %pushi/vec4 48, 0, 7;
    %store/vec4 v0x5c41bb4fc390_0, 0, 7;
    %jmp T_18.17;
T_18.4 ;
    %pushi/vec4 25, 0, 7;
    %store/vec4 v0x5c41bb4fc390_0, 0, 7;
    %jmp T_18.17;
T_18.5 ;
    %pushi/vec4 18, 0, 7;
    %store/vec4 v0x5c41bb4fc390_0, 0, 7;
    %jmp T_18.17;
T_18.6 ;
    %pushi/vec4 2, 0, 7;
    %store/vec4 v0x5c41bb4fc390_0, 0, 7;
    %jmp T_18.17;
T_18.7 ;
    %pushi/vec4 120, 0, 7;
    %store/vec4 v0x5c41bb4fc390_0, 0, 7;
    %jmp T_18.17;
T_18.8 ;
    %pushi/vec4 0, 0, 7;
    %store/vec4 v0x5c41bb4fc390_0, 0, 7;
    %jmp T_18.17;
T_18.9 ;
    %pushi/vec4 16, 0, 7;
    %store/vec4 v0x5c41bb4fc390_0, 0, 7;
    %jmp T_18.17;
T_18.10 ;
    %pushi/vec4 8, 0, 7;
    %store/vec4 v0x5c41bb4fc390_0, 0, 7;
    %jmp T_18.17;
T_18.11 ;
    %pushi/vec4 3, 0, 7;
    %store/vec4 v0x5c41bb4fc390_0, 0, 7;
    %jmp T_18.17;
T_18.12 ;
    %pushi/vec4 70, 0, 7;
    %store/vec4 v0x5c41bb4fc390_0, 0, 7;
    %jmp T_18.17;
T_18.13 ;
    %pushi/vec4 33, 0, 7;
    %store/vec4 v0x5c41bb4fc390_0, 0, 7;
    %jmp T_18.17;
T_18.14 ;
    %pushi/vec4 6, 0, 7;
    %store/vec4 v0x5c41bb4fc390_0, 0, 7;
    %jmp T_18.17;
T_18.15 ;
    %pushi/vec4 14, 0, 7;
    %store/vec4 v0x5c41bb4fc390_0, 0, 7;
    %jmp T_18.17;
T_18.17 ;
    %pop/vec4 1;
    %jmp T_18;
    .thread T_18, $push;
    .scope S_0x5c41bb50e1a0;
T_19 ;
    %wait E_0x5c41bb4724f0;
    %load/vec4 v0x5c41bb4ef080_0;
    %dup/vec4;
    %pushi/vec4 0, 0, 4;
    %cmp/u;
    %jmp/1 T_19.0, 6;
    %dup/vec4;
    %pushi/vec4 1, 0, 4;
    %cmp/u;
    %jmp/1 T_19.1, 6;
    %dup/vec4;
    %pushi/vec4 2, 0, 4;
    %cmp/u;
    %jmp/1 T_19.2, 6;
    %dup/vec4;
    %pushi/vec4 3, 0, 4;
    %cmp/u;
    %jmp/1 T_19.3, 6;
    %dup/vec4;
    %pushi/vec4 4, 0, 4;
    %cmp/u;
    %jmp/1 T_19.4, 6;
    %dup/vec4;
    %pushi/vec4 5, 0, 4;
    %cmp/u;
    %jmp/1 T_19.5, 6;
    %dup/vec4;
    %pushi/vec4 6, 0, 4;
    %cmp/u;
    %jmp/1 T_19.6, 6;
    %dup/vec4;
    %pushi/vec4 7, 0, 4;
    %cmp/u;
    %jmp/1 T_19.7, 6;
    %dup/vec4;
    %pushi/vec4 8, 0, 4;
    %cmp/u;
    %jmp/1 T_19.8, 6;
    %dup/vec4;
    %pushi/vec4 9, 0, 4;
    %cmp/u;
    %jmp/1 T_19.9, 6;
    %dup/vec4;
    %pushi/vec4 10, 0, 4;
    %cmp/u;
    %jmp/1 T_19.10, 6;
    %dup/vec4;
    %pushi/vec4 11, 0, 4;
    %cmp/u;
    %jmp/1 T_19.11, 6;
    %dup/vec4;
    %pushi/vec4 12, 0, 4;
    %cmp/u;
    %jmp/1 T_19.12, 6;
    %dup/vec4;
    %pushi/vec4 13, 0, 4;
    %cmp/u;
    %jmp/1 T_19.13, 6;
    %dup/vec4;
    %pushi/vec4 14, 0, 4;
    %cmp/u;
    %jmp/1 T_19.14, 6;
    %dup/vec4;
    %pushi/vec4 15, 0, 4;
    %cmp/u;
    %jmp/1 T_19.15, 6;
    %pushi/vec4 127, 0, 7;
    %store/vec4 v0x5c41bb4ed6c0_0, 0, 7;
    %jmp T_19.17;
T_19.0 ;
    %pushi/vec4 64, 0, 7;
    %store/vec4 v0x5c41bb4ed6c0_0, 0, 7;
    %jmp T_19.17;
T_19.1 ;
    %pushi/vec4 121, 0, 7;
    %store/vec4 v0x5c41bb4ed6c0_0, 0, 7;
    %jmp T_19.17;
T_19.2 ;
    %pushi/vec4 36, 0, 7;
    %store/vec4 v0x5c41bb4ed6c0_0, 0, 7;
    %jmp T_19.17;
T_19.3 ;
    %pushi/vec4 48, 0, 7;
    %store/vec4 v0x5c41bb4ed6c0_0, 0, 7;
    %jmp T_19.17;
T_19.4 ;
    %pushi/vec4 25, 0, 7;
    %store/vec4 v0x5c41bb4ed6c0_0, 0, 7;
    %jmp T_19.17;
T_19.5 ;
    %pushi/vec4 18, 0, 7;
    %store/vec4 v0x5c41bb4ed6c0_0, 0, 7;
    %jmp T_19.17;
T_19.6 ;
    %pushi/vec4 2, 0, 7;
    %store/vec4 v0x5c41bb4ed6c0_0, 0, 7;
    %jmp T_19.17;
T_19.7 ;
    %pushi/vec4 120, 0, 7;
    %store/vec4 v0x5c41bb4ed6c0_0, 0, 7;
    %jmp T_19.17;
T_19.8 ;
    %pushi/vec4 0, 0, 7;
    %store/vec4 v0x5c41bb4ed6c0_0, 0, 7;
    %jmp T_19.17;
T_19.9 ;
    %pushi/vec4 16, 0, 7;
    %store/vec4 v0x5c41bb4ed6c0_0, 0, 7;
    %jmp T_19.17;
T_19.10 ;
    %pushi/vec4 8, 0, 7;
    %store/vec4 v0x5c41bb4ed6c0_0, 0, 7;
    %jmp T_19.17;
T_19.11 ;
    %pushi/vec4 3, 0, 7;
    %store/vec4 v0x5c41bb4ed6c0_0, 0, 7;
    %jmp T_19.17;
T_19.12 ;
    %pushi/vec4 70, 0, 7;
    %store/vec4 v0x5c41bb4ed6c0_0, 0, 7;
    %jmp T_19.17;
T_19.13 ;
    %pushi/vec4 33, 0, 7;
    %store/vec4 v0x5c41bb4ed6c0_0, 0, 7;
    %jmp T_19.17;
T_19.14 ;
    %pushi/vec4 6, 0, 7;
    %store/vec4 v0x5c41bb4ed6c0_0, 0, 7;
    %jmp T_19.17;
T_19.15 ;
    %pushi/vec4 14, 0, 7;
    %store/vec4 v0x5c41bb4ed6c0_0, 0, 7;
    %jmp T_19.17;
T_19.17 ;
    %pop/vec4 1;
    %jmp T_19;
    .thread T_19, $push;
    .scope S_0x5c41bb50e520;
T_20 ;
    %wait E_0x5c41bb51e3c0;
    %load/vec4 v0x5c41bb4f7a90_0;
    %dup/vec4;
    %pushi/vec4 0, 0, 4;
    %cmp/u;
    %jmp/1 T_20.0, 6;
    %dup/vec4;
    %pushi/vec4 1, 0, 4;
    %cmp/u;
    %jmp/1 T_20.1, 6;
    %dup/vec4;
    %pushi/vec4 2, 0, 4;
    %cmp/u;
    %jmp/1 T_20.2, 6;
    %dup/vec4;
    %pushi/vec4 3, 0, 4;
    %cmp/u;
    %jmp/1 T_20.3, 6;
    %dup/vec4;
    %pushi/vec4 4, 0, 4;
    %cmp/u;
    %jmp/1 T_20.4, 6;
    %dup/vec4;
    %pushi/vec4 5, 0, 4;
    %cmp/u;
    %jmp/1 T_20.5, 6;
    %dup/vec4;
    %pushi/vec4 6, 0, 4;
    %cmp/u;
    %jmp/1 T_20.6, 6;
    %dup/vec4;
    %pushi/vec4 7, 0, 4;
    %cmp/u;
    %jmp/1 T_20.7, 6;
    %dup/vec4;
    %pushi/vec4 8, 0, 4;
    %cmp/u;
    %jmp/1 T_20.8, 6;
    %dup/vec4;
    %pushi/vec4 9, 0, 4;
    %cmp/u;
    %jmp/1 T_20.9, 6;
    %dup/vec4;
    %pushi/vec4 10, 0, 4;
    %cmp/u;
    %jmp/1 T_20.10, 6;
    %dup/vec4;
    %pushi/vec4 11, 0, 4;
    %cmp/u;
    %jmp/1 T_20.11, 6;
    %dup/vec4;
    %pushi/vec4 12, 0, 4;
    %cmp/u;
    %jmp/1 T_20.12, 6;
    %dup/vec4;
    %pushi/vec4 13, 0, 4;
    %cmp/u;
    %jmp/1 T_20.13, 6;
    %dup/vec4;
    %pushi/vec4 14, 0, 4;
    %cmp/u;
    %jmp/1 T_20.14, 6;
    %dup/vec4;
    %pushi/vec4 15, 0, 4;
    %cmp/u;
    %jmp/1 T_20.15, 6;
    %pushi/vec4 127, 0, 7;
    %store/vec4 v0x5c41bb4f23b0_0, 0, 7;
    %jmp T_20.17;
T_20.0 ;
    %pushi/vec4 64, 0, 7;
    %store/vec4 v0x5c41bb4f23b0_0, 0, 7;
    %jmp T_20.17;
T_20.1 ;
    %pushi/vec4 121, 0, 7;
    %store/vec4 v0x5c41bb4f23b0_0, 0, 7;
    %jmp T_20.17;
T_20.2 ;
    %pushi/vec4 36, 0, 7;
    %store/vec4 v0x5c41bb4f23b0_0, 0, 7;
    %jmp T_20.17;
T_20.3 ;
    %pushi/vec4 48, 0, 7;
    %store/vec4 v0x5c41bb4f23b0_0, 0, 7;
    %jmp T_20.17;
T_20.4 ;
    %pushi/vec4 25, 0, 7;
    %store/vec4 v0x5c41bb4f23b0_0, 0, 7;
    %jmp T_20.17;
T_20.5 ;
    %pushi/vec4 18, 0, 7;
    %store/vec4 v0x5c41bb4f23b0_0, 0, 7;
    %jmp T_20.17;
T_20.6 ;
    %pushi/vec4 2, 0, 7;
    %store/vec4 v0x5c41bb4f23b0_0, 0, 7;
    %jmp T_20.17;
T_20.7 ;
    %pushi/vec4 120, 0, 7;
    %store/vec4 v0x5c41bb4f23b0_0, 0, 7;
    %jmp T_20.17;
T_20.8 ;
    %pushi/vec4 0, 0, 7;
    %store/vec4 v0x5c41bb4f23b0_0, 0, 7;
    %jmp T_20.17;
T_20.9 ;
    %pushi/vec4 16, 0, 7;
    %store/vec4 v0x5c41bb4f23b0_0, 0, 7;
    %jmp T_20.17;
T_20.10 ;
    %pushi/vec4 8, 0, 7;
    %store/vec4 v0x5c41bb4f23b0_0, 0, 7;
    %jmp T_20.17;
T_20.11 ;
    %pushi/vec4 3, 0, 7;
    %store/vec4 v0x5c41bb4f23b0_0, 0, 7;
    %jmp T_20.17;
T_20.12 ;
    %pushi/vec4 70, 0, 7;
    %store/vec4 v0x5c41bb4f23b0_0, 0, 7;
    %jmp T_20.17;
T_20.13 ;
    %pushi/vec4 33, 0, 7;
    %store/vec4 v0x5c41bb4f23b0_0, 0, 7;
    %jmp T_20.17;
T_20.14 ;
    %pushi/vec4 6, 0, 7;
    %store/vec4 v0x5c41bb4f23b0_0, 0, 7;
    %jmp T_20.17;
T_20.15 ;
    %pushi/vec4 14, 0, 7;
    %store/vec4 v0x5c41bb4f23b0_0, 0, 7;
    %jmp T_20.17;
T_20.17 ;
    %pop/vec4 1;
    %jmp T_20;
    .thread T_20, $push;
    .scope S_0x5c41bb50e8a0;
T_21 ;
    %wait E_0x5c41bb5322d0;
    %load/vec4 v0x5c41bb5323b0_0;
    %dup/vec4;
    %pushi/vec4 0, 0, 4;
    %cmp/u;
    %jmp/1 T_21.0, 6;
    %dup/vec4;
    %pushi/vec4 1, 0, 4;
    %cmp/u;
    %jmp/1 T_21.1, 6;
    %dup/vec4;
    %pushi/vec4 2, 0, 4;
    %cmp/u;
    %jmp/1 T_21.2, 6;
    %dup/vec4;
    %pushi/vec4 3, 0, 4;
    %cmp/u;
    %jmp/1 T_21.3, 6;
    %dup/vec4;
    %pushi/vec4 4, 0, 4;
    %cmp/u;
    %jmp/1 T_21.4, 6;
    %dup/vec4;
    %pushi/vec4 5, 0, 4;
    %cmp/u;
    %jmp/1 T_21.5, 6;
    %dup/vec4;
    %pushi/vec4 6, 0, 4;
    %cmp/u;
    %jmp/1 T_21.6, 6;
    %dup/vec4;
    %pushi/vec4 7, 0, 4;
    %cmp/u;
    %jmp/1 T_21.7, 6;
    %dup/vec4;
    %pushi/vec4 8, 0, 4;
    %cmp/u;
    %jmp/1 T_21.8, 6;
    %dup/vec4;
    %pushi/vec4 9, 0, 4;
    %cmp/u;
    %jmp/1 T_21.9, 6;
    %dup/vec4;
    %pushi/vec4 10, 0, 4;
    %cmp/u;
    %jmp/1 T_21.10, 6;
    %dup/vec4;
    %pushi/vec4 11, 0, 4;
    %cmp/u;
    %jmp/1 T_21.11, 6;
    %dup/vec4;
    %pushi/vec4 12, 0, 4;
    %cmp/u;
    %jmp/1 T_21.12, 6;
    %dup/vec4;
    %pushi/vec4 13, 0, 4;
    %cmp/u;
    %jmp/1 T_21.13, 6;
    %dup/vec4;
    %pushi/vec4 14, 0, 4;
    %cmp/u;
    %jmp/1 T_21.14, 6;
    %dup/vec4;
    %pushi/vec4 15, 0, 4;
    %cmp/u;
    %jmp/1 T_21.15, 6;
    %pushi/vec4 127, 0, 7;
    %store/vec4 v0x5c41bb4f5140_0, 0, 7;
    %jmp T_21.17;
T_21.0 ;
    %pushi/vec4 64, 0, 7;
    %store/vec4 v0x5c41bb4f5140_0, 0, 7;
    %jmp T_21.17;
T_21.1 ;
    %pushi/vec4 121, 0, 7;
    %store/vec4 v0x5c41bb4f5140_0, 0, 7;
    %jmp T_21.17;
T_21.2 ;
    %pushi/vec4 36, 0, 7;
    %store/vec4 v0x5c41bb4f5140_0, 0, 7;
    %jmp T_21.17;
T_21.3 ;
    %pushi/vec4 48, 0, 7;
    %store/vec4 v0x5c41bb4f5140_0, 0, 7;
    %jmp T_21.17;
T_21.4 ;
    %pushi/vec4 25, 0, 7;
    %store/vec4 v0x5c41bb4f5140_0, 0, 7;
    %jmp T_21.17;
T_21.5 ;
    %pushi/vec4 18, 0, 7;
    %store/vec4 v0x5c41bb4f5140_0, 0, 7;
    %jmp T_21.17;
T_21.6 ;
    %pushi/vec4 2, 0, 7;
    %store/vec4 v0x5c41bb4f5140_0, 0, 7;
    %jmp T_21.17;
T_21.7 ;
    %pushi/vec4 120, 0, 7;
    %store/vec4 v0x5c41bb4f5140_0, 0, 7;
    %jmp T_21.17;
T_21.8 ;
    %pushi/vec4 0, 0, 7;
    %store/vec4 v0x5c41bb4f5140_0, 0, 7;
    %jmp T_21.17;
T_21.9 ;
    %pushi/vec4 16, 0, 7;
    %store/vec4 v0x5c41bb4f5140_0, 0, 7;
    %jmp T_21.17;
T_21.10 ;
    %pushi/vec4 8, 0, 7;
    %store/vec4 v0x5c41bb4f5140_0, 0, 7;
    %jmp T_21.17;
T_21.11 ;
    %pushi/vec4 3, 0, 7;
    %store/vec4 v0x5c41bb4f5140_0, 0, 7;
    %jmp T_21.17;
T_21.12 ;
    %pushi/vec4 70, 0, 7;
    %store/vec4 v0x5c41bb4f5140_0, 0, 7;
    %jmp T_21.17;
T_21.13 ;
    %pushi/vec4 33, 0, 7;
    %store/vec4 v0x5c41bb4f5140_0, 0, 7;
    %jmp T_21.17;
T_21.14 ;
    %pushi/vec4 6, 0, 7;
    %store/vec4 v0x5c41bb4f5140_0, 0, 7;
    %jmp T_21.17;
T_21.15 ;
    %pushi/vec4 14, 0, 7;
    %store/vec4 v0x5c41bb4f5140_0, 0, 7;
    %jmp T_21.17;
T_21.17 ;
    %pop/vec4 1;
    %jmp T_21;
    .thread T_21, $push;
    .scope S_0x5c41bb50cca0;
T_22 ;
    %wait E_0x5c41bb5325d0;
    %load/vec4 v0x5c41bb532750_0;
    %dup/vec4;
    %pushi/vec4 0, 0, 4;
    %cmp/u;
    %jmp/1 T_22.0, 6;
    %dup/vec4;
    %pushi/vec4 1, 0, 4;
    %cmp/u;
    %jmp/1 T_22.1, 6;
    %dup/vec4;
    %pushi/vec4 2, 0, 4;
    %cmp/u;
    %jmp/1 T_22.2, 6;
    %dup/vec4;
    %pushi/vec4 3, 0, 4;
    %cmp/u;
    %jmp/1 T_22.3, 6;
    %dup/vec4;
    %pushi/vec4 4, 0, 4;
    %cmp/u;
    %jmp/1 T_22.4, 6;
    %dup/vec4;
    %pushi/vec4 5, 0, 4;
    %cmp/u;
    %jmp/1 T_22.5, 6;
    %dup/vec4;
    %pushi/vec4 6, 0, 4;
    %cmp/u;
    %jmp/1 T_22.6, 6;
    %dup/vec4;
    %pushi/vec4 7, 0, 4;
    %cmp/u;
    %jmp/1 T_22.7, 6;
    %dup/vec4;
    %pushi/vec4 8, 0, 4;
    %cmp/u;
    %jmp/1 T_22.8, 6;
    %dup/vec4;
    %pushi/vec4 9, 0, 4;
    %cmp/u;
    %jmp/1 T_22.9, 6;
    %dup/vec4;
    %pushi/vec4 10, 0, 4;
    %cmp/u;
    %jmp/1 T_22.10, 6;
    %dup/vec4;
    %pushi/vec4 11, 0, 4;
    %cmp/u;
    %jmp/1 T_22.11, 6;
    %dup/vec4;
    %pushi/vec4 12, 0, 4;
    %cmp/u;
    %jmp/1 T_22.12, 6;
    %dup/vec4;
    %pushi/vec4 13, 0, 4;
    %cmp/u;
    %jmp/1 T_22.13, 6;
    %dup/vec4;
    %pushi/vec4 14, 0, 4;
    %cmp/u;
    %jmp/1 T_22.14, 6;
    %dup/vec4;
    %pushi/vec4 15, 0, 4;
    %cmp/u;
    %jmp/1 T_22.15, 6;
    %pushi/vec4 127, 0, 7;
    %store/vec4 v0x5c41bb532650_0, 0, 7;
    %jmp T_22.17;
T_22.0 ;
    %pushi/vec4 64, 0, 7;
    %store/vec4 v0x5c41bb532650_0, 0, 7;
    %jmp T_22.17;
T_22.1 ;
    %pushi/vec4 121, 0, 7;
    %store/vec4 v0x5c41bb532650_0, 0, 7;
    %jmp T_22.17;
T_22.2 ;
    %pushi/vec4 36, 0, 7;
    %store/vec4 v0x5c41bb532650_0, 0, 7;
    %jmp T_22.17;
T_22.3 ;
    %pushi/vec4 48, 0, 7;
    %store/vec4 v0x5c41bb532650_0, 0, 7;
    %jmp T_22.17;
T_22.4 ;
    %pushi/vec4 25, 0, 7;
    %store/vec4 v0x5c41bb532650_0, 0, 7;
    %jmp T_22.17;
T_22.5 ;
    %pushi/vec4 18, 0, 7;
    %store/vec4 v0x5c41bb532650_0, 0, 7;
    %jmp T_22.17;
T_22.6 ;
    %pushi/vec4 2, 0, 7;
    %store/vec4 v0x5c41bb532650_0, 0, 7;
    %jmp T_22.17;
T_22.7 ;
    %pushi/vec4 120, 0, 7;
    %store/vec4 v0x5c41bb532650_0, 0, 7;
    %jmp T_22.17;
T_22.8 ;
    %pushi/vec4 0, 0, 7;
    %store/vec4 v0x5c41bb532650_0, 0, 7;
    %jmp T_22.17;
T_22.9 ;
    %pushi/vec4 16, 0, 7;
    %store/vec4 v0x5c41bb532650_0, 0, 7;
    %jmp T_22.17;
T_22.10 ;
    %pushi/vec4 8, 0, 7;
    %store/vec4 v0x5c41bb532650_0, 0, 7;
    %jmp T_22.17;
T_22.11 ;
    %pushi/vec4 3, 0, 7;
    %store/vec4 v0x5c41bb532650_0, 0, 7;
    %jmp T_22.17;
T_22.12 ;
    %pushi/vec4 70, 0, 7;
    %store/vec4 v0x5c41bb532650_0, 0, 7;
    %jmp T_22.17;
T_22.13 ;
    %pushi/vec4 33, 0, 7;
    %store/vec4 v0x5c41bb532650_0, 0, 7;
    %jmp T_22.17;
T_22.14 ;
    %pushi/vec4 6, 0, 7;
    %store/vec4 v0x5c41bb532650_0, 0, 7;
    %jmp T_22.17;
T_22.15 ;
    %pushi/vec4 14, 0, 7;
    %store/vec4 v0x5c41bb532650_0, 0, 7;
    %jmp T_22.17;
T_22.17 ;
    %pop/vec4 1;
    %jmp T_22;
    .thread T_22, $push;
    .scope S_0x5c41bb51e8a0;
T_23 ;
    %delay 10, 0;
    %load/vec4 v0x5c41bb540100_0;
    %inv;
    %store/vec4 v0x5c41bb540100_0, 0, 1;
    %jmp T_23;
    .thread T_23;
    .scope S_0x5c41bb51e8a0;
T_24 ;
    %pushi/vec4 1, 0, 4;
    %ix/load 4, 0, 0;
    %flag_set/imm 4, 0;
    %store/vec4a v0x5c41bb5407e0, 4, 0;
    %pushi/vec4 2, 0, 4;
    %ix/load 4, 1, 0;
    %flag_set/imm 4, 0;
    %store/vec4a v0x5c41bb5407e0, 4, 0;
    %pushi/vec4 4, 0, 4;
    %ix/load 4, 2, 0;
    %flag_set/imm 4, 0;
    %store/vec4a v0x5c41bb5407e0, 4, 0;
    %pushi/vec4 8, 0, 4;
    %ix/load 4, 3, 0;
    %flag_set/imm 4, 0;
    %store/vec4a v0x5c41bb5407e0, 4, 0;
    %pushi/vec4 1, 0, 4;
    %ix/load 4, 4, 0;
    %flag_set/imm 4, 0;
    %store/vec4a v0x5c41bb5407e0, 4, 0;
    %pushi/vec4 2, 0, 4;
    %ix/load 4, 5, 0;
    %flag_set/imm 4, 0;
    %store/vec4a v0x5c41bb5407e0, 4, 0;
    %pushi/vec4 4, 0, 4;
    %ix/load 4, 6, 0;
    %flag_set/imm 4, 0;
    %store/vec4a v0x5c41bb5407e0, 4, 0;
    %pushi/vec4 8, 0, 4;
    %ix/load 4, 7, 0;
    %flag_set/imm 4, 0;
    %store/vec4a v0x5c41bb5407e0, 4, 0;
    %pushi/vec4 1, 0, 4;
    %ix/load 4, 8, 0;
    %flag_set/imm 4, 0;
    %store/vec4a v0x5c41bb5407e0, 4, 0;
    %pushi/vec4 2, 0, 4;
    %ix/load 4, 9, 0;
    %flag_set/imm 4, 0;
    %store/vec4a v0x5c41bb5407e0, 4, 0;
    %pushi/vec4 4, 0, 4;
    %ix/load 4, 10, 0;
    %flag_set/imm 4, 0;
    %store/vec4a v0x5c41bb5407e0, 4, 0;
    %pushi/vec4 8, 0, 4;
    %ix/load 4, 11, 0;
    %flag_set/imm 4, 0;
    %store/vec4a v0x5c41bb5407e0, 4, 0;
    %pushi/vec4 1, 0, 4;
    %ix/load 4, 12, 0;
    %flag_set/imm 4, 0;
    %store/vec4a v0x5c41bb5407e0, 4, 0;
    %pushi/vec4 2, 0, 4;
    %ix/load 4, 13, 0;
    %flag_set/imm 4, 0;
    %store/vec4a v0x5c41bb5407e0, 4, 0;
    %pushi/vec4 4, 0, 4;
    %ix/load 4, 14, 0;
    %flag_set/imm 4, 0;
    %store/vec4a v0x5c41bb5407e0, 4, 0;
    %pushi/vec4 8, 0, 4;
    %ix/load 4, 15, 0;
    %flag_set/imm 4, 0;
    %store/vec4a v0x5c41bb5407e0, 4, 0;
    %end;
    .thread T_24;
    .scope S_0x5c41bb51e8a0;
T_25 ;
    %vpi_call 2 156 "$display", "==================================================" {0 0 0};
    %vpi_call 2 157 "$display", "   TESTBENCH - GENIUS PROGRESSIVO (DESAFIO 2)     " {0 0 0};
    %vpi_call 2 158 "$display", "==================================================" {0 0 0};
    %pushi/vec4 0, 0, 1;
    %store/vec4 v0x5c41bb540100_0, 0, 1;
    %fork TD_circuito_tb.reset_sistema, S_0x5c41bb53fd50;
    %join;
    %vpi_call 2 166 "$display", "\012TESTE 1: MODO DEMO (4 Rodadas Progressivas)" {0 0 0};
    %vpi_call 2 167 "$display", "-------------------------------------------" {0 0 0};
    %pushi/vec4 1, 0, 1;
    %store/vec4 v0x5c41bb53f2c0_0, 0, 1;
    %fork TD_circuito_tb.iniciar_novo_jogo, S_0x5c41bb53f060;
    %join;
    %fork t_1, S_0x5c41bb53f740;
    %jmp t_0;
    .scope S_0x5c41bb53f740;
t_1 ;
    %pushi/vec4 0, 0, 32;
    %store/vec4 v0x5c41bb53f920_0, 0, 32;
T_25.0 ;
    %load/vec4 v0x5c41bb53f920_0;
    %cmpi/s 4, 0, 32;
    %jmp/0xz T_25.1, 5;
    %delay 200, 0;
    %load/vec4 v0x5c41bb53f920_0;
    %store/vec4 v0x5c41bb53f660_0, 0, 32;
    %fork TD_circuito_tb.jogar_nivel_k, S_0x5c41bb53f3a0;
    %join;
    %delay 100, 0;
    %load/vec4 v0x5c41bb5406f0_0;
    %flag_set/vec4 8;
    %jmp/0xz  T_25.2, 8;
    %vpi_call 2 184 "$display", "[FALHA] Errou durante o nivel %0d", v0x5c41bb53f920_0 {0 0 0};
    %disable S_0x5c41bb53f740;
T_25.2 ;
    %load/vec4 v0x5c41bb53f920_0;
    %addi 1, 0, 32;
    %store/vec4 v0x5c41bb53f920_0, 0, 32;
    %jmp T_25.0;
T_25.1 ;
    %end;
    .scope S_0x5c41bb51e8a0;
t_0 %join;
    %delay 400, 0;
    %load/vec4 v0x5c41bb53ff30_0;
    %flag_set/vec4 9;
    %flag_get/vec4 9;
    %jmp/0 T_25.6, 9;
    %load/vec4 v0x5c41bb540ab0_0;
    %and;
T_25.6;
    %flag_set/vec4 8;
    %jmp/0xz  T_25.4, 8;
    %vpi_call 2 192 "$display", ">>> SUCESSO: Ganhou o jogo no Modo Demo!" {0 0 0};
    %jmp T_25.5;
T_25.4 ;
    %vpi_call 2 194 "$display", ">>> FALHA: Nao ganhou apos 4 rodadas. Acertou=%b, Pronto=%b", v0x5c41bb53ff30_0, v0x5c41bb540ab0_0 {0 0 0};
T_25.5 ;
    %vpi_call 2 200 "$display", "\012TESTE 2: MODO NORMAL - ERRO NA RODADA 2 (3 itens)" {0 0 0};
    %vpi_call 2 201 "$display", "-------------------------------------------------" {0 0 0};
    %fork TD_circuito_tb.reset_sistema, S_0x5c41bb53fd50;
    %join;
    %pushi/vec4 0, 0, 1;
    %store/vec4 v0x5c41bb53f2c0_0, 0, 1;
    %fork TD_circuito_tb.iniciar_novo_jogo, S_0x5c41bb53f060;
    %join;
    %pushi/vec4 0, 0, 32;
    %store/vec4 v0x5c41bb53f660_0, 0, 32;
    %fork TD_circuito_tb.jogar_nivel_k, S_0x5c41bb53f3a0;
    %join;
    %delay 400, 0;
    %pushi/vec4 1, 0, 32;
    %store/vec4 v0x5c41bb53f660_0, 0, 32;
    %fork TD_circuito_tb.jogar_nivel_k, S_0x5c41bb53f3a0;
    %join;
    %delay 400, 0;
    %vpi_call 2 215 "$display", "    ... Jogando nivel 3 (Erro proposital no ultimo item) ..." {0 0 0};
    %ix/load 4, 0, 0;
    %flag_set/imm 4, 0;
    %load/vec4a v0x5c41bb5407e0, 4;
    %store/vec4 v0x5c41bb53fc50_0, 0, 4;
    %fork TD_circuito_tb.pressiona_chave, S_0x5c41bb53fa20;
    %join;
    %ix/load 4, 1, 0;
    %flag_set/imm 4, 0;
    %load/vec4a v0x5c41bb5407e0, 4;
    %store/vec4 v0x5c41bb53fc50_0, 0, 4;
    %fork TD_circuito_tb.pressiona_chave, S_0x5c41bb53fa20;
    %join;
    %ix/load 4, 2, 0;
    %flag_set/imm 4, 0;
    %load/vec4a v0x5c41bb5407e0, 4;
    %inv;
    %store/vec4 v0x5c41bb53fc50_0, 0, 4;
    %fork TD_circuito_tb.pressiona_chave, S_0x5c41bb53fa20;
    %join;
    %delay 200, 0;
    %load/vec4 v0x5c41bb5406f0_0;
    %flag_set/vec4 10;
    %flag_get/vec4 10;
    %jmp/0 T_25.10, 10;
    %load/vec4 v0x5c41bb540ab0_0;
    %and;
T_25.10;
    %flag_set/vec4 9;
    %flag_get/vec4 9;
    %jmp/0 T_25.9, 9;
    %load/vec4 v0x5c41bb53ff30_0;
    %nor/r;
    %and;
T_25.9;
    %flag_set/vec4 8;
    %jmp/0xz  T_25.7, 8;
    %vpi_call 2 222 "$display", ">>> SUCESSO: Detectou erro corretamente na rodada 3." {0 0 0};
    %jmp T_25.8;
T_25.7 ;
    %vpi_call 2 224 "$display", ">>> FALHA: Nao detectou erro. Errou=%b", v0x5c41bb5406f0_0 {0 0 0};
T_25.8 ;
    %vpi_call 2 230 "$display", "\012TESTE 3: TIMEOUT (Esperar sem jogar)" {0 0 0};
    %vpi_call 2 231 "$display", "------------------------------------" {0 0 0};
    %fork TD_circuito_tb.reset_sistema, S_0x5c41bb53fd50;
    %join;
    %pushi/vec4 1, 0, 1;
    %store/vec4 v0x5c41bb53f2c0_0, 0, 1;
    %fork TD_circuito_tb.iniciar_novo_jogo, S_0x5c41bb53f060;
    %join;
    %vpi_call 2 236 "$display", "    Aguardando timeout (aprox 5000 ciclos)..." {0 0 0};
    %delay 110000, 0;
    %load/vec4 v0x5c41bb540c40_0;
    %flag_set/vec4 9;
    %flag_get/vec4 9;
    %jmp/0 T_25.13, 9;
    %load/vec4 v0x5c41bb540ab0_0;
    %and;
T_25.13;
    %flag_set/vec4 8;
    %jmp/0xz  T_25.11, 8;
    %vpi_call 2 241 "$display", ">>> SUCESSO: Timeout detectado e jogo encerrado." {0 0 0};
    %jmp T_25.12;
T_25.11 ;
    %vpi_call 2 243 "$display", ">>> FALHA: Timeout nao gerado. Timeout=%b, Pronto=%b", v0x5c41bb540c40_0, v0x5c41bb540ab0_0 {0 0 0};
T_25.12 ;
    %vpi_call 2 248 "$display", "\012TESTE 4: TRAVAMENTO DE MODO" {0 0 0};
    %vpi_call 2 249 "$display", "---------------------------" {0 0 0};
    %fork TD_circuito_tb.reset_sistema, S_0x5c41bb53fd50;
    %join;
    %wait E_0x5c41bb53f260;
    %pushi/vec4 1, 0, 1;
    %store/vec4 v0x5c41bb540a10_0, 0, 1;
    %pushi/vec4 1, 0, 1;
    %store/vec4 v0x5c41bb540880_0, 0, 1;
    %delay 40, 0;
    %pushi/vec4 0, 0, 1;
    %store/vec4 v0x5c41bb540880_0, 0, 1;
    %delay 200, 0;
    %pushi/vec4 0, 0, 1;
    %store/vec4 v0x5c41bb540a10_0, 0, 1;
    %delay 100, 0;
    %load/vec4 v0x5c41bb5405b0_0;
    %cmpi/e 1, 0, 1;
    %jmp/0xz  T_25.14, 4;
    %vpi_call 2 264 "$display", ">>> SUCESSO: Modo travou em 1 mesmo mudando a chave para 0." {0 0 0};
    %jmp T_25.15;
T_25.14 ;
    %vpi_call 2 266 "$display", ">>> FALHA: Modo mudou durante o jogo! db_modo=%b", v0x5c41bb5405b0_0 {0 0 0};
T_25.15 ;
    %vpi_call 2 269 "$display", "\012==================================================" {0 0 0};
    %vpi_call 2 270 "$display", "   FIM DOS TESTES" {0 0 0};
    %vpi_call 2 271 "$display", "==================================================" {0 0 0};
    %vpi_call 2 272 "$finish" {0 0 0};
    %end;
    .thread T_25;
# The file index is used to find the file name in the following table.
:file_names 14;
    "N/A";
    "<interactive>";
    "circuito_tb.v";
    "circuito_jogo_sequencias.v";
    "hexa7seg.v";
    "fluxo_dados.v";
    "comparador_85.v";
    "contador_163.v";
    "contador_m.v";
    "edge_detector.v";
    "sync_rom_16x4.v";
    "registrador_1.v";
    "registrador_4.v";
    "unidade_controle.v";
